#
# A fatal error has been detected by the Java Runtime Environment:
#
#  SIGSEGV (0xb) at pc=0x000000010a8ea45f, pid=62701, tid=0x0000000000011907
#
# JRE version: Java(TM) SE Runtime Environment (8.0_141-b15) (build 1.8.0_141-b15)
# Java VM: Java HotSpot(TM) 64-Bit Server VM (25.141-b15 mixed mode bsd-amd64 compressed oops)
# Problematic frame:
# C  [libawt_lwawt.dylib+0x1c45f]  OGLSD_SetScratchSurface+0x49
#
# Failed to write core dump. Core dumps have been disabled. To enable core dumping, try "ulimit -c unlimited" before starting Java again
#
# If you would like to submit a bug report, please visit:
#   http://bugreport.java.com/bugreport/crash.jsp
# The crash happened outside the Java Virtual Machine in native code.
# See problematic frame for where to report the bug.
#

---------------  T H R E A D  ---------------

Current thread (0x00007f82d216c800):  JavaThread "Java2D Queue Flusher" daemon [_thread_in_native, id=71943, stack(0x00007000080ee000,0x00007000081ee000)]

siginfo: si_signo: 11 (SIGSEGV), si_code: 1 (SEGV_MAPERR), si_addr: 0x0000000000000002

Registers:
RAX=0x00000000ffffffff, RBX=0x0000000000000002, RCX=0x0000000000000047, RDX=0x000000010a90b258
RSP=0x00007000081ed6e0, RBP=0x00007000081ed700, RSI=0x00007f82d0ec5e10, RDI=0x00007f82d216c9f8
R8 =0x00000000000030a0, R9 =0x0000000000000000, R10=0x000000010b686738, R11=0x00000000d818e02d
R12=0x0000000000000000, R13=0x000000010b73587c, R14=0x00007f82d216c9f8, R15=0x00007f82d216c800
RIP=0x000000010a8ea45f, EFLAGS=0x0000000000010202, ERR=0x0000000000000004
  TRAPNO=0x000000000000000e

Top of Stack: (sp=0x00007000081ed6e0)
0x00007000081ed6e0:   00007f82d0ec5e10 0000000000000000
0x00007000081ed6f0:   00007f82d2a9f610 00007f82d216c800
0x00007000081ed700:   00007000081ed780 000000010a90ad36
0x00007000081ed710:   00007f82d1812ca8 000000010b73587c
0x00007000081ed720:   00007f82d216c800 00007f82d0da0638
0x00007000081ed730:   00007000081ed760 000000010433ba00
0x00007000081ed740:   0000000000000064 00007f82d2a9f620
0x00007000081ed750:   0000000000000064 00007f82d216c9f8
0x00007000081ed760:   00000006c0c70150 0000000000000000
0x00007000081ed770:   00007000081ed810 00007f82d216c800
0x00007000081ed780:   00007000081ed7d0 000000010b6867aa
0x00007000081ed790:   00000006c0c70150 00007f82d216c800
0x00007000081ed7a0:   00007f82d216c800 0000000000000118
0x00007000081ed7b0:   00007000081ed810 00007f82d216c800
0x00007000081ed7c0:   00007000081ed810 000000010b133728
0x00007000081ed7d0:   0000000000000020 000000010b4a30c0
0x00007000081ed7e0:   00000006c0c70150 0000000000000020
0x00007000081ed7f0:   00007f82d0eb9680 0000000000000000
0x00007000081ed800:   00000006c0c67e38 0000000000000202
0x00007000081ed810:   00007000081ed9f0 000000010b735d64
0x00007000081ed820:   0000000000000041 000000010775be20
0x00007000081ed830:   00007000081ed878 0000000000000030
0x00007000081ed840:   0000000000000000 000000010b734f90
0x00007000081ed850:   0000000000000004 00007000081ed878
0x00007000081ed860:   00007000081ed8f0 00000001042e8a67
0x00007000081ed870:   00000000081ed8b0 00007000081ed910
0x00007000081ed880:   000000010ac9b985 000000010ac755d0
0x00007000081ed890:   0000000100000000 00007000081ed960
0x00007000081ed8a0:   00007000081ed910 0000000000000000
0x00007000081ed8b0:   0000000000000000 0000000000000000
0x00007000081ed8c0:   0000000100000000 00000006c0c67e38
0x00007000081ed8d0:   00000006c0c67e38 00000006c0c70150 

Instructions: (pc=0x000000010a8ea45f)
0x000000010a8ea43f:   c0 e9 82 00 00 00 48 8b 5e 10 48 85 db 75 0e bf
0x000000010a8ea44f:   01 00 00 00 48 8d 15 67 7b 03 00 eb d6 49 89 fe
0x000000010a8ea45f:   4c 8b 3b 30 c0 e8 21 a6 02 00 49 8b 3f 49 89 c4
0x000000010a8ea46f:   48 8b 35 aa 02 06 00 30 c0 e8 4b a7 02 00 48 85 

Register to memory mapping:

RAX=0x00000000ffffffff is an unknown value
RBX=0x0000000000000002 is an unknown value
RCX=0x0000000000000047 is an unknown value
RDX=0x000000010a90b258: Java_sun_java2d_opengl_OGLRenderQueue_flushBuffer+0xb5c in /Library/Java/JavaVirtualMachines/jdk1.8.0_141.jdk/Contents/Home/jre/lib/libawt_lwawt.dylib at 0x000000010a8ce000
RSP=0x00007000081ed6e0 is pointing into the stack for thread: 0x00007f82d216c800
RBP=0x00007000081ed700 is pointing into the stack for thread: 0x00007f82d216c800
RSI=0x00007f82d0ec5e10 is an unknown value
RDI=0x00007f82d216c9f8 is an unknown value
R8 =0x00000000000030a0 is an unknown value
R9 =0x0000000000000000 is an unknown value
R10=0x000000010b686738 is at entry_point+56 in (nmethod*)0x000000010b686590
R11=0x00000000d818e02d is an unknown value
R12=0x0000000000000000 is an unknown value
R13=0x000000010b73587c is at entry_point+1308 in (nmethod*)0x000000010b734f90
R14=0x00007f82d216c9f8 is an unknown value
R15=0x00007f82d216c800 is a thread


Stack: [0x00007000080ee000,0x00007000081ee000],  sp=0x00007000081ed6e0,  free space=1021k
Native frames: (J=compiled Java code, j=interpreted, Vv=VM code, C=native code)
C  [libawt_lwawt.dylib+0x1c45f]  OGLSD_SetScratchSurface+0x49
C  [libawt_lwawt.dylib+0x3cd36]  Java_sun_java2d_opengl_OGLRenderQueue_flushBuffer+0x63a
J 3245  sun.java2d.opengl.OGLRenderQueue.flushBuffer(JI)V (0 bytes) @ 0x000000010b6867aa [0x000000010b686700+0xaa]
J 3484 C2 sun.java2d.opengl.OGLRenderQueue.flushBuffer()V (41 bytes) @ 0x000000010b4a30c0 [0x000000010b4a3060+0x60]
J 3395% C1 sun.java2d.opengl.OGLRenderQueue$QueueFlusher.run()V (234 bytes) @ 0x000000010b735d64 [0x000000010b735360+0xa04]
v  ~StubRoutines::call_stub
V  [libjvm.dylib+0x2ee70a]
V  [libjvm.dylib+0x2eeeae]
V  [libjvm.dylib+0x2ef05a]
V  [libjvm.dylib+0x3497b1]
V  [libjvm.dylib+0x56c0b3]
V  [libjvm.dylib+0x56d7a0]
V  [libjvm.dylib+0x48baee]
C  [libsystem_pthread.dylib+0x3339]  _pthread_body+0x7e
C  [libsystem_pthread.dylib+0x62a7]  _pthread_start+0x46
C  [libsystem_pthread.dylib+0x2445]  thread_start+0xd
C  0x0000000000000000

Java frames: (J=compiled Java code, j=interpreted, Vv=VM code)
J 3245  sun.java2d.opengl.OGLRenderQueue.flushBuffer(JI)V (0 bytes) @ 0x000000010b686738 [0x000000010b686700+0x38]
J 3484 C2 sun.java2d.opengl.OGLRenderQueue.flushBuffer()V (41 bytes) @ 0x000000010b4a30c0 [0x000000010b4a3060+0x60]
J 3395% C1 sun.java2d.opengl.OGLRenderQueue$QueueFlusher.run()V (234 bytes) @ 0x000000010b735d64 [0x000000010b735360+0xa04]
v  ~StubRoutines::call_stub

---------------  P R O C E S S  ---------------

Java Threads: ( => current thread )
  0x00007f82d1813000 JavaThread "DAO.backgroundSave" [_thread_blocked, id=17707, stack(0x0000700006f07000,0x0000700007007000)]
  0x00007f82d1092800 JavaThread "invokeAndBlock1" [_thread_blocked, id=69123, stack(0x0000700008680000,0x0000700008780000)]
  0x00007f82d20d2800 JavaThread "Network Thread" [_thread_in_native, id=69387, stack(0x000070000857d000,0x000070000867d000)]
  0x00007f82d2233000 JavaThread "Timer-1" [_thread_blocked, id=69635, stack(0x000070000847a000,0x000070000857a000)]
  0x00007f82d1a49800 JavaThread "EDT" [_thread_blocked, id=61459, stack(0x0000700008377000,0x0000700008477000)]
  0x00007f82d1a15000 JavaThread "Java2D Disposer" daemon [_thread_blocked, id=70927, stack(0x00007000081f1000,0x00007000082f1000)]
=>0x00007f82d216c800 JavaThread "Java2D Queue Flusher" daemon [_thread_in_native, id=71943, stack(0x00007000080ee000,0x00007000081ee000)]
  0x00007f82d1974000 JavaThread "org.netbeans.modules.debugger.jpda.visual AWT Access Loop" daemon [_thread_blocked, id=78651, stack(0x0000700007feb000,0x00007000080eb000)]
  0x00007f82d1149000 JavaThread "DestroyJavaVM" [_thread_blocked, id=9987, stack(0x00007000065ec000,0x00007000066ec000)]
  0x00007f82d2a53000 JavaThread "Thread-6" [_thread_blocked, id=76803, stack(0x0000700007ee8000,0x0000700007fe8000)]
  0x00007f82d2a52000 JavaThread "AWT-EventQueue-0" [_thread_blocked, id=77059, stack(0x0000700007de5000,0x0000700007ee5000)]
  0x00007f82d10e3000 JavaThread "AWT-Shutdown" [_thread_blocked, id=37159, stack(0x0000700007ad6000,0x0000700007bd6000)]
  0x00007f82d1828800 JavaThread "Thread-5" daemon [_thread_in_native, id=23555, stack(0x0000700007950000,0x0000700007a50000)]
  0x00007f82d1892800 JavaThread "process reaper" daemon [_thread_in_native, id=40711, stack(0x0000700007925000,0x000070000794d000)]
  0x00007f82d29fc000 JavaThread "AppKit Thread" daemon [_thread_in_native, id=775, stack(0x00007ffeeb628000,0x00007ffeebe28000)]
  0x00007f82d10a8000 JavaThread "Thread-3" daemon [_thread_in_native, id=15371, stack(0x0000700007822000,0x0000700007922000)]
  0x00007f82d293a000 JavaThread "Timer-0" daemon [_thread_blocked, id=14595, stack(0x000070000771f000,0x000070000781f000)]
  0x00007f82d2042000 JavaThread "Service Thread" daemon [_thread_blocked, id=14339, stack(0x0000700007519000,0x0000700007619000)]
  0x00007f82d100c800 JavaThread "C1 CompilerThread2" daemon [_thread_blocked, id=16643, stack(0x0000700007416000,0x0000700007516000)]
  0x00007f82d2003800 JavaThread "C2 CompilerThread1" daemon [_thread_blocked, id=16899, stack(0x0000700007313000,0x0000700007413000)]
  0x00007f82d2835800 JavaThread "C2 CompilerThread0" daemon [_thread_blocked, id=13571, stack(0x0000700007210000,0x0000700007310000)]
  0x00007f82d100f000 JavaThread "JDWP Event Helper Thread" daemon [_thread_blocked, id=13059, stack(0x000070000700a000,0x000070000710a000)]
  0x00007f82d203b000 JavaThread "Signal Dispatcher" daemon [_thread_blocked, id=12547, stack(0x0000700006e04000,0x0000700006f04000)]
  0x00007f82d2035000 JavaThread "Finalizer" daemon [_thread_blocked, id=11523, stack(0x0000700006d01000,0x0000700006e01000)]
  0x00007f82d102c800 JavaThread "Reference Handler" daemon [_thread_blocked, id=19971, stack(0x0000700006bfe000,0x0000700006cfe000)]

Other Threads:
  0x00007f82d102c000 VMThread [stack: 0x0000700006afb000,0x0000700006bfb000] [id=20483]
  0x00007f82d2043800 WatcherThread [stack: 0x000070000761c000,0x000070000771c000] [id=15875]

VM state:not at safepoint (normal execution)

VM Mutex/Monitor currently owned by a thread: None

Heap:
 PSYoungGen      total 512512K, used 27860K [0x000000076ab00000, 0x000000078bf00000, 0x00000007c0000000)
  eden space 502272K, 3% used [0x000000076ab00000,0x000000076bc38150,0x0000000789580000)
  from space 10240K, 99% used [0x000000078b500000,0x000000078befd098,0x000000078bf00000)
  to   space 11776K, 0% used [0x000000078a800000,0x000000078a800000,0x000000078b380000)
 ParOldGen       total 125952K, used 26249K [0x00000006c0000000, 0x00000006c7b00000, 0x000000076ab00000)
  object space 125952K, 20% used [0x00000006c0000000,0x00000006c19a27a0,0x00000006c7b00000)
 Metaspace       used 24495K, capacity 25390K, committed 25728K, reserved 1071104K
  class space    used 2919K, capacity 3083K, committed 3200K, reserved 1048576K

Card table byte_map: [0x0000000105a54000,0x0000000106255000] byte_map_base: 0x0000000102454000

Marking Bits: (ParMarkBitMap*) 0x00000001046f65d0
 Begin Bits: [0x0000000119c70000, 0x000000011dc70000)
 End Bits:   [0x000000011dc70000, 0x0000000121c70000)

Polling page: 0x0000000104ded000

CodeCache: size=245760Kb used=13545Kb max_used=13599Kb free=232214Kb
 bounds [0x000000010ac70000, 0x000000010b9d0000, 0x0000000119c70000]
 total_blobs=4159 nmethods=3491 adapters=588
 compilation: enabled

Compilation events (10 events):
Event: 6036.641 Thread 0x00007f82d100c800 3891       3       sun.font.FileFontStrike::getCachedGlyphPtrInternal (120 bytes)
Event: 6036.642 Thread 0x00007f82d100c800 nmethod 3891 0x000000010b9a97d0 code [0x000000010b9a9960, 0x000000010b9a9d30]
Event: 6036.687 Thread 0x00007f82d100c800 3892       3       sun.font.FileFontStrike::getGlyphImagePtr (126 bytes)
Event: 6036.689 Thread 0x00007f82d100c800 nmethod 3892 0x000000010b9c6010 code [0x000000010b9c6440, 0x000000010b9c8b48]
Event: 6036.706 Thread 0x00007f82d2003800 3893       4       sun.font.FontStrikeDesc::getAAHintIntVal (79 bytes)
Event: 6036.707 Thread 0x00007f82d2003800 nmethod 3893 0x000000010b9c04d0 code [0x000000010b9c0620, 0x000000010b9c06d8]
Event: 6036.767 Thread 0x00007f82d100c800 3894       3       java.io.FileInputStream::finalize (22 bytes)
Event: 6036.768 Thread 0x00007f82d100c800 nmethod 3894 0x000000010b9c17d0 code [0x000000010b9c1940, 0x000000010b9c1be8]
Event: 6036.772 Thread 0x00007f82d2835800 3895       4       java.awt.geom.AffineTransform::preConcatenate (1011 bytes)
Event: 6036.779 Thread 0x00007f82d2835800 nmethod 3895 0x000000010b9be190 code [0x000000010b9be480, 0x000000010b9be9d8]

GC Heap History (10 events):
Event: 6.660 GC heap before
{Heap before GC invocations=5 (full 0):
 PSYoungGen      total 141824K, used 139507K [0x000000076ab00000, 0x0000000774000000, 0x00000007c0000000)
  eden space 131072K, 100% used [0x000000076ab00000,0x0000000772b00000,0x0000000772b00000)
  from space 10752K, 78% used [0x0000000773580000,0x0000000773dbcc98,0x0000000774000000)
  to   space 10752K, 0% used [0x0000000772b00000,0x0000000772b00000,0x0000000773580000)
 ParOldGen       total 175104K, used 63201K [0x00000006c0000000, 0x00000006cab00000, 0x000000076ab00000)
  object space 175104K, 36% used [0x00000006c0000000,0x00000006c3db86d0,0x00000006cab00000)
 Metaspace       used 12306K, capacity 12580K, committed 12800K, reserved 1060864K
  class space    used 1453K, capacity 1526K, committed 1536K, reserved 1048576K
Event: 6.667 GC heap after
Heap after GC invocations=5 (full 0):
 PSYoungGen      total 141824K, used 8435K [0x000000076ab00000, 0x000000077bc00000, 0x00000007c0000000)
  eden space 131072K, 0% used [0x000000076ab00000,0x000000076ab00000,0x0000000772b00000)
  from space 10752K, 78% used [0x0000000772b00000,0x000000077333cc98,0x0000000773580000)
  to   space 8704K, 0% used [0x000000077b380000,0x000000077b380000,0x000000077bc00000)
 ParOldGen       total 175104K, used 63209K [0x00000006c0000000, 0x00000006cab00000, 0x000000076ab00000)
  object space 175104K, 36% used [0x00000006c0000000,0x00000006c3dba6d0,0x00000006cab00000)
 Metaspace       used 12306K, capacity 12580K, committed 12800K, reserved 1060864K
  class space    used 1453K, capacity 1526K, committed 1536K, reserved 1048576K
}
Event: 6.758 GC heap before
{Heap before GC invocations=6 (full 0):
 PSYoungGen      total 141824K, used 139507K [0x000000076ab00000, 0x000000077bc00000, 0x00000007c0000000)
  eden space 131072K, 100% used [0x000000076ab00000,0x0000000772b00000,0x0000000772b00000)
  from space 10752K, 78% used [0x0000000772b00000,0x000000077333cc98,0x0000000773580000)
  to   space 8704K, 0% used [0x000000077b380000,0x000000077b380000,0x000000077bc00000)
 ParOldGen       total 175104K, used 63209K [0x00000006c0000000, 0x00000006cab00000, 0x000000076ab00000)
  object space 175104K, 36% used [0x00000006c0000000,0x00000006c3dba6d0,0x00000006cab00000)
 Metaspace       used 12306K, capacity 12580K, committed 12800K, reserved 1060864K
  class space    used 1453K, capacity 1526K, committed 1536K, reserved 1048576K
Event: 6.766 GC heap after
Heap after GC invocations=6 (full 0):
 PSYoungGen      total 270848K, used 8419K [0x000000076ab00000, 0x000000077bc00000, 0x00000007c0000000)
  eden space 262144K, 0% used [0x000000076ab00000,0x000000076ab00000,0x000000077ab00000)
  from space 8704K, 96% used [0x000000077b380000,0x000000077bbb8ca8,0x000000077bc00000)
  to   space 8704K, 0% used [0x000000077ab00000,0x000000077ab00000,0x000000077b380000)
 ParOldGen       total 175104K, used 63209K [0x00000006c0000000, 0x00000006cab00000, 0x000000076ab00000)
  object space 175104K, 36% used [0x00000006c0000000,0x00000006c3dba6d0,0x00000006cab00000)
 Metaspace       used 12306K, capacity 12580K, committed 12800K, reserved 1060864K
  class space    used 1453K, capacity 1526K, committed 1536K, reserved 1048576K
}
Event: 13.848 GC heap before
{Heap before GC invocations=7 (full 0):
 PSYoungGen      total 270848K, used 110526K [0x000000076ab00000, 0x000000077bc00000, 0x00000007c0000000)
  eden space 262144K, 38% used [0x000000076ab00000,0x0000000770eb6bb8,0x000000077ab00000)
  from space 8704K, 96% used [0x000000077b380000,0x000000077bbb8ca8,0x000000077bc00000)
  to   space 8704K, 0% used [0x000000077ab00000,0x000000077ab00000,0x000000077b380000)
 ParOldGen       total 175104K, used 63209K [0x00000006c0000000, 0x00000006cab00000, 0x000000076ab00000)
  object space 175104K, 36% used [0x00000006c0000000,0x00000006c3dba6d0,0x00000006cab00000)
 Metaspace       used 20642K, capacity 21160K, committed 21296K, reserved 1069056K
  class space    used 2497K, capacity 2664K, committed 2688K, reserved 1048576K
Event: 13.861 GC heap after
Heap after GC invocations=7 (full 0):
 PSYoungGen      total 270848K, used 8678K [0x000000076ab00000, 0x000000078bf00000, 0x00000007c0000000)
  eden space 262144K, 0% used [0x000000076ab00000,0x000000076ab00000,0x000000077ab00000)
  from space 8704K, 99% used [0x000000077ab00000,0x000000077b379898,0x000000077b380000)
  to   space 10240K, 0% used [0x000000078b500000,0x000000078b500000,0x000000078bf00000)
 ParOldGen       total 175104K, used 65690K [0x00000006c0000000, 0x00000006cab00000, 0x000000076ab00000)
  object space 175104K, 37% used [0x00000006c0000000,0x00000006c40269d8,0x00000006cab00000)
 Metaspace       used 20642K, capacity 21160K, committed 21296K, reserved 1069056K
  class space    used 2497K, capacity 2664K, committed 2688K, reserved 1048576K
}
Event: 13.861 GC heap before
{Heap before GC invocations=8 (full 1):
 PSYoungGen      total 270848K, used 8678K [0x000000076ab00000, 0x000000078bf00000, 0x00000007c0000000)
  eden space 262144K, 0% used [0x000000076ab00000,0x000000076ab00000,0x000000077ab00000)
  from space 8704K, 99% used [0x000000077ab00000,0x000000077b379898,0x000000077b380000)
  to   space 10240K, 0% used [0x000000078b500000,0x000000078b500000,0x000000078bf00000)
 ParOldGen       total 175104K, used 65690K [0x00000006c0000000, 0x00000006cab00000, 0x000000076ab00000)
  object space 175104K, 37% used [0x00000006c0000000,0x00000006c40269d8,0x00000006cab00000)
 Metaspace       used 20642K, capacity 21160K, committed 21296K, reserved 1069056K
  class space    used 2497K, capacity 2664K, committed 2688K, reserved 1048576K
Event: 13.900 GC heap after
Heap after GC invocations=8 (full 1):
 PSYoungGen      total 270848K, used 0K [0x000000076ab00000, 0x000000078bf00000, 0x00000007c0000000)
  eden space 262144K, 0% used [0x000000076ab00000,0x000000076ab00000,0x000000077ab00000)
  from space 8704K, 0% used [0x000000077ab00000,0x000000077ab00000,0x000000077b380000)
  to   space 10240K, 0% used [0x000000078b500000,0x000000078b500000,0x000000078bf00000)
 ParOldGen       total 125952K, used 23588K [0x00000006c0000000, 0x00000006c7b00000, 0x000000076ab00000)
  object space 125952K, 18% used [0x00000006c0000000,0x00000006c17090d8,0x00000006c7b00000)
 Metaspace       used 20638K, capacity 21154K, committed 21296K, reserved 1069056K
  class space    used 2495K, capacity 2661K, committed 2688K, reserved 1048576K
}
Event: 6036.727 GC heap before
{Heap before GC invocations=9 (full 1):
 PSYoungGen      total 270848K, used 262144K [0x000000076ab00000, 0x000000078bf00000, 0x00000007c0000000)
  eden space 262144K, 100% used [0x000000076ab00000,0x000000077ab00000,0x000000077ab00000)
  from space 8704K, 0% used [0x000000077ab00000,0x000000077ab00000,0x000000077b380000)
  to   space 10240K, 0% used [0x000000078b500000,0x000000078b500000,0x000000078bf00000)
 ParOldGen       total 125952K, used 23588K [0x00000006c0000000, 0x00000006c7b00000, 0x000000076ab00000)
  object space 125952K, 18% used [0x00000006c0000000,0x00000006c17090d8,0x00000006c7b00000)
 Metaspace       used 24495K, capacity 25390K, committed 25728K, reserved 1071104K
  class space    used 2919K, capacity 3083K, committed 3200K, reserved 1048576K
Event: 6036.763 GC heap after
Heap after GC invocations=9 (full 1):
 PSYoungGen      total 512512K, used 10228K [0x000000076ab00000, 0x000000078bf00000, 0x00000007c0000000)
  eden space 502272K, 0% used [0x000000076ab00000,0x000000076ab00000,0x0000000789580000)
  from space 10240K, 99% used [0x000000078b500000,0x000000078befd098,0x000000078bf00000)
  to   space 11776K, 0% used [0x000000078a800000,0x000000078a800000,0x000000078b380000)
 ParOldGen       total 125952K, used 26249K [0x00000006c0000000, 0x00000006c7b00000, 0x000000076ab00000)
  object space 125952K, 20% used [0x00000006c0000000,0x00000006c19a27a0,0x00000006c7b00000)
 Metaspace       used 24495K, capacity 25390K, committed 25728K, reserved 1071104K
  class space    used 2919K, capacity 3083K, committed 3200K, reserved 1048576K
}

Deoptimization events (10 events):
Event: 6036.225 Thread 0x00007f82d20d2800 Uncommon trap: reason=bimorphic action=maybe_recompile pc=0x000000010b302c3c method=java.util.HashMap.removeNode(ILjava/lang/Object;Ljava/lang/Object;ZZ)Ljava/util/HashMap$Node; @ 283
Event: 6036.274 Thread 0x00007f82d20d2800 Uncommon trap: reason=unstable_if action=reinterpret pc=0x000000010b6fc38c method=java.util.concurrent.locks.ReentrantLock$Sync.nonfairTryAcquire(I)Z @ 34
Event: 6036.274 Thread 0x00007f82d20d2800 Uncommon trap: reason=unstable_if action=reinterpret pc=0x000000010aea2f48 method=java.util.concurrent.locks.ReentrantLock$Sync.nonfairTryAcquire(I)Z @ 34
Event: 6036.515 Thread 0x00007f82d1a49800 Uncommon trap: reason=unstable_if action=reinterpret pc=0x000000010b85ef04 method=com.codename1.ui.TextArea.isScrollableY()Z @ 4
Event: 6036.516 Thread 0x00007f82d1a49800 Uncommon trap: reason=class_check action=maybe_recompile pc=0x000000010b62f2a8 method=com.codename1.ui.layouts.BorderLayout.layoutContainer(Lcom/codename1/ui/Container;)V @ 209
Event: 6036.517 Thread 0x00007f82d1a49800 Uncommon trap: reason=unstable_if action=reinterpret pc=0x000000010b8d6adc method=com.codename1.ui.TextArea.setWidth(I)V @ 5
Event: 6036.530 Thread 0x00007f82d1a49800 Uncommon trap: reason=unstable_if action=reinterpret pc=0x000000010b87c0cc method=com.codename1.ui.AnimationManager.updateAnimations()V @ 7
Event: 6036.538 Thread 0x00007f82d1a49800 Uncommon trap: reason=unstable_if action=reinterpret pc=0x000000010b112758 method=sun.font.FileFontStrike.getCachedGlyphPtrInternal(I)J @ 99
Event: 6036.775 Thread 0x00007f82d2a52000 Uncommon trap: reason=unstable_if action=reinterpret pc=0x000000010b741864 method=sun.java2d.pipe.BufferedContext.validate(Lsun/java2d/pipe/hw/AccelSurface;Lsun/java2d/pipe/hw/AccelSurface;Lsun/java2d/pipe/Region;Ljava/awt/Composite;Ljava/awt/geom/AffineT
Event: 6036.775 Thread 0x00007f82d2a52000 Uncommon trap: reason=unstable_if action=reinterpret pc=0x000000010b23388c method=sun.java2d.pipe.RenderQueue.ensureAlignment(I)V @ 14

Internal exceptions (10 events):
Event: 6036.209 Thread 0x00007f82d1813000 Exception <a 'java/io/IOException'> (0x000000077a29a208) thrown at [/Users/java_re/workspace/8-2-build-macosx-x86_64/jdk8u141/9370/hotspot/src/share/vm/prims/jni.cpp, line 709]
Event: 6036.209 Thread 0x00007f82d1813000 Exception <a 'java/io/IOException'> (0x000000077a29a4a0) thrown at [/Users/java_re/workspace/8-2-build-macosx-x86_64/jdk8u141/9370/hotspot/src/share/vm/prims/jni.cpp, line 709]
Event: 6036.209 Thread 0x00007f82d1813000 Exception <a 'java/io/IOException'> (0x000000077a29a708) thrown at [/Users/java_re/workspace/8-2-build-macosx-x86_64/jdk8u141/9370/hotspot/src/share/vm/prims/jni.cpp, line 709]
Event: 6036.209 Thread 0x00007f82d1813000 Exception <a 'java/io/IOException'> (0x000000077a29c0e0) thrown at [/Users/java_re/workspace/8-2-build-macosx-x86_64/jdk8u141/9370/hotspot/src/share/vm/prims/jni.cpp, line 709]
Event: 6036.209 Thread 0x00007f82d1813000 Exception <a 'java/io/IOException'> (0x000000077a29c378) thrown at [/Users/java_re/workspace/8-2-build-macosx-x86_64/jdk8u141/9370/hotspot/src/share/vm/prims/jni.cpp, line 709]
Event: 6036.209 Thread 0x00007f82d1813000 Exception <a 'java/io/IOException'> (0x000000077a29c5e0) thrown at [/Users/java_re/workspace/8-2-build-macosx-x86_64/jdk8u141/9370/hotspot/src/share/vm/prims/jni.cpp, line 709]
Event: 6036.518 Thread 0x00007f82d1a49800 Exception <a 'java/io/IOException'> (0x000000077a6ccf38) thrown at [/Users/java_re/workspace/8-2-build-macosx-x86_64/jdk8u141/9370/hotspot/src/share/vm/prims/jni.cpp, line 709]
Event: 6036.518 Thread 0x00007f82d1a49800 Exception <a 'java/io/IOException'> (0x000000077a6cd1d0) thrown at [/Users/java_re/workspace/8-2-build-macosx-x86_64/jdk8u141/9370/hotspot/src/share/vm/prims/jni.cpp, line 709]
Event: 6036.518 Thread 0x00007f82d1a49800 Exception <a 'java/io/IOException'> (0x000000077a6cd438) thrown at [/Users/java_re/workspace/8-2-build-macosx-x86_64/jdk8u141/9370/hotspot/src/share/vm/prims/jni.cpp, line 709]
Event: 6036.538 Thread 0x00007f82d1a49800 Implicit null exception at 0x000000010b1124c6 to 0x000000010b112741

Events (10 events):
Event: 6036.775 Thread 0x00007f82d2a52000 Uncommon trap: trap_request=0xffffff65 fr.pc=0x000000010b23388c
Event: 6036.775 Thread 0x00007f82d2a52000 DEOPT PACKING pc=0x000000010b23388c sp=0x0000700007ee35c0
Event: 6036.775 Thread 0x00007f82d2a52000 DEOPT UNPACKING pc=0x000000010ac75229 sp=0x0000700007ee3580 mode 2
Event: 6036.779 Thread 0x00007f82d2835800 flushing nmethod 0x000000010adf2a90
Event: 6036.779 Thread 0x00007f82d2835800 flushing nmethod 0x000000010ae1a2d0
Event: 6036.779 Thread 0x00007f82d2835800 flushing nmethod 0x000000010ae3ddd0
Event: 6036.789 Executing VM operation: RevokeBias
Event: 6036.789 Executing VM operation: RevokeBias done
Event: 6036.789 Executing VM operation: RevokeBias
Event: 6036.790 Executing VM operation: RevokeBias done


Dynamic libraries:
0x000000000acc2000 	/System/Library/Frameworks/Cocoa.framework/Versions/A/Cocoa
0x000000000acc2000 	/System/Library/Frameworks/Security.framework/Versions/A/Security
0x000000000acc2000 	/System/Library/Frameworks/ApplicationServices.framework/Versions/A/ApplicationServices
0x000000000acc2000 	/usr/lib/libz.1.dylib
0x000000000acc2000 	/usr/lib/libSystem.B.dylib
0x000000000acc2000 	/usr/lib/libobjc.A.dylib
0x000000000acc2000 	/System/Library/Frameworks/CoreFoundation.framework/Versions/A/CoreFoundation
0x000000000acc2000 	/System/Library/Frameworks/Foundation.framework/Versions/C/Foundation
0x000000000acc2000 	/System/Library/Frameworks/AppKit.framework/Versions/C/AppKit
0x000000000acc2000 	/System/Library/Frameworks/CoreData.framework/Versions/A/CoreData
0x000000000acc2000 	/System/Library/PrivateFrameworks/RemoteViewServices.framework/Versions/A/RemoteViewServices
0x000000000acc2000 	/System/Library/PrivateFrameworks/UIFoundation.framework/Versions/A/UIFoundation
0x000000000acc2000 	/System/Library/PrivateFrameworks/XCTTargetBootstrap.framework/Versions/A/XCTTargetBootstrap
0x000000000acc2000 	/System/Library/PrivateFrameworks/IconServices.framework/Versions/A/IconServices
0x000000000acc2000 	/System/Library/Frameworks/Metal.framework/Versions/A/Metal
0x000000000acc2000 	/System/Library/PrivateFrameworks/DesktopServicesPriv.framework/Versions/A/DesktopServicesPriv
0x000000000acc2000 	/usr/lib/libenergytrace.dylib
0x000000000acc2000 	/System/Library/PrivateFrameworks/SkyLight.framework/Versions/A/SkyLight
0x000000000acc2000 	/System/Library/Frameworks/CoreGraphics.framework/Versions/A/CoreGraphics
0x000000000acc2000 	/System/Library/Frameworks/Accelerate.framework/Versions/A/Accelerate
0x000000000acc2000 	/System/Library/Frameworks/IOSurface.framework/Versions/A/IOSurface
0x000000000acc2000 	/System/Library/PrivateFrameworks/DFRFoundation.framework/Versions/A/DFRFoundation
0x000000000acc2000 	/System/Library/Frameworks/AudioToolbox.framework/Versions/A/AudioToolbox
0x000000000acc2000 	/System/Library/Frameworks/AudioUnit.framework/Versions/A/AudioUnit
0x000000000acc2000 	/System/Library/PrivateFrameworks/DataDetectorsCore.framework/Versions/A/DataDetectorsCore
0x000000000acc2000 	/System/Library/Frameworks/Carbon.framework/Versions/A/Frameworks/HIToolbox.framework/Versions/A/HIToolbox
0x000000000acc2000 	/usr/lib/libicucore.A.dylib
0x000000000acc2000 	/System/Library/Frameworks/QuartzCore.framework/Versions/A/QuartzCore
0x000000000acc2000 	/System/Library/Frameworks/Carbon.framework/Versions/A/Frameworks/SpeechRecognition.framework/Versions/A/SpeechRecognition
0x000000000acc2000 	/usr/lib/libauto.dylib
0x000000000acc2000 	/usr/lib/libxml2.2.dylib
0x000000000acc2000 	/System/Library/PrivateFrameworks/CoreUI.framework/Versions/A/CoreUI
0x000000000acc2000 	/System/Library/Frameworks/CoreAudio.framework/Versions/A/CoreAudio
0x000000000acc2000 	/System/Library/Frameworks/DiskArbitration.framework/Versions/A/DiskArbitration
0x000000000acc2000 	/usr/lib/liblangid.dylib
0x000000000acc2000 	/System/Library/PrivateFrameworks/MultitouchSupport.framework/Versions/A/MultitouchSupport
0x000000000acc2000 	/System/Library/Frameworks/IOKit.framework/Versions/A/IOKit
0x000000000acc2000 	/usr/lib/libDiagnosticMessagesClient.dylib
0x000000000acc2000 	/System/Library/Frameworks/CoreServices.framework/Versions/A/CoreServices
0x000000000acc2000 	/System/Library/PrivateFrameworks/PerformanceAnalysis.framework/Versions/A/PerformanceAnalysis
0x000000000acc2000 	/System/Library/Frameworks/OpenGL.framework/Versions/A/OpenGL
0x000000000acc2000 	/System/Library/Frameworks/ColorSync.framework/Versions/A/ColorSync
0x000000000acc2000 	/System/Library/Frameworks/CoreImage.framework/Versions/A/CoreImage
0x000000000acc2000 	/System/Library/Frameworks/CoreText.framework/Versions/A/CoreText
0x000000000acc2000 	/System/Library/Frameworks/ImageIO.framework/Versions/A/ImageIO
0x000000000acc2000 	/System/Library/PrivateFrameworks/Backup.framework/Versions/A/Backup
0x000000000acc2000 	/usr/lib/libarchive.2.dylib
0x000000000acc2000 	/System/Library/Frameworks/CFNetwork.framework/Versions/A/CFNetwork
0x000000000acc2000 	/System/Library/Frameworks/SystemConfiguration.framework/Versions/A/SystemConfiguration
0x000000000acc2000 	/usr/lib/libCRFSuite.dylib
0x000000000acc2000 	/usr/lib/libc++.1.dylib
0x000000000acc2000 	/usr/lib/libc++abi.dylib
0x000000000acc2000 	/usr/lib/system/libcache.dylib
0x000000000acc2000 	/usr/lib/system/libcommonCrypto.dylib
0x000000000acc2000 	/usr/lib/system/libcompiler_rt.dylib
0x000000000acc2000 	/usr/lib/system/libcopyfile.dylib
0x000000000acc2000 	/usr/lib/system/libcorecrypto.dylib
0x000000000acc2000 	/usr/lib/system/libdispatch.dylib
0x000000000acc2000 	/usr/lib/system/libdyld.dylib
0x000000000acc2000 	/usr/lib/system/libkeymgr.dylib
0x000000000acc2000 	/usr/lib/system/liblaunch.dylib
0x000000000acc2000 	/usr/lib/system/libmacho.dylib
0x000000000acc2000 	/usr/lib/system/libquarantine.dylib
0x000000000acc2000 	/usr/lib/system/libremovefile.dylib
0x000000000acc2000 	/usr/lib/system/libsystem_asl.dylib
0x000000000acc2000 	/usr/lib/system/libsystem_blocks.dylib
0x000000000acc2000 	/usr/lib/system/libsystem_c.dylib
0x000000000acc2000 	/usr/lib/system/libsystem_configuration.dylib
0x000000000acc2000 	/usr/lib/system/libsystem_coreservices.dylib
0x000000000acc2000 	/usr/lib/system/libsystem_darwin.dylib
0x000000000acc2000 	/usr/lib/system/libsystem_dnssd.dylib
0x000000000acc2000 	/usr/lib/system/libsystem_info.dylib
0x000000000acc2000 	/usr/lib/system/libsystem_m.dylib
0x000000000acc2000 	/usr/lib/system/libsystem_malloc.dylib
0x000000000acc2000 	/usr/lib/system/libsystem_networkextension.dylib
0x000000000acc2000 	/usr/lib/system/libsystem_notify.dylib
0x000000000acc2000 	/usr/lib/system/libsystem_sandbox.dylib
0x000000000acc2000 	/usr/lib/system/libsystem_secinit.dylib
0x000000000acc2000 	/usr/lib/system/libsystem_kernel.dylib
0x000000000acc2000 	/usr/lib/system/libsystem_platform.dylib
0x000000000acc2000 	/usr/lib/system/libsystem_pthread.dylib
0x000000000acc2000 	/usr/lib/system/libsystem_symptoms.dylib
0x000000000acc2000 	/usr/lib/system/libsystem_trace.dylib
0x000000000acc2000 	/usr/lib/system/libunwind.dylib
0x000000000acc2000 	/usr/lib/system/libxpc.dylib
0x000000000acc2000 	/usr/lib/libbsm.0.dylib
0x000000000acc2000 	/usr/lib/system/libkxld.dylib
0x000000000acc2000 	/System/Library/PrivateFrameworks/AppleFSCompression.framework/Versions/A/AppleFSCompression
0x000000000acc2000 	/usr/lib/libOpenScriptingUtil.dylib
0x000000000acc2000 	/usr/lib/libcoretls.dylib
0x000000000acc2000 	/usr/lib/libcoretls_cfhelpers.dylib
0x000000000acc2000 	/usr/lib/libpam.2.dylib
0x000000000acc2000 	/usr/lib/libsqlite3.dylib
0x000000000acc2000 	/usr/lib/libxar.1.dylib
0x000000000acc2000 	/usr/lib/libbz2.1.0.dylib
0x000000000acc2000 	/usr/lib/liblzma.5.dylib
0x000000000acc2000 	/usr/lib/libnetwork.dylib
0x000000000acc2000 	/usr/lib/libapple_nghttp2.dylib
0x000000000acc2000 	/usr/lib/libpcap.A.dylib
0x000000000acc2000 	/System/Library/Frameworks/CoreServices.framework/Versions/A/Frameworks/FSEvents.framework/Versions/A/FSEvents
0x000000000acc2000 	/System/Library/Frameworks/CoreServices.framework/Versions/A/Frameworks/CarbonCore.framework/Versions/A/CarbonCore
0x000000000acc2000 	/System/Library/Frameworks/CoreServices.framework/Versions/A/Frameworks/Metadata.framework/Versions/A/Metadata
0x000000000acc2000 	/System/Library/Frameworks/CoreServices.framework/Versions/A/Frameworks/OSServices.framework/Versions/A/OSServices
0x000000000acc2000 	/System/Library/Frameworks/CoreServices.framework/Versions/A/Frameworks/SearchKit.framework/Versions/A/SearchKit
0x000000000acc2000 	/System/Library/Frameworks/CoreServices.framework/Versions/A/Frameworks/AE.framework/Versions/A/AE
0x000000000acc2000 	/System/Library/Frameworks/CoreServices.framework/Versions/A/Frameworks/LaunchServices.framework/Versions/A/LaunchServices
0x000000000acc2000 	/System/Library/Frameworks/CoreServices.framework/Versions/A/Frameworks/DictionaryServices.framework/Versions/A/DictionaryServices
0x000000000acc2000 	/System/Library/Frameworks/CoreServices.framework/Versions/A/Frameworks/SharedFileList.framework/Versions/A/SharedFileList
0x000000000acc2000 	/System/Library/Frameworks/NetFS.framework/Versions/A/NetFS
0x000000000acc2000 	/System/Library/PrivateFrameworks/NetAuth.framework/Versions/A/NetAuth
0x000000000acc2000 	/System/Library/PrivateFrameworks/login.framework/Versions/A/Frameworks/loginsupport.framework/Versions/A/loginsupport
0x000000000acc2000 	/System/Library/PrivateFrameworks/TCC.framework/Versions/A/TCC
0x000000000acc2000 	/System/Library/PrivateFrameworks/CoreNLP.framework/Versions/A/CoreNLP
0x000000000acc2000 	/System/Library/PrivateFrameworks/MetadataUtilities.framework/Versions/A/MetadataUtilities
0x000000000acc2000 	/usr/lib/libmecabra.dylib
0x000000000acc2000 	/System/Library/Frameworks/ApplicationServices.framework/Versions/A/Frameworks/ATS.framework/Versions/A/ATS
0x000000000acc2000 	/System/Library/Frameworks/ApplicationServices.framework/Versions/A/Frameworks/ColorSyncLegacy.framework/Versions/A/ColorSyncLegacy
0x000000000acc2000 	/System/Library/Frameworks/ApplicationServices.framework/Versions/A/Frameworks/HIServices.framework/Versions/A/HIServices
0x000000000acc2000 	/System/Library/Frameworks/ApplicationServices.framework/Versions/A/Frameworks/LangAnalysis.framework/Versions/A/LangAnalysis
0x000000000acc2000 	/System/Library/Frameworks/ApplicationServices.framework/Versions/A/Frameworks/PrintCore.framework/Versions/A/PrintCore
0x000000000acc2000 	/System/Library/Frameworks/ApplicationServices.framework/Versions/A/Frameworks/QD.framework/Versions/A/QD
0x000000000acc2000 	/System/Library/Frameworks/ApplicationServices.framework/Versions/A/Frameworks/SpeechSynthesis.framework/Versions/A/SpeechSynthesis
0x000000000acc2000 	/usr/lib/libcompression.dylib
0x000000000acc2000 	/System/Library/Frameworks/CoreDisplay.framework/Versions/A/CoreDisplay
0x000000000acc2000 	/System/Library/Frameworks/MetalPerformanceShaders.framework/Versions/A/MetalPerformanceShaders
0x000000000acc2000 	/System/Library/Frameworks/Accelerate.framework/Versions/A/Frameworks/vImage.framework/Versions/A/vImage
0x000000000acc2000 	/System/Library/Frameworks/Accelerate.framework/Versions/A/Frameworks/vecLib.framework/Versions/A/vecLib
0x000000000acc2000 	/System/Library/Frameworks/Accelerate.framework/Versions/A/Frameworks/vecLib.framework/Versions/A/libvMisc.dylib
0x000000000acc2000 	/System/Library/Frameworks/Accelerate.framework/Versions/A/Frameworks/vecLib.framework/Versions/A/libvDSP.dylib
0x000000000acc2000 	/System/Library/Frameworks/Accelerate.framework/Versions/A/Frameworks/vecLib.framework/Versions/A/libBLAS.dylib
0x000000000acc2000 	/System/Library/Frameworks/Accelerate.framework/Versions/A/Frameworks/vecLib.framework/Versions/A/libLAPACK.dylib
0x000000000acc2000 	/System/Library/Frameworks/Accelerate.framework/Versions/A/Frameworks/vecLib.framework/Versions/A/libLinearAlgebra.dylib
0x000000000acc2000 	/System/Library/Frameworks/Accelerate.framework/Versions/A/Frameworks/vecLib.framework/Versions/A/libSparseBLAS.dylib
0x000000000acc2000 	/System/Library/Frameworks/Accelerate.framework/Versions/A/Frameworks/vecLib.framework/Versions/A/libQuadrature.dylib
0x000000000acc2000 	/System/Library/Frameworks/Accelerate.framework/Versions/A/Frameworks/vecLib.framework/Versions/A/libBNNS.dylib
0x000000000acc2000 	/System/Library/Frameworks/Accelerate.framework/Versions/A/Frameworks/vecLib.framework/Versions/A/libSparse.dylib
0x000000000acc2000 	/System/Library/PrivateFrameworks/GPUWrangler.framework/Versions/A/GPUWrangler
0x000000000acc2000 	/System/Library/PrivateFrameworks/IOAccelerator.framework/Versions/A/IOAccelerator
0x000000000acc2000 	/System/Library/PrivateFrameworks/IOPresentment.framework/Versions/A/IOPresentment
0x000000000acc2000 	/System/Library/PrivateFrameworks/DSExternalDisplay.framework/Versions/A/DSExternalDisplay
0x000000000acc2000 	/System/Library/Frameworks/OpenGL.framework/Versions/A/Libraries/libCoreFSCache.dylib
0x000000000acc2000 	/System/Library/Frameworks/MetalPerformanceShaders.framework/Frameworks/MPSCore.framework/Versions/A/MPSCore
0x000000000acc2000 	/System/Library/Frameworks/MetalPerformanceShaders.framework/Frameworks/MPSImage.framework/Versions/A/MPSImage
0x000000000acc2000 	/System/Library/Frameworks/MetalPerformanceShaders.framework/Frameworks/MPSNeuralNetwork.framework/Versions/A/MPSNeuralNetwork
0x000000000acc2000 	/System/Library/Frameworks/MetalPerformanceShaders.framework/Frameworks/MPSMatrix.framework/Versions/A/MPSMatrix
0x000000000acc2000 	/System/Library/Frameworks/MetalPerformanceShaders.framework/Frameworks/MPSRayIntersector.framework/Versions/A/MPSRayIntersector
0x000000000acc2000 	/System/Library/PrivateFrameworks/MetalTools.framework/Versions/A/MetalTools
0x000000000acc2000 	/System/Library/PrivateFrameworks/AggregateDictionary.framework/Versions/A/AggregateDictionary
0x000000000acc2000 	/usr/lib/libMobileGestalt.dylib
0x000000000acc2000 	/System/Library/Frameworks/CoreVideo.framework/Versions/A/CoreVideo
0x000000000acc2000 	/System/Library/PrivateFrameworks/GraphVisualizer.framework/Versions/A/GraphVisualizer
0x000000000acc2000 	/System/Library/PrivateFrameworks/FaceCore.framework/Versions/A/FaceCore
0x000000000acc2000 	/System/Library/Frameworks/OpenCL.framework/Versions/A/OpenCL
0x000000000acc2000 	/usr/lib/libFosl_dynamic.dylib
0x000000000acc2000 	/System/Library/PrivateFrameworks/OTSVG.framework/Versions/A/OTSVG
0x000000000acc2000 	/System/Library/Frameworks/ApplicationServices.framework/Versions/A/Frameworks/ATS.framework/Versions/A/Resources/libFontParser.dylib
0x000000000acc2000 	/System/Library/Frameworks/ApplicationServices.framework/Versions/A/Frameworks/ATS.framework/Versions/A/Resources/libFontRegistry.dylib
0x000000000acc2000 	/System/Library/Frameworks/ImageIO.framework/Versions/A/Resources/libJPEG.dylib
0x000000000acc2000 	/System/Library/Frameworks/ImageIO.framework/Versions/A/Resources/libTIFF.dylib
0x000000000acc2000 	/System/Library/Frameworks/ImageIO.framework/Versions/A/Resources/libPng.dylib
0x000000000acc2000 	/System/Library/Frameworks/ImageIO.framework/Versions/A/Resources/libGIF.dylib
0x000000000acc2000 	/System/Library/Frameworks/ImageIO.framework/Versions/A/Resources/libJP2.dylib
0x000000000acc2000 	/System/Library/Frameworks/ImageIO.framework/Versions/A/Resources/libRadiance.dylib
0x000000000acc2000 	/System/Library/PrivateFrameworks/AppleJPEG.framework/Versions/A/AppleJPEG
0x000000000acc2000 	/System/Library/Frameworks/OpenGL.framework/Versions/A/Libraries/libGFXShared.dylib
0x000000000acc2000 	/System/Library/Frameworks/OpenGL.framework/Versions/A/Libraries/libGLU.dylib
0x000000000acc2000 	/System/Library/Frameworks/OpenGL.framework/Versions/A/Libraries/libGL.dylib
0x000000000acc2000 	/System/Library/Frameworks/OpenGL.framework/Versions/A/Libraries/libGLImage.dylib
0x000000000acc2000 	/System/Library/Frameworks/OpenGL.framework/Versions/A/Libraries/libCVMSPluginSupport.dylib
0x000000000acc2000 	/System/Library/Frameworks/OpenGL.framework/Versions/A/Libraries/libCoreVMClient.dylib
0x000000000acc2000 	/usr/lib/libcups.2.dylib
0x000000000acc2000 	/System/Library/Frameworks/Kerberos.framework/Versions/A/Kerberos
0x000000000acc2000 	/System/Library/Frameworks/GSS.framework/Versions/A/GSS
0x000000000acc2000 	/usr/lib/libresolv.9.dylib
0x000000000acc2000 	/usr/lib/libiconv.2.dylib
0x000000000acc2000 	/System/Library/PrivateFrameworks/Heimdal.framework/Versions/A/Heimdal
0x000000000acc2000 	/usr/lib/libheimdal-asn1.dylib
0x000000000acc2000 	/System/Library/Frameworks/OpenDirectory.framework/Versions/A/OpenDirectory
0x000000000acc2000 	/System/Library/PrivateFrameworks/CommonAuth.framework/Versions/A/CommonAuth
0x000000000acc2000 	/System/Library/Frameworks/OpenDirectory.framework/Versions/A/Frameworks/CFOpenDirectory.framework/Versions/A/CFOpenDirectory
0x000000000acc2000 	/System/Library/Frameworks/SecurityFoundation.framework/Versions/A/SecurityFoundation
0x000000000acc2000 	/System/Library/PrivateFrameworks/APFS.framework/Versions/A/APFS
0x000000000acc2000 	/usr/lib/libutil.dylib
0x000000000acc2000 	/usr/lib/libcharset.1.dylib
0x000000000acc2000 	/System/Library/PrivateFrameworks/AppleSauce.framework/Versions/A/AppleSauce
0x000000000acc2000 	/System/Library/PrivateFrameworks/AssertionServices.framework/Versions/A/AssertionServices
0x000000000acc2000 	/System/Library/PrivateFrameworks/BaseBoard.framework/Versions/A/BaseBoard
0x000000000acc2000 	/usr/lib/libmecab.1.0.0.dylib
0x000000000acc2000 	/usr/lib/libgermantok.dylib
0x000000000acc2000 	/usr/lib/libThaiTokenizer.dylib
0x000000000acc2000 	/usr/lib/libChineseTokenizer.dylib
0x000000000acc2000 	/System/Library/PrivateFrameworks/LanguageModeling.framework/Versions/A/LanguageModeling
0x000000000acc2000 	/System/Library/PrivateFrameworks/CoreEmoji.framework/Versions/A/CoreEmoji
0x000000000acc2000 	/System/Library/PrivateFrameworks/Lexicon.framework/Versions/A/Lexicon
0x000000000acc2000 	/System/Library/PrivateFrameworks/LinguisticData.framework/Versions/A/LinguisticData
0x000000000acc2000 	/usr/lib/libcmph.dylib
0x000000000acc2000 	/System/Library/Frameworks/ServiceManagement.framework/Versions/A/ServiceManagement
0x000000000acc2000 	/System/Library/PrivateFrameworks/BackgroundTaskManagement.framework/Versions/A/BackgroundTaskManagement
0x000000000acc2000 	/usr/lib/libxslt.1.dylib
0x000000000acc2000 	/System/Library/Frameworks/Carbon.framework/Versions/A/Frameworks/Ink.framework/Versions/A/Ink
0x000000000acc2000 	/System/Library/PrivateFrameworks/TextureIO.framework/Versions/A/TextureIO
0x000000000acc2000 	/usr/lib/libate.dylib
0x000000000acc2000 	/System/Library/PrivateFrameworks/CrashReporterSupport.framework/Versions/A/CrashReporterSupport
0x000000000acc2000 	/System/Library/PrivateFrameworks/Sharing.framework/Versions/A/Sharing
0x000000000acc2000 	/System/Library/PrivateFrameworks/AuthKit.framework/Versions/A/AuthKit
0x000000000acc2000 	/System/Library/PrivateFrameworks/Apple80211.framework/Versions/A/Apple80211
0x000000000acc2000 	/System/Library/PrivateFrameworks/CoreUtils.framework/Versions/A/CoreUtils
0x000000000acc2000 	/System/Library/Frameworks/CoreWLAN.framework/Versions/A/CoreWLAN
0x000000000acc2000 	/System/Library/Frameworks/IOBluetooth.framework/Versions/A/IOBluetooth
0x000000000acc2000 	/System/Library/PrivateFrameworks/ProtocolBuffer.framework/Versions/A/ProtocolBuffer
0x000000000acc2000 	/System/Library/PrivateFrameworks/MobileKeyBag.framework/Versions/A/MobileKeyBag
0x000000000acc2000 	/System/Library/PrivateFrameworks/CorePhoneNumbers.framework/Versions/A/CorePhoneNumbers
0x000000000acc2000 	/System/Library/PrivateFrameworks/AppleIDAuthSupport.framework/Versions/A/AppleIDAuthSupport
0x000000000acc2000 	/System/Library/PrivateFrameworks/KeychainCircle.framework/Versions/A/KeychainCircle
0x000000000acc2000 	/System/Library/PrivateFrameworks/ROCKit.framework/Versions/A/ROCKit
0x000000000acc2000 	/System/Library/PrivateFrameworks/CoreWiFi.framework/Versions/A/CoreWiFi
0x000000000acc2000 	/System/Library/Frameworks/CoreBluetooth.framework/Versions/A/CoreBluetooth
0x000000000acc2000 	/System/Library/PrivateFrameworks/DebugSymbols.framework/Versions/A/DebugSymbols
0x000000000acc2000 	/System/Library/PrivateFrameworks/CoreSymbolication.framework/Versions/A/CoreSymbolication
0x000000000acc2000 	/System/Library/PrivateFrameworks/Symbolication.framework/Versions/A/Symbolication
0x000000000acc2000 	/System/Library/PrivateFrameworks/SpeechRecognitionCore.framework/Versions/A/SpeechRecognitionCore
0x0000000103e03000 	/Library/Java/JavaVirtualMachines/jdk1.8.0_141.jdk/Contents/Home/jre/lib/server/libjvm.dylib
0x000000000acc2000 	/usr/lib/libstdc++.6.dylib
0x0000000104daa000 	/Library/Java/JavaVirtualMachines/jdk1.8.0_141.jdk/Contents/Home/jre/lib/libverify.dylib
0x0000000104db8000 	/Library/Java/JavaVirtualMachines/jdk1.8.0_141.jdk/Contents/Home/jre/lib/libjava.dylib
0x0000000105600000 	/Library/Java/JavaVirtualMachines/jdk1.8.0_141.jdk/Contents/Home/jre/lib/libjdwp.dylib
0x0000000104dee000 	/Library/Java/JavaVirtualMachines/jdk1.8.0_141.jdk/Contents/Home/jre/lib/libnpt.dylib
0x000000010568b000 	/Library/Java/JavaVirtualMachines/jdk1.8.0_141.jdk/Contents/Home/jre/lib/libzip.dylib
0x000000000acc2000 	/System/Library/Frameworks/JavaVM.framework/Versions/A/Frameworks/JavaRuntimeSupport.framework/Versions/A/JavaRuntimeSupport
0x000000000acc2000 	/System/Library/Frameworks/JavaVM.framework/Versions/A/Frameworks/JavaNativeFoundation.framework/Versions/A/JavaNativeFoundation
0x000000000acc2000 	/System/Library/Frameworks/JavaVM.framework/Versions/A/JavaVM
0x000000000acc2000 	/System/Library/Frameworks/Carbon.framework/Versions/A/Carbon
0x000000000acc2000 	/System/Library/PrivateFrameworks/JavaLaunching.framework/Versions/A/JavaLaunching
0x000000000acc2000 	/System/Library/Frameworks/Carbon.framework/Versions/A/Frameworks/CommonPanels.framework/Versions/A/CommonPanels
0x000000000acc2000 	/System/Library/Frameworks/Carbon.framework/Versions/A/Frameworks/Help.framework/Versions/A/Help
0x000000000acc2000 	/System/Library/Frameworks/Carbon.framework/Versions/A/Frameworks/ImageCapture.framework/Versions/A/ImageCapture
0x000000000acc2000 	/System/Library/Frameworks/Carbon.framework/Versions/A/Frameworks/OpenScripting.framework/Versions/A/OpenScripting
0x000000000acc2000 	/System/Library/Frameworks/Carbon.framework/Versions/A/Frameworks/Print.framework/Versions/A/Print
0x000000000acc2000 	/System/Library/Frameworks/Carbon.framework/Versions/A/Frameworks/SecurityHI.framework/Versions/A/SecurityHI
0x000000010a4b9000 	/Library/Java/JavaVirtualMachines/jdk1.8.0_141.jdk/Contents/Home/jre/lib/libdt_socket.dylib
0x000000010a5d7000 	/Library/Java/JavaVirtualMachines/jdk1.8.0_141.jdk/Contents/Home/jre/lib/libosx.dylib
0x000000010a5e5000 	/Library/Java/JavaVirtualMachines/jdk1.8.0_141.jdk/Contents/Home/jre/lib/./libosxapp.dylib
0x000000000acc2000 	/System/Library/Frameworks/ExceptionHandling.framework/Versions/A/ExceptionHandling
0x000000010a743000 	/Library/Java/JavaVirtualMachines/jdk1.8.0_141.jdk/Contents/Home/jre/lib/libnet.dylib
0x000000010a75a000 	/Library/Java/JavaVirtualMachines/jdk1.8.0_141.jdk/Contents/Home/jre/lib/libawt.dylib
0x000000010a802000 	/Library/Java/JavaVirtualMachines/jdk1.8.0_141.jdk/Contents/Home/jre/lib/./libmlib_image.dylib
0x000000010a8ce000 	/Library/Java/JavaVirtualMachines/jdk1.8.0_141.jdk/Contents/Home/jre/lib/libawt_lwawt.dylib
0x000000000acc2000 	/System/Library/PrivateFrameworks/CoreServicesInternal.framework/Versions/A/CoreServicesInternal
0x000000000acc2000 	/System/Library/CoreServices/RawCamera.bundle/Contents/MacOS/RawCamera
0x000000000acc2000 	/System/Library/PrivateFrameworks/MobileAsset.framework/Versions/A/MobileAsset
0x000000000acc2000 	/System/Library/PrivateFrameworks/StreamingZip.framework/Versions/A/StreamingZip
0x000000000acc2000 	/System/Library/Frameworks/MediaToolbox.framework/Versions/A/MediaToolbox
0x000000000acc2000 	/System/Library/PrivateFrameworks/CoreAVCHD.framework/Versions/A/CoreAVCHD
0x000000000acc2000 	/System/Library/Frameworks/MediaAccessibility.framework/Versions/A/MediaAccessibility
0x000000000acc2000 	/System/Library/PrivateFrameworks/Mangrove.framework/Versions/A/Mangrove
0x000000000acc2000 	/System/Library/Frameworks/CoreMedia.framework/Versions/A/CoreMedia
0x000000000acc2000 	/System/Library/Frameworks/VideoToolbox.framework/Versions/A/VideoToolbox
0x000000000acc2000 	/System/Library/PrivateFrameworks/CoreAUC.framework/Versions/A/CoreAUC
0x000000000acc2000 	/usr/lib/libspindump.dylib
0x000000000acc2000 	/System/Library/PrivateFrameworks/AppleVA.framework/Versions/A/AppleVA
0x000000000acc2000 	/System/Library/Frameworks/Accelerate.framework/Versions/A/Frameworks/vImage.framework/Versions/A/Libraries/libCGInterfaces.dylib
0x000000000acc2000 	/System/Library/Frameworks/ApplicationServices.framework/Versions/A/Frameworks/ATS.framework/Versions/A/Resources/libTrueTypeScaler.dylib
0x000000000acc2000 	/System/Library/Extensions/AppleIntelKBLGraphicsMTLDriver.bundle/Contents/MacOS/AppleIntelKBLGraphicsMTLDriver
0x000000000acc2000 	/System/Library/PrivateFrameworks/GPUCompiler.framework/Versions/3902/Libraries/libmetal_timestamp.dylib
0x000000000acc2000 	/System/Library/PrivateFrameworks/FamilyControls.framework/Versions/A/FamilyControls
0x000000000acc2000 	/System/Library/PrivateFrameworks/CommerceKit.framework/Versions/A/Frameworks/CommerceCore.framework/Versions/A/CommerceCore
0x000000000acc2000 	/System/Library/PrivateFrameworks/SystemAdministration.framework/Versions/A/SystemAdministration
0x000000000acc2000 	/System/Library/PrivateFrameworks/AppContainer.framework/Versions/A/AppContainer
0x000000000acc2000 	/System/Library/PrivateFrameworks/AppSandbox.framework/Versions/A/AppSandbox
0x000000000acc2000 	/System/Library/PrivateFrameworks/SecCodeWrapper.framework/Versions/A/SecCodeWrapper
0x000000000acc2000 	/usr/lib/libsandbox.1.dylib
0x000000000acc2000 	/usr/lib/libMatch.1.dylib
0x000000000acc2000 	/System/Library/PrivateFrameworks/DiskManagement.framework/Versions/A/DiskManagement
0x000000000acc2000 	/System/Library/Frameworks/DirectoryService.framework/Versions/A/DirectoryService
0x000000000acc2000 	/System/Library/PrivateFrameworks/DiskImages.framework/Versions/A/DiskImages
0x000000000acc2000 	/System/Library/PrivateFrameworks/LoginUIKit.framework/Versions/A/Frameworks/LoginUICore.framework/Versions/A/LoginUICore
0x000000000acc2000 	/usr/lib/libCoreStorage.dylib
0x000000000acc2000 	/usr/lib/libcsfde.dylib
0x000000000acc2000 	/usr/lib/libodfde.dylib
0x000000000acc2000 	/System/Library/PrivateFrameworks/MediaKit.framework/Versions/A/MediaKit
0x000000000acc2000 	/System/Library/Frameworks/DiscRecording.framework/Versions/A/DiscRecording
0x000000000acc2000 	/System/Library/PrivateFrameworks/EFILogin.framework/Versions/A/EFILogin
0x000000000acc2000 	/System/Library/PrivateFrameworks/ProtectedCloudStorage.framework/Versions/A/ProtectedCloudStorage
0x000000000acc2000 	/usr/lib/libcurl.4.dylib
0x000000000acc2000 	/usr/lib/libcrypto.42.dylib
0x000000000acc2000 	/usr/lib/libssl.44.dylib
0x000000000acc2000 	/System/Library/Frameworks/LDAP.framework/Versions/A/LDAP
0x000000000acc2000 	/System/Library/PrivateFrameworks/TrustEvaluationAgent.framework/Versions/A/TrustEvaluationAgent
0x000000000acc2000 	/usr/lib/libsasl2.2.dylib
0x000000000acc2000 	/System/Library/PrivateFrameworks/CoreDaemon.framework/Versions/B/CoreDaemon
0x000000000acc2000 	/System/Library/PrivateFrameworks/AppleSRP.framework/Versions/A/AppleSRP
0x000000000acc2000 	/System/Library/PrivateFrameworks/ViewBridge.framework/Versions/A/ViewBridge
0x000000012220f000 	/usr/lib/libobjc-trampolines.dylib
0x00000001244b8000 	/Library/Java/JavaVirtualMachines/jdk1.8.0_141.jdk/Contents/Home/jre/lib/libfontmanager.dylib
0x000000000acc2000 	/System/Library/Frameworks/OpenGL.framework/Versions/A/Resources/GLEngine.bundle/GLEngine
0x000000000acc2000 	/System/Library/Frameworks/OpenGL.framework/Versions/A/Libraries/libGLProgrammability.dylib
0x000000000acc2000 	/System/Library/Extensions/AppleIntelKBLGraphicsGLDriver.bundle/Contents/MacOS/AppleIntelKBLGraphicsGLDriver
0x000000000acc2000 	/System/Library/PrivateFrameworks/GPUSupport.framework/Versions/A/Libraries/libGPUSupportMercury.dylib
0x000000000acc2000 	/System/Library/Frameworks/OpenGL.framework/Versions/A/Resources/GLRendererFloat.bundle/GLRendererFloat
0x000000000acc2000 	/System/Library/Frameworks/OpenCL.framework/Versions/A/Libraries/libcldcpuengine.dylib
0x000000000acc2000 	/usr/lib/libcrypto.35.dylib
0x00000001250b9000 	/Library/Java/JavaVirtualMachines/jdk1.8.0_141.jdk/Contents/Home/jre/lib/libosxui.dylib
0x0000000125ce5000 	/Library/Java/JavaVirtualMachines/jdk1.8.0_141.jdk/Contents/Home/jre/lib/libnio.dylib
0x00000001277df000 	/Library/Java/JavaVirtualMachines/jdk1.8.0_141.jdk/Contents/Home/jre/lib/libt2k.dylib
0x0000000127a2f000 	/Library/Java/JavaVirtualMachines/jdk1.8.0_141.jdk/Contents/Home/jre/lib/libsunec.dylib
0x0000000127cc6000 	/Library/Java/JavaVirtualMachines/jdk1.8.0_141.jdk/Contents/Home/jre/lib/libdcpr.dylib

VM Arguments:
jvm_args: -Dfile.encoding=windows-1252 -ea -agentlib:jdwp=transport=dt_socket,address=localhost:65083 
java_command: com.codename1.impl.javase.Simulator com.todocatalyst.todocatalyst.TodoCatalystParse
java_class_path (initial): /Users/thomashjelm/NetBeansProjects/CodenameOne/Ports/JavaSE/dist/JavaSE.jar:/Users/thomashjelm/NetBeansProjects/CN1JSON/dist/CN1JSON.jar:/Users/thomashjelm/NetBeansProjects/parse4cn1/dist/parse4cn1.jar:/Users/thomashjelm/NetBeansProjects/CodenameOne/Ports/CLDC11/dist/CLDC11.jar:/Users/thomashjelm/NetBeansProjects/CodenameOne/CodenameOne/dist/CodenameOne.jar:/Users/thomashjelm/NetBeansProjects/todocatalyst/build/classes
Launcher Type: SUN_STANDARD

Environment Variables:
PATH=/usr/bin:/bin:/usr/sbin:/sbin
SHELL=/bin/bash

Signal Handlers:
SIGSEGV: [libjvm.dylib+0x5b26e5], sa_mask[0]=11111111011111110111111111111111, sa_flags=SA_ONSTACK|SA_RESTART|SA_SIGINFO
SIGBUS: [libjvm.dylib+0x5b26e5], sa_mask[0]=11111111011111110111111111111111, sa_flags=SA_RESTART|SA_SIGINFO
SIGFPE: [libjvm.dylib+0x489100], sa_mask[0]=11111111011111110111111111111111, sa_flags=SA_RESTART|SA_SIGINFO
SIGPIPE: [libjvm.dylib+0x489100], sa_mask[0]=11111111011111110111111111111111, sa_flags=SA_RESTART|SA_SIGINFO
SIGXFSZ: [libjvm.dylib+0x489100], sa_mask[0]=11111111011111110111111111111111, sa_flags=SA_RESTART|SA_SIGINFO
SIGILL: [libjvm.dylib+0x489100], sa_mask[0]=11111111011111110111111111111111, sa_flags=SA_RESTART|SA_SIGINFO
SIGUSR1: SIG_DFL, sa_mask[0]=00000000000000000000000000000000, sa_flags=none
SIGUSR2: [libjvm.dylib+0x488c1e], sa_mask[0]=00100000000000000000000000000000, sa_flags=SA_RESTART|SA_SIGINFO
SIGHUP: [libjvm.dylib+0x4871f5], sa_mask[0]=11111111011111110111111111111111, sa_flags=SA_RESTART|SA_SIGINFO
SIGINT: SIG_IGN, sa_mask[0]=00000000000000000000000000000000, sa_flags=none
SIGTERM: [libjvm.dylib+0x4871f5], sa_mask[0]=11111111011111110111111111111111, sa_flags=SA_RESTART|SA_SIGINFO
SIGQUIT: [libjvm.dylib+0x4871f5], sa_mask[0]=11111111011111110111111111111111, sa_flags=SA_RESTART|SA_SIGINFO


---------------  S Y S T E M  ---------------

OS:Bsduname:Darwin 18.2.0 Darwin Kernel Version 18.2.0: Fri Oct  5 19:41:49 PDT 2018; root:xnu-4903.221.2~2/RELEASE_X86_64 x86_64
rlimit: STACK 8192k, CORE 0k, NPROC 1418, NOFILE 10240, AS infinity
load average:2.57 2.88 3.51

CPU:total 4 (initial active 4) (2 cores per cpu, 2 threads per core) family 6 model 142 stepping 9, cmov, cx8, fxsr, mmx, sse, sse2, sse3, ssse3, sse4.1, sse4.2, popcnt, avx, avx2, aes, clmul, erms, rtm, 3dnowpref, lzcnt, ht, tsc, tscinvbit, bmi1, bmi2, adx

Memory: 4k page, physical 16777216k(1132000k free)

/proc/meminfo:


vm_info: Java HotSpot(TM) 64-Bit Server VM (25.141-b15) for bsd-amd64 JRE (1.8.0_141-b15), built on Jul 12 2017 04:35:23 by "java_re" with gcc 4.2.1 (Based on Apple Inc. build 5658) (LLVM build 2336.11.00)

time: Sat Dec  1 22:48:23 2018
elapsed time: 6036 seconds (0d 1h 40m 36s)

