#
# A fatal error has been detected by the Java Runtime Environment:
#
#  EXCEPTION_ACCESS_VIOLATION (0xc0000005) at pc=0x631496c3, pid=20412, tid=15588
#
# JRE version: 7.0_21-b11
# Java VM: Java HotSpot(TM) Client VM (23.21-b01 mixed mode, sharing windows-x86 )
# Problematic frame:
# C  0x631496c3
#
# Failed to write core dump. Minidumps are not enabled by default on client versions of Windows
#
# If you would like to submit a bug report, please visit:
#   http://bugreport.sun.com/bugreport/crash.jsp
# The crash happened outside the Java Virtual Machine in native code.
# See problematic frame for where to report the bug.
#

---------------  T H R E A D  ---------------

Current thread (0x03aa5400):  JavaThread "EDT" [_thread_in_native, id=15588, stack(0x05a30000,0x05a80000)]

siginfo: ExceptionCode=0xc0000005, ExceptionInformation=0x00000008 0x631496c3

Registers:
EAX=0x05a7ee08, EBX=0x03da07e0, ECX=0x05a7ee10, EDX=0x0000004d
ESP=0x05a7edd0, EBP=0x05a7edf0, ESI=0x00000000, EDI=0x03da07e4
EIP=0x631496c3, EFLAGS=0x00010246

Top of Stack: (sp=0x05a7edd0)
0x05a7edd0:   774b348a 00010001 00000000 05a7ee10
0x05a7ede0:   05a7ee40 0000000e 00000000 00000000
0x05a7edf0:   05a7ee48 7765702e 05a7ee08 00000020
0x05a7ee00:   05a7f63c 77656fe0 00010001 00000000
0x05a7ee10:   00000000 00000000 00000780 00000438
0x05a7ee20:   05a7ee40 631496c3 774b34af 63149781
0x05a7ee30:   00000000 00000000 631496c3 05a7ee40
0x05a7ee40:   03da0820 00000000 05a7ee60 631609d1 

Instructions: (pc=0x631496c3)
0x631496a3:   
[error occurred during error reporting (printing registers, top of stack, instructions near pc), id 0xc0000005]

Register to memory mapping:

EAX=0x05a7ee08 is pointing into the stack for thread: 0x03aa5400
EBX=0x03da07e0 is an unknown value
ECX=0x05a7ee10 is pointing into the stack for thread: 0x03aa5400
EDX=0x0000004d is an unknown value
ESP=0x05a7edd0 is pointing into the stack for thread: 0x03aa5400
EBP=0x05a7edf0 is pointing into the stack for thread: 0x03aa5400
ESI=0x00000000 is an unknown value
EDI=0x03da07e4 is an unknown value


Stack: [0x05a30000,0x05a80000],  sp=0x05a7edd0,  free space=315k
Native frames: (J=compiled Java code, j=interpreted, Vv=VM code, C=native code)
C  0x631496c3
C  [ntdll.dll+0x4702e]  KiUserCallbackDispatcher+0x2e
C  0x631609d1

Java frames: (J=compiled Java code, j=interpreted, Vv=VM code)
j  sun.java2d.d3d.D3DSurfaceData.initOps(III)V+0
j  sun.java2d.d3d.D3DSurfaceData.<init>(Lsun/awt/windows/WComponentPeer;Lsun/java2d/d3d/D3DGraphicsConfig;IILjava/awt/Image;Ljava/awt/image/ColorModel;IILsun/java2d/pipe/hw/ExtendedBufferCapabilities$VSyncType;I)V+76
j  sun.java2d.d3d.D3DSurfaceData.createData(Lsun/java2d/d3d/D3DGraphicsConfig;IILjava/awt/image/ColorModel;Ljava/awt/Image;I)Lsun/java2d/d3d/D3DSurfaceData;+70
j  sun.java2d.d3d.D3DGraphicsConfig.createManagedSurface(III)Lsun/java2d/SurfaceData;+10
j  sun.java2d.d3d.D3DSurfaceDataProxy.validateSurfaceData(Lsun/java2d/SurfaceData;Lsun/java2d/SurfaceData;II)Lsun/java2d/SurfaceData;+22
J  sun.java2d.SurfaceDataProxy.replaceData(Lsun/java2d/SurfaceData;ILsun/java2d/loops/CompositeType;Ljava/awt/Color;)Lsun/java2d/SurfaceData;
J  sun.java2d.SurfaceData.getSourceSurfaceData(Ljava/awt/Image;ILsun/java2d/loops/CompositeType;Ljava/awt/Color;)Lsun/java2d/SurfaceData;
J  sun.java2d.pipe.DrawImage.renderImageCopy(Lsun/java2d/SunGraphics2D;Ljava/awt/Image;Ljava/awt/Color;IIIIII)Z
J  sun.java2d.pipe.DrawImage.copyImage(Lsun/java2d/SunGraphics2D;Ljava/awt/Image;IILjava/awt/Color;)Z
J  sun.java2d.pipe.DrawImage.copyImage(Lsun/java2d/SunGraphics2D;Ljava/awt/Image;IILjava/awt/Color;Ljava/awt/image/ImageObserver;)Z
J  sun.java2d.SunGraphics2D.drawImage(Ljava/awt/Image;IILjava/awt/Color;Ljava/awt/image/ImageObserver;)Z
J  sun.java2d.SunGraphics2D.drawImage(Ljava/awt/Image;IILjava/awt/image/ImageObserver;)Z
J  com.codename1.impl.javase.JavaSEPort$C.drawScreenBuffer(Ljava/awt/Graphics;)V
J  com.codename1.impl.javase.JavaSEPort$C.blit()V
J  com.codename1.impl.javase.JavaSEPort.flushGraphics(IIII)V
J  com.codename1.impl.CodenameOneImplementation.paintDirty()V
J  com.codename1.impl.javase.JavaSEPort.paintDirty()V
J  com.codename1.ui.Display.edtLoopImpl()V
j  com.codename1.ui.Display.mainEDTLoop()V+245
j  com.codename1.ui.RunnableWrapper.run()V+242
j  com.codename1.impl.CodenameOneThread.run()V+4
v  ~StubRoutines::call_stub

---------------  P R O C E S S  ---------------

Java Threads: ( => current thread )
  0x06085800 JavaThread "invokeAndBlock1" [_thread_blocked, id=14744, stack(0x05ce0000,0x05d30000)]
  0x03ab9c00 JavaThread "Timer-0" [_thread_blocked, id=4696, stack(0x05f00000,0x05f50000)]
  0x0137ac00 JavaThread "DestroyJavaVM" [_thread_blocked, id=7660, stack(0x00120000,0x00170000)]
  0x03aa9c00 JavaThread "Thread-3" [_thread_blocked, id=7908, stack(0x05c00000,0x05c50000)]
=>0x03aa5400 JavaThread "EDT" [_thread_in_native, id=15588, stack(0x05a30000,0x05a80000)]
  0x0394ac00 JavaThread "AWT-EventQueue-0" [_thread_blocked, id=14680, stack(0x05b30000,0x05b80000)]
  0x03943c00 JavaThread "AWT-Shutdown" [_thread_blocked, id=17584, stack(0x04200000,0x04250000)]
  0x03a0d400 JavaThread "Java2D Disposer" daemon [_thread_blocked, id=18364, stack(0x03c20000,0x03c70000)]
  0x01347000 JavaThread "Service Thread" daemon [_thread_blocked, id=13892, stack(0x038e0000,0x03930000)]
  0x0132f400 JavaThread "C1 CompilerThread0" daemon [_thread_blocked, id=5824, stack(0x037e0000,0x03830000)]
  0x0132dc00 JavaThread "Attach Listener" daemon [_thread_blocked, id=8480, stack(0x03850000,0x038a0000)]
  0x0132ac00 JavaThread "Signal Dispatcher" daemon [_thread_blocked, id=17436, stack(0x036c0000,0x03710000)]
  0x01316c00 JavaThread "Finalizer" daemon [_thread_blocked, id=8788, stack(0x01450000,0x014a0000)]
  0x01315400 JavaThread "Reference Handler" daemon [_thread_blocked, id=16524, stack(0x014d0000,0x01520000)]

Other Threads:
  0x01314000 VMThread [stack: 0x03630000,0x03680000] [id=16172]
  0x0136bc00 WatcherThread [stack: 0x035d0000,0x03620000] [id=19904]

VM state:not at safepoint (normal execution)

VM Mutex/Monitor currently owned by a thread: None

Heap
 def new generation   total 4928K, used 810K [0x23ae0000, 0x24030000, 0x29030000)
  eden space 4416K,  18% used [0x23ae0000, 0x23baa390, 0x23f30000)
  from space 512K,   0% used [0x23fb0000, 0x23fb0748, 0x24030000)
  to   space 512K,   0% used [0x23f30000, 0x23f30000, 0x23fb0000)
 tenured generation   total 10944K, used 10372K [0x29030000, 0x29ae0000, 0x33ae0000)
   the space 10944K,  94% used [0x29030000, 0x29a51340, 0x29a51400, 0x29ae0000)
 compacting perm gen  total 12288K, used 4273K [0x33ae0000, 0x346e0000, 0x37ae0000)
   the space 12288K,  34% used [0x33ae0000, 0x33f0c6e8, 0x33f0c800, 0x346e0000)
    ro space 10240K,  45% used [0x37ae0000, 0x37f67988, 0x37f67a00, 0x384e0000)
    rw space 12288K,  54% used [0x384e0000, 0x38b6b5d8, 0x38b6b600, 0x390e0000)

Card table byte_map: [0x01380000,0x01430000] byte_map_base: 0x01262900

Polling page: 0x00170000

Code Cache  [0x015c0000, 0x01850000, 0x035c0000)
 total_blobs=1489 nmethods=1244 adapters=179 free_code_cache=30156Kb largest_free_block=30880320

Compilation events (10 events):
Event: 91.907 Thread 0x0132f400 1240             com.codename1.impl.javase.JavaSEPort$C::drawScreenBuffer (385 bytes)
Event: 91.913 Thread 0x0132f400 nmethod 1240 0x0184a388 code [0x0184a690, 0x0184b210]
Event: 91.913 Thread 0x0132f400 1241             com.codename1.impl.javase.JavaSEPort$C::updateGraphicsScale (41 bytes)
Event: 91.914 Thread 0x0132f400 nmethod 1241 0x0184bf48 code [0x0184c070, 0x0184c178]
Event: 92.201 Thread 0x0132f400 1242   !         sun.awt.windows.WWindowPeer::getTranslucentGraphics (37 bytes)
Event: 92.201 Thread 0x0132f400 nmethod 1242 0x0184c248 code [0x0184c360, 0x0184c5b8]
Event: 92.560 Thread 0x0132f400 1243             sun.java2d.d3d.D3DSwToSurfaceBlit::Blit (48 bytes)
Event: 92.560 Thread 0x0132f400 nmethod 1243 0x0184c708 code [0x0184c800, 0x0184c93c]
Event: 120.618 Thread 0x0132f400 1244             java.util.ArrayList::indexOf (67 bytes)
Event: 120.619 Thread 0x0132f400 nmethod 1244 0x0184c9c8 code [0x0184cae0, 0x0184cc4c]

GC Heap History (10 events):
Event: 127.048 GC heap before
{Heap before GC invocations=348 (full 0):
 def new generation   total 4928K, used 4417K [0x23ae0000, 0x24030000, 0x29030000)
  eden space 4416K, 100% used [0x23ae0000, 0x23f30000, 0x23f30000)
  from space 512K,   0% used [0x23f30000, 0x23f304a8, 0x23fb0000)
  to   space 512K,   0% used [0x23fb0000, 0x23fb0000, 0x24030000)
 tenured generation   total 10944K, used 10372K [0x29030000, 0x29ae0000, 0x33ae0000)
   the space 10944K,  94% used [0x29030000, 0x29a51340, 0x29a51400, 0x29ae0000)
 compacting perm gen  total 12288K, used 4265K [0x33ae0000, 0x346e0000, 0x37ae0000)
   the space 12288K,  34% used [0x33ae0000, 0x33f0a6a8, 0x33f0a800, 0x346e0000)
    ro space 10240K,  45% used [0x37ae0000, 0x37f67988, 0x37f67a00, 0x384e0000)
    rw space 12288K,  54% used [0x384e0000, 0x38b6b5d8, 0x38b6b600, 0x390e0000)
Event: 127.049 GC heap after
Heap after GC invocations=349 (full 0):
 def new generation   total 4928K, used 1K [0x23ae0000, 0x24030000, 0x29030000)
  eden space 4416K,   0% used [0x23ae0000, 0x23ae0000, 0x23f30000)
  from space 512K,   0% used [0x23fb0000, 0x23fb0648, 0x24030000)
  to   space 512K,   0% used [0x23f30000, 0x23f30000, 0x23fb0000)
 tenured generation   total 10944K, used 10372K [0x29030000, 0x29ae0000, 0x33ae0000)
   the space 10944K,  94% used [0x29030000, 0x29a51340, 0x29a51400, 0x29ae0000)
 compacting perm gen  total 12288K, used 4265K [0x33ae0000, 0x346e0000, 0x37ae0000)
   the space 12288K,  34% used [0x33ae0000, 0x33f0a6a8, 0x33f0a800, 0x346e0000)
    ro space 10240K,  45% used [0x37ae0000, 0x37f67988, 0x37f67a00, 0x384e0000)
    rw space 12288K,  54% used [0x384e0000, 0x38b6b5d8, 0x38b6b600, 0x390e0000)
}
Event: 127.385 GC heap before
{Heap before GC invocations=349 (full 0):
 def new generation   total 4928K, used 4417K [0x23ae0000, 0x24030000, 0x29030000)
  eden space 4416K, 100% used [0x23ae0000, 0x23f30000, 0x23f30000)
  from space 512K,   0% used [0x23fb0000, 0x23fb0648, 0x24030000)
  to   space 512K,   0% used [0x23f30000, 0x23f30000, 0x23fb0000)
 tenured generation   total 10944K, used 10372K [0x29030000, 0x29ae0000, 0x33ae0000)
   the space 10944K,  94% used [0x29030000, 0x29a51340, 0x29a51400, 0x29ae0000)
 compacting perm gen  total 12288K, used 4265K [0x33ae0000, 0x346e0000, 0x37ae0000)
   the space 12288K,  34% used [0x33ae0000, 0x33f0a6a8, 0x33f0a800, 0x346e0000)
    ro space 10240K,  45% used [0x37ae0000, 0x37f67988, 0x37f67a00, 0x384e0000)
    rw space 12288K,  54% used [0x384e0000, 0x38b6b5d8, 0x38b6b600, 0x390e0000)
Event: 127.386 GC heap after
Heap after GC invocations=350 (full 0):
 def new generation   total 4928K, used 1K [0x23ae0000, 0x24030000, 0x29030000)
  eden space 4416K,   0% used [0x23ae0000, 0x23ae0000, 0x23f30000)
  from space 512K,   0% used [0x23f30000, 0x23f30610, 0x23fb0000)
  to   space 512K,   0% used [0x23fb0000, 0x23fb0000, 0x24030000)
 tenured generation   total 10944K, used 10372K [0x29030000, 0x29ae0000, 0x33ae0000)
   the space 10944K,  94% used [0x29030000, 0x29a51340, 0x29a51400, 0x29ae0000)
 compacting perm gen  total 12288K, used 4265K [0x33ae0000, 0x346e0000, 0x37ae0000)
   the space 12288K,  34% used [0x33ae0000, 0x33f0a6a8, 0x33f0a800, 0x346e0000)
    ro space 10240K,  45% used [0x37ae0000, 0x37f67988, 0x37f67a00, 0x384e0000)
    rw space 12288K,  54% used [0x384e0000, 0x38b6b5d8, 0x38b6b600, 0x390e0000)
}
Event: 127.724 GC heap before
{Heap before GC invocations=350 (full 0):
 def new generation   total 4928K, used 4417K [0x23ae0000, 0x24030000, 0x29030000)
  eden space 4416K, 100% used [0x23ae0000, 0x23f30000, 0x23f30000)
  from space 512K,   0% used [0x23f30000, 0x23f30610, 0x23fb0000)
  to   space 512K,   0% used [0x23fb0000, 0x23fb0000, 0x24030000)
 tenured generation   total 10944K, used 10372K [0x29030000, 0x29ae0000, 0x33ae0000)
   the space 10944K,  94% used [0x29030000, 0x29a51340, 0x29a51400, 0x29ae0000)
 compacting perm gen  total 12288K, used 4265K [0x33ae0000, 0x346e0000, 0x37ae0000)
   the space 12288K,  34% used [0x33ae0000, 0x33f0a6a8, 0x33f0a800, 0x346e0000)
    ro space 10240K,  45% used [0x37ae0000, 0x37f67988, 0x37f67a00, 0x384e0000)
    rw space 12288K,  54% used [0x384e0000, 0x38b6b5d8, 0x38b6b600, 0x390e0000)
Event: 127.724 GC heap after
Heap after GC invocations=351 (full 0):
 def new generation   total 4928K, used 1K [0x23ae0000, 0x24030000, 0x29030000)
  eden space 4416K,   0% used [0x23ae0000, 0x23ae0000, 0x23f30000)
  from space 512K,   0% used [0x23fb0000, 0x23fb07e0, 0x24030000)
  to   space 512K,   0% used [0x23f30000, 0x23f30000, 0x23fb0000)
 tenured generation   total 10944K, used 10372K [0x29030000, 0x29ae0000, 0x33ae0000)
   the space 10944K,  94% used [0x29030000, 0x29a51340, 0x29a51400, 0x29ae0000)
 compacting perm gen  total 12288K, used 4265K [0x33ae0000, 0x346e0000, 0x37ae0000)
   the space 12288K,  34% used [0x33ae0000, 0x33f0a6a8, 0x33f0a800, 0x346e0000)
    ro space 10240K,  45% used [0x37ae0000, 0x37f67988, 0x37f67a00, 0x384e0000)
    rw space 12288K,  54% used [0x384e0000, 0x38b6b5d8, 0x38b6b600, 0x390e0000)
}
Event: 128.077 GC heap before
{Heap before GC invocations=351 (full 0):
 def new generation   total 4928K, used 4417K [0x23ae0000, 0x24030000, 0x29030000)
  eden space 4416K, 100% used [0x23ae0000, 0x23f30000, 0x23f30000)
  from space 512K,   0% used [0x23fb0000, 0x23fb07e0, 0x24030000)
  to   space 512K,   0% used [0x23f30000, 0x23f30000, 0x23fb0000)
 tenured generation   total 10944K, used 10372K [0x29030000, 0x29ae0000, 0x33ae0000)
   the space 10944K,  94% used [0x29030000, 0x29a51340, 0x29a51400, 0x29ae0000)
 compacting perm gen  total 12288K, used 4265K [0x33ae0000, 0x346e0000, 0x37ae0000)
   the space 12288K,  34% used [0x33ae0000, 0x33f0a6a8, 0x33f0a800, 0x346e0000)
    ro space 10240K,  45% used [0x37ae0000, 0x37f67988, 0x37f67a00, 0x384e0000)
    rw space 12288K,  54% used [0x384e0000, 0x38b6b5d8, 0x38b6b600, 0x390e0000)
Event: 128.078 GC heap after
Heap after GC invocations=352 (full 0):
 def new generation   total 4928K, used 1K [0x23ae0000, 0x24030000, 0x29030000)
  eden space 4416K,   0% used [0x23ae0000, 0x23ae0000, 0x23f30000)
  from space 512K,   0% used [0x23f30000, 0x23f30780, 0x23fb0000)
  to   space 512K,   0% used [0x23fb0000, 0x23fb0000, 0x24030000)
 tenured generation   total 10944K, used 10372K [0x29030000, 0x29ae0000, 0x33ae0000)
   the space 10944K,  94% used [0x29030000, 0x29a51340, 0x29a51400, 0x29ae0000)
 compacting perm gen  total 12288K, used 4265K [0x33ae0000, 0x346e0000, 0x37ae0000)
   the space 12288K,  34% used [0x33ae0000, 0x33f0a6a8, 0x33f0a800, 0x346e0000)
    ro space 10240K,  45% used [0x37ae0000, 0x37f67988, 0x37f67a00, 0x384e0000)
    rw space 12288K,  54% used [0x384e0000, 0x38b6b5d8, 0x38b6b600, 0x390e0000)
}
Event: 128.413 GC heap before
{Heap before GC invocations=352 (full 0):
 def new generation   total 4928K, used 4417K [0x23ae0000, 0x24030000, 0x29030000)
  eden space 4416K, 100% used [0x23ae0000, 0x23f30000, 0x23f30000)
  from space 512K,   0% used [0x23f30000, 0x23f30780, 0x23fb0000)
  to   space 512K,   0% used [0x23fb0000, 0x23fb0000, 0x24030000)
 tenured generation   total 10944K, used 10372K [0x29030000, 0x29ae0000, 0x33ae0000)
   the space 10944K,  94% used [0x29030000, 0x29a51340, 0x29a51400, 0x29ae0000)
 compacting perm gen  total 12288K, used 4265K [0x33ae0000, 0x346e0000, 0x37ae0000)
   the space 12288K,  34% used [0x33ae0000, 0x33f0a6a8, 0x33f0a800, 0x346e0000)
    ro space 10240K,  45% used [0x37ae0000, 0x37f67988, 0x37f67a00, 0x384e0000)
    rw space 12288K,  54% used [0x384e0000, 0x38b6b5d8, 0x38b6b600, 0x390e0000)
Event: 128.414 GC heap after
Heap after GC invocations=353 (full 0):
 def new generation   total 4928K, used 1K [0x23ae0000, 0x24030000, 0x29030000)
  eden space 4416K,   0% used [0x23ae0000, 0x23ae0000, 0x23f30000)
  from space 512K,   0% used [0x23fb0000, 0x23fb0748, 0x24030000)
  to   space 512K,   0% used [0x23f30000, 0x23f30000, 0x23fb0000)
 tenured generation   total 10944K, used 10372K [0x29030000, 0x29ae0000, 0x33ae0000)
   the space 10944K,  94% used [0x29030000, 0x29a51340, 0x29a51400, 0x29ae0000)
 compacting perm gen  total 12288K, used 4265K [0x33ae0000, 0x346e0000, 0x37ae0000)
   the space 12288K,  34% used [0x33ae0000, 0x33f0a6a8, 0x33f0a800, 0x346e0000)
    ro space 10240K,  45% used [0x37ae0000, 0x37f67988, 0x37f67a00, 0x384e0000)
    rw space 12288K,  54% used [0x384e0000, 0x38b6b5d8, 0x38b6b600, 0x390e0000)
}

Deoptimization events (0 events):
No events

Internal exceptions (10 events):
Event: 3.564 Thread 0x0137ac00 Threw 0x23e54300 at C:\jdk7u2_32P\jdk7u21\hotspot\src\share\vm\prims\jvm.cpp:1166
Event: 3.565 Thread 0x0137ac00 Threw 0x23e55878 at C:\jdk7u2_32P\jdk7u21\hotspot\src\share\vm\prims\jvm.cpp:1166
Event: 3.667 Thread 0x0137ac00 Threw 0x23e86500 at C:\jdk7u2_32P\jdk7u21\hotspot\src\share\vm\prims\jvm.cpp:1166
Event: 3.671 Thread 0x0137ac00 Threw 0x23e92f18 at C:\jdk7u2_32P\jdk7u21\hotspot\src\share\vm\prims\jvm.cpp:1166
Event: 3.673 Thread 0x0137ac00 Threw 0x23e95f20 at C:\jdk7u2_32P\jdk7u21\hotspot\src\share\vm\prims\jvm.cpp:1166
Event: 3.676 Thread 0x0137ac00 Threw 0x23e98ba8 at C:\jdk7u2_32P\jdk7u21\hotspot\src\share\vm\prims\jvm.cpp:1166
Event: 3.681 Thread 0x0137ac00 Threw 0x23e9c7f0 at C:\jdk7u2_32P\jdk7u21\hotspot\src\share\vm\prims\jvm.cpp:1166
Event: 3.683 Thread 0x0137ac00 Threw 0x23e9f028 at C:\jdk7u2_32P\jdk7u21\hotspot\src\share\vm\prims\jvm.cpp:1166
Event: 3.685 Thread 0x0137ac00 Threw 0x23ea4260 at C:\jdk7u2_32P\jdk7u21\hotspot\src\share\vm\prims\jvm.cpp:1166
Event: 7.160 Thread 0x0137ac00 Threw 0x23bc6f60 at C:\jdk7u2_32P\jdk7u21\hotspot\src\share\vm\prims\jvm.cpp:1166

Events (10 events):
Event: 128.435 Executing VM operation: RevokeBias
Event: 128.435 Executing VM operation: RevokeBias done
Event: 128.435 Executing VM operation: RevokeBias
Event: 128.435 Executing VM operation: RevokeBias done
Event: 128.435 Executing VM operation: RevokeBias
Event: 128.435 Executing VM operation: RevokeBias done
Event: 128.435 loading class 0x3928ac20
Event: 128.435 loading class 0x3928ac20 done
Event: 128.459 Thread 0x03a10000 Thread exited: 0x03a10000
Event: 128.476 Thread 0x0610e000 Thread exited: 0x0610e000


Dynamic libraries:
0x01240000 - 0x0126f000 	C:\Program Files\Java\jdk1.7.0_21\jre\bin\java.exe
0x77610000 - 0x7774c000 	C:\Windows\SYSTEM32\ntdll.dll
0x76660000 - 0x76734000 	C:\Windows\system32\kernel32.dll
0x75950000 - 0x7599b000 	C:\Windows\system32\KERNELBASE.dll
0x77570000 - 0x77610000 	C:\Windows\system32\ADVAPI32.dll
0x773f0000 - 0x7749c000 	C:\Windows\system32\msvcrt.dll
0x761d0000 - 0x761e9000 	C:\Windows\SYSTEM32\sechost.dll
0x764a0000 - 0x76542000 	C:\Windows\system32\RPCRT4.dll
0x774a0000 - 0x77569000 	C:\Windows\system32\USER32.dll
0x77790000 - 0x777de000 	C:\Windows\system32\GDI32.dll
0x75f40000 - 0x75f4a000 	C:\Windows\system32\LPK.dll
0x76280000 - 0x7631d000 	C:\Windows\system32\USP10.dll
0x74580000 - 0x7471e000 	C:\Windows\WinSxS\x86_microsoft.windows.common-controls_6595b64144ccf1df_6.0.7601.17514_none_41e6975e2bd6f2b2\COMCTL32.dll
0x77390000 - 0x773e7000 	C:\Windows\system32\SHLWAPI.dll
0x76320000 - 0x7633f000 	C:\Windows\system32\IMM32.DLL
0x76550000 - 0x7661c000 	C:\Windows\system32\MSCTF.dll
0x64180000 - 0x6423e000 	C:\Program Files\Java\jdk1.7.0_21\jre\bin\msvcr100.dll
0x63ba0000 - 0x63eef000 	C:\Program Files\Java\jdk1.7.0_21\jre\bin\client\jvm.dll
0x70fd0000 - 0x70fd7000 	C:\Windows\system32\WSOCK32.dll
0x76620000 - 0x76655000 	C:\Windows\system32\WS2_32.dll
0x759b0000 - 0x759b6000 	C:\Windows\system32\NSI.dll
0x73900000 - 0x73932000 	C:\Windows\system32\WINMM.dll
0x77780000 - 0x77785000 	C:\Windows\system32\PSAPI.DLL
0x6bc20000 - 0x6bc2c000 	C:\Program Files\Java\jdk1.7.0_21\jre\bin\verify.dll
0x6b9c0000 - 0x6b9e0000 	C:\Program Files\Java\jdk1.7.0_21\jre\bin\java.dll
0x6baa0000 - 0x6bab3000 	C:\Program Files\Java\jdk1.7.0_21\jre\bin\zip.dll
0x52d90000 - 0x52ed2000 	C:\Program Files\Java\jdk1.7.0_21\jre\bin\awt.dll
0x75d00000 - 0x75d8f000 	C:\Windows\system32\OLEAUT32.dll
0x76340000 - 0x7649c000 	C:\Windows\system32\ole32.dll
0x74380000 - 0x743c0000 	C:\Windows\system32\uxtheme.dll
0x73f30000 - 0x73f43000 	C:\Windows\system32\dwmapi.dll
0x755a0000 - 0x755ac000 	C:\Windows\system32\CRYPTBASE.dll
0x76740000 - 0x7738a000 	C:\Windows\system32\SHELL32.dll
0x75150000 - 0x75166000 	C:\Windows\system32\CRYPTSP.dll
0x74e50000 - 0x74e8b000 	C:\Windows\system32\rsaenh.dll
0x74c90000 - 0x74ca7000 	C:\Windows\system32\USERENV.dll
0x75650000 - 0x7565b000 	C:\Windows\system32\profapi.dll
0x6b9a0000 - 0x6b9b4000 	C:\Program Files\Java\jdk1.7.0_21\jre\bin\net.dll
0x75110000 - 0x7514c000 	C:\Windows\system32\mswsock.dll
0x75100000 - 0x75106000 	C:\Windows\System32\wship6.dll
0x73950000 - 0x73960000 	C:\Windows\system32\NLAapi.dll
0x6f680000 - 0x6f690000 	C:\Windows\system32\napinsp.dll
0x6f1d0000 - 0x6f1e2000 	C:\Windows\system32\pnrpnsp.dll
0x74f10000 - 0x74f54000 	C:\Windows\system32\DNSAPI.dll
0x6f1c0000 - 0x6f1c8000 	C:\Windows\System32\winrnr.dll
0x6f190000 - 0x6f1b7000 	C:\Program Files\Common Files\Microsoft Shared\Windows Live\WLIDNSP.DLL
0x6f160000 - 0x6f181000 	C:\Program Files\Bonjour\mdnsNSP.dll
0x73750000 - 0x7376c000 	C:\Windows\system32\Iphlpapi.DLL
0x73740000 - 0x73747000 	C:\Windows\system32\WINNSI.DLL
0x6f150000 - 0x6f15d000 	C:\Windows\system32\wshbth.dll
0x74bc0000 - 0x74bc5000 	C:\Windows\System32\wshtcpip.dll
0x6f140000 - 0x6f146000 	C:\Windows\system32\rasadhlp.dll
0x73610000 - 0x73648000 	C:\Windows\System32\fwpuclnt.dll
0x73c00000 - 0x73c0e000 	C:\Program Files\Java\jdk1.7.0_21\jre\bin\nio.dll
0x64100000 - 0x64131000 	C:\Program Files\Java\jdk1.7.0_21\jre\bin\fontmanager.dll
0x64150000 - 0x64180000 	C:\Program Files\Java\jdk1.7.0_21\jre\bin\t2k.dll
0x6c7b0000 - 0x6c89b000 	C:\Windows\system32\dbghelp.dll

VM Arguments:
jvm_args: -Dfile.encoding=windows-1252 
java_command: com.codename1.impl.javase.Simulator com.todocatalyst1.todocat.TodoCatalyst2
Launcher Type: SUN_STANDARD

Environment Variables:
JAVA_HOME=C:\Program Files\Java\jre6
CLASSPATH=.;.;C:\PROGRA~1\JMF21~1.1E\lib\sound.jar;C:\PROGRA~1\JMF21~1.1E\lib\jmf.jar;C:\PROGRA~1\JMF21~1.1E\lib;
PATH=C:\PROGRAM FILES\PC CONNECTIVITY SOLUTION\;C:\PROGRAM FILES\COMMON FILES\MICROSOFT SHARED\WINDOWS LIVE;C:\CSVN\BIN\;C:\CSVN\PYTHON25\;C:\Windows\SYSTEM32;C:\Windows;C:\Windows\SYSTEM32\WBEM;C:\Windows\SYSTEM32\WINDOWSPOWERSHELL\V1.0\;C:\PROGRAM FILES\ATI TECHNOLOGIES\ATI.ACE\CORE-STATIC;C:\PROGRAM FILES\CALIBRE2\;C:\PROGRAM FILES\WINDOWS LIVE\SHARED;C:\PROGRAM FILES\TORTOISESVN\BIN;C:\Program Files\QuickTime\QTSystem\;C:\Program Files\HMA! Pro VPN\bin
USERNAME=Thomas
OS=Windows_NT
PROCESSOR_IDENTIFIER=x86 Family 6 Model 23 Stepping 6, GenuineIntel



---------------  S Y S T E M  ---------------

OS: Windows 7 Build 7601 Service Pack 1

CPU:total 2 (2 cores per cpu, 1 threads per core) family 6 model 23 stepping 6, cmov, cx8, fxsr, mmx, sse, sse2, sse3, ssse3, sse4.1, tsc

Memory: 4k page, physical 3044212k(133716k free), swap 12175096k(3970104k free)

vm_info: Java HotSpot(TM) Client VM (23.21-b01) for windows-x86 JRE (1.7.0_21-b11), built on Apr  4 2013 04:43:10 by "java_re" with unknown MS VC++:1600

time: Sun Oct 27 22:32:13 2013
elapsed time: 128 seconds

