#
# A fatal error has been detected by the Java Runtime Environment:
#
#  SIGBUS (0xa) at pc=0x000000010dfede92, pid=1887, tid=0x0000000000014a77
#
# JRE version: Java(TM) SE Runtime Environment (8.0_141-b15) (build 1.8.0_141-b15)
# Java VM: Java HotSpot(TM) 64-Bit Server VM (25.141-b15 mixed mode bsd-amd64 compressed oops)
# Problematic frame:
# C  [libzip.dylib+0x2e92]  newEntry+0x154
#
# Failed to write core dump. Core dumps have been disabled. To enable core dumping, try "ulimit -c unlimited" before starting Java again
#
# If you would like to submit a bug report, please visit:
#   http://bugreport.java.com/bugreport/crash.jsp
# The crash happened outside the Java Virtual Machine in native code.
# See problematic frame for where to report the bug.
#

---------------  T H R E A D  ---------------

Current thread (0x00007ffea593a800):  JavaThread "AWT-EventQueue-0" [_thread_in_native, id=84599, stack(0x0000700003839000,0x0000700003939000)]

siginfo: si_signo: 10 (SIGBUS), si_code: 2 (BUS_ADRERR), si_addr: 0x000000012b6ffa55

Registers:
RAX=0x00007ffea4429b50, RBX=0x000000012b6ffa49, RCX=0x0000000000000001, RDX=0x0000000000020000
RSP=0x0000700003934de0, RBP=0x0000700003934e40, RSI=0x00000000fffe1fff, RDI=0x0000000000000723
R8 =0x00000000ea477231, R9 =0x0000000000000004, R10=0x00000000fffe0000, R11=0x00007ffea4700000
R12=0x00007ffea50a1c00, R13=0x0000000000001830, R14=0x000000003a5368d7, R15=0x00007ffea443f350
RIP=0x000000010dfede92, EFLAGS=0x0000000000010202, ERR=0x0000000000000004
  TRAPNO=0x000000000000000e

Top of Stack: (sp=0x0000700003934de0)
0x0000700003934de0:   000000011a86b6d0 00000000039351f8
0x0000700003934df0:   00007ffea465b668 000000011a7b5c20
0x0000700003934e00:   0000700003934e20 00007ffea4429b50
0x0000700003934e10:   00007ffea47722c0 00007ffea4429b50
0x0000700003934e20:   00007ffea50a1c00 0000000000001830
0x0000700003934e30:   000000003a5368d7 00007ffea443f350
0x0000700003934e40:   0000700003934ea0 000000010dfee52d
0x0000700003934e50:   0000700003934eed 0000700003934eec
0x0000700003934e60:   0000002d00000000 0000002e0193a800
0x0000700003934e70:   0000700003934ebe 0000700003935308
0x0000700003934e80:   000000000000002e 0000700003934ebe
0x0000700003934e90:   00007ffea4429b50 00007ffea593a9f8
0x0000700003934ea0:   00007000039352f0 000000010dfed238
0x0000700003934eb0:   00007ffea593a800 6f63700000000001
0x0000700003934ec0:   616e65646f632f6d 6c706d692f31656d
0x0000700003934ed0:   656d656c706d492f 466e6f697461746e
0x0000700003934ee0:   632e79726f746361 000000007373616c
0x0000700003934ef0:   0000700003935530 00000001191873d8
0x0000700003934f00:   00007ffea593a800 00000001191873d8
0x0000700003934f10:   000000011a9294d0 00000001191873d8
0x0000700003934f20:   0000700003936390 00000001191873d8
0x0000700003934f30:   000000011a7b5c20 0000700003935040
0x0000700003934f40:   00000001191873d8 00007000039351f0
0x0000700003934f50:   00007ffea593a800 0000700003935040
0x0000700003934f60:   00000001191873d8 00007000039351f0
0x0000700003934f70:   00007000039350e0 000000010eb25954
0x0000700003934f80:   00007000039360a0 00007ffea465b668
0x0000700003934f90:   00007ffea593a9f8 00007000039351f0
0x0000700003934fa0:   0000700003934fe0 000000076c1ce8e8
0x0000700003934fb0:   000000076ab09f78 000000010ec6f06e
0x0000700003934fc0:   00007000039360b0 00007000039360b4
0x0000700003934fd0:   0000700003934ff0 000000010ec6993e 

Instructions: (pc=0x000000010dfede92)
0x000000010dfede72:   49 8b 7f 38 e8 5b 1b 00 00 4d 89 77 38 49 89 5f
0x000000010dfede82:   40 4c 89 f0 48 85 c0 0f 84 11 05 00 00 48 89 c3
0x000000010dfede92:   0f b6 43 0c 0f b6 4b 0d 48 c1 e1 08 48 01 c1 0f
0x000000010dfedea2:   b6 43 0e 0f b6 53 0f 48 c1 e2 08 48 01 c2 48 c1 

Register to memory mapping:

RAX=0x00007ffea4429b50 is an unknown value
RBX=0x000000012b6ffa49 is an unknown value
RCX=0x0000000000000001 is an unknown value
RDX=0x0000000000020000 is an unknown value
RSP=0x0000700003934de0 is pointing into the stack for thread: 0x00007ffea593a800
RBP=0x0000700003934e40 is pointing into the stack for thread: 0x00007ffea593a800
RSI=0x00000000fffe1fff is an unknown value
RDI=0x0000000000000723 is an unknown value
R8 =0x00000000ea477231 is an unknown value
R9 =0x0000000000000004 is an unknown value
R10=0x00000000fffe0000 is an unknown value
R11=0x00007ffea4700000 is an unknown value
R12=0x00007ffea50a1c00 is an unknown value
R13=0x0000000000001830 is an unknown value
R14=0x000000003a5368d7 is an unknown value
R15=0x00007ffea443f350 is an unknown value


Stack: [0x0000700003839000,0x0000700003939000],  sp=0x0000700003934de0,  free space=1007k
Native frames: (J=compiled Java code, j=interpreted, Vv=VM code, C=native code)
C  [libzip.dylib+0x2e92]  newEntry+0x154
C  [libzip.dylib+0x352d]  ZIP_GetEntry2+0xd4
C  [libzip.dylib+0x2238]  Java_java_util_zip_ZipFile_getEntry+0xcf
J 325  java.util.zip.ZipFile.getEntry(J[BZ)J (0 bytes) @ 0x000000011a92f90e [0x000000011a92f840+0xce]
J 352 C1 java.util.zip.ZipFile.getEntry(Ljava/lang/String;)Ljava/util/zip/ZipEntry; (86 bytes) @ 0x000000011a942b0c [0x000000011a9428a0+0x26c]
J 351 C1 java.util.jar.JarFile.getEntry(Ljava/lang/String;)Ljava/util/zip/ZipEntry; (22 bytes) @ 0x000000011a9422a4 [0x000000011a942220+0x84]
J 326 C1 java.util.jar.JarFile.getJarEntry(Ljava/lang/String;)Ljava/util/jar/JarEntry; (9 bytes) @ 0x000000011a92f404 [0x000000011a92f300+0x104]
j  sun.misc.URLClassPath$JarLoader.getResource(Ljava/lang/String;Z)Lsun/misc/Resource;+42
j  sun.misc.URLClassPath.getResource(Ljava/lang/String;Z)Lsun/misc/Resource;+62
j  java.net.URLClassLoader$1.run()Ljava/lang/Class;+26
j  java.net.URLClassLoader$1.run()Ljava/lang/Object;+1
v  ~StubRoutines::call_stub
V  [libjvm.dylib+0x2ee70a]  JavaCalls::call_helper(JavaValue*, methodHandle*, JavaCallArguments*, Thread*)+0x6ae
V  [libjvm.dylib+0x34ee68]  JVM_DoPrivileged+0x4b8
j  java.security.AccessController.doPrivileged(Ljava/security/PrivilegedExceptionAction;Ljava/security/AccessControlContext;)Ljava/lang/Object;+0
j  java.net.URLClassLoader.findClass(Ljava/lang/String;)Ljava/lang/Class;+13
J 311 C1 java.lang.ClassLoader.loadClass(Ljava/lang/String;Z)Ljava/lang/Class; (122 bytes) @ 0x000000011a92a1a4 [0x000000011a929840+0x964]
j  sun.misc.Launcher$AppClassLoader.loadClass(Ljava/lang/String;Z)Ljava/lang/Class;+81
j  java.lang.ClassLoader.loadClass(Ljava/lang/String;)Ljava/lang/Class;+3
j  java.lang.ClassLoader.findSystemClass(Ljava/lang/String;)Ljava/lang/Class;+48
J 303 C2 com.codename1.impl.javase.ClassPathLoader.findClass(Ljava/lang/String;)Ljava/lang/Class; (290 bytes) @ 0x000000011a9242e0 [0x000000011a9223e0+0x1f00]
j  com.codename1.impl.javase.ClassPathLoader.loadClass(Ljava/lang/String;)Ljava/lang/Class;+2
v  ~StubRoutines::call_stub
V  [libjvm.dylib+0x2ee70a]  JavaCalls::call_helper(JavaValue*, methodHandle*, JavaCallArguments*, Thread*)+0x6ae
V  [libjvm.dylib+0x2eeeae]  JavaCalls::call_virtual(JavaValue*, KlassHandle, Symbol*, Symbol*, JavaCallArguments*, Thread*)+0x164
V  [libjvm.dylib+0x2ef006]  JavaCalls::call_virtual(JavaValue*, Handle, KlassHandle, Symbol*, Symbol*, Handle, Thread*)+0x56
V  [libjvm.dylib+0x53d236]  SystemDictionary::load_instance_class(Symbol*, Handle, Thread*)+0x2d8
V  [libjvm.dylib+0x53c9fe]  SystemDictionary::resolve_instance_class_or_null(Symbol*, Handle, Handle, Thread*)+0x484
V  [libjvm.dylib+0x53d452]  SystemDictionary::resolve_or_null(Symbol*, Handle, Handle, Thread*)+0x106
V  [libjvm.dylib+0x53db05]  SystemDictionary::resolve_or_fail(Symbol*, Handle, Handle, bool, Thread*)+0x31
V  [libjvm.dylib+0x1e3306]  ConstantPool::klass_at_impl(constantPoolHandle, int, Thread*)+0x2ee
V  [libjvm.dylib+0x1f3756]  ConstantPool::klass_at(int, Thread*)+0x92
V  [libjvm.dylib+0x3cbf82]  LinkResolver::resolve_pool(KlassHandle&, Symbol*&, Symbol*&, KlassHandle&, constantPoolHandle, int, Thread*)+0x72
V  [libjvm.dylib+0x3cf70e]  LinkResolver::resolve_invokestatic(CallInfo&, constantPoolHandle, int, Thread*)+0x9e
V  [libjvm.dylib+0x3cf833]  LinkResolver::resolve_invoke(CallInfo&, Handle, constantPoolHandle, int, Bytecodes::Code, Thread*)+0xb3
V  [libjvm.dylib+0x2e8aff]  InterpreterRuntime::resolve_invoke(JavaThread*, Bytecodes::Code)+0x377
j  com.codename1.ui.Display.init(Ljava/lang/Object;)V+52
j  com.codename1.impl.javase.Executor$1.run()V+329
j  java.awt.event.InvocationEvent.dispatch()V+47
j  java.awt.EventQueue.dispatchEventImpl(Ljava/awt/AWTEvent;Ljava/lang/Object;)V+21
j  java.awt.EventQueue.access$500(Ljava/awt/EventQueue;Ljava/awt/AWTEvent;Ljava/lang/Object;)V+3
j  java.awt.EventQueue$3.run()Ljava/lang/Void;+32
j  java.awt.EventQueue$3.run()Ljava/lang/Object;+1
v  ~StubRoutines::call_stub
V  [libjvm.dylib+0x2ee70a]  JavaCalls::call_helper(JavaValue*, methodHandle*, JavaCallArguments*, Thread*)+0x6ae
V  [libjvm.dylib+0x34ee68]  JVM_DoPrivileged+0x4b8
j  java.security.AccessController.doPrivileged(Ljava/security/PrivilegedAction;Ljava/security/AccessControlContext;)Ljava/lang/Object;+0
j  java.security.ProtectionDomain$JavaSecurityAccessImpl.doIntersectionPrivilege(Ljava/security/PrivilegedAction;Ljava/security/AccessControlContext;Ljava/security/AccessControlContext;)Ljava/lang/Object;+18
j  java.awt.EventQueue.dispatchEvent(Ljava/awt/AWTEvent;)V+46
j  java.awt.EventDispatchThread.pumpOneEventForFilters(I)V+245
j  java.awt.EventDispatchThread.pumpEventsForFilter(ILjava/awt/Conditional;Ljava/awt/EventFilter;)V+35
j  java.awt.EventDispatchThread.pumpEventsForHierarchy(ILjava/awt/Conditional;Ljava/awt/Component;)V+11
j  java.awt.EventDispatchThread.pumpEvents(ILjava/awt/Conditional;)V+4
j  java.awt.EventDispatchThread.pumpEvents(Ljava/awt/Conditional;)V+3
j  java.awt.EventDispatchThread.run()V+9
v  ~StubRoutines::call_stub
V  [libjvm.dylib+0x2ee70a]  JavaCalls::call_helper(JavaValue*, methodHandle*, JavaCallArguments*, Thread*)+0x6ae
V  [libjvm.dylib+0x2eeeae]  JavaCalls::call_virtual(JavaValue*, KlassHandle, Symbol*, Symbol*, JavaCallArguments*, Thread*)+0x164
V  [libjvm.dylib+0x2ef05a]  JavaCalls::call_virtual(JavaValue*, Handle, KlassHandle, Symbol*, Symbol*, Thread*)+0x4a
V  [libjvm.dylib+0x3497b1]  thread_entry(JavaThread*, Thread*)+0x7c
V  [libjvm.dylib+0x56c0b3]  JavaThread::thread_main_inner()+0x9b
V  [libjvm.dylib+0x56d7a0]  JavaThread::run()+0x1c2
V  [libjvm.dylib+0x48baee]  java_start(Thread*)+0xf6
C  [libsystem_pthread.dylib+0x3661]  _pthread_body+0x154
C  [libsystem_pthread.dylib+0x350d]  _pthread_body+0x0
C  [libsystem_pthread.dylib+0x2bf9]  thread_start+0xd
C  0x0000000000000000

Java frames: (J=compiled Java code, j=interpreted, Vv=VM code)
J 325  java.util.zip.ZipFile.getEntry(J[BZ)J (0 bytes) @ 0x000000011a92f898 [0x000000011a92f840+0x58]
J 352 C1 java.util.zip.ZipFile.getEntry(Ljava/lang/String;)Ljava/util/zip/ZipEntry; (86 bytes) @ 0x000000011a942b0c [0x000000011a9428a0+0x26c]
J 351 C1 java.util.jar.JarFile.getEntry(Ljava/lang/String;)Ljava/util/zip/ZipEntry; (22 bytes) @ 0x000000011a9422a4 [0x000000011a942220+0x84]
J 326 C1 java.util.jar.JarFile.getJarEntry(Ljava/lang/String;)Ljava/util/jar/JarEntry; (9 bytes) @ 0x000000011a92f404 [0x000000011a92f300+0x104]
j  sun.misc.URLClassPath$JarLoader.getResource(Ljava/lang/String;Z)Lsun/misc/Resource;+42
j  sun.misc.URLClassPath.getResource(Ljava/lang/String;Z)Lsun/misc/Resource;+62
j  java.net.URLClassLoader$1.run()Ljava/lang/Class;+26
j  java.net.URLClassLoader$1.run()Ljava/lang/Object;+1
v  ~StubRoutines::call_stub
j  java.security.AccessController.doPrivileged(Ljava/security/PrivilegedExceptionAction;Ljava/security/AccessControlContext;)Ljava/lang/Object;+0
j  java.net.URLClassLoader.findClass(Ljava/lang/String;)Ljava/lang/Class;+13
J 311 C1 java.lang.ClassLoader.loadClass(Ljava/lang/String;Z)Ljava/lang/Class; (122 bytes) @ 0x000000011a92a1a4 [0x000000011a929840+0x964]
j  sun.misc.Launcher$AppClassLoader.loadClass(Ljava/lang/String;Z)Ljava/lang/Class;+81
j  java.lang.ClassLoader.loadClass(Ljava/lang/String;)Ljava/lang/Class;+3
j  java.lang.ClassLoader.findSystemClass(Ljava/lang/String;)Ljava/lang/Class;+48
J 303 C2 com.codename1.impl.javase.ClassPathLoader.findClass(Ljava/lang/String;)Ljava/lang/Class; (290 bytes) @ 0x000000011a9242e0 [0x000000011a9223e0+0x1f00]
j  com.codename1.impl.javase.ClassPathLoader.loadClass(Ljava/lang/String;)Ljava/lang/Class;+2
v  ~StubRoutines::call_stub
j  com.codename1.ui.Display.init(Ljava/lang/Object;)V+52
j  com.codename1.impl.javase.Executor$1.run()V+329
j  java.awt.event.InvocationEvent.dispatch()V+47
j  java.awt.EventQueue.dispatchEventImpl(Ljava/awt/AWTEvent;Ljava/lang/Object;)V+21
j  java.awt.EventQueue.access$500(Ljava/awt/EventQueue;Ljava/awt/AWTEvent;Ljava/lang/Object;)V+3
j  java.awt.EventQueue$3.run()Ljava/lang/Void;+32
j  java.awt.EventQueue$3.run()Ljava/lang/Object;+1
v  ~StubRoutines::call_stub
j  java.security.AccessController.doPrivileged(Ljava/security/PrivilegedAction;Ljava/security/AccessControlContext;)Ljava/lang/Object;+0
j  java.security.ProtectionDomain$JavaSecurityAccessImpl.doIntersectionPrivilege(Ljava/security/PrivilegedAction;Ljava/security/AccessControlContext;Ljava/security/AccessControlContext;)Ljava/lang/Object;+18
j  java.awt.EventQueue.dispatchEvent(Ljava/awt/AWTEvent;)V+46
j  java.awt.EventDispatchThread.pumpOneEventForFilters(I)V+245
j  java.awt.EventDispatchThread.pumpEventsForFilter(ILjava/awt/Conditional;Ljava/awt/EventFilter;)V+35
j  java.awt.EventDispatchThread.pumpEventsForHierarchy(ILjava/awt/Conditional;Ljava/awt/Component;)V+11
j  java.awt.EventDispatchThread.pumpEvents(ILjava/awt/Conditional;)V+4
j  java.awt.EventDispatchThread.pumpEvents(Ljava/awt/Conditional;)V+3
j  java.awt.EventDispatchThread.run()V+9
v  ~StubRoutines::call_stub

---------------  P R O C E S S  ---------------

Java Threads: ( => current thread )
  0x00007ffea5944000 JavaThread "DestroyJavaVM" [_thread_blocked, id=5891, stack(0x00007000024f7000,0x00007000025f7000)]
  0x00007ffea51f0000 JavaThread "Thread-2" [_thread_blocked, id=79619, stack(0x000070000393c000,0x0000700003a3c000)]
=>0x00007ffea593a800 JavaThread "AWT-EventQueue-0" [_thread_in_native, id=84599, stack(0x0000700003839000,0x0000700003939000)]
  0x00007ffea51db000 JavaThread "AWT-Shutdown" [_thread_blocked, id=25643, stack(0x00007000034a7000,0x00007000035a7000)]
  0x00007ffea4841800 JavaThread "AppKit Thread" daemon [_thread_in_native, id=775, stack(0x00007ffee1466000,0x00007ffee1c66000)]
  0x00007ffea50f1000 JavaThread "Timer-0" daemon [_thread_blocked, id=13315, stack(0x0000700003321000,0x0000700003421000)]
  0x00007ffea505d800 JavaThread "Service Thread" daemon [_thread_blocked, id=16643, stack(0x000070000311b000,0x000070000321b000)]
  0x00007ffea505d000 JavaThread "C1 CompilerThread2" daemon [_thread_blocked, id=16899, stack(0x0000700003018000,0x0000700003118000)]
  0x00007ffea6016000 JavaThread "C2 CompilerThread1" daemon [_thread_blocked, id=17155, stack(0x0000700002f15000,0x0000700003015000)]
  0x00007ffea5046800 JavaThread "C2 CompilerThread0" daemon [_thread_blocked, id=12547, stack(0x0000700002e12000,0x0000700002f12000)]
  0x00007ffea6002000 JavaThread "Signal Dispatcher" daemon [_thread_blocked, id=17671, stack(0x0000700002d0f000,0x0000700002e0f000)]
  0x00007ffea6013000 JavaThread "Finalizer" daemon [_thread_blocked, id=11523, stack(0x0000700002c0c000,0x0000700002d0c000)]
  0x00007ffea5023800 JavaThread "Reference Handler" daemon [_thread_blocked, id=20739, stack(0x0000700002b09000,0x0000700002c09000)]

Other Threads:
  0x00007ffea4811000 VMThread [stack: 0x0000700002a06000,0x0000700002b06000] [id=11011]
  0x00007ffea505e800 WatcherThread [stack: 0x000070000321e000,0x000070000331e000] [id=16131]

VM state:not at safepoint (normal execution)

VM Mutex/Monitor currently owned by a thread: None

Heap:
 PSYoungGen      total 76288K, used 23594K [0x000000076ab00000, 0x0000000770000000, 0x00000007c0000000)
  eden space 65536K, 36% used [0x000000076ab00000,0x000000076c20a888,0x000000076eb00000)
  from space 10752K, 0% used [0x000000076f580000,0x000000076f580000,0x0000000770000000)
  to   space 10752K, 0% used [0x000000076eb00000,0x000000076eb00000,0x000000076f580000)
 ParOldGen       total 175104K, used 0K [0x00000006c0000000, 0x00000006cab00000, 0x000000076ab00000)
  object space 175104K, 0% used [0x00000006c0000000,0x00000006c0000000,0x00000006cab00000)
 Metaspace       used 6306K, capacity 6538K, committed 6656K, reserved 1056768K
  class space    used 674K, capacity 726K, committed 768K, reserved 1048576K

Card table byte_map: [0x000000010fbdc000,0x00000001103dd000] byte_map_base: 0x000000010c5dc000

Marking Bits: (ParMarkBitMap*) 0x000000010f0f35d0
 Begin Bits: [0x0000000110933000, 0x0000000114933000)
 End Bits:   [0x0000000114933000, 0x0000000118933000)

Polling page: 0x000000010dfe1000

CodeCache: size=245760Kb used=1903Kb max_used=1903Kb free=243856Kb
 bounds [0x000000011a76f000, 0x000000011a9df000, 0x000000012976f000]
 total_blobs=644 nmethods=366 adapters=192
 compilation: enabled

Compilation events (10 events):
Event: 4.213 Thread 0x00007ffea505d000  358       3       sun.nio.cs.UTF_8$Encoder::isLegalReplacement (26 bytes)
Event: 4.214 Thread 0x00007ffea505d000 nmethod 358 0x000000011a945b90 code [0x000000011a945d00, 0x000000011a945f88]
Event: 4.217 Thread 0x00007ffea505d000  359       3       java.util.zip.ZipCoder::get (9 bytes)
Event: 4.218 Thread 0x00007ffea505d000 nmethod 359 0x000000011a946750 code [0x000000011a9468e0, 0x000000011a946d48]
Event: 4.218 Thread 0x00007ffea505d000  360       3       java.util.zip.ZipCoder::<init> (27 bytes)
Event: 4.218 Thread 0x00007ffea505d000 nmethod 360 0x000000011a946f10 code [0x000000011a9470a0, 0x000000011a947488]
Event: 4.218 Thread 0x00007ffea505d000  361       3       java.io.File::lastModified (33 bytes)
Event: 4.218 Thread 0x00007ffea505d000 nmethod 361 0x000000011a9475d0 code [0x000000011a947780, 0x000000011a947ba8]
Event: 4.223 Thread 0x00007ffea505d000  366       3       java.io.UnixFileSystem::resolve (103 bytes)
Event: 4.226 Thread 0x00007ffea505d000 nmethod 366 0x000000011a9483d0 code [0x000000011a948720, 0x000000011a94a448]

GC Heap History (0 events):
No events

Deoptimization events (1 events):
Event: 1.431 Thread 0x00007ffea593a800 Uncommon trap: reason=unstable_if action=reinterpret pc=0x000000011a89a2d4 method=java.util.zip.ZipFile$ZipFileInputStream.read([BII)I @ 46

Internal exceptions (10 events):
Event: 0.236 Thread 0x00007ffea6003800 Exception <a 'java/security/PrivilegedActionException'> (0x000000076abbda20) thrown at [/Users/java_re/workspace/8-2-build-macosx-x86_64/jdk8u141/9370/hotspot/src/share/vm/prims/jvm.cpp, line 1390]
Event: 0.236 Thread 0x00007ffea6003800 Exception <a 'java/security/PrivilegedActionException'> (0x000000076abbdc30) thrown at [/Users/java_re/workspace/8-2-build-macosx-x86_64/jdk8u141/9370/hotspot/src/share/vm/prims/jvm.cpp, line 1390]
Event: 0.237 Thread 0x00007ffea6003800 Exception <a 'java/security/PrivilegedActionException'> (0x000000076abc1148) thrown at [/Users/java_re/workspace/8-2-build-macosx-x86_64/jdk8u141/9370/hotspot/src/share/vm/prims/jvm.cpp, line 1390]
Event: 0.237 Thread 0x00007ffea6003800 Exception <a 'java/security/PrivilegedActionException'> (0x000000076abc1358) thrown at [/Users/java_re/workspace/8-2-build-macosx-x86_64/jdk8u141/9370/hotspot/src/share/vm/prims/jvm.cpp, line 1390]
Event: 0.967 Thread 0x00007ffea6003800 Exception <a 'java/lang/NoSuchFieldError': method resolution failed> (0x000000076b0a1a28) thrown at [/Users/java_re/workspace/8-2-build-macosx-x86_64/jdk8u141/9370/hotspot/src/share/vm/prims/methodHandles.cpp, line 1146]
Event: 0.980 Thread 0x00007ffea6003800 Exception <a 'java/lang/NoSuchFieldError': method resolution failed> (0x000000076b0af1c8) thrown at [/Users/java_re/workspace/8-2-build-macosx-x86_64/jdk8u141/9370/hotspot/src/share/vm/prims/methodHandles.cpp, line 1146]
Event: 1.371 Thread 0x00007ffea6003800 Exception <a 'java/io/FileNotFoundException'> (0x000000076b12a890) thrown at [/Users/java_re/workspace/8-2-build-macosx-x86_64/jdk8u141/9370/hotspot/src/share/vm/prims/jni.cpp, line 709]
Event: 1.371 Thread 0x00007ffea6003800 Exception <a 'java/io/FileNotFoundException'> (0x000000076b12b420) thrown at [/Users/java_re/workspace/8-2-build-macosx-x86_64/jdk8u141/9370/hotspot/src/share/vm/prims/jni.cpp, line 709]
Event: 4.396 Thread 0x00007ffea593a800 Exception <a 'java/util/zip/ZipException'> (0x000000076c1bcc50) thrown at [/Users/java_re/workspace/8-2-build-macosx-x86_64/jdk8u141/9370/hotspot/src/share/vm/prims/jni.cpp, line 709]
Event: 4.406 Thread 0x00007ffea593a800 Exception <a 'java/util/zip/ZipException'> (0x000000076c1cb798) thrown at [/Users/java_re/workspace/8-2-build-macosx-x86_64/jdk8u141/9370/hotspot/src/share/vm/prims/jni.cpp, line 709]

Events (10 events):
Event: 2.754 loading class java/lang/NumberFormatException
Event: 2.754 loading class java/lang/NumberFormatException done
Event: 3.913 loading class java/lang/AssertionError
Event: 3.914 loading class java/lang/AssertionError done
Event: 4.192 Executing VM operation: EnableBiasedLocking
Event: 4.192 Executing VM operation: EnableBiasedLocking done
Event: 4.396 loading class java/util/zip/ZipException
Event: 4.396 loading class java/util/zip/ZipException done
Event: 4.406 loading class com/codename1/impl/ImplementationFactory
Event: 4.406 loading class com/codename1/impl/ImplementationFactory done


Dynamic libraries:
0x000000002791f000 	/System/Library/Frameworks/Cocoa.framework/Versions/A/Cocoa
0x000000002791f000 	/System/Library/Frameworks/Security.framework/Versions/A/Security
0x000000002791f000 	/System/Library/Frameworks/ApplicationServices.framework/Versions/A/ApplicationServices
0x000000002791f000 	/usr/lib/libz.1.dylib
0x000000002791f000 	/usr/lib/libSystem.B.dylib
0x000000002791f000 	/usr/lib/libobjc.A.dylib
0x000000002791f000 	/System/Library/Frameworks/CoreFoundation.framework/Versions/A/CoreFoundation
0x000000002791f000 	/System/Library/Frameworks/Foundation.framework/Versions/C/Foundation
0x000000002791f000 	/System/Library/Frameworks/AppKit.framework/Versions/C/AppKit
0x000000002791f000 	/System/Library/Frameworks/CoreData.framework/Versions/A/CoreData
0x000000002791f000 	/System/Library/PrivateFrameworks/RemoteViewServices.framework/Versions/A/RemoteViewServices
0x000000002791f000 	/System/Library/PrivateFrameworks/UIFoundation.framework/Versions/A/UIFoundation
0x000000002791f000 	/System/Library/PrivateFrameworks/DFRFoundation.framework/Versions/A/DFRFoundation
0x000000002791f000 	/System/Library/Frameworks/Metal.framework/Versions/A/Metal
0x000000002791f000 	/System/Library/PrivateFrameworks/DesktopServicesPriv.framework/Versions/A/DesktopServicesPriv
0x000000002791f000 	/usr/lib/libenergytrace.dylib
0x000000002791f000 	/System/Library/PrivateFrameworks/SkyLight.framework/Versions/A/SkyLight
0x000000002791f000 	/System/Library/Frameworks/CoreGraphics.framework/Versions/A/CoreGraphics
0x000000002791f000 	/usr/lib/libScreenReader.dylib
0x000000002791f000 	/System/Library/Frameworks/Accelerate.framework/Versions/A/Accelerate
0x000000002791f000 	/System/Library/Frameworks/IOSurface.framework/Versions/A/IOSurface
0x000000002791f000 	/System/Library/Frameworks/AudioToolbox.framework/Versions/A/AudioToolbox
0x000000002791f000 	/System/Library/Frameworks/AudioUnit.framework/Versions/A/AudioUnit
0x000000002791f000 	/System/Library/PrivateFrameworks/DataDetectorsCore.framework/Versions/A/DataDetectorsCore
0x000000002791f000 	/System/Library/Frameworks/Carbon.framework/Versions/A/Frameworks/HIToolbox.framework/Versions/A/HIToolbox
0x000000002791f000 	/usr/lib/libicucore.A.dylib
0x000000002791f000 	/System/Library/Frameworks/QuartzCore.framework/Versions/A/QuartzCore
0x000000002791f000 	/System/Library/PrivateFrameworks/SignpostNotification.framework/Versions/A/SignpostNotification
0x000000002791f000 	/System/Library/Frameworks/Carbon.framework/Versions/A/Frameworks/SpeechRecognition.framework/Versions/A/SpeechRecognition
0x000000002791f000 	/usr/lib/libauto.dylib
0x000000002791f000 	/usr/lib/libxml2.2.dylib
0x000000002791f000 	/System/Library/PrivateFrameworks/CoreUI.framework/Versions/A/CoreUI
0x000000002791f000 	/System/Library/Frameworks/CoreAudio.framework/Versions/A/CoreAudio
0x000000002791f000 	/System/Library/Frameworks/DiskArbitration.framework/Versions/A/DiskArbitration
0x000000002791f000 	/usr/lib/liblangid.dylib
0x000000002791f000 	/System/Library/PrivateFrameworks/MultitouchSupport.framework/Versions/A/MultitouchSupport
0x000000002791f000 	/System/Library/Frameworks/IOKit.framework/Versions/A/IOKit
0x000000002791f000 	/usr/lib/libDiagnosticMessagesClient.dylib
0x000000002791f000 	/System/Library/Frameworks/CoreServices.framework/Versions/A/CoreServices
0x000000002791f000 	/System/Library/PrivateFrameworks/PerformanceAnalysis.framework/Versions/A/PerformanceAnalysis
0x000000002791f000 	/System/Library/Frameworks/OpenGL.framework/Versions/A/OpenGL
0x000000002791f000 	/System/Library/Frameworks/ColorSync.framework/Versions/A/ColorSync
0x000000002791f000 	/System/Library/Frameworks/CoreImage.framework/Versions/A/CoreImage
0x000000002791f000 	/System/Library/Frameworks/CoreText.framework/Versions/A/CoreText
0x000000002791f000 	/System/Library/Frameworks/ImageIO.framework/Versions/A/ImageIO
0x000000002791f000 	/System/Library/PrivateFrameworks/Backup.framework/Versions/A/Backup
0x000000002791f000 	/usr/lib/libarchive.2.dylib
0x000000002791f000 	/System/Library/Frameworks/CFNetwork.framework/Versions/A/CFNetwork
0x000000002791f000 	/System/Library/Frameworks/SystemConfiguration.framework/Versions/A/SystemConfiguration
0x000000002791f000 	/usr/lib/libCRFSuite.dylib
0x000000002791f000 	/usr/lib/libc++.1.dylib
0x000000002791f000 	/usr/lib/libc++abi.dylib
0x000000002791f000 	/usr/lib/system/libcache.dylib
0x000000002791f000 	/usr/lib/system/libcommonCrypto.dylib
0x000000002791f000 	/usr/lib/system/libcompiler_rt.dylib
0x000000002791f000 	/usr/lib/system/libcopyfile.dylib
0x000000002791f000 	/usr/lib/system/libcorecrypto.dylib
0x000000002791f000 	/usr/lib/system/libdispatch.dylib
0x000000002791f000 	/usr/lib/system/libdyld.dylib
0x000000002791f000 	/usr/lib/system/libkeymgr.dylib
0x000000002791f000 	/usr/lib/system/liblaunch.dylib
0x000000002791f000 	/usr/lib/system/libmacho.dylib
0x000000002791f000 	/usr/lib/system/libquarantine.dylib
0x000000002791f000 	/usr/lib/system/libremovefile.dylib
0x000000002791f000 	/usr/lib/system/libsystem_asl.dylib
0x000000002791f000 	/usr/lib/system/libsystem_blocks.dylib
0x000000002791f000 	/usr/lib/system/libsystem_c.dylib
0x000000002791f000 	/usr/lib/system/libsystem_configuration.dylib
0x000000002791f000 	/usr/lib/system/libsystem_coreservices.dylib
0x000000002791f000 	/usr/lib/system/libsystem_darwin.dylib
0x000000002791f000 	/usr/lib/system/libsystem_dnssd.dylib
0x000000002791f000 	/usr/lib/system/libsystem_info.dylib
0x000000002791f000 	/usr/lib/system/libsystem_m.dylib
0x000000002791f000 	/usr/lib/system/libsystem_malloc.dylib
0x000000002791f000 	/usr/lib/system/libsystem_network.dylib
0x000000002791f000 	/usr/lib/system/libsystem_networkextension.dylib
0x000000002791f000 	/usr/lib/system/libsystem_notify.dylib
0x000000002791f000 	/usr/lib/system/libsystem_sandbox.dylib
0x000000002791f000 	/usr/lib/system/libsystem_secinit.dylib
0x000000002791f000 	/usr/lib/system/libsystem_kernel.dylib
0x000000002791f000 	/usr/lib/system/libsystem_platform.dylib
0x000000002791f000 	/usr/lib/system/libsystem_pthread.dylib
0x000000002791f000 	/usr/lib/system/libsystem_symptoms.dylib
0x000000002791f000 	/usr/lib/system/libsystem_trace.dylib
0x000000002791f000 	/usr/lib/system/libunwind.dylib
0x000000002791f000 	/usr/lib/system/libxpc.dylib
0x000000002791f000 	/usr/lib/closure/libclosured.dylib
0x000000002791f000 	/usr/lib/libbsm.0.dylib
0x000000002791f000 	/usr/lib/system/libkxld.dylib
0x000000002791f000 	/usr/lib/libOpenScriptingUtil.dylib
0x000000002791f000 	/usr/lib/libcoretls.dylib
0x000000002791f000 	/usr/lib/libcoretls_cfhelpers.dylib
0x000000002791f000 	/usr/lib/libpam.2.dylib
0x000000002791f000 	/usr/lib/libsqlite3.dylib
0x000000002791f000 	/usr/lib/libxar.1.dylib
0x000000002791f000 	/usr/lib/libbz2.1.0.dylib
0x000000002791f000 	/usr/lib/liblzma.5.dylib
0x000000002791f000 	/usr/lib/libnetwork.dylib
0x000000002791f000 	/usr/lib/libapple_nghttp2.dylib
0x000000002791f000 	/usr/lib/libpcap.A.dylib
0x000000002791f000 	/usr/lib/libboringssl.dylib
0x000000002791f000 	/usr/lib/libusrtcp.dylib
0x000000002791f000 	/usr/lib/libapple_crypto.dylib
0x000000002791f000 	/System/Library/Frameworks/CoreServices.framework/Versions/A/Frameworks/FSEvents.framework/Versions/A/FSEvents
0x000000002791f000 	/System/Library/Frameworks/CoreServices.framework/Versions/A/Frameworks/CarbonCore.framework/Versions/A/CarbonCore
0x000000002791f000 	/System/Library/Frameworks/CoreServices.framework/Versions/A/Frameworks/Metadata.framework/Versions/A/Metadata
0x000000002791f000 	/System/Library/Frameworks/CoreServices.framework/Versions/A/Frameworks/OSServices.framework/Versions/A/OSServices
0x000000002791f000 	/System/Library/Frameworks/CoreServices.framework/Versions/A/Frameworks/SearchKit.framework/Versions/A/SearchKit
0x000000002791f000 	/System/Library/Frameworks/CoreServices.framework/Versions/A/Frameworks/AE.framework/Versions/A/AE
0x000000002791f000 	/System/Library/Frameworks/CoreServices.framework/Versions/A/Frameworks/LaunchServices.framework/Versions/A/LaunchServices
0x000000002791f000 	/System/Library/Frameworks/CoreServices.framework/Versions/A/Frameworks/DictionaryServices.framework/Versions/A/DictionaryServices
0x000000002791f000 	/System/Library/Frameworks/CoreServices.framework/Versions/A/Frameworks/SharedFileList.framework/Versions/A/SharedFileList
0x000000002791f000 	/System/Library/Frameworks/NetFS.framework/Versions/A/NetFS
0x000000002791f000 	/System/Library/PrivateFrameworks/NetAuth.framework/Versions/A/NetAuth
0x000000002791f000 	/System/Library/PrivateFrameworks/login.framework/Versions/A/Frameworks/loginsupport.framework/Versions/A/loginsupport
0x000000002791f000 	/System/Library/PrivateFrameworks/TCC.framework/Versions/A/TCC
0x000000002791f000 	/usr/lib/libmecabra.dylib
0x000000002791f000 	/System/Library/Frameworks/ApplicationServices.framework/Versions/A/Frameworks/ATS.framework/Versions/A/ATS
0x000000002791f000 	/System/Library/Frameworks/ApplicationServices.framework/Versions/A/Frameworks/ColorSyncLegacy.framework/Versions/A/ColorSyncLegacy
0x000000002791f000 	/System/Library/Frameworks/ApplicationServices.framework/Versions/A/Frameworks/HIServices.framework/Versions/A/HIServices
0x000000002791f000 	/System/Library/Frameworks/ApplicationServices.framework/Versions/A/Frameworks/LangAnalysis.framework/Versions/A/LangAnalysis
0x000000002791f000 	/System/Library/Frameworks/ApplicationServices.framework/Versions/A/Frameworks/PrintCore.framework/Versions/A/PrintCore
0x000000002791f000 	/System/Library/Frameworks/ApplicationServices.framework/Versions/A/Frameworks/QD.framework/Versions/A/QD
0x000000002791f000 	/System/Library/Frameworks/ApplicationServices.framework/Versions/A/Frameworks/SpeechSynthesis.framework/Versions/A/SpeechSynthesis
0x000000002791f000 	/System/Library/Frameworks/CoreDisplay.framework/Versions/A/CoreDisplay
0x000000002791f000 	/System/Library/Frameworks/Accelerate.framework/Versions/A/Frameworks/vImage.framework/Versions/A/vImage
0x000000002791f000 	/System/Library/Frameworks/Accelerate.framework/Versions/A/Frameworks/vecLib.framework/Versions/A/vecLib
0x000000002791f000 	/System/Library/Frameworks/Accelerate.framework/Versions/A/Frameworks/vecLib.framework/Versions/A/libvDSP.dylib
0x000000002791f000 	/System/Library/Frameworks/Accelerate.framework/Versions/A/Frameworks/vecLib.framework/Versions/A/libBNNS.dylib
0x000000002791f000 	/System/Library/Frameworks/Accelerate.framework/Versions/A/Frameworks/vecLib.framework/Versions/A/libQuadrature.dylib
0x000000002791f000 	/System/Library/Frameworks/Accelerate.framework/Versions/A/Frameworks/vecLib.framework/Versions/A/libvMisc.dylib
0x000000002791f000 	/System/Library/Frameworks/Accelerate.framework/Versions/A/Frameworks/vecLib.framework/Versions/A/libLAPACK.dylib
0x000000002791f000 	/System/Library/Frameworks/Accelerate.framework/Versions/A/Frameworks/vecLib.framework/Versions/A/libBLAS.dylib
0x000000002791f000 	/System/Library/Frameworks/Accelerate.framework/Versions/A/Frameworks/vecLib.framework/Versions/A/libLinearAlgebra.dylib
0x000000002791f000 	/System/Library/Frameworks/Accelerate.framework/Versions/A/Frameworks/vecLib.framework/Versions/A/libSparse.dylib
0x000000002791f000 	/System/Library/Frameworks/Accelerate.framework/Versions/A/Frameworks/vecLib.framework/Versions/A/libSparseBLAS.dylib
0x000000002791f000 	/System/Library/PrivateFrameworks/GPUWrangler.framework/Versions/A/GPUWrangler
0x000000002791f000 	/System/Library/PrivateFrameworks/IOAccelerator.framework/Versions/A/IOAccelerator
0x000000002791f000 	/System/Library/PrivateFrameworks/IOPresentment.framework/Versions/A/IOPresentment
0x000000002791f000 	/System/Library/PrivateFrameworks/DSExternalDisplay.framework/Versions/A/DSExternalDisplay
0x000000002791f000 	/System/Library/Frameworks/OpenGL.framework/Versions/A/Libraries/libCoreFSCache.dylib
0x000000002791f000 	/System/Library/Frameworks/CoreVideo.framework/Versions/A/CoreVideo
0x000000002791f000 	/System/Library/PrivateFrameworks/GraphVisualizer.framework/Versions/A/GraphVisualizer
0x000000002791f000 	/System/Library/Frameworks/MetalPerformanceShaders.framework/Versions/A/MetalPerformanceShaders
0x000000002791f000 	/usr/lib/libFosl_dynamic.dylib
0x000000002791f000 	/System/Library/PrivateFrameworks/FaceCore.framework/Versions/A/FaceCore
0x000000002791f000 	/System/Library/Frameworks/OpenCL.framework/Versions/A/OpenCL
0x000000002791f000 	/usr/lib/libcompression.dylib
0x000000002791f000 	/System/Library/Frameworks/ApplicationServices.framework/Versions/A/Frameworks/ATS.framework/Versions/A/Resources/libFontParser.dylib
0x000000002791f000 	/System/Library/Frameworks/ApplicationServices.framework/Versions/A/Frameworks/ATS.framework/Versions/A/Resources/libFontRegistry.dylib
0x000000002791f000 	/System/Library/Frameworks/ImageIO.framework/Versions/A/Resources/libJPEG.dylib
0x000000002791f000 	/System/Library/Frameworks/ImageIO.framework/Versions/A/Resources/libTIFF.dylib
0x000000002791f000 	/System/Library/Frameworks/ImageIO.framework/Versions/A/Resources/libPng.dylib
0x000000002791f000 	/System/Library/Frameworks/ImageIO.framework/Versions/A/Resources/libGIF.dylib
0x000000002791f000 	/System/Library/Frameworks/ImageIO.framework/Versions/A/Resources/libJP2.dylib
0x000000002791f000 	/System/Library/Frameworks/ImageIO.framework/Versions/A/Resources/libRadiance.dylib
0x000000002791f000 	/System/Library/PrivateFrameworks/AppleJPEG.framework/Versions/A/AppleJPEG
0x000000002791f000 	/System/Library/Frameworks/MetalPerformanceShaders.framework/Frameworks/MPSCore.framework/Versions/A/MPSCore
0x000000002791f000 	/System/Library/Frameworks/MetalPerformanceShaders.framework/Frameworks/MPSImage.framework/Versions/A/MPSImage
0x000000002791f000 	/System/Library/Frameworks/MetalPerformanceShaders.framework/Frameworks/MPSNeuralNetwork.framework/Versions/A/MPSNeuralNetwork
0x000000002791f000 	/System/Library/Frameworks/MetalPerformanceShaders.framework/Frameworks/MPSMatrix.framework/Versions/A/MPSMatrix
0x000000002791f000 	/System/Library/PrivateFrameworks/MetalTools.framework/Versions/A/MetalTools
0x000000002791f000 	/System/Library/Frameworks/OpenGL.framework/Versions/A/Libraries/libGLU.dylib
0x000000002791f000 	/System/Library/Frameworks/OpenGL.framework/Versions/A/Libraries/libGFXShared.dylib
0x000000002791f000 	/System/Library/Frameworks/OpenGL.framework/Versions/A/Libraries/libGL.dylib
0x000000002791f000 	/System/Library/Frameworks/OpenGL.framework/Versions/A/Libraries/libGLImage.dylib
0x000000002791f000 	/System/Library/Frameworks/OpenGL.framework/Versions/A/Libraries/libCVMSPluginSupport.dylib
0x000000002791f000 	/System/Library/Frameworks/OpenGL.framework/Versions/A/Libraries/libCoreVMClient.dylib
0x000000002791f000 	/usr/lib/libcups.2.dylib
0x000000002791f000 	/System/Library/Frameworks/Kerberos.framework/Versions/A/Kerberos
0x000000002791f000 	/System/Library/Frameworks/GSS.framework/Versions/A/GSS
0x000000002791f000 	/usr/lib/libresolv.9.dylib
0x000000002791f000 	/usr/lib/libiconv.2.dylib
0x000000002791f000 	/System/Library/PrivateFrameworks/Heimdal.framework/Versions/A/Heimdal
0x000000002791f000 	/usr/lib/libheimdal-asn1.dylib
0x000000002791f000 	/System/Library/Frameworks/OpenDirectory.framework/Versions/A/OpenDirectory
0x000000002791f000 	/System/Library/PrivateFrameworks/CommonAuth.framework/Versions/A/CommonAuth
0x000000002791f000 	/System/Library/Frameworks/OpenDirectory.framework/Versions/A/Frameworks/CFOpenDirectory.framework/Versions/A/CFOpenDirectory
0x000000002791f000 	/System/Library/Frameworks/SecurityFoundation.framework/Versions/A/SecurityFoundation
0x000000002791f000 	/System/Library/PrivateFrameworks/APFS.framework/Versions/A/APFS
0x000000002791f000 	/usr/lib/libutil.dylib
0x000000002791f000 	/System/Library/PrivateFrameworks/AppleSauce.framework/Versions/A/AppleSauce
0x000000002791f000 	/System/Library/PrivateFrameworks/LinguisticData.framework/Versions/A/LinguisticData
0x000000002791f000 	/usr/lib/libmarisa.dylib
0x000000002791f000 	/System/Library/PrivateFrameworks/Lexicon.framework/Versions/A/Lexicon
0x000000002791f000 	/usr/lib/libChineseTokenizer.dylib
0x000000002791f000 	/usr/lib/libcmph.dylib
0x000000002791f000 	/System/Library/PrivateFrameworks/LanguageModeling.framework/Versions/A/LanguageModeling
0x000000002791f000 	/System/Library/PrivateFrameworks/CoreEmoji.framework/Versions/A/CoreEmoji
0x000000002791f000 	/System/Library/Frameworks/ServiceManagement.framework/Versions/A/ServiceManagement
0x000000002791f000 	/System/Library/PrivateFrameworks/BackgroundTaskManagement.framework/Versions/A/BackgroundTaskManagement
0x000000002791f000 	/usr/lib/libxslt.1.dylib
0x000000002791f000 	/System/Library/Frameworks/Carbon.framework/Versions/A/Frameworks/Ink.framework/Versions/A/Ink
0x000000002791f000 	/System/Library/PrivateFrameworks/TextureIO.framework/Versions/A/TextureIO
0x000000002791f000 	/usr/lib/libate.dylib
0x000000002791f000 	/System/Library/PrivateFrameworks/CrashReporterSupport.framework/Versions/A/CrashReporterSupport
0x000000002791f000 	/System/Library/PrivateFrameworks/Sharing.framework/Versions/A/Sharing
0x000000002791f000 	/System/Library/PrivateFrameworks/IconServices.framework/Versions/A/IconServices
0x000000002791f000 	/System/Library/PrivateFrameworks/Apple80211.framework/Versions/A/Apple80211
0x000000002791f000 	/System/Library/PrivateFrameworks/CoreUtils.framework/Versions/A/CoreUtils
0x000000002791f000 	/System/Library/Frameworks/CoreWLAN.framework/Versions/A/CoreWLAN
0x000000002791f000 	/System/Library/Frameworks/IOBluetooth.framework/Versions/A/IOBluetooth
0x000000002791f000 	/System/Library/PrivateFrameworks/ProtocolBuffer.framework/Versions/A/ProtocolBuffer
0x000000002791f000 	/System/Library/PrivateFrameworks/CoreWiFi.framework/Versions/A/CoreWiFi
0x000000002791f000 	/System/Library/Frameworks/CoreBluetooth.framework/Versions/A/CoreBluetooth
0x000000002791f000 	/System/Library/PrivateFrameworks/DebugSymbols.framework/Versions/A/DebugSymbols
0x000000002791f000 	/System/Library/PrivateFrameworks/CoreSymbolication.framework/Versions/A/CoreSymbolication
0x000000002791f000 	/System/Library/PrivateFrameworks/Symbolication.framework/Versions/A/Symbolication
0x000000002791f000 	/System/Library/PrivateFrameworks/AppleFSCompression.framework/Versions/A/AppleFSCompression
0x000000002791f000 	/System/Library/PrivateFrameworks/SpeechRecognitionCore.framework/Versions/A/SpeechRecognitionCore
0x000000010e800000 	/Library/Java/JavaVirtualMachines/jdk1.8.0_141.jdk/Contents/Home/jre/lib/server/libjvm.dylib
0x000000002791f000 	/usr/lib/libstdc++.6.0.9.dylib
0x000000010dfd3000 	/Library/Java/JavaVirtualMachines/jdk1.8.0_141.jdk/Contents/Home/jre/lib/libverify.dylib
0x000000010f7a7000 	/Library/Java/JavaVirtualMachines/jdk1.8.0_141.jdk/Contents/Home/jre/lib/libjava.dylib
0x000000010dfeb000 	/Library/Java/JavaVirtualMachines/jdk1.8.0_141.jdk/Contents/Home/jre/lib/libzip.dylib
0x000000002791f000 	/System/Library/Frameworks/JavaVM.framework/Versions/A/Frameworks/JavaRuntimeSupport.framework/Versions/A/JavaRuntimeSupport
0x000000002791f000 	/System/Library/Frameworks/JavaVM.framework/Versions/A/Frameworks/JavaNativeFoundation.framework/Versions/A/JavaNativeFoundation
0x000000002791f000 	/System/Library/Frameworks/JavaVM.framework/Versions/A/JavaVM
0x000000002791f000 	/System/Library/Frameworks/Carbon.framework/Versions/A/Carbon
0x000000002791f000 	/System/Library/PrivateFrameworks/JavaLaunching.framework/Versions/A/JavaLaunching
0x000000002791f000 	/System/Library/Frameworks/Carbon.framework/Versions/A/Frameworks/CommonPanels.framework/Versions/A/CommonPanels
0x000000002791f000 	/System/Library/Frameworks/Carbon.framework/Versions/A/Frameworks/Help.framework/Versions/A/Help
0x000000002791f000 	/System/Library/Frameworks/Carbon.framework/Versions/A/Frameworks/ImageCapture.framework/Versions/A/ImageCapture
0x000000002791f000 	/System/Library/Frameworks/Carbon.framework/Versions/A/Frameworks/OpenScripting.framework/Versions/A/OpenScripting
0x000000002791f000 	/System/Library/Frameworks/Carbon.framework/Versions/A/Frameworks/Print.framework/Versions/A/Print
0x000000002791f000 	/System/Library/Frameworks/Carbon.framework/Versions/A/Frameworks/SecurityHI.framework/Versions/A/SecurityHI
0x000000012b71f000 	/Library/Java/JavaVirtualMachines/jdk1.8.0_141.jdk/Contents/Home/jre/lib/libosx.dylib
0x000000012b72d000 	/Library/Java/JavaVirtualMachines/jdk1.8.0_141.jdk/Contents/Home/jre/lib/./libosxapp.dylib
0x000000002791f000 	/System/Library/Frameworks/ExceptionHandling.framework/Versions/A/ExceptionHandling
0x000000012b749000 	/Library/Java/JavaVirtualMachines/jdk1.8.0_141.jdk/Contents/Home/jre/lib/libawt.dylib
0x000000012b7f1000 	/Library/Java/JavaVirtualMachines/jdk1.8.0_141.jdk/Contents/Home/jre/lib/./libmlib_image.dylib
0x000000012b8bd000 	/Library/Java/JavaVirtualMachines/jdk1.8.0_141.jdk/Contents/Home/jre/lib/libawt_lwawt.dylib
0x000000002791f000 	/System/Library/PrivateFrameworks/CoreServicesInternal.framework/Versions/A/CoreServicesInternal
0x000000002791f000 	/System/Library/CoreServices/RawCamera.bundle/Contents/MacOS/RawCamera
0x000000002791f000 	/System/Library/PrivateFrameworks/MobileAsset.framework/Versions/A/MobileAsset
0x000000002791f000 	/System/Library/PrivateFrameworks/StreamingZip.framework/Versions/A/StreamingZip
0x000000002791f000 	/System/Library/Frameworks/MediaToolbox.framework/Versions/A/MediaToolbox
0x000000002791f000 	/System/Library/PrivateFrameworks/CoreAVCHD.framework/Versions/A/CoreAVCHD
0x000000002791f000 	/System/Library/Frameworks/MediaAccessibility.framework/Versions/A/MediaAccessibility
0x000000002791f000 	/System/Library/PrivateFrameworks/Mangrove.framework/Versions/A/Mangrove
0x000000002791f000 	/System/Library/Frameworks/CoreMedia.framework/Versions/A/CoreMedia
0x000000002791f000 	/System/Library/Frameworks/VideoToolbox.framework/Versions/A/VideoToolbox
0x000000002791f000 	/System/Library/PrivateFrameworks/CoreAUC.framework/Versions/A/CoreAUC
0x000000002791f000 	/usr/lib/libspindump.dylib
0x000000002791f000 	/System/Library/PrivateFrameworks/AppleVA.framework/Versions/A/AppleVA
0x000000002791f000 	/System/Library/Frameworks/Accelerate.framework/Versions/A/Frameworks/vImage.framework/Versions/A/Libraries/libCGInterfaces.dylib
0x000000002791f000 	/System/Library/Frameworks/ApplicationServices.framework/Versions/A/Frameworks/ATS.framework/Versions/A/Resources/libTrueTypeScaler.dylib
0x000000002791f000 	/System/Library/Extensions/AppleIntelKBLGraphicsMTLDriver.bundle/Contents/MacOS/AppleIntelKBLGraphicsMTLDriver
0x000000002791f000 	/System/Library/PrivateFrameworks/GPUCompiler.framework/Versions/3802/Libraries/libmetal_timestamp.dylib
0x000000002791f000 	/System/Library/PrivateFrameworks/FamilyControls.framework/Versions/A/FamilyControls
0x000000002791f000 	/System/Library/PrivateFrameworks/CommerceKit.framework/Versions/A/Frameworks/CommerceCore.framework/Versions/A/CommerceCore
0x000000002791f000 	/System/Library/PrivateFrameworks/SystemAdministration.framework/Versions/A/SystemAdministration
0x000000002791f000 	/System/Library/PrivateFrameworks/AppContainer.framework/Versions/A/AppContainer
0x000000002791f000 	/System/Library/PrivateFrameworks/SecCodeWrapper.framework/Versions/A/SecCodeWrapper
0x000000002791f000 	/System/Library/PrivateFrameworks/DiskManagement.framework/Versions/A/DiskManagement
0x000000002791f000 	/System/Library/Frameworks/DirectoryService.framework/Versions/A/DirectoryService
0x000000002791f000 	/System/Library/PrivateFrameworks/DiskImages.framework/Versions/A/DiskImages
0x000000002791f000 	/System/Library/PrivateFrameworks/LoginUIKit.framework/Versions/A/Frameworks/LoginUICore.framework/Versions/A/LoginUICore
0x000000002791f000 	/usr/lib/libCoreStorage.dylib
0x000000002791f000 	/usr/lib/libcsfde.dylib
0x000000002791f000 	/usr/lib/libodfde.dylib
0x000000002791f000 	/System/Library/PrivateFrameworks/MediaKit.framework/Versions/A/MediaKit
0x000000002791f000 	/System/Library/Frameworks/DiscRecording.framework/Versions/A/DiscRecording
0x000000002791f000 	/System/Library/PrivateFrameworks/EFILogin.framework/Versions/A/EFILogin
0x000000002791f000 	/System/Library/PrivateFrameworks/ProtectedCloudStorage.framework/Versions/A/ProtectedCloudStorage
0x000000002791f000 	/usr/lib/libcurl.4.dylib
0x000000002791f000 	/usr/lib/libcrypto.35.dylib
0x000000002791f000 	/usr/lib/libssl.35.dylib
0x000000002791f000 	/System/Library/Frameworks/LDAP.framework/Versions/A/LDAP
0x000000002791f000 	/System/Library/PrivateFrameworks/TrustEvaluationAgent.framework/Versions/A/TrustEvaluationAgent
0x000000002791f000 	/usr/lib/libsasl2.2.dylib
0x000000002791f000 	/System/Library/PrivateFrameworks/CoreDaemon.framework/Versions/B/CoreDaemon
0x000000002791f000 	/System/Library/PrivateFrameworks/AppleSRP.framework/Versions/A/AppleSRP
0x000000012e0dd000 	/Library/Java/JavaVirtualMachines/jdk1.8.0_141.jdk/Contents/Home/jre/lib/libfontmanager.dylib
0x000000002791f000 	/System/Library/PrivateFrameworks/ViewBridge.framework/Versions/A/ViewBridge

VM Arguments:
jvm_args: -Dfile.encoding=windows-1252 -ea 
java_command: com.codename1.impl.javase.Simulator com.todocatalyst.todocatalyst.TodoCatalystParse
java_class_path (initial): /Users/thomashjelm/NetBeansProjects/CodenameOne/CodenameOne/dist/CodenameOne.jar:/Users/thomashjelm/NetBeansProjects/CN1JSON/dist/CN1JSON.jar:/Users/thomashjelm/NetBeansProjects/parse4cn1/dist/parse4cn1.jar:/Users/thomashjelm/NetBeansProjects/todocatalyst/override:/Users/thomashjelm/NetBeansProjects/todocatalyst/test:/Users/thomashjelm/NetBeansProjects/CodenameOne/Ports/JavaSE/dist/JavaSE.jar:/Users/thomashjelm/NetBeansProjects/todocatalyst/build/classes
Launcher Type: SUN_STANDARD

Environment Variables:
PATH=/usr/bin:/bin:/usr/sbin:/sbin
LD_LIBRARY_PATH=/Library/Java/JavaVirtualMachines/jdk1.8.0_141.jdk/Contents/Home/jre/lib/amd64:/Library/Java/JavaVirtualMachines/jdk1.8.0_141.jdk/Contents/Home/jre/lib/i386:
SHELL=/bin/bash

Signal Handlers:
SIGSEGV: [libjvm.dylib+0x5b26e5], sa_mask[0]=11111111011111110111111111111111, sa_flags=SA_ONSTACK|SA_RESTART|SA_SIGINFO
SIGBUS: [libjvm.dylib+0x5b26e5], sa_mask[0]=11111111011111110111111111111111, sa_flags=SA_RESTART|SA_SIGINFO
SIGFPE: [libjvm.dylib+0x489100], sa_mask[0]=11111111011111110111111111111111, sa_flags=SA_RESTART|SA_SIGINFO
SIGPIPE: [libjvm.dylib+0x489100], sa_mask[0]=11111111011111110111111111111111, sa_flags=SA_RESTART|SA_SIGINFO
SIGXFSZ: [libjvm.dylib+0x489100], sa_mask[0]=11111111011111110111111111111111, sa_flags=SA_RESTART|SA_SIGINFO
SIGILL: [libjvm.dylib+0x489100], sa_mask[0]=11111111011111110111111111111111, sa_flags=SA_RESTART|SA_SIGINFO
SIGUSR1: SIG_DFL, sa_mask[0]=00000000000000000000000000000000, sa_flags=none
SIGUSR2: [libjvm.dylib+0x488c1e], sa_mask[0]=00100000000000000000000000000000, sa_flags=SA_RESTART|SA_SIGINFO
SIGHUP: [libjvm.dylib+0x4871f5], sa_mask[0]=11111111011111110111111111111111, sa_flags=SA_RESTART|SA_SIGINFO
SIGINT: SIG_IGN, sa_mask[0]=00000000000000000000000000000000, sa_flags=none
SIGTERM: [libjvm.dylib+0x4871f5], sa_mask[0]=11111111011111110111111111111111, sa_flags=SA_RESTART|SA_SIGINFO
SIGQUIT: [libjvm.dylib+0x4871f5], sa_mask[0]=11111111011111110111111111111111, sa_flags=SA_RESTART|SA_SIGINFO


---------------  S Y S T E M  ---------------

OS:Bsduname:Darwin 17.5.0 Darwin Kernel Version 17.5.0: Mon Mar  5 22:24:32 PST 2018; root:xnu-4570.51.1~1/RELEASE_X86_64 x86_64
rlimit: STACK 8192k, CORE 0k, NPROC 1418, NOFILE 10240, AS infinity
load average:20.75 6.49 6.34

CPU:total 4 (initial active 4) (2 cores per cpu, 2 threads per core) family 6 model 142 stepping 9, cmov, cx8, fxsr, mmx, sse, sse2, sse3, ssse3, sse4.1, sse4.2, popcnt, avx, avx2, aes, clmul, erms, rtm, 3dnowpref, lzcnt, ht, tsc, tscinvbit, bmi1, bmi2, adx

Memory: 4k page, physical 16777216k(1096940k free)

/proc/meminfo:


vm_info: Java HotSpot(TM) 64-Bit Server VM (25.141-b15) for bsd-amd64 JRE (1.8.0_141-b15), built on Jul 12 2017 04:35:23 by "java_re" with gcc 4.2.1 (Based on Apple Inc. build 5658) (LLVM build 2336.11.00)

time: Fri Apr 20 12:12:03 2018
elapsed time: 4 seconds (0d 0h 0m 4s)

