#
# A fatal error has been detected by the Java Runtime Environment:
#
#  SIGSEGV (0xb) at pc=0x000000011e422469, pid=47554, tid=0x000000000001270f
#
# JRE version: Java(TM) SE Runtime Environment (8.0_141-b15) (build 1.8.0_141-b15)
# Java VM: Java HotSpot(TM) 64-Bit Server VM (25.141-b15 mixed mode bsd-amd64 compressed oops)
# Problematic frame:
# C  [libawt_lwawt.dylib+0x1c469]  OGLSD_SetScratchSurface+0x53
#
# Failed to write core dump. Core dumps have been disabled. To enable core dumping, try "ulimit -c unlimited" before starting Java again
#
# If you would like to submit a bug report, please visit:
#   http://bugreport.java.com/bugreport/crash.jsp
# The crash happened outside the Java Virtual Machine in native code.
# See problematic frame for where to report the bug.
#

---------------  T H R E A D  ---------------

Current thread (0x00007fe472a50800):  JavaThread "Java2D Queue Flusher" daemon [_thread_in_native, id=75535, stack(0x0000700002027000,0x0000700002127000)]

siginfo: si_signo: 11 (SIGSEGV), si_code: 1 (SEGV_MAPERR), si_addr: 0x0000000000000000

Registers:
RAX=0x00007fe473ab2038, RBX=0x00007fe4724a0002, RCX=0x00007fe473ab2040, RDX=0x000000011e443258
RSP=0x0000700002126800, RBP=0x0000700002126820, RSI=0x00007fe473ab2000, RDI=0x00007fe473ab2038
R8 =0x0000000000000a90, R9 =0xffffffff00000000, R10=0x0000000103ffdc38, R11=0x0000000000000000
R12=0x0000000000000000, R13=0x0000000104025ca0, R14=0x00007fe472a509f8, R15=0x0000000000000000
RIP=0x000000011e422469, EFLAGS=0x0000000000010206, ERR=0x0000000000000004
  TRAPNO=0x000000000000000e

Top of Stack: (sp=0x0000700002126800)
0x0000700002126800:   00007fe479a7c120 0000000000000000
0x0000700002126810:   00007fe472a60410 00007fe472a50800
0x0000700002126820:   00007000021268a0 000000011e442d36
0x0000700002126830:   0000000000000000 0000000000000000
0x0000700002126840:   0000000000000000 0000000100000000
0x0000700002126850:   0000700000000361 00007fe40000074e
0x0000700002126860:   0000700002126880 00007fe472a60420
0x0000700002126870:   00007fe40015a818 00007fe472a509f8
0x0000700002126880:   00000006c0c81268 0000000000000000
0x0000700002126890:   0000700002126978 00007fe472a50800
0x00007000021268a0:   00007000021268f0 0000000103ffdcaa
0x00007000021268b0:   00000006c0c81268 00007fe472485238
0x00007000021268c0:   0000700002126920 00000001027501e8
0x00007000021268d0:   0000000000000005 00007fe472a50800
0x00007000021268e0:   00000006c0c67c01 00007fe472484e40
0x00007000021268f0:   00000000d819024d 0000000103547e84
0x0000700002126900:   00007fe472a50800 00000007c0039758
0x0000700002126910:   0000700002126978 00007fe472a50800
0x0000700002126920:   0000700002126970 0000000103540f68
0x0000700002126930:   00000006c0c67cd0 0000700002126978
0x0000700002126940:   0000000121be4188 0000000000000000
0x0000700002126950:   00000006c0c81268 0000000000000020
0x0000700002126960:   0000700002126980 00000000f33257d9
0x0000700002126970:   00000000d819024d 0000000104025c78
0x0000700002126980:   d819024dffffffff 00007fe400000000
0x0000700002126990:   00000006c0c67cd0 00000006c0d930a8
0x00007000021269a0:   0000000793f61360 0000000000000001
0x00007000021269b0:   00000006c0c67cd0 00007000021269a8
0x00007000021269c0:   0000000793f88b20 0000700002126a20
0x00007000021269d0:   000000011c3ea8f0 00000006c0c67e48
0x00007000021269e0:   00000006c0c67e50 00000006c0c67e4c
0x00007000021269f0:   00000006c0c67e54 0000000000000000 

Instructions: (pc=0x000000011e422469)
0x000000011e422449:   48 85 db 75 0e bf 01 00 00 00 48 8d 15 67 7b 03
0x000000011e422459:   00 eb d6 49 89 fe 4c 8b 3b 30 c0 e8 21 a6 02 00
0x000000011e422469:   49 8b 3f 49 89 c4 48 8b 35 aa 02 06 00 30 c0 e8
0x000000011e422479:   4b a7 02 00 48 85 c0 75 4e 30 c0 e8 9f 0f 02 00 

Register to memory mapping:

RAX=0x00007fe473ab2038 is an unknown value
RBX=0x00007fe4724a0002 is an unknown value
RCX=0x00007fe473ab2040 is an unknown value
RDX=0x000000011e443258: Java_sun_java2d_opengl_OGLRenderQueue_flushBuffer+0xb5c in /Library/Java/JavaVirtualMachines/jdk1.8.0_141.jdk/Contents/Home/jre/lib/libawt_lwawt.dylib at 0x000000011e406000
RSP=0x0000700002126800 is pointing into the stack for thread: 0x00007fe472a50800
RBP=0x0000700002126820 is pointing into the stack for thread: 0x00007fe472a50800
RSI=0x00007fe473ab2000 is an unknown value
RDI=0x00007fe473ab2038 is an unknown value
R8 =0x0000000000000a90 is an unknown value
R9 =0xffffffff00000000 is an unknown value
R10=0x0000000103ffdc38 is at entry_point+56 in (nmethod*)0x0000000103ffda90
R11=0x0000000000000000 is an unknown value
R12=0x0000000000000000 is an unknown value
R13=0x0000000104025ca0 is at entry_point+992 in (nmethod*)0x00000001040255d0
R14=0x00007fe472a509f8 is an unknown value
R15=0x0000000000000000 is an unknown value


Stack: [0x0000700002027000,0x0000700002127000],  sp=0x0000700002126800,  free space=1022k
Native frames: (J=compiled Java code, j=interpreted, Vv=VM code, C=native code)
C  [libawt_lwawt.dylib+0x1c469]  OGLSD_SetScratchSurface+0x53
C  [libawt_lwawt.dylib+0x3cd36]  Java_sun_java2d_opengl_OGLRenderQueue_flushBuffer+0x63a
J 4746  sun.java2d.opengl.OGLRenderQueue.flushBuffer(JI)V (0 bytes) @ 0x0000000103ffdcaa [0x0000000103ffdc00+0xaa]
J 4671 C1 sun.java2d.opengl.OGLRenderQueue.flushBuffer()V (41 bytes) @ 0x0000000103547e84 [0x0000000103547c20+0x264]
J 5677% C2 sun.java2d.opengl.OGLRenderQueue$QueueFlusher.run()V (234 bytes) @ 0x0000000104025c78 [0x00000001040258c0+0x3b8]
v  ~StubRoutines::call_stub
V  [libjvm.dylib+0x2ee70a]
V  [libjvm.dylib+0x2eeeae]
V  [libjvm.dylib+0x2ef05a]
V  [libjvm.dylib+0x3497b1]
V  [libjvm.dylib+0x56c0b3]
V  [libjvm.dylib+0x56d7a0]
V  [libjvm.dylib+0x48baee]
C  [libsystem_pthread.dylib+0x6109]  _pthread_start+0x94
C  [libsystem_pthread.dylib+0x1b8b]  thread_start+0xf
C  0x0000000000000000

Java frames: (J=compiled Java code, j=interpreted, Vv=VM code)
J 4746  sun.java2d.opengl.OGLRenderQueue.flushBuffer(JI)V (0 bytes) @ 0x0000000103ffdc38 [0x0000000103ffdc00+0x38]
J 4671 C1 sun.java2d.opengl.OGLRenderQueue.flushBuffer()V (41 bytes) @ 0x0000000103547e84 [0x0000000103547c20+0x264]
J 5677% C2 sun.java2d.opengl.OGLRenderQueue$QueueFlusher.run()V (234 bytes) @ 0x0000000104025c78 [0x00000001040258c0+0x3b8]
v  ~StubRoutines::call_stub

---------------  P R O C E S S  ---------------

Java Threads: ( => current thread )
  0x00007fe47ac86800 JavaThread "Thread-34" [_thread_blocked, id=65563, stack(0x0000700002945000,0x0000700002a45000)]
  0x00007fe474265000 JavaThread "TimerQueue" daemon [_thread_blocked, id=69147, stack(0x0000700002842000,0x0000700002942000)]
  0x00007fe4741a2800 JavaThread "Timer-25" [_thread_blocked, id=47999, stack(0x0000700002b4b000,0x0000700002c4b000)]
  0x00007fe473f53000 JavaThread "Timer-3" [_thread_blocked, id=58139, stack(0x0000700002a48000,0x0000700002b48000)]
  0x00007fe47a04a000 JavaThread "cacheUpdate" [_thread_blocked, id=31255, stack(0x00007000022b0000,0x00007000023b0000)]
  0x00007fe47a01c000 JavaThread "invokeAndBlock1" [_thread_blocked, id=70659, stack(0x000070000273f000,0x000070000283f000)]
  0x00007fe47451c800 JavaThread "Network Thread" [_thread_in_native, id=59911, stack(0x000070000263c000,0x000070000273c000)]
  0x00007fe47a01b000 JavaThread "Timer-1" [_thread_blocked, id=59671, stack(0x0000700002539000,0x0000700002639000)]
  0x00007fe474515800 JavaThread "EDT" [_thread_blocked, id=58443, stack(0x0000700002436000,0x0000700002536000)]
  0x00007fe474189800 JavaThread "Java2D Disposer" daemon [_thread_blocked, id=72723, stack(0x000070000212a000,0x000070000222a000)]
=>0x00007fe472a50800 JavaThread "Java2D Queue Flusher" daemon [_thread_in_native, id=75535, stack(0x0000700002027000,0x0000700002127000)]
  0x00007fe473158800 JavaThread "Thread-6" daemon [_thread_in_native, id=52235, stack(0x0000700001f24000,0x0000700002024000)]
  0x00007fe47295d800 JavaThread "process reaper" daemon [_thread_in_native, id=76043, stack(0x0000700001ef9000,0x0000700001f21000)]
  0x00007fe473113000 JavaThread "DestroyJavaVM" [_thread_blocked, id=3843, stack(0x0000700000525000,0x0000700000625000)]
  0x00007fe472967000 JavaThread "Thread-4" [_thread_blocked, id=49923, stack(0x0000700001df6000,0x0000700001ef6000)]
  0x00007fe47425e000 JavaThread "Thread-3" daemon [_thread_in_native, id=79115, stack(0x0000700001cf3000,0x0000700001df3000)]
  0x00007fe47425d000 JavaThread "Timer-0" daemon [_thread_blocked, id=49667, stack(0x0000700001bf0000,0x0000700001cf0000)]
  0x00007fe47424f000 JavaThread "org.netbeans.modules.debugger.jpda.visual AWT Access Loop" daemon [_thread_blocked, id=79619, stack(0x0000700001aed000,0x0000700001bed000)]
  0x00007fe472944800 JavaThread "AWT-EventQueue-0" [_thread_blocked, id=48651, stack(0x00007000019ea000,0x0000700001aea000)]
  0x00007fe474185000 JavaThread "AWT-Shutdown" [_thread_blocked, id=37659, stack(0x00007000017e1000,0x00007000018e1000)]
  0x00007fe47391f800 JavaThread "AppKit Thread" daemon [_thread_in_native, id=775, stack(0x00007ffeedace000,0x00007ffeee2ce000)]
  0x00007fe473847800 JavaThread "Service Thread" daemon [_thread_blocked, id=14595, stack(0x0000700001558000,0x0000700001658000)]
  0x00007fe474018800 JavaThread "C1 CompilerThread2" daemon [_thread_blocked, id=16899, stack(0x0000700001455000,0x0000700001555000)]
  0x00007fe47401c000 JavaThread "C2 CompilerThread1" daemon [_thread_blocked, id=17411, stack(0x0000700001352000,0x0000700001452000)]
  0x00007fe472852800 JavaThread "C2 CompilerThread0" daemon [_thread_blocked, id=17923, stack(0x000070000124f000,0x000070000134f000)]
  0x00007fe47300a800 JavaThread "JDWP Command Reader" daemon [_thread_in_native, id=14339, stack(0x000070000114c000,0x000070000124c000)]
  0x00007fe473847000 JavaThread "JDWP Event Helper Thread" daemon [_thread_blocked, id=18691, stack(0x0000700001049000,0x0000700001149000)]
  0x00007fe473842800 JavaThread "JDWP Transport Listener: dt_socket" daemon [_thread_blocked, id=14087, stack(0x0000700000f46000,0x0000700001046000)]
  0x00007fe472851000 JavaThread "Signal Dispatcher" daemon [_thread_blocked, id=13571, stack(0x0000700000e43000,0x0000700000f43000)]
  0x00007fe47400e800 JavaThread "Finalizer" daemon [_thread_blocked, id=20483, stack(0x0000700000c3a000,0x0000700000d3a000)]
  0x00007fe47383e800 JavaThread "Reference Handler" daemon [_thread_blocked, id=20995, stack(0x0000700000b37000,0x0000700000c37000)]

Other Threads:
  0x00007fe47400d800 VMThread [stack: 0x0000700000a34000,0x0000700000b34000] [id=11011]
  0x00007fe473843000 WatcherThread [stack: 0x000070000165b000,0x000070000175b000] [id=14851]

VM state:not at safepoint (normal execution)

VM Mutex/Monitor currently owned by a thread: None

Heap:
 PSYoungGen      total 806400K, used 46409K [0x000000076ab00000, 0x00000007b7800000, 0x00000007c0000000)
  eden space 773120K, 3% used [0x000000076ab00000,0x000000076c871c70,0x0000000799e00000)
  from space 33280K, 48% used [0x0000000799e00000,0x000000079ade0a50,0x000000079be80000)
  to   space 31744K, 0% used [0x00000007b5900000,0x00000007b5900000,0x00000007b7800000)
 ParOldGen       total 193536K, used 74701K [0x00000006c0000000, 0x00000006cbd00000, 0x000000076ab00000)
  object space 193536K, 38% used [0x00000006c0000000,0x00000006c48f3550,0x00000006cbd00000)
 Metaspace       used 31453K, capacity 33096K, committed 33408K, reserved 1079296K
  class space    used 3873K, capacity 4143K, committed 4224K, reserved 1048576K

Card table byte_map: [0x0000000112767000,0x0000000112f68000] byte_map_base: 0x000000010f167000

Marking Bits: (ParMarkBitMap*) 0x0000000102cf35d0
 Begin Bits: [0x00000001134be000, 0x00000001174be000)
 End Bits:   [0x00000001174be000, 0x000000011b4be000)

Polling page: 0x00000001019a0000

CodeCache: size=245760Kb used=21428Kb max_used=21502Kb free=224331Kb
 bounds [0x00000001033a7000, 0x00000001048c7000, 0x00000001123a7000]
 total_blobs=6031 nmethods=5310 adapters=637
 compilation: enabled

Compilation events (10 events):
Event: 109945.878 Thread 0x00007fe474018800 6987       3       com.codename1.impl.javase.JavaSEPort::isEditingText (21 bytes)
Event: 109945.879 Thread 0x00007fe474018800 nmethod 6987 0x000000010367dbd0 code [0x000000010367dd40, 0x000000010367df30]
Event: 109945.881 Thread 0x00007fe472852800 6988  s    4       sun.java2d.opengl.OGLRenderQueue::getInstance (20 bytes)
Event: 109945.883 Thread 0x00007fe472852800 nmethod 6988 0x00000001048b7710 code [0x00000001048b7860, 0x00000001048b7ab8]
Event: 109945.899 Thread 0x00007fe474018800 6989       3       sun.java2d.SunGraphics2D::setStroke (60 bytes)
Event: 109945.900 Thread 0x00007fe474018800 nmethod 6989 0x000000010377a0d0 code [0x000000010377a280, 0x000000010377a868]
Event: 109945.909 Thread 0x00007fe474018800 6990   !   3       sun.java2d.Disposer::clearDeferredRecords (70 bytes)
Event: 109945.913 Thread 0x00007fe474018800 nmethod 6990 0x0000000103abbc10 code [0x0000000103abbe60, 0x0000000103abca38]
Event: 109945.934 Thread 0x00007fe474018800 6991       3       sun.java2d.DefaultDisposerRecord::dispose (12 bytes)
Event: 109945.935 Thread 0x00007fe474018800 nmethod 6991 0x00000001048a1950 code [0x00000001048a1ac0, 0x00000001048a1c68]

GC Heap History (10 events):
Event: 684.968 GC heap before
{Heap before GC invocations=9 (full 1):
 PSYoungGen      total 270848K, used 259229K [0x000000076ab00000, 0x000000078bc00000, 0x00000007c0000000)
  eden space 262144K, 98% used [0x000000076ab00000,0x000000077a827570,0x000000077ab00000)
  from space 8704K, 0% used [0x000000077ab00000,0x000000077ab00000,0x000000077b380000)
  to   space 8704K, 0% used [0x000000078b380000,0x000000078b380000,0x000000078bc00000)
 ParOldGen       total 123904K, used 22711K [0x00000006c0000000, 0x00000006c7900000, 0x000000076ab00000)
  object space 123904K, 18% used [0x00000006c0000000,0x00000006c162dc68,0x00000006c7900000)
 Metaspace       used 26868K, capacity 28434K, committed 28800K, reserved 1075200K
  class space    used 3329K, capacity 3600K, committed 3712K, reserved 1048576K
Event: 684.989 GC heap after
Heap after GC invocations=9 (full 1):
 PSYoungGen      total 513024K, used 8693K [0x000000076ab00000, 0x000000078bc00000, 0x00000007c0000000)
  eden space 504320K, 0% used [0x000000076ab00000,0x000000076ab00000,0x0000000789780000)
  from space 8704K, 99% used [0x000000078b380000,0x000000078bbfd550,0x000000078bc00000)
  to   space 11264K, 0% used [0x000000078a600000,0x000000078a600000,0x000000078b100000)
 ParOldGen       total 123904K, used 27735K [0x00000006c0000000, 0x00000006c7900000, 0x000000076ab00000)
  object space 123904K, 22% used [0x00000006c0000000,0x00000006c1b15cc8,0x00000006c7900000)
 Metaspace       used 26868K, capacity 28434K, committed 28800K, reserved 1075200K
  class space    used 3329K, capacity 3600K, committed 3712K, reserved 1048576K
}
Event: 913.537 GC heap before
{Heap before GC invocations=10 (full 1):
 PSYoungGen      total 513024K, used 513013K [0x000000076ab00000, 0x000000078bc00000, 0x00000007c0000000)
  eden space 504320K, 100% used [0x000000076ab00000,0x0000000789780000,0x0000000789780000)
  from space 8704K, 99% used [0x000000078b380000,0x000000078bbfd550,0x000000078bc00000)
  to   space 11264K, 0% used [0x000000078a600000,0x000000078a600000,0x000000078b100000)
 ParOldGen       total 123904K, used 27735K [0x00000006c0000000, 0x00000006c7900000, 0x000000076ab00000)
  object space 123904K, 22% used [0x00000006c0000000,0x00000006c1b15cc8,0x00000006c7900000)
 Metaspace       used 27618K, capacity 29284K, committed 29568K, reserved 1075200K
  class space    used 3358K, capacity 3639K, committed 3712K, reserved 1048576K
Event: 913.599 GC heap after
Heap after GC invocations=10 (full 1):
 PSYoungGen      total 530432K, used 11255K [0x000000076ab00000, 0x000000079db80000, 0x00000007c0000000)
  eden space 519168K, 0% used [0x000000076ab00000,0x000000076ab00000,0x000000078a600000)
  from space 11264K, 99% used [0x000000078a600000,0x000000078b0fdfe0,0x000000078b100000)
  to   space 29696K, 0% used [0x000000079be80000,0x000000079be80000,0x000000079db80000)
 ParOldGen       total 123904K, used 71852K [0x00000006c0000000, 0x00000006c7900000, 0x000000076ab00000)
  object space 123904K, 57% used [0x00000006c0000000,0x00000006c462b360,0x00000006c7900000)
 Metaspace       used 27618K, capacity 29284K, committed 29568K, reserved 1075200K
  class space    used 3358K, capacity 3639K, committed 3712K, reserved 1048576K
}
Event: 2690.685 GC heap before
{Heap before GC invocations=11 (full 1):
 PSYoungGen      total 530432K, used 530423K [0x000000076ab00000, 0x000000079db80000, 0x00000007c0000000)
  eden space 519168K, 100% used [0x000000076ab00000,0x000000078a600000,0x000000078a600000)
  from space 11264K, 99% used [0x000000078a600000,0x000000078b0fdfe0,0x000000078b100000)
  to   space 29696K, 0% used [0x000000079be80000,0x000000079be80000,0x000000079db80000)
 ParOldGen       total 123904K, used 71852K [0x00000006c0000000, 0x00000006c7900000, 0x000000076ab00000)
  object space 123904K, 57% used [0x00000006c0000000,0x00000006c462b360,0x00000006c7900000)
 Metaspace       used 27830K, capacity 29524K, committed 29824K, reserved 1075200K
  class space    used 3365K, capacity 3645K, committed 3712K, reserved 1048576K
Event: 2690.814 GC heap after
Heap after GC invocations=11 (full 1):
 PSYoungGen      total 802816K, used 28775K [0x000000076ab00000, 0x000000079f000000, 0x00000007c0000000)
  eden space 773120K, 0% used [0x000000076ab00000,0x000000076ab00000,0x0000000799e00000)
  from space 29696K, 96% used [0x000000079be80000,0x000000079da99d70,0x000000079db80000)
  to   space 33280K, 0% used [0x0000000799e00000,0x0000000799e00000,0x000000079be80000)
 ParOldGen       total 123904K, used 99831K [0x00000006c0000000, 0x00000006c7900000, 0x000000076ab00000)
  object space 123904K, 80% used [0x00000006c0000000,0x00000006c617dd30,0x00000006c7900000)
 Metaspace       used 27830K, capacity 29524K, committed 29824K, reserved 1075200K
  class space    used 3365K, capacity 3645K, committed 3712K, reserved 1048576K
}
Event: 2690.814 GC heap before
{Heap before GC invocations=12 (full 2):
 PSYoungGen      total 802816K, used 28775K [0x000000076ab00000, 0x000000079f000000, 0x00000007c0000000)
  eden space 773120K, 0% used [0x000000076ab00000,0x000000076ab00000,0x0000000799e00000)
  from space 29696K, 96% used [0x000000079be80000,0x000000079da99d70,0x000000079db80000)
  to   space 33280K, 0% used [0x0000000799e00000,0x0000000799e00000,0x000000079be80000)
 ParOldGen       total 123904K, used 99831K [0x00000006c0000000, 0x00000006c7900000, 0x000000076ab00000)
  object space 123904K, 80% used [0x00000006c0000000,0x00000006c617dd30,0x00000006c7900000)
 Metaspace       used 27830K, capacity 29524K, committed 29824K, reserved 1075200K
  class space    used 3365K, capacity 3645K, committed 3712K, reserved 1048576K
Event: 2690.903 GC heap after
Heap after GC invocations=12 (full 2):
 PSYoungGen      total 802816K, used 0K [0x000000076ab00000, 0x000000079f000000, 0x00000007c0000000)
  eden space 773120K, 0% used [0x000000076ab00000,0x000000076ab00000,0x0000000799e00000)
  from space 29696K, 0% used [0x000000079be80000,0x000000079be80000,0x000000079db80000)
  to   space 33280K, 0% used [0x0000000799e00000,0x0000000799e00000,0x000000079be80000)
 ParOldGen       total 193536K, used 74693K [0x00000006c0000000, 0x00000006cbd00000, 0x000000076ab00000)
  object space 193536K, 38% used [0x00000006c0000000,0x00000006c48f1550,0x00000006cbd00000)
 Metaspace       used 27830K, capacity 29524K, committed 29824K, reserved 1075200K
  class space    used 3365K, capacity 3645K, committed 3712K, reserved 1048576K
}
Event: 109945.625 GC heap before
{Heap before GC invocations=13 (full 2):
 PSYoungGen      total 802816K, used 772201K [0x000000076ab00000, 0x000000079f000000, 0x00000007c0000000)
  eden space 773120K, 99% used [0x000000076ab00000,0x0000000799d1a6e8,0x0000000799e00000)
  from space 29696K, 0% used [0x000000079be80000,0x000000079be80000,0x000000079db80000)
  to   space 33280K, 0% used [0x0000000799e00000,0x0000000799e00000,0x000000079be80000)
 ParOldGen       total 193536K, used 74693K [0x00000006c0000000, 0x00000006cbd00000, 0x000000076ab00000)
  object space 193536K, 38% used [0x00000006c0000000,0x00000006c48f1550,0x00000006cbd00000)
 Metaspace       used 31451K, capacity 33096K, committed 33408K, reserved 1079296K
  class space    used 3873K, capacity 4143K, committed 4224K, reserved 1048576K
Event: 109945.802 GC heap after
Heap after GC invocations=13 (full 2):
 PSYoungGen      total 806400K, used 16258K [0x000000076ab00000, 0x00000007b7800000, 0x00000007c0000000)
  eden space 773120K, 0% used [0x000000076ab00000,0x000000076ab00000,0x0000000799e00000)
  from space 33280K, 48% used [0x0000000799e00000,0x000000079ade0a50,0x000000079be80000)
  to   space 31744K, 0% used [0x00000007b5900000,0x00000007b5900000,0x00000007b7800000)
 ParOldGen       total 193536K, used 74701K [0x00000006c0000000, 0x00000006cbd00000, 0x000000076ab00000)
  object space 193536K, 38% used [0x00000006c0000000,0x00000006c48f3550,0x00000006cbd00000)
 Metaspace       used 31451K, capacity 33096K, committed 33408K, reserved 1079296K
  class space    used 3873K, capacity 4143K, committed 4224K, reserved 1048576K
}

Deoptimization events (10 events):
Event: 109945.858 Thread 0x00007fe474515800 Uncommon trap: reason=unstable_if action=reinterpret pc=0x0000000103b19e0c method=com.codename1.impl.javase.JavaSEPort.isEditingText()Z @ 4
Event: 109945.858 Thread 0x00007fe474515800 Uncommon trap: reason=unstable_if action=reinterpret pc=0x0000000103b19e0c method=com.codename1.impl.javase.JavaSEPort.isEditingText()Z @ 4
Event: 109945.858 Thread 0x00007fe474515800 Uncommon trap: reason=unstable_if action=reinterpret pc=0x0000000103ec8db8 method=com.codename1.impl.javase.JavaSEPort.isEditingText()Z @ 4
Event: 109945.860 Thread 0x00007fe474515800 Uncommon trap: reason=unstable_if action=reinterpret pc=0x0000000103b19e0c method=com.codename1.impl.javase.JavaSEPort.isEditingText()Z @ 4
Event: 109945.860 Thread 0x00007fe474515800 Uncommon trap: reason=unstable_if action=reinterpret pc=0x0000000103b19e0c method=com.codename1.impl.javase.JavaSEPort.isEditingText()Z @ 4
Event: 109945.865 Thread 0x00007fe474515800 Uncommon trap: reason=unstable_if action=reinterpret pc=0x0000000103b19e0c method=com.codename1.impl.javase.JavaSEPort.isEditingText()Z @ 4
Event: 109945.865 Thread 0x00007fe474515800 Uncommon trap: reason=unstable_if action=reinterpret pc=0x0000000103b19e0c method=com.codename1.impl.javase.JavaSEPort.isEditingText()Z @ 4
Event: 109945.865 Thread 0x00007fe474515800 Uncommon trap: reason=unstable_if action=reinterpret pc=0x0000000103b19e0c method=com.codename1.impl.javase.JavaSEPort.isEditingText()Z @ 4
Event: 109945.865 Thread 0x00007fe474515800 Uncommon trap: reason=unstable_if action=reinterpret pc=0x0000000103b19e0c method=com.codename1.impl.javase.JavaSEPort.isEditingText()Z @ 4
Event: 109945.898 Thread 0x00007fe474515800 Uncommon trap: reason=unstable_if action=reinterpret pc=0x00000001038cb988 method=com.codename1.ui.plaf.CSSBorder$ScalarUnit.equals(Ljava/lang/Object;)Z @ 39

Internal exceptions (10 events):
Event: 723.198 Thread 0x00007fe472944800 Implicit null exception at 0x0000000103f3d380 to 0x0000000103f3dd85
Event: 765.640 Thread 0x00007fe474515800 Implicit null exception at 0x00000001044900d3 to 0x0000000104493c15
Event: 2666.406 Thread 0x00007fe474515800 Implicit null exception at 0x000000010405485d to 0x0000000104054b32
Event: 46375.604 Thread 0x00007fe47391f800 Implicit null exception at 0x0000000104120acc to 0x0000000104120bdd
Event: 105528.200 Thread 0x00007fe472944800 Implicit null exception at 0x000000010386a8f4 to 0x000000010386b029
Event: 105528.364 Thread 0x00007fe472944800 Implicit null exception at 0x0000000103d8e54c to 0x0000000103d8e595
Event: 105528.956 Thread 0x00007fe472944800 Implicit null exception at 0x0000000104084bfa to 0x0000000104085241
Event: 105707.361 Thread 0x00007fe474515800 Implicit null exception at 0x0000000103de3c1f to 0x0000000103df025d
Event: 109902.355 Thread 0x00007fe474515800 Implicit null exception at 0x0000000103898416 to 0x0000000103898f05
Event: 109945.551 Thread 0x00007fe472944800 Implicit null exception at 0x0000000104831fe0 to 0x0000000104832102

Events (10 events):
Event: 109945.877 Thread 0x00007fe474018800 flushing nmethod 0x0000000103abbfd0
Event: 109945.877 Thread 0x00007fe474018800 flushing nmethod 0x0000000103ace690
Event: 109945.878 Thread 0x00007fe474018800 flushing nmethod 0x0000000103af8e50
Event: 109945.883 Thread 0x00007fe472852800 flushing nmethod 0x0000000103d05d90
Event: 109945.898 Thread 0x00007fe474515800 Uncommon trap: trap_request=0xffffff65 fr.pc=0x00000001038cb988
Event: 109945.898 Thread 0x00007fe474515800 DEOPT PACKING pc=0x00000001038cb988 sp=0x0000700002534b10
Event: 109945.898 Thread 0x00007fe474515800 DEOPT UNPACKING pc=0x00000001033ac229 sp=0x0000700002534a88 mode 2
Event: 109945.901 Thread 0x00007fe474018800 flushing nmethod 0x0000000103e25c50
Event: 109945.914 Thread 0x00007fe474018800 flushing nmethod 0x0000000103fc36d0
Event: 109945.936 Thread 0x00007fe474018800 flushing nmethod 0x0000000104070210


Dynamic libraries:
0x0000000009e97000 	/System/Library/Frameworks/Cocoa.framework/Versions/A/Cocoa
0x0000000009e97000 	/System/Library/Frameworks/Security.framework/Versions/A/Security
0x0000000009e97000 	/System/Library/Frameworks/ApplicationServices.framework/Versions/A/ApplicationServices
0x0000000009e97000 	/usr/lib/libz.1.dylib
0x0000000009e97000 	/usr/lib/libSystem.B.dylib
0x0000000009e97000 	/usr/lib/libobjc.A.dylib
0x0000000009e97000 	/System/Library/Frameworks/CoreFoundation.framework/Versions/A/CoreFoundation
0x0000000009e97000 	/System/Library/Frameworks/Foundation.framework/Versions/C/Foundation
0x0000000009e97000 	/System/Library/Frameworks/AppKit.framework/Versions/C/AppKit
0x0000000009e97000 	/System/Library/Frameworks/CoreData.framework/Versions/A/CoreData
0x0000000009e97000 	/System/Library/PrivateFrameworks/UIFoundation.framework/Versions/A/UIFoundation
0x0000000009e97000 	/System/Library/PrivateFrameworks/RemoteViewServices.framework/Versions/A/RemoteViewServices
0x0000000009e97000 	/System/Library/PrivateFrameworks/XCTTargetBootstrap.framework/Versions/A/XCTTargetBootstrap
0x0000000009e97000 	/System/Library/Frameworks/CoreDisplay.framework/Versions/A/CoreDisplay
0x0000000009e97000 	/System/Library/Frameworks/Metal.framework/Versions/A/Metal
0x0000000009e97000 	/System/Library/PrivateFrameworks/DesktopServicesPriv.framework/Versions/A/DesktopServicesPriv
0x0000000009e97000 	/usr/lib/liblangid.dylib
0x0000000009e97000 	/System/Library/PrivateFrameworks/CoreSVG.framework/Versions/A/CoreSVG
0x0000000009e97000 	/System/Library/PrivateFrameworks/SkyLight.framework/Versions/A/SkyLight
0x0000000009e97000 	/System/Library/Frameworks/CoreGraphics.framework/Versions/A/CoreGraphics
0x0000000009e97000 	/System/Library/Frameworks/Accelerate.framework/Versions/A/Accelerate
0x0000000009e97000 	/usr/lib/libxml2.2.dylib
0x0000000009e97000 	/System/Library/PrivateFrameworks/IconServices.framework/Versions/A/IconServices
0x0000000009e97000 	/System/Library/Frameworks/IOSurface.framework/Versions/A/IOSurface
0x0000000009e97000 	/usr/lib/libDiagnosticMessagesClient.dylib
0x0000000009e97000 	/System/Library/PrivateFrameworks/DFRFoundation.framework/Versions/A/DFRFoundation
0x0000000009e97000 	/usr/lib/libicucore.A.dylib
0x0000000009e97000 	/System/Library/Frameworks/AudioToolbox.framework/Versions/A/AudioToolbox
0x0000000009e97000 	/System/Library/Frameworks/AudioUnit.framework/Versions/A/AudioUnit
0x0000000009e97000 	/usr/lib/libauto.dylib
0x0000000009e97000 	/System/Library/PrivateFrameworks/DataDetectorsCore.framework/Versions/A/DataDetectorsCore
0x0000000009e97000 	/System/Library/Frameworks/Carbon.framework/Versions/A/Frameworks/HIToolbox.framework/Versions/A/HIToolbox
0x0000000009e97000 	/System/Library/Frameworks/QuartzCore.framework/Versions/A/QuartzCore
0x0000000009e97000 	/System/Library/Frameworks/Carbon.framework/Versions/A/Frameworks/SpeechRecognition.framework/Versions/A/SpeechRecognition
0x0000000009e97000 	/System/Library/PrivateFrameworks/CoreUI.framework/Versions/A/CoreUI
0x0000000009e97000 	/System/Library/Frameworks/CoreAudio.framework/Versions/A/CoreAudio
0x0000000009e97000 	/System/Library/Frameworks/DiskArbitration.framework/Versions/A/DiskArbitration
0x0000000009e97000 	/System/Library/PrivateFrameworks/MultitouchSupport.framework/Versions/A/MultitouchSupport
0x0000000009e97000 	/usr/lib/libenergytrace.dylib
0x0000000009e97000 	/System/Library/Frameworks/IOKit.framework/Versions/A/IOKit
0x0000000009e97000 	/System/Library/Frameworks/CoreServices.framework/Versions/A/CoreServices
0x0000000009e97000 	/System/Library/PrivateFrameworks/PerformanceAnalysis.framework/Versions/A/PerformanceAnalysis
0x0000000009e97000 	/System/Library/Frameworks/OpenGL.framework/Versions/A/OpenGL
0x0000000009e97000 	/System/Library/Frameworks/ColorSync.framework/Versions/A/ColorSync
0x0000000009e97000 	/System/Library/Frameworks/CoreImage.framework/Versions/A/CoreImage
0x0000000009e97000 	/System/Library/Frameworks/CoreText.framework/Versions/A/CoreText
0x0000000009e97000 	/System/Library/Frameworks/ImageIO.framework/Versions/A/ImageIO
0x0000000009e97000 	/usr/lib/libc++.1.dylib
0x0000000009e97000 	/usr/lib/libcompression.dylib
0x0000000009e97000 	/usr/lib/libMobileGestalt.dylib
0x0000000009e97000 	/System/Library/PrivateFrameworks/TextureIO.framework/Versions/A/TextureIO
0x0000000009e97000 	/usr/lib/libate.dylib
0x0000000009e97000 	/System/Library/PrivateFrameworks/InternationalSupport.framework/Versions/A/InternationalSupport
0x0000000009e97000 	/usr/lib/system/libcache.dylib
0x0000000009e97000 	/usr/lib/system/libcommonCrypto.dylib
0x0000000009e97000 	/usr/lib/system/libcompiler_rt.dylib
0x0000000009e97000 	/usr/lib/system/libcopyfile.dylib
0x0000000009e97000 	/usr/lib/system/libcorecrypto.dylib
0x0000000009e97000 	/usr/lib/system/libdispatch.dylib
0x0000000009e97000 	/usr/lib/system/libdyld.dylib
0x0000000009e97000 	/usr/lib/system/libkeymgr.dylib
0x0000000009e97000 	/usr/lib/system/liblaunch.dylib
0x0000000009e97000 	/usr/lib/system/libmacho.dylib
0x0000000009e97000 	/usr/lib/system/libquarantine.dylib
0x0000000009e97000 	/usr/lib/system/libremovefile.dylib
0x0000000009e97000 	/usr/lib/system/libsystem_asl.dylib
0x0000000009e97000 	/usr/lib/system/libsystem_blocks.dylib
0x0000000009e97000 	/usr/lib/system/libsystem_c.dylib
0x0000000009e97000 	/usr/lib/system/libsystem_configuration.dylib
0x0000000009e97000 	/usr/lib/system/libsystem_coreservices.dylib
0x0000000009e97000 	/usr/lib/system/libsystem_darwin.dylib
0x0000000009e97000 	/usr/lib/system/libsystem_dnssd.dylib
0x0000000009e97000 	/usr/lib/system/libsystem_featureflags.dylib
0x0000000009e97000 	/usr/lib/system/libsystem_info.dylib
0x0000000009e97000 	/usr/lib/system/libsystem_m.dylib
0x0000000009e97000 	/usr/lib/system/libsystem_malloc.dylib
0x0000000009e97000 	/usr/lib/system/libsystem_networkextension.dylib
0x0000000009e97000 	/usr/lib/system/libsystem_notify.dylib
0x0000000009e97000 	/usr/lib/system/libsystem_sandbox.dylib
0x0000000009e97000 	/usr/lib/system/libsystem_secinit.dylib
0x0000000009e97000 	/usr/lib/system/libsystem_kernel.dylib
0x0000000009e97000 	/usr/lib/system/libsystem_platform.dylib
0x0000000009e97000 	/usr/lib/system/libsystem_pthread.dylib
0x0000000009e97000 	/usr/lib/system/libsystem_symptoms.dylib
0x0000000009e97000 	/usr/lib/system/libsystem_trace.dylib
0x0000000009e97000 	/usr/lib/system/libunwind.dylib
0x0000000009e97000 	/usr/lib/system/libxpc.dylib
0x0000000009e97000 	/usr/lib/libc++abi.dylib
0x0000000009e97000 	/usr/lib/liblzma.5.dylib
0x0000000009e97000 	/usr/lib/libfakelink.dylib
0x0000000009e97000 	/usr/lib/libarchive.2.dylib
0x0000000009e97000 	/System/Library/Frameworks/SystemConfiguration.framework/Versions/A/SystemConfiguration
0x0000000009e97000 	/usr/lib/libCRFSuite.dylib
0x0000000009e97000 	/System/Library/Frameworks/CFNetwork.framework/Versions/A/CFNetwork
0x0000000009e97000 	/usr/lib/libbsm.0.dylib
0x0000000009e97000 	/usr/lib/system/libkxld.dylib
0x0000000009e97000 	/System/Library/PrivateFrameworks/AppleFSCompression.framework/Versions/A/AppleFSCompression
0x0000000009e97000 	/usr/lib/libcoretls.dylib
0x0000000009e97000 	/usr/lib/libcoretls_cfhelpers.dylib
0x0000000009e97000 	/usr/lib/libpam.2.dylib
0x0000000009e97000 	/usr/lib/libsqlite3.dylib
0x0000000009e97000 	/usr/lib/libxar.1.dylib
0x0000000009e97000 	/usr/lib/libbz2.1.0.dylib
0x0000000009e97000 	/usr/lib/libiconv.2.dylib
0x0000000009e97000 	/usr/lib/libcharset.1.dylib
0x0000000009e97000 	/usr/lib/libnetwork.dylib
0x0000000009e97000 	/usr/lib/libpcap.A.dylib
0x0000000009e97000 	/usr/lib/libapple_nghttp2.dylib
0x0000000009e97000 	/System/Library/Frameworks/CoreServices.framework/Versions/A/Frameworks/FSEvents.framework/Versions/A/FSEvents
0x0000000009e97000 	/System/Library/Frameworks/CoreServices.framework/Versions/A/Frameworks/CarbonCore.framework/Versions/A/CarbonCore
0x0000000009e97000 	/System/Library/Frameworks/CoreServices.framework/Versions/A/Frameworks/Metadata.framework/Versions/A/Metadata
0x0000000009e97000 	/System/Library/Frameworks/CoreServices.framework/Versions/A/Frameworks/OSServices.framework/Versions/A/OSServices
0x0000000009e97000 	/System/Library/Frameworks/CoreServices.framework/Versions/A/Frameworks/SearchKit.framework/Versions/A/SearchKit
0x0000000009e97000 	/System/Library/Frameworks/CoreServices.framework/Versions/A/Frameworks/AE.framework/Versions/A/AE
0x0000000009e97000 	/System/Library/Frameworks/CoreServices.framework/Versions/A/Frameworks/LaunchServices.framework/Versions/A/LaunchServices
0x0000000009e97000 	/System/Library/Frameworks/CoreServices.framework/Versions/A/Frameworks/DictionaryServices.framework/Versions/A/DictionaryServices
0x0000000009e97000 	/System/Library/Frameworks/CoreServices.framework/Versions/A/Frameworks/SharedFileList.framework/Versions/A/SharedFileList
0x0000000009e97000 	/System/Library/Frameworks/NetFS.framework/Versions/A/NetFS
0x0000000009e97000 	/System/Library/PrivateFrameworks/NetAuth.framework/Versions/A/NetAuth
0x0000000009e97000 	/System/Library/PrivateFrameworks/login.framework/Versions/A/Frameworks/loginsupport.framework/Versions/A/loginsupport
0x0000000009e97000 	/System/Library/PrivateFrameworks/TCC.framework/Versions/A/TCC
0x0000000009e97000 	/System/Library/PrivateFrameworks/CoreNLP.framework/Versions/A/CoreNLP
0x0000000009e97000 	/System/Library/PrivateFrameworks/MetadataUtilities.framework/Versions/A/MetadataUtilities
0x0000000009e97000 	/usr/lib/libmecabra.dylib
0x0000000009e97000 	/usr/lib/libmecab.dylib
0x0000000009e97000 	/usr/lib/libgermantok.dylib
0x0000000009e97000 	/usr/lib/libThaiTokenizer.dylib
0x0000000009e97000 	/usr/lib/libChineseTokenizer.dylib
0x0000000009e97000 	/System/Library/Frameworks/Accelerate.framework/Versions/A/Frameworks/vImage.framework/Versions/A/vImage
0x0000000009e97000 	/System/Library/Frameworks/Accelerate.framework/Versions/A/Frameworks/vecLib.framework/Versions/A/vecLib
0x0000000009e97000 	/System/Library/Frameworks/Accelerate.framework/Versions/A/Frameworks/vecLib.framework/Versions/A/libvMisc.dylib
0x0000000009e97000 	/System/Library/Frameworks/Accelerate.framework/Versions/A/Frameworks/vecLib.framework/Versions/A/libvDSP.dylib
0x0000000009e97000 	/System/Library/Frameworks/Accelerate.framework/Versions/A/Frameworks/vecLib.framework/Versions/A/libBLAS.dylib
0x0000000009e97000 	/System/Library/Frameworks/Accelerate.framework/Versions/A/Frameworks/vecLib.framework/Versions/A/libLAPACK.dylib
0x0000000009e97000 	/System/Library/Frameworks/Accelerate.framework/Versions/A/Frameworks/vecLib.framework/Versions/A/libLinearAlgebra.dylib
0x0000000009e97000 	/System/Library/Frameworks/Accelerate.framework/Versions/A/Frameworks/vecLib.framework/Versions/A/libSparseBLAS.dylib
0x0000000009e97000 	/System/Library/Frameworks/Accelerate.framework/Versions/A/Frameworks/vecLib.framework/Versions/A/libQuadrature.dylib
0x0000000009e97000 	/System/Library/Frameworks/Accelerate.framework/Versions/A/Frameworks/vecLib.framework/Versions/A/libBNNS.dylib
0x0000000009e97000 	/System/Library/Frameworks/Accelerate.framework/Versions/A/Frameworks/vecLib.framework/Versions/A/libSparse.dylib
0x0000000009e97000 	/System/Library/PrivateFrameworks/LanguageModeling.framework/Versions/A/LanguageModeling
0x0000000009e97000 	/System/Library/PrivateFrameworks/CoreEmoji.framework/Versions/A/CoreEmoji
0x0000000009e97000 	/System/Library/PrivateFrameworks/LinguisticData.framework/Versions/A/LinguisticData
0x0000000009e97000 	/System/Library/PrivateFrameworks/Lexicon.framework/Versions/A/Lexicon
0x0000000009e97000 	/usr/lib/libcmph.dylib
0x0000000009e97000 	/System/Library/Frameworks/OpenDirectory.framework/Versions/A/Frameworks/CFOpenDirectory.framework/Versions/A/CFOpenDirectory
0x0000000009e97000 	/System/Library/Frameworks/OpenDirectory.framework/Versions/A/OpenDirectory
0x0000000009e97000 	/System/Library/PrivateFrameworks/APFS.framework/Versions/A/APFS
0x0000000009e97000 	/System/Library/Frameworks/SecurityFoundation.framework/Versions/A/SecurityFoundation
0x0000000009e97000 	/usr/lib/libutil.dylib
0x0000000009e97000 	/System/Library/PrivateFrameworks/CoreServicesStore.framework/Versions/A/CoreServicesStore
0x0000000009e97000 	/System/Library/Frameworks/ServiceManagement.framework/Versions/A/ServiceManagement
0x0000000009e97000 	/System/Library/PrivateFrameworks/BackgroundTaskManagement.framework/Versions/A/BackgroundTaskManagement
0x0000000009e97000 	/usr/lib/libxslt.1.dylib
0x0000000009e97000 	/System/Library/PrivateFrameworks/AppleSystemInfo.framework/Versions/A/AppleSystemInfo
0x0000000009e97000 	/System/Library/Frameworks/ImageIO.framework/Versions/A/Resources/libJPEG.dylib
0x0000000009e97000 	/System/Library/Frameworks/ImageIO.framework/Versions/A/Resources/libTIFF.dylib
0x0000000009e97000 	/System/Library/Frameworks/ImageIO.framework/Versions/A/Resources/libPng.dylib
0x0000000009e97000 	/System/Library/Frameworks/ImageIO.framework/Versions/A/Resources/libGIF.dylib
0x0000000009e97000 	/System/Library/Frameworks/ImageIO.framework/Versions/A/Resources/libJP2.dylib
0x0000000009e97000 	/System/Library/Frameworks/ImageIO.framework/Versions/A/Resources/libRadiance.dylib
0x0000000009e97000 	/usr/lib/libexpat.1.dylib
0x0000000009e97000 	/System/Library/PrivateFrameworks/AppleJPEG.framework/Versions/A/AppleJPEG
0x0000000009e97000 	/System/Library/PrivateFrameworks/FontServices.framework/libFontParser.dylib
0x0000000009e97000 	/System/Library/PrivateFrameworks/WatchdogClient.framework/Versions/A/WatchdogClient
0x0000000009e97000 	/System/Library/PrivateFrameworks/IOAccelerator.framework/Versions/A/IOAccelerator
0x0000000009e97000 	/System/Library/Frameworks/MetalPerformanceShaders.framework/Versions/A/MetalPerformanceShaders
0x0000000009e97000 	/System/Library/PrivateFrameworks/GPUWrangler.framework/Versions/A/GPUWrangler
0x0000000009e97000 	/System/Library/PrivateFrameworks/IOPresentment.framework/Versions/A/IOPresentment
0x0000000009e97000 	/System/Library/PrivateFrameworks/DSExternalDisplay.framework/Versions/A/DSExternalDisplay
0x0000000009e97000 	/System/Library/Frameworks/OpenGL.framework/Versions/A/Libraries/libCoreFSCache.dylib
0x0000000009e97000 	/System/Library/Frameworks/MetalPerformanceShaders.framework/Frameworks/MPSCore.framework/Versions/A/MPSCore
0x0000000009e97000 	/System/Library/Frameworks/MetalPerformanceShaders.framework/Frameworks/MPSImage.framework/Versions/A/MPSImage
0x0000000009e97000 	/System/Library/Frameworks/MetalPerformanceShaders.framework/Frameworks/MPSNeuralNetwork.framework/Versions/A/MPSNeuralNetwork
0x0000000009e97000 	/System/Library/Frameworks/MetalPerformanceShaders.framework/Frameworks/MPSMatrix.framework/Versions/A/MPSMatrix
0x0000000009e97000 	/System/Library/Frameworks/MetalPerformanceShaders.framework/Frameworks/MPSRayIntersector.framework/Versions/A/MPSRayIntersector
0x0000000009e97000 	/System/Library/Frameworks/MetalPerformanceShaders.framework/Frameworks/MPSNDArray.framework/Versions/A/MPSNDArray
0x0000000009e97000 	/System/Library/PrivateFrameworks/MetalTools.framework/Versions/A/MetalTools
0x0000000009e97000 	/System/Library/PrivateFrameworks/AggregateDictionary.framework/Versions/A/AggregateDictionary
0x0000000009e97000 	/System/Library/PrivateFrameworks/CoreAnalytics.framework/Versions/A/CoreAnalytics
0x0000000009e97000 	/System/Library/PrivateFrameworks/AppleSauce.framework/Versions/A/AppleSauce
0x0000000009e97000 	/usr/lib/libIOReport.dylib
0x0000000009e97000 	/System/Library/Frameworks/CoreVideo.framework/Versions/A/CoreVideo
0x0000000009e97000 	/System/Library/PrivateFrameworks/GraphVisualizer.framework/Versions/A/GraphVisualizer
0x0000000009e97000 	/System/Library/PrivateFrameworks/FaceCore.framework/Versions/A/FaceCore
0x0000000009e97000 	/System/Library/Frameworks/OpenCL.framework/Versions/A/OpenCL
0x0000000009e97000 	/usr/lib/libFosl_dynamic.dylib
0x0000000009e97000 	/System/Library/PrivateFrameworks/OTSVG.framework/Versions/A/OTSVG
0x0000000009e97000 	/System/Library/Frameworks/ApplicationServices.framework/Versions/A/Frameworks/ATS.framework/Versions/A/Resources/libFontRegistry.dylib
0x0000000009e97000 	/System/Library/PrivateFrameworks/FontServices.framework/libhvf.dylib
0x0000000009e97000 	/System/Library/Frameworks/OpenGL.framework/Versions/A/Libraries/libGFXShared.dylib
0x0000000009e97000 	/System/Library/Frameworks/OpenGL.framework/Versions/A/Libraries/libGLU.dylib
0x0000000009e97000 	/System/Library/Frameworks/OpenGL.framework/Versions/A/Libraries/libGL.dylib
0x0000000009e97000 	/System/Library/Frameworks/OpenGL.framework/Versions/A/Libraries/libGLImage.dylib
0x0000000009e97000 	/System/Library/Frameworks/OpenGL.framework/Versions/A/Libraries/libCVMSPluginSupport.dylib
0x0000000009e97000 	/System/Library/Frameworks/OpenGL.framework/Versions/A/Libraries/libCoreVMClient.dylib
0x0000000009e97000 	/usr/lib/libncurses.5.4.dylib
0x0000000009e97000 	/System/Library/Frameworks/ApplicationServices.framework/Versions/A/Frameworks/ATS.framework/Versions/A/ATS
0x0000000009e97000 	/System/Library/Frameworks/ApplicationServices.framework/Versions/A/Frameworks/ColorSyncLegacy.framework/Versions/A/ColorSyncLegacy
0x0000000009e97000 	/System/Library/Frameworks/ApplicationServices.framework/Versions/A/Frameworks/HIServices.framework/Versions/A/HIServices
0x0000000009e97000 	/System/Library/Frameworks/ApplicationServices.framework/Versions/A/Frameworks/LangAnalysis.framework/Versions/A/LangAnalysis
0x0000000009e97000 	/System/Library/Frameworks/ApplicationServices.framework/Versions/A/Frameworks/PrintCore.framework/Versions/A/PrintCore
0x0000000009e97000 	/System/Library/Frameworks/ApplicationServices.framework/Versions/A/Frameworks/QD.framework/Versions/A/QD
0x0000000009e97000 	/System/Library/Frameworks/ApplicationServices.framework/Versions/A/Frameworks/SpeechSynthesis.framework/Versions/A/SpeechSynthesis
0x0000000009e97000 	/System/Library/Frameworks/ApplicationServices.framework/Versions/A/Frameworks/ATSUI.framework/Versions/A/ATSUI
0x0000000009e97000 	/usr/lib/libcups.2.dylib
0x0000000009e97000 	/System/Library/Frameworks/Kerberos.framework/Versions/A/Kerberos
0x0000000009e97000 	/System/Library/Frameworks/GSS.framework/Versions/A/GSS
0x0000000009e97000 	/usr/lib/libresolv.9.dylib
0x0000000009e97000 	/System/Library/PrivateFrameworks/Heimdal.framework/Versions/A/Heimdal
0x0000000009e97000 	/System/Library/Frameworks/Kerberos.framework/Versions/A/Libraries/libHeimdalProxy.dylib
0x0000000009e97000 	/usr/lib/libheimdal-asn1.dylib
0x0000000009e97000 	/System/Library/PrivateFrameworks/CommonAuth.framework/Versions/A/CommonAuth
0x0000000009e97000 	/System/Library/PrivateFrameworks/AssertionServices.framework/Versions/A/AssertionServices
0x0000000009e97000 	/System/Library/PrivateFrameworks/AudioToolboxCore.framework/Versions/A/AudioToolboxCore
0x0000000009e97000 	/System/Library/PrivateFrameworks/caulk.framework/Versions/A/caulk
0x0000000009e97000 	/System/Library/PrivateFrameworks/BaseBoard.framework/Versions/A/BaseBoard
0x0000000009e97000 	/System/Library/PrivateFrameworks/RunningBoardServices.framework/Versions/A/RunningBoardServices
0x0000000009e97000 	/System/Library/PrivateFrameworks/PersistentConnection.framework/Versions/A/PersistentConnection
0x0000000009e97000 	/System/Library/PrivateFrameworks/ProtocolBuffer.framework/Versions/A/ProtocolBuffer
0x0000000009e97000 	/System/Library/PrivateFrameworks/CommonUtilities.framework/Versions/A/CommonUtilities
0x0000000009e97000 	/System/Library/PrivateFrameworks/Bom.framework/Versions/A/Bom
0x0000000009e97000 	/usr/lib/libAudioToolboxUtility.dylib
0x0000000009e97000 	/System/Library/PrivateFrameworks/Backup.framework/Versions/A/Backup
0x0000000009e97000 	/System/Library/PrivateFrameworks/CrashReporterSupport.framework/Versions/A/CrashReporterSupport
0x0000000009e97000 	/System/Library/PrivateFrameworks/Sharing.framework/Versions/A/Sharing
0x0000000009e97000 	/System/Library/PrivateFrameworks/Apple80211.framework/Versions/A/Apple80211
0x0000000009e97000 	/System/Library/PrivateFrameworks/AuthKit.framework/Versions/A/AuthKit
0x0000000009e97000 	/System/Library/PrivateFrameworks/CoreUtils.framework/Versions/A/CoreUtils
0x0000000009e97000 	/System/Library/Frameworks/CoreWLAN.framework/Versions/A/CoreWLAN
0x0000000009e97000 	/System/Library/Frameworks/IOBluetooth.framework/Versions/A/IOBluetooth
0x0000000009e97000 	/System/Library/PrivateFrameworks/MobileKeyBag.framework/Versions/A/MobileKeyBag
0x0000000009e97000 	/System/Library/PrivateFrameworks/CorePhoneNumbers.framework/Versions/A/CorePhoneNumbers
0x0000000009e97000 	/System/Library/PrivateFrameworks/AppleIDAuthSupport.framework/Versions/A/AppleIDAuthSupport
0x0000000009e97000 	/System/Library/Frameworks/Network.framework/Versions/A/Network
0x0000000009e97000 	/System/Library/PrivateFrameworks/KeychainCircle.framework/Versions/A/KeychainCircle
0x0000000009e97000 	/System/Library/Frameworks/CoreBluetooth.framework/Versions/A/CoreBluetooth
0x0000000009e97000 	/System/Library/PrivateFrameworks/SpeechRecognitionCore.framework/Versions/A/SpeechRecognitionCore
0x0000000102400000 	/Library/Java/JavaVirtualMachines/jdk1.8.0_141.jdk/Contents/Home/jre/lib/server/libjvm.dylib
0x0000000009e97000 	/usr/lib/libstdc++.6.dylib
0x000000010195d000 	/Library/Java/JavaVirtualMachines/jdk1.8.0_141.jdk/Contents/Home/jre/lib/libverify.dylib
0x000000010196b000 	/Library/Java/JavaVirtualMachines/jdk1.8.0_141.jdk/Contents/Home/jre/lib/libjava.dylib
0x00000001019a1000 	/Library/Java/JavaVirtualMachines/jdk1.8.0_141.jdk/Contents/Home/jre/lib/libjdwp.dylib
0x00000001019ec000 	/Library/Java/JavaVirtualMachines/jdk1.8.0_141.jdk/Contents/Home/jre/lib/libnpt.dylib
0x0000000101a39000 	/Library/Java/JavaVirtualMachines/jdk1.8.0_141.jdk/Contents/Home/jre/lib/libzip.dylib
0x0000000009e97000 	/System/Library/Frameworks/JavaVM.framework/Versions/A/Frameworks/JavaRuntimeSupport.framework/Versions/A/JavaRuntimeSupport
0x0000000009e97000 	/System/Library/Frameworks/JavaVM.framework/Versions/A/Frameworks/JavaNativeFoundation.framework/Versions/A/JavaNativeFoundation
0x0000000009e97000 	/System/Library/Frameworks/JavaVM.framework/Versions/A/JavaVM
0x0000000009e97000 	/System/Library/Frameworks/Carbon.framework/Versions/A/Carbon
0x0000000009e97000 	/System/Library/PrivateFrameworks/CoreSymbolication.framework/Versions/A/CoreSymbolication
0x0000000009e97000 	/System/Library/PrivateFrameworks/JavaLaunching.framework/Versions/A/JavaLaunching
0x0000000009e97000 	/System/Library/Frameworks/Carbon.framework/Versions/A/Frameworks/CommonPanels.framework/Versions/A/CommonPanels
0x0000000009e97000 	/System/Library/Frameworks/Carbon.framework/Versions/A/Frameworks/Help.framework/Versions/A/Help
0x0000000009e97000 	/System/Library/Frameworks/Carbon.framework/Versions/A/Frameworks/ImageCapture.framework/Versions/A/ImageCapture
0x0000000009e97000 	/System/Library/Frameworks/Carbon.framework/Versions/A/Frameworks/OpenScripting.framework/Versions/A/OpenScripting
0x0000000009e97000 	/System/Library/Frameworks/Carbon.framework/Versions/A/Frameworks/Ink.framework/Versions/A/Ink
0x0000000009e97000 	/System/Library/Frameworks/Carbon.framework/Versions/A/Frameworks/Print.framework/Versions/A/Print
0x0000000009e97000 	/System/Library/Frameworks/Carbon.framework/Versions/A/Frameworks/SecurityHI.framework/Versions/A/SecurityHI
0x0000000009e97000 	/System/Library/PrivateFrameworks/DebugSymbols.framework/Versions/A/DebugSymbols
0x0000000101bad000 	/Library/Java/JavaVirtualMachines/jdk1.8.0_141.jdk/Contents/Home/jre/lib/libdt_socket.dylib
0x000000011e292000 	/Library/Java/JavaVirtualMachines/jdk1.8.0_141.jdk/Contents/Home/jre/lib/libawt.dylib
0x000000011e33a000 	/Library/Java/JavaVirtualMachines/jdk1.8.0_141.jdk/Contents/Home/jre/lib/libmlib_image.dylib
0x000000011e406000 	/Library/Java/JavaVirtualMachines/jdk1.8.0_141.jdk/Contents/Home/jre/lib/libawt_lwawt.dylib
0x000000011e4bd000 	/Library/Java/JavaVirtualMachines/jdk1.8.0_141.jdk/Contents/Home/jre/lib/libosxapp.dylib
0x0000000009e97000 	/System/Library/Frameworks/ExceptionHandling.framework/Versions/A/ExceptionHandling
0x0000000009e97000 	/System/Library/PrivateFrameworks/CoreServicesInternal.framework/Versions/A/CoreServicesInternal
0x0000000009e97000 	/System/Library/Frameworks/FileProvider.framework/Versions/A/FileProvider
0x0000000009e97000 	/System/Library/Frameworks/Accounts.framework/Versions/A/Accounts
0x0000000009e97000 	/System/Library/PrivateFrameworks/GenerationalStorage.framework/Versions/A/GenerationalStorage
0x0000000009e97000 	/System/Library/PrivateFrameworks/SymptomDiagnosticReporter.framework/Versions/A/SymptomDiagnosticReporter
0x0000000009e97000 	/System/Library/PrivateFrameworks/AppContainer.framework/Versions/A/AppContainer
0x0000000009e97000 	/usr/lib/libsandbox.1.dylib
0x0000000009e97000 	/System/Library/PrivateFrameworks/UserManagement.framework/Versions/A/UserManagement
0x0000000009e97000 	/System/Library/PrivateFrameworks/ChunkingLibrary.framework/Versions/A/ChunkingLibrary
0x0000000009e97000 	/System/Library/PrivateFrameworks/AppSandbox.framework/Versions/A/AppSandbox
0x0000000009e97000 	/System/Library/PrivateFrameworks/SecCodeWrapper.framework/Versions/A/SecCodeWrapper
0x0000000009e97000 	/usr/lib/libMatch.1.dylib
0x0000000009e97000 	/System/Library/CoreServices/RawCamera.bundle/Contents/MacOS/RawCamera
0x0000000009e97000 	/System/Library/PrivateFrameworks/MobileAsset.framework/Versions/A/MobileAsset
0x0000000009e97000 	/System/Library/PrivateFrameworks/StreamingZip.framework/Versions/A/StreamingZip
0x0000000009e97000 	/System/Library/Frameworks/MediaToolbox.framework/Versions/A/MediaToolbox
0x0000000009e97000 	/System/Library/PrivateFrameworks/CoreAVCHD.framework/Versions/A/CoreAVCHD
0x0000000009e97000 	/System/Library/Frameworks/MediaAccessibility.framework/Versions/A/MediaAccessibility
0x0000000009e97000 	/System/Library/PrivateFrameworks/Mangrove.framework/Versions/A/Mangrove
0x0000000009e97000 	/System/Library/Frameworks/CoreMedia.framework/Versions/A/CoreMedia
0x0000000009e97000 	/System/Library/PrivateFrameworks/MediaExperience.framework/Versions/A/MediaExperience
0x0000000009e97000 	/System/Library/Frameworks/VideoToolbox.framework/Versions/A/VideoToolbox
0x0000000009e97000 	/System/Library/PrivateFrameworks/CoreAUC.framework/Versions/A/CoreAUC
0x0000000009e97000 	/usr/lib/libspindump.dylib
0x0000000009e97000 	/System/Library/PrivateFrameworks/AudioResourceArbitration.framework/Versions/A/AudioResourceArbitration
0x0000000009e97000 	/System/Library/PrivateFrameworks/AppleVA.framework/Versions/A/AppleVA
0x0000000009e97000 	/System/Library/Frameworks/Accelerate.framework/Versions/A/Frameworks/vImage.framework/Versions/A/Libraries/libCGInterfaces.dylib
0x000000011f9e8000 	/usr/lib/libobjc-trampolines.dylib
0x0000000009e97000 	/System/Library/PrivateFrameworks/FontServices.framework/libTrueTypeScaler.dylib
0x0000000009e97000 	/System/Library/Extensions/AppleIntelKBLGraphicsMTLDriver.bundle/Contents/MacOS/AppleIntelKBLGraphicsMTLDriver
0x0000000009e97000 	/System/Library/PrivateFrameworks/GPUCompiler.framework/Versions/3902/Libraries/libmetal_timestamp.dylib
0x0000000009e97000 	/System/Library/PrivateFrameworks/FamilyControls.framework/Versions/A/FamilyControls
0x0000000009e97000 	/System/Library/PrivateFrameworks/CommerceKit.framework/Versions/A/Frameworks/CommerceCore.framework/Versions/A/CommerceCore
0x0000000009e97000 	/System/Library/PrivateFrameworks/SystemAdministration.framework/Versions/A/SystemAdministration
0x0000000009e97000 	/System/Library/PrivateFrameworks/DiskManagement.framework/Versions/A/DiskManagement
0x0000000009e97000 	/System/Library/Frameworks/DirectoryService.framework/Versions/A/DirectoryService
0x0000000009e97000 	/System/Library/PrivateFrameworks/DiskImages.framework/Versions/A/DiskImages
0x0000000009e97000 	/System/Library/PrivateFrameworks/LoginUIKit.framework/Versions/A/Frameworks/LoginUICore.framework/Versions/A/LoginUICore
0x0000000009e97000 	/usr/lib/libCoreStorage.dylib
0x0000000009e97000 	/usr/lib/libcsfde.dylib
0x0000000009e97000 	/usr/lib/libodfde.dylib
0x0000000009e97000 	/System/Library/PrivateFrameworks/MediaKit.framework/Versions/A/MediaKit
0x0000000009e97000 	/System/Library/Frameworks/DiscRecording.framework/Versions/A/DiscRecording
0x0000000009e97000 	/System/Library/PrivateFrameworks/EFILogin.framework/Versions/A/EFILogin
0x0000000009e97000 	/System/Library/PrivateFrameworks/ProtectedCloudStorage.framework/Versions/A/ProtectedCloudStorage
0x0000000009e97000 	/usr/lib/libcurl.4.dylib
0x0000000009e97000 	/usr/lib/libcrypto.44.dylib
0x0000000009e97000 	/usr/lib/libssl.46.dylib
0x0000000009e97000 	/System/Library/Frameworks/LDAP.framework/Versions/A/LDAP
0x0000000009e97000 	/System/Library/PrivateFrameworks/TrustEvaluationAgent.framework/Versions/A/TrustEvaluationAgent
0x0000000009e97000 	/usr/lib/libsasl2.2.dylib
0x0000000009e97000 	/System/Library/PrivateFrameworks/CoreDaemon.framework/Versions/B/CoreDaemon
0x0000000009e97000 	/System/Library/PrivateFrameworks/AppleSRP.framework/Versions/A/AppleSRP
0x0000000009e97000 	/System/Library/PrivateFrameworks/ViewBridge.framework/Versions/A/ViewBridge
0x0000000120a95000 	/Library/Java/JavaVirtualMachines/jdk1.8.0_141.jdk/Contents/Home/jre/lib/libfontmanager.dylib
0x00000001201bb000 	/Library/Java/JavaVirtualMachines/jdk1.8.0_141.jdk/Contents/Home/jre/lib/libosx.dylib
0x0000000120afc000 	/Library/Java/JavaVirtualMachines/jdk1.8.0_141.jdk/Contents/Home/jre/lib/libnet.dylib
0x0000000009e97000 	/System/Library/Frameworks/OpenGL.framework/Versions/A/Resources/GLEngine.bundle/GLEngine
0x0000000009e97000 	/System/Library/Frameworks/OpenGL.framework/Versions/A/Libraries/libGLProgrammability.dylib
0x0000000009e97000 	/System/Library/Extensions/AppleIntelKBLGraphicsGLDriver.bundle/Contents/MacOS/AppleIntelKBLGraphicsGLDriver
0x0000000009e97000 	/System/Library/PrivateFrameworks/GPUSupport.framework/Versions/A/Libraries/libGPUSupportMercury.dylib
0x0000000009e97000 	/System/Library/Frameworks/OpenGL.framework/Versions/A/Resources/GLRendererFloat.bundle/GLRendererFloat
0x0000000009e97000 	/System/Library/Frameworks/OpenCL.framework/Versions/A/Libraries/libcldcpuengine.dylib
0x0000000009e97000 	/System/Library/PrivateFrameworks/login.framework/Versions/A/login
0x0000000121997000 	/Library/Java/JavaVirtualMachines/jdk1.8.0_141.jdk/Contents/Home/jre/lib/libosxui.dylib
0x00000001219a0000 	/Library/Java/JavaVirtualMachines/jdk1.8.0_141.jdk/Contents/Home/jre/lib/libnio.dylib
0x0000000009e97000 	/System/Library/PrivateFrameworks/HDRProcessing.framework/Versions/A/HDRProcessing
0x00000001230bc000 	/Library/Java/JavaVirtualMachines/jdk1.8.0_141.jdk/Contents/Home/jre/lib/libt2k.dylib
0x000000012330e000 	/Library/Java/JavaVirtualMachines/jdk1.8.0_141.jdk/Contents/Home/jre/lib/libsunec.dylib
0x0000000123336000 	/Library/Java/JavaVirtualMachines/jdk1.8.0_141.jdk/Contents/Home/jre/lib/libdcpr.dylib
0x0000000009e97000 	/System/Library/PrivateFrameworks/AccessibilityBundles.framework/Versions/A/AccessibilityBundles
0x0000000009e97000 	/System/Library/PrivateFrameworks/Shortcut.framework/Versions/A/Shortcut
0x0000000009e97000 	/System/Library/PrivateFrameworks/HelpData.framework/Versions/A/HelpData
0x0000000009e97000 	/System/Library/PrivateFrameworks/CloudDocs.framework/Versions/A/CloudDocs
0x0000000009e97000 	/System/Library/PrivateFrameworks/SpotlightIndex.framework/Versions/A/SpotlightIndex
0x0000000009e97000 	/System/Library/PrivateFrameworks/PowerLog.framework/Versions/A/PowerLog

VM Arguments:
jvm_args: -Dfile.encoding=windows-1252 -ea -agentlib:jdwp=transport=dt_socket,address=localhost:50233 
java_command: com.codename1.impl.javase.Simulator com.todocatalyst.todocatalyst.TodoCatalyst
java_class_path (initial): /Users/thomashjelm/NetBeansProjects/CodenameOne/Ports/JavaSE/dist/JavaSE.jar:/Users/thomashjelm/NetBeansProjects/CodenameOne/Ports/CLDC11/dist/CLDC11.jar:/Users/thomashjelm/NetBeansProjects/CodenameOne/CodenameOne/dist/CodenameOne.jar:/Users/thomashjelm/NetBeansProjects/CN1JSON/dist/CN1JSON.jar:/Users/thomashjelm/NetBeansProjects/parse4cn1/dist/parse4cn1.jar:/Users/thomashjelm/NetBeansProjects/todocatalyst/override:/Users/thomashjelm/NetBeansProjects/todocatalyst/lib/impl/cls:/Users/thomashjelm/NetBeansProjects/todocatalyst/lib/impl/stubs:/Users/thomashjelm/NetBeansProjects/todocatalyst/build/classes:/Users/thomashjelm/NetBeansProjects/todocatalyst/native/internal_tmp
Launcher Type: SUN_STANDARD

Environment Variables:
PATH=/usr/bin:/bin:/usr/sbin:/sbin
SHELL=/bin/bash
DISPLAY=/private/tmp/com.apple.launchd.VgVhaAKprs/org.macosforge.xquartz:0

Signal Handlers:
SIGSEGV: [libjvm.dylib+0x5b26e5], sa_mask[0]=11111111011111110111111111111111, sa_flags=SA_ONSTACK|SA_RESTART|SA_SIGINFO
SIGBUS: [libjvm.dylib+0x5b26e5], sa_mask[0]=11111111011111110111111111111111, sa_flags=SA_RESTART|SA_SIGINFO
SIGFPE: [libjvm.dylib+0x489100], sa_mask[0]=11111111011111110111111111111111, sa_flags=SA_RESTART|SA_SIGINFO
SIGPIPE: [libjvm.dylib+0x489100], sa_mask[0]=11111111011111110111111111111111, sa_flags=SA_RESTART|SA_SIGINFO
SIGXFSZ: [libjvm.dylib+0x489100], sa_mask[0]=11111111011111110111111111111111, sa_flags=SA_RESTART|SA_SIGINFO
SIGILL: [libjvm.dylib+0x489100], sa_mask[0]=11111111011111110111111111111111, sa_flags=SA_RESTART|SA_SIGINFO
SIGUSR1: SIG_DFL, sa_mask[0]=11011111011111100000000111000110, sa_flags=none
SIGUSR2: [libjvm.dylib+0x488c1e], sa_mask[0]=00100000000000000000000000000000, sa_flags=SA_RESTART|SA_SIGINFO
SIGHUP: [libjvm.dylib+0x4871f5], sa_mask[0]=11111111011111110111111111111111, sa_flags=SA_RESTART|SA_SIGINFO
SIGINT: SIG_IGN, sa_mask[0]=00000000000000000000000000000000, sa_flags=none
SIGTERM: [libjvm.dylib+0x4871f5], sa_mask[0]=11111111011111110111111111111111, sa_flags=SA_RESTART|SA_SIGINFO
SIGQUIT: [libjvm.dylib+0x4871f5], sa_mask[0]=11111111011111110111111111111111, sa_flags=SA_RESTART|SA_SIGINFO


---------------  S Y S T E M  ---------------

OS:Bsduname:Darwin 19.5.0 Darwin Kernel Version 19.5.0: Tue May 26 20:41:44 PDT 2020; root:xnu-6153.121.2~2/RELEASE_X86_64 x86_64
rlimit: STACK 8192k, CORE 0k, NPROC 2784, NOFILE 10240, AS infinity
load average:31.24 53.20 29.79

CPU:total 4 (initial active 4) (2 cores per cpu, 2 threads per core) family 6 model 142 stepping 9, cmov, cx8, fxsr, mmx, sse, sse2, sse3, ssse3, sse4.1, sse4.2, popcnt, avx, avx2, aes, clmul, erms, rtm, 3dnowpref, lzcnt, ht, tsc, tscinvbit, bmi1, bmi2, adx

Memory: 4k page, physical 16777216k(1319460k free)

/proc/meminfo:


vm_info: Java HotSpot(TM) 64-Bit Server VM (25.141-b15) for bsd-amd64 JRE (1.8.0_141-b15), built on Jul 12 2017 04:35:23 by "java_re" with gcc 4.2.1 (Based on Apple Inc. build 5658) (LLVM build 2336.11.00)

time: Sat Jul  4 12:32:34 2020
elapsed time: 109946 seconds (1d 6h 32m 26s)

