#
# A fatal error has been detected by the Java Runtime Environment:
#
#  SIGBUS (0xa) at pc=0x0000000105dd9e92, pid=11202, tid=0x000000000000e92f
#
# JRE version: Java(TM) SE Runtime Environment (8.0_141-b15) (build 1.8.0_141-b15)
# Java VM: Java HotSpot(TM) 64-Bit Server VM (25.141-b15 mixed mode bsd-amd64 compressed oops)
# Problematic frame:
# C  [libzip.dylib+0x2e92]  newEntry+0x154
#
# Failed to write core dump. Core dumps have been disabled. To enable core dumping, try "ulimit -c unlimited" before starting Java again
#
# If you would like to submit a bug report, please visit:
#   http://bugreport.java.com/bugreport/crash.jsp
# The crash happened outside the Java Virtual Machine in native code.
# See problematic frame for where to report the bug.
#

---------------  T H R E A D  ---------------

Current thread (0x00007fb1532cc000):  JavaThread "EDT" [_thread_in_native, id=59695, stack(0x0000700006321000,0x0000700006421000)]

siginfo: si_signo: 10 (SIGBUS), si_code: 2 (BUS_ADRERR), si_addr: 0x000000011449f7bb

Registers:
RAX=0x00007fb151f0ff00, RBX=0x000000011449f7af, RCX=0x0000000000000000, RDX=0x0000000000000008
RSP=0x000070000641dcf0, RBP=0x000070000641dd50, RSI=0x0000000015441c03, RDI=0x00000000000001c1
R8 =0x0000000015441bff, R9 =0x00000000fffffff8, R10=0x00007fb154400000, R11=0x00006ff899b98446
R12=0x0000000105deb000, R13=0x0000000000006b30, R14=0x0000000001f844f9, R15=0x0000000000000000
RIP=0x0000000105dd9e92, EFLAGS=0x0000000000010206, ERR=0x0000000000000004
  TRAPNO=0x000000000000000e

Top of Stack: (sp=0x000070000641dcf0)
0x000070000641dcf0:   000000011562a6d0 0000000000000000
0x000070000641dd00:   000070000641ef70 000070000641ef70
0x000070000641dd10:   000070000641dd30 00007fb151f0ff00
0x000070000641dd20:   00007fb15441bfe0 00007fb151f0ff00
0x000070000641dd30:   0000000105deb000 0000000000006b30
0x000070000641dd40:   0000000001f844f9 0000000000000000
0x000070000641dd50:   000070000641ddb0 0000000105dda52d
0x000070000641dd60:   000070000641ddf4 000070000641ddf3
0x000070000641dd70:   0000002400000000 00000025012cc000
0x000070000641dd80:   000070000641ddce 000070000641e218
0x000070000641dd90:   0000000000000025 000070000641ddce
0x000070000641dda0:   00007fb151f0ff00 00007fb1532cc1f8
0x000070000641ddb0:   000070000641e200 0000000105dd9238
0x000070000641ddc0:   000070000641de70 6f63700000000001
0x000070000641ddd0:   616e65646f632f6d 752f69752f31656d
0x000070000641dde0:   6f7365522f6c6974 6c632e7365637275
0x000070000641ddf0:   0000700000737361 000070000641de40
0x000070000641de00:   000070000641e440 000000010674088b
0x000070000641de10:   000070000641f0e0 00000001156defac
0x000070000641de20:   00000001156de510 00007fb100000000
0x000070000641de30:   000070000641f388 000070000641f0e0
0x000070000641de40:   000070000641f0d0 000000011562a739
0x000070000641de50:   000000011562a6d0 00007fb100000000
0x000070000641de60:   000070000641f0d0 000070000641f0d0
0x000070000641de70:   0000000111189090 00007fb1532cc000
0x000070000641de80:   000070000641df60 0000000115573e9a
0x000070000641de90:   0000000115573dd0 0000700000000000
0x000070000641dea0:   0000000011641090 000070000641df60
0x000070000641deb0:   0000000111189090 00007fb1532cc000
0x000070000641dec0:   0000000111189090 0000000111189090
0x000070000641ded0:   000070000641df10 0000000111189090
0x000070000641dee0:   000070000641df00 00000001067f368e 

Instructions: (pc=0x0000000105dd9e92)
0x0000000105dd9e72:   49 8b 7f 38 e8 5b 1b 00 00 4d 89 77 38 49 89 5f
0x0000000105dd9e82:   40 4c 89 f0 48 85 c0 0f 84 11 05 00 00 48 89 c3
0x0000000105dd9e92:   0f b6 43 0c 0f b6 4b 0d 48 c1 e1 08 48 01 c1 0f
0x0000000105dd9ea2:   b6 43 0e 0f b6 53 0f 48 c1 e2 08 48 01 c2 48 c1 

Register to memory mapping:

RAX=0x00007fb151f0ff00 is an unknown value
RBX=0x000000011449f7af is an unknown value
RCX=0x0000000000000000 is an unknown value
RDX=0x0000000000000008 is an unknown value
RSP=0x000070000641dcf0 is pointing into the stack for thread: 0x00007fb1532cc000
RBP=0x000070000641dd50 is pointing into the stack for thread: 0x00007fb1532cc000
RSI=0x0000000015441c03 is an unknown value
RDI=0x00000000000001c1 is an unknown value
R8 =0x0000000015441bff is an unknown value
R9 =0x00000000fffffff8 is an unknown value
R10=0x00007fb154400000 is an unknown value
R11=0x00006ff899b98446 is an unknown value
R12=0x0000000105deb000 is an unknown value
R13=0x0000000000006b30 is an unknown value
R14=0x0000000001f844f9 is an unknown value
R15=0x0000000000000000 is an unknown value


Stack: [0x0000700006321000,0x0000700006421000],  sp=0x000070000641dcf0,  free space=1011k
Native frames: (J=compiled Java code, j=interpreted, Vv=VM code, C=native code)
C  [libzip.dylib+0x2e92]  newEntry+0x154
C  [libzip.dylib+0x352d]  ZIP_GetEntry2+0xd4
C  [libzip.dylib+0x2238]  Java_java_util_zip_ZipFile_getEntry+0xcf
J 429  java.util.zip.ZipFile.getEntry(J[BZ)J (0 bytes) @ 0x0000000115734c0e [0x0000000115734b40+0xce]
J 684 C1 java.util.zip.ZipFile.getEntry(Ljava/lang/String;)Ljava/util/zip/ZipEntry; (86 bytes) @ 0x00000001157f84cc [0x00000001157f8260+0x26c]
J 683 C1 java.util.jar.JarFile.getEntry(Ljava/lang/String;)Ljava/util/zip/ZipEntry; (22 bytes) @ 0x00000001157f8da4 [0x00000001157f8d20+0x84]
J 398 C1 sun.misc.URLClassPath$JarLoader.getResource(Ljava/lang/String;Z)Lsun/misc/Resource; (85 bytes) @ 0x000000011572676c [0x0000000115726480+0x2ec]
j  sun.misc.URLClassPath.getResource(Ljava/lang/String;Z)Lsun/misc/Resource;+62
j  java.net.URLClassLoader$1.run()Ljava/lang/Class;+26
j  java.net.URLClassLoader$1.run()Ljava/lang/Object;+1
v  ~StubRoutines::call_stub
V  [libjvm.dylib+0x2ee70a]
V  [libjvm.dylib+0x34ee68]
j  java.security.AccessController.doPrivileged(Ljava/security/PrivilegedExceptionAction;Ljava/security/AccessControlContext;)Ljava/lang/Object;+0
j  java.net.URLClassLoader.findClass(Ljava/lang/String;)Ljava/lang/Class;+13
J 321 C1 java.lang.ClassLoader.loadClass(Ljava/lang/String;Z)Ljava/lang/Class; (122 bytes) @ 0x00000001156df204 [0x00000001156de8a0+0x964]
J 338 C1 sun.misc.Launcher$AppClassLoader.loadClass(Ljava/lang/String;Z)Ljava/lang/Class; (85 bytes) @ 0x00000001156f56a4 [0x00000001156f4d00+0x9a4]
J 337 C1 java.lang.ClassLoader.loadClass(Ljava/lang/String;)Ljava/lang/Class; (7 bytes) @ 0x00000001156f2c44 [0x00000001156f2b40+0x104]
j  java.lang.ClassLoader.findSystemClass(Ljava/lang/String;)Ljava/lang/Class;+48
J 317 C2 com.codename1.impl.javase.ClassPathLoader.findClass(Ljava/lang/String;)Ljava/lang/Class; (290 bytes) @ 0x00000001156e3dec [0x00000001156e2d20+0x10cc]
J 576 C1 com.codename1.impl.javase.ClassPathLoader.loadClass(Ljava/lang/String;)Ljava/lang/Class; (57 bytes) @ 0x00000001157a8634 [0x00000001157a7c20+0xa14]
v  ~StubRoutines::call_stub
V  [libjvm.dylib+0x2ee70a]
V  [libjvm.dylib+0x2eeeae]
V  [libjvm.dylib+0x2ef006]
V  [libjvm.dylib+0x53d236]
V  [libjvm.dylib+0x53c9fe]
V  [libjvm.dylib+0x53d452]
V  [libjvm.dylib+0x53db05]
V  [libjvm.dylib+0x1e3306]
V  [libjvm.dylib+0x1f3756]
V  [libjvm.dylib+0x3cbf82]
V  [libjvm.dylib+0x3cf70e]
V  [libjvm.dylib+0x3cf833]
V  [libjvm.dylib+0x2e8aff]
j  com.codename1.impl.javase.JavaSEPort$8.run()V+18
j  com.codename1.ui.Display.processSerialCalls()V+114
j  com.codename1.ui.Display.mainEDTLoop()V+114
j  com.codename1.ui.RunnableWrapper.run()V+242
j  com.codename1.impl.CodenameOneThread.run()V+4
v  ~StubRoutines::call_stub
V  [libjvm.dylib+0x2ee70a]
V  [libjvm.dylib+0x2eeeae]
V  [libjvm.dylib+0x2ef05a]
V  [libjvm.dylib+0x3497b1]
V  [libjvm.dylib+0x56c0b3]
V  [libjvm.dylib+0x56d7a0]
V  [libjvm.dylib+0x48baee]
C  [libsystem_pthread.dylib+0x32eb]  _pthread_body+0x7e
C  [libsystem_pthread.dylib+0x6249]  _pthread_start+0x42
C  [libsystem_pthread.dylib+0x240d]  thread_start+0xd
C  0x0000000000000000

Java frames: (J=compiled Java code, j=interpreted, Vv=VM code)
J 429  java.util.zip.ZipFile.getEntry(J[BZ)J (0 bytes) @ 0x0000000115734b98 [0x0000000115734b40+0x58]
J 684 C1 java.util.zip.ZipFile.getEntry(Ljava/lang/String;)Ljava/util/zip/ZipEntry; (86 bytes) @ 0x00000001157f84cc [0x00000001157f8260+0x26c]
J 683 C1 java.util.jar.JarFile.getEntry(Ljava/lang/String;)Ljava/util/zip/ZipEntry; (22 bytes) @ 0x00000001157f8da4 [0x00000001157f8d20+0x84]
J 398 C1 sun.misc.URLClassPath$JarLoader.getResource(Ljava/lang/String;Z)Lsun/misc/Resource; (85 bytes) @ 0x000000011572676c [0x0000000115726480+0x2ec]
j  sun.misc.URLClassPath.getResource(Ljava/lang/String;Z)Lsun/misc/Resource;+62
j  java.net.URLClassLoader$1.run()Ljava/lang/Class;+26
j  java.net.URLClassLoader$1.run()Ljava/lang/Object;+1
v  ~StubRoutines::call_stub
j  java.security.AccessController.doPrivileged(Ljava/security/PrivilegedExceptionAction;Ljava/security/AccessControlContext;)Ljava/lang/Object;+0
j  java.net.URLClassLoader.findClass(Ljava/lang/String;)Ljava/lang/Class;+13
J 321 C1 java.lang.ClassLoader.loadClass(Ljava/lang/String;Z)Ljava/lang/Class; (122 bytes) @ 0x00000001156df204 [0x00000001156de8a0+0x964]
J 338 C1 sun.misc.Launcher$AppClassLoader.loadClass(Ljava/lang/String;Z)Ljava/lang/Class; (85 bytes) @ 0x00000001156f56a4 [0x00000001156f4d00+0x9a4]
J 337 C1 java.lang.ClassLoader.loadClass(Ljava/lang/String;)Ljava/lang/Class; (7 bytes) @ 0x00000001156f2c44 [0x00000001156f2b40+0x104]
j  java.lang.ClassLoader.findSystemClass(Ljava/lang/String;)Ljava/lang/Class;+48
J 317 C2 com.codename1.impl.javase.ClassPathLoader.findClass(Ljava/lang/String;)Ljava/lang/Class; (290 bytes) @ 0x00000001156e3dec [0x00000001156e2d20+0x10cc]
J 576 C1 com.codename1.impl.javase.ClassPathLoader.loadClass(Ljava/lang/String;)Ljava/lang/Class; (57 bytes) @ 0x00000001157a8634 [0x00000001157a7c20+0xa14]
v  ~StubRoutines::call_stub
j  com.codename1.impl.javase.JavaSEPort$8.run()V+18
j  com.codename1.ui.Display.processSerialCalls()V+114
j  com.codename1.ui.Display.mainEDTLoop()V+114
j  com.codename1.ui.RunnableWrapper.run()V+242
j  com.codename1.impl.CodenameOneThread.run()V+4
v  ~StubRoutines::call_stub

---------------  P R O C E S S  ---------------

Java Threads: ( => current thread )
=>0x00007fb1532cc000 JavaThread "EDT" [_thread_in_native, id=59695, stack(0x0000700006321000,0x0000700006421000)]
  0x00007fb152ade800 JavaThread "Image Fetcher 0" daemon [_thread_blocked, id=73047, stack(0x000070000621e000,0x000070000631e000)]
  0x00007fb152b20000 JavaThread "Java2D Disposer" daemon [_thread_blocked, id=74511, stack(0x0000700006098000,0x0000700006198000)]
  0x00007fb1530ea000 JavaThread "Java2D Queue Flusher" daemon [_thread_blocked, id=54791, stack(0x0000700005f95000,0x0000700006095000)]
  0x00007fb152a0f800 JavaThread "Thread-6" daemon [_thread_in_native, id=52995, stack(0x0000700005e92000,0x0000700005f92000)]
  0x00007fb152a0a800 JavaThread "process reaper" daemon [_thread_in_native, id=52755, stack(0x0000700005e67000,0x0000700005e8f000)]
  0x00007fb152120800 JavaThread "DestroyJavaVM" [_thread_blocked, id=6147, stack(0x00007000049a5000,0x0000700004aa5000)]
  0x00007fb15210d000 JavaThread "Thread-4" [_thread_blocked, id=79407, stack(0x0000700005d64000,0x0000700005e64000)]
  0x00007fb1538ee800 JavaThread "Thread-3" daemon [_thread_in_native, id=79627, stack(0x0000700005c61000,0x0000700005d61000)]
  0x00007fb152a07800 JavaThread "Timer-0" daemon [_thread_blocked, id=50811, stack(0x0000700005b5e000,0x0000700005c5e000)]
  0x00007fb1530fd800 JavaThread "AWT-EventQueue-0" [_thread_blocked, id=45095, stack(0x0000700005a5b000,0x0000700005b5b000)]
  0x00007fb153824000 JavaThread "AWT-Shutdown" [_thread_blocked, id=25899, stack(0x00007000057cf000,0x00007000058cf000)]
  0x00007fb1538ac000 JavaThread "AppKit Thread" daemon [_thread_in_native, id=775, stack(0x00007ffee9676000,0x00007ffee9e76000)]
  0x00007fb152010000 JavaThread "Service Thread" daemon [_thread_blocked, id=17923, stack(0x00007000055c9000,0x00007000056c9000)]
  0x00007fb15283a000 JavaThread "C1 CompilerThread2" daemon [_thread_blocked, id=18435, stack(0x00007000054c6000,0x00007000055c6000)]
  0x00007fb153055000 JavaThread "C2 CompilerThread1" daemon [_thread_blocked, id=18691, stack(0x00007000053c3000,0x00007000054c3000)]
  0x00007fb153000000 JavaThread "C2 CompilerThread0" daemon [_thread_blocked, id=14083, stack(0x00007000052c0000,0x00007000053c0000)]
  0x00007fb152001000 JavaThread "Signal Dispatcher" daemon [_thread_blocked, id=19459, stack(0x00007000051bd000,0x00007000052bd000)]
  0x00007fb153015000 JavaThread "Finalizer" daemon [_thread_blocked, id=20995, stack(0x00007000050ba000,0x00007000051ba000)]
  0x00007fb152835000 JavaThread "Reference Handler" daemon [_thread_blocked, id=12291, stack(0x0000700004fb7000,0x00007000050b7000)]

Other Threads:
  0x00007fb152832800 VMThread [stack: 0x0000700004eb4000,0x0000700004fb4000] [id=12035]
  0x00007fb152836800 WatcherThread [stack: 0x00007000056cc000,0x00007000057cc000] [id=17411]

VM state:not at safepoint (normal execution)

VM Mutex/Monitor currently owned by a thread: None

Heap:
 PSYoungGen      total 269312K, used 35185K [0x000000076ab00000, 0x000000077bf00000, 0x00000007c0000000)
  eden space 260608K, 12% used [0x000000076ab00000,0x000000076cb07410,0x000000077a980000)
  from space 8704K, 27% used [0x000000077b380000,0x000000077b5d5280,0x000000077bc00000)
  to   space 10240K, 0% used [0x000000077a980000,0x000000077a980000,0x000000077b380000)
 ParOldGen       total 175104K, used 69528K [0x00000006c0000000, 0x00000006cab00000, 0x000000076ab00000)
  object space 175104K, 39% used [0x00000006c0000000,0x00000006c43e6118,0x00000006cab00000)
 Metaspace       used 15136K, capacity 15596K, committed 15872K, reserved 1062912K
  class space    used 1872K, capacity 1972K, committed 2048K, reserved 1048576K

Card table byte_map: [0x00000001079dc000,0x00000001081dd000] byte_map_base: 0x00000001043dc000

Marking Bits: (ParMarkBitMap*) 0x0000000106ef35d0
 Begin Bits: [0x0000000108733000, 0x000000010c733000)
 End Bits:   [0x000000010c733000, 0x0000000110733000)

Polling page: 0x0000000105dcd000

CodeCache: size=245760Kb used=3410Kb max_used=3410Kb free=242349Kb
 bounds [0x000000011552e000, 0x000000011588e000, 0x000000012452e000]
 total_blobs=1528 nmethods=952 adapters=490
 compilation: enabled

Compilation events (10 events):
Event: 9.196 Thread 0x00007fb15283a000  945       1       java.util.EventObject::getSource (5 bytes)
Event: 9.196 Thread 0x00007fb15283a000 nmethod 945 0x000000011587e790 code [0x000000011587e8e0, 0x000000011587e9f0]
Event: 9.197 Thread 0x00007fb15283a000  947       3       java.awt.Rectangle::<init> (26 bytes)
Event: 9.197 Thread 0x00007fb15283a000 nmethod 947 0x000000011587ea50 code [0x000000011587ebc0, 0x000000011587ee30]
Event: 9.202 Thread 0x00007fb15283a000  950       3       java.security.AccessControlContext::optimize (318 bytes)
Event: 9.206 Thread 0x00007fb15283a000 nmethod 950 0x000000011587fb10 code [0x000000011587fe60, 0x00000001158819f8]
Event: 9.206 Thread 0x00007fb15283a000  951       3       java.lang.StrictMath::floorOrCeil (128 bytes)
Event: 9.206 Thread 0x00007fb15283a000 nmethod 951 0x0000000115882890 code [0x0000000115882a20, 0x0000000115882eb0]
Event: 9.206 Thread 0x00007fb15283a000  952       3       java.lang.Math::getExponent (17 bytes)
Event: 9.206 Thread 0x00007fb15283a000 nmethod 952 0x0000000115882f90 code [0x00000001158830e0, 0x0000000115883250]

GC Heap History (10 events):
Event: 3.701 GC heap before
{Heap before GC invocations=2 (full 0):
 PSYoungGen      total 76288K, used 73987K [0x000000076ab00000, 0x0000000770000000, 0x00000007c0000000)
  eden space 65536K, 100% used [0x000000076ab00000,0x000000076eb00000,0x000000076eb00000)
  from space 10752K, 78% used [0x000000076eb00000,0x000000076f340ca8,0x000000076f580000)
  to   space 10752K, 0% used [0x000000076f580000,0x000000076f580000,0x0000000770000000)
 ParOldGen       total 175104K, used 25282K [0x00000006c0000000, 0x00000006cab00000, 0x000000076ab00000)
  object space 175104K, 14% used [0x00000006c0000000,0x00000006c18b0920,0x00000006cab00000)
 Metaspace       used 11780K, capacity 12102K, committed 12288K, reserved 1060864K
  class space    used 1432K, capacity 1491K, committed 1536K, reserved 1048576K
Event: 3.729 GC heap after
Heap after GC invocations=2 (full 0):
 PSYoungGen      total 76288K, used 8387K [0x000000076ab00000, 0x0000000774000000, 0x00000007c0000000)
  eden space 65536K, 0% used [0x000000076ab00000,0x000000076ab00000,0x000000076eb00000)
  from space 10752K, 78% used [0x000000076f580000,0x000000076fdb0cc8,0x0000000770000000)
  to   space 10752K, 0% used [0x000000076eb00000,0x000000076eb00000,0x000000076f580000)
 ParOldGen       total 175104K, used 69520K [0x00000006c0000000, 0x00000006cab00000, 0x000000076ab00000)
  object space 175104K, 39% used [0x00000006c0000000,0x00000006c43e4118,0x00000006cab00000)
 Metaspace       used 11780K, capacity 12102K, committed 12288K, reserved 1060864K
  class space    used 1432K, capacity 1491K, committed 1536K, reserved 1048576K
}
Event: 3.944 GC heap before
{Heap before GC invocations=3 (full 0):
 PSYoungGen      total 76288K, used 73923K [0x000000076ab00000, 0x0000000774000000, 0x00000007c0000000)
  eden space 65536K, 100% used [0x000000076ab00000,0x000000076eb00000,0x000000076eb00000)
  from space 10752K, 78% used [0x000000076f580000,0x000000076fdb0cc8,0x0000000770000000)
  to   space 10752K, 0% used [0x000000076eb00000,0x000000076eb00000,0x000000076f580000)
 ParOldGen       total 175104K, used 69520K [0x00000006c0000000, 0x00000006cab00000, 0x000000076ab00000)
  object space 175104K, 39% used [0x00000006c0000000,0x00000006c43e4118,0x00000006cab00000)
 Metaspace       used 11780K, capacity 12102K, committed 12288K, reserved 1060864K
  class space    used 1432K, capacity 1491K, committed 1536K, reserved 1048576K
Event: 3.948 GC heap after
Heap after GC invocations=3 (full 0):
 PSYoungGen      total 76288K, used 8371K [0x000000076ab00000, 0x0000000774000000, 0x00000007c0000000)
  eden space 65536K, 0% used [0x000000076ab00000,0x000000076ab00000,0x000000076eb00000)
  from space 10752K, 77% used [0x000000076eb00000,0x000000076f32cc98,0x000000076f580000)
  to   space 10752K, 0% used [0x0000000773580000,0x0000000773580000,0x0000000774000000)
 ParOldGen       total 175104K, used 69520K [0x00000006c0000000, 0x00000006cab00000, 0x000000076ab00000)
  object space 175104K, 39% used [0x00000006c0000000,0x00000006c43e4118,0x00000006cab00000)
 Metaspace       used 11780K, capacity 12102K, committed 12288K, reserved 1060864K
  class space    used 1432K, capacity 1491K, committed 1536K, reserved 1048576K
}
Event: 4.121 GC heap before
{Heap before GC invocations=4 (full 0):
 PSYoungGen      total 76288K, used 73907K [0x000000076ab00000, 0x0000000774000000, 0x00000007c0000000)
  eden space 65536K, 100% used [0x000000076ab00000,0x000000076eb00000,0x000000076eb00000)
  from space 10752K, 77% used [0x000000076eb00000,0x000000076f32cc98,0x000000076f580000)
  to   space 10752K, 0% used [0x0000000773580000,0x0000000773580000,0x0000000774000000)
 ParOldGen       total 175104K, used 69520K [0x00000006c0000000, 0x00000006cab00000, 0x000000076ab00000)
  object space 175104K, 39% used [0x00000006c0000000,0x00000006c43e4118,0x00000006cab00000)
 Metaspace       used 11780K, capacity 12102K, committed 12288K, reserved 1060864K
  class space    used 1432K, capacity 1491K, committed 1536K, reserved 1048576K
Event: 4.136 GC heap after
Heap after GC invocations=4 (full 0):
 PSYoungGen      total 141824K, used 8387K [0x000000076ab00000, 0x0000000774000000, 0x00000007c0000000)
  eden space 131072K, 0% used [0x000000076ab00000,0x000000076ab00000,0x0000000772b00000)
  from space 10752K, 78% used [0x0000000773580000,0x0000000773db0ca8,0x0000000774000000)
  to   space 10752K, 0% used [0x0000000772b00000,0x0000000772b00000,0x0000000773580000)
 ParOldGen       total 175104K, used 69520K [0x00000006c0000000, 0x00000006cab00000, 0x000000076ab00000)
  object space 175104K, 39% used [0x00000006c0000000,0x00000006c43e4118,0x00000006cab00000)
 Metaspace       used 11780K, capacity 12102K, committed 12288K, reserved 1060864K
  class space    used 1432K, capacity 1491K, committed 1536K, reserved 1048576K
}
Event: 4.554 GC heap before
{Heap before GC invocations=5 (full 0):
 PSYoungGen      total 141824K, used 139459K [0x000000076ab00000, 0x0000000774000000, 0x00000007c0000000)
  eden space 131072K, 100% used [0x000000076ab00000,0x0000000772b00000,0x0000000772b00000)
  from space 10752K, 78% used [0x0000000773580000,0x0000000773db0ca8,0x0000000774000000)
  to   space 10752K, 0% used [0x0000000772b00000,0x0000000772b00000,0x0000000773580000)
 ParOldGen       total 175104K, used 69520K [0x00000006c0000000, 0x00000006cab00000, 0x000000076ab00000)
  object space 175104K, 39% used [0x00000006c0000000,0x00000006c43e4118,0x00000006cab00000)
 Metaspace       used 11780K, capacity 12102K, committed 12288K, reserved 1060864K
  class space    used 1432K, capacity 1491K, committed 1536K, reserved 1048576K
Event: 4.568 GC heap after
Heap after GC invocations=5 (full 0):
 PSYoungGen      total 141824K, used 8403K [0x000000076ab00000, 0x000000077bc00000, 0x00000007c0000000)
  eden space 131072K, 0% used [0x000000076ab00000,0x000000076ab00000,0x0000000772b00000)
  from space 10752K, 78% used [0x0000000772b00000,0x0000000773334cb8,0x0000000773580000)
  to   space 8704K, 0% used [0x000000077b380000,0x000000077b380000,0x000000077bc00000)
 ParOldGen       total 175104K, used 69520K [0x00000006c0000000, 0x00000006cab00000, 0x000000076ab00000)
  object space 175104K, 39% used [0x00000006c0000000,0x00000006c43e4118,0x00000006cab00000)
 Metaspace       used 11780K, capacity 12102K, committed 12288K, reserved 1060864K
  class space    used 1432K, capacity 1491K, committed 1536K, reserved 1048576K
}
Event: 5.831 GC heap before
{Heap before GC invocations=6 (full 0):
 PSYoungGen      total 141824K, used 139475K [0x000000076ab00000, 0x000000077bc00000, 0x00000007c0000000)
  eden space 131072K, 100% used [0x000000076ab00000,0x0000000772b00000,0x0000000772b00000)
  from space 10752K, 78% used [0x0000000772b00000,0x0000000773334cb8,0x0000000773580000)
  to   space 8704K, 0% used [0x000000077b380000,0x000000077b380000,0x000000077bc00000)
 ParOldGen       total 175104K, used 69520K [0x00000006c0000000, 0x00000006cab00000, 0x000000076ab00000)
  object space 175104K, 39% used [0x00000006c0000000,0x00000006c43e4118,0x00000006cab00000)
 Metaspace       used 13574K, capacity 13916K, committed 14080K, reserved 1060864K
  class space    used 1698K, capacity 1792K, committed 1792K, reserved 1048576K
Event: 5.839 GC heap after
Heap after GC invocations=6 (full 0):
 PSYoungGen      total 269312K, used 2388K [0x000000076ab00000, 0x000000077bf00000, 0x00000007c0000000)
  eden space 260608K, 0% used [0x000000076ab00000,0x000000076ab00000,0x000000077a980000)
  from space 8704K, 27% used [0x000000077b380000,0x000000077b5d5280,0x000000077bc00000)
  to   space 10240K, 0% used [0x000000077a980000,0x000000077a980000,0x000000077b380000)
 ParOldGen       total 175104K, used 69528K [0x00000006c0000000, 0x00000006cab00000, 0x000000076ab00000)
  object space 175104K, 39% used [0x00000006c0000000,0x00000006c43e6118,0x00000006cab00000)
 Metaspace       used 13574K, capacity 13916K, committed 14080K, reserved 1060864K
  class space    used 1698K, capacity 1792K, committed 1792K, reserved 1048576K
}

Deoptimization events (10 events):
Event: 0.169 Thread 0x00007fb153802800 Uncommon trap: reason=unstable_if action=reinterpret pc=0x000000011565001c method=java.util.zip.ZipFile$ZipFileInputStream.read([BII)I @ 24
Event: 0.199 Thread 0x00007fb153802800 Uncommon trap: reason=unstable_if action=reinterpret pc=0x00000001156550d4 method=java.util.zip.ZipFile$ZipFileInputStream.read([BII)I @ 46
Event: 0.750 Thread 0x00007fb153802800 Uncommon trap: reason=unstable_if action=reinterpret pc=0x00000001156c1b74 method=com.codename1.impl.javase.ClassPathLoader.findClass(Ljava/lang/String;)Ljava/lang/Class; @ 217
Event: 2.923 Thread 0x00007fb1530fd800 Uncommon trap: reason=unstable_if action=reinterpret pc=0x000000011573b77c method=java.lang.String.indexOf([CII[CIII)I @ 3
Event: 2.966 Thread 0x00007fb1530fd800 Uncommon trap: reason=unstable_if action=reinterpret pc=0x0000000115748738 method=com.sun.imageio.plugins.png.PNGImageReader.paethPredictor(III)I @ 41
Event: 2.966 Thread 0x00007fb1530fd800 Uncommon trap: reason=unstable_if action=reinterpret pc=0x0000000115746ccc method=java.lang.Math.abs(I)I @ 1
Event: 3.916 Thread 0x00007fb1530fd800 Uncommon trap: reason=unstable_if action=reinterpret pc=0x00000001157a4f40 method=com.codename1.impl.javase.JavaSEPort.initializeCoordinates(Ljava/awt/image/BufferedImage;Lcom/codename1/io/Properties;Ljava/util/Map;Ljava/awt/Rectangle;)V @ 98
Event: 4.230 Thread 0x00007fb1530fd800 Uncommon trap: reason=unstable_if action=reinterpret pc=0x00000001157ad8f8 method=com.codename1.impl.javase.JavaSEPort.initializeCoordinates(Ljava/awt/image/BufferedImage;Lcom/codename1/io/Properties;Ljava/util/Map;Ljava/awt/Rectangle;)V @ 59
Event: 8.596 Thread 0x00007fb152ade800 Uncommon trap: reason=unstable_if action=reinterpret pc=0x0000000115778d24 method=java.io.BufferedInputStream.read([BII)I @ 104
Event: 8.596 Thread 0x00007fb152ade800 Uncommon trap: reason=unstable_if action=reinterpret pc=0x0000000115776a8c method=java.io.BufferedInputStream.fill()V @ 9

Internal exceptions (10 events):
Event: 0.137 Thread 0x00007fb153802800 Exception <a 'java/security/PrivilegedActionException'> (0x000000076abaf5f8) thrown at [/Users/java_re/workspace/8-2-build-macosx-x86_64/jdk8u141/9370/hotspot/src/share/vm/prims/jvm.cpp, line 1390]
Event: 0.137 Thread 0x00007fb153802800 Exception <a 'java/security/PrivilegedActionException'> (0x000000076abaf808) thrown at [/Users/java_re/workspace/8-2-build-macosx-x86_64/jdk8u141/9370/hotspot/src/share/vm/prims/jvm.cpp, line 1390]
Event: 0.139 Thread 0x00007fb153802800 Exception <a 'java/security/PrivilegedActionException'> (0x000000076abb2d20) thrown at [/Users/java_re/workspace/8-2-build-macosx-x86_64/jdk8u141/9370/hotspot/src/share/vm/prims/jvm.cpp, line 1390]
Event: 0.139 Thread 0x00007fb153802800 Exception <a 'java/security/PrivilegedActionException'> (0x000000076abb2f30) thrown at [/Users/java_re/workspace/8-2-build-macosx-x86_64/jdk8u141/9370/hotspot/src/share/vm/prims/jvm.cpp, line 1390]
Event: 0.252 Thread 0x00007fb153802800 Exception <a 'java/lang/NoSuchFieldError': method resolution failed> (0x000000076aeac2f0) thrown at [/Users/java_re/workspace/8-2-build-macosx-x86_64/jdk8u141/9370/hotspot/src/share/vm/prims/methodHandles.cpp, line 1146]
Event: 0.255 Thread 0x00007fb153802800 Exception <a 'java/lang/NoSuchFieldError': method resolution failed> (0x000000076aeb9a40) thrown at [/Users/java_re/workspace/8-2-build-macosx-x86_64/jdk8u141/9370/hotspot/src/share/vm/prims/methodHandles.cpp, line 1146]
Event: 0.521 Thread 0x00007fb153802800 Exception <a 'java/io/FileNotFoundException'> (0x000000076af6a038) thrown at [/Users/java_re/workspace/8-2-build-macosx-x86_64/jdk8u141/9370/hotspot/src/share/vm/prims/jni.cpp, line 709]
Event: 0.521 Thread 0x00007fb153802800 Exception <a 'java/io/FileNotFoundException'> (0x000000076af6adb0) thrown at [/Users/java_re/workspace/8-2-build-macosx-x86_64/jdk8u141/9370/hotspot/src/share/vm/prims/jni.cpp, line 709]
Event: 5.843 Thread 0x00007fb153015000 Exception <a 'java/lang/NullPointerException'> (0x000000076b285710) thrown at [/Users/java_re/workspace/8-2-build-macosx-x86_64/jdk8u141/9370/hotspot/src/share/vm/interpreter/linkResolver.cpp, line 1197]
Event: 9.314 Thread 0x00007fb1532cc000 Exception <a 'java/util/zip/ZipException'> (0x000000076c884fb0) thrown at [/Users/java_re/workspace/8-2-build-macosx-x86_64/jdk8u141/9370/hotspot/src/share/vm/prims/jni.cpp, line 709]

Events (10 events):
Event: 9.278 Executing VM operation: RevokeBias
Event: 9.278 Executing VM operation: RevokeBias done
Event: 9.279 Executing VM operation: RevokeBias
Event: 9.279 Executing VM operation: RevokeBias done
Event: 9.279 Executing VM operation: RevokeBias
Event: 9.279 Executing VM operation: RevokeBias done
Event: 9.313 loading class java/util/zip/ZipException
Event: 9.314 loading class java/util/zip/ZipException done
Event: 9.314 loading class com/codename1/ui/util/Resources
Event: 9.314 loading class com/codename1/ui/util/Resources done


Dynamic libraries:
0x0000000013661000 	/System/Library/Frameworks/Cocoa.framework/Versions/A/Cocoa
0x0000000013661000 	/System/Library/Frameworks/Security.framework/Versions/A/Security
0x0000000013661000 	/System/Library/Frameworks/ApplicationServices.framework/Versions/A/ApplicationServices
0x0000000013661000 	/usr/lib/libz.1.dylib
0x0000000013661000 	/usr/lib/libSystem.B.dylib
0x0000000013661000 	/usr/lib/libobjc.A.dylib
0x0000000013661000 	/System/Library/Frameworks/CoreFoundation.framework/Versions/A/CoreFoundation
0x0000000013661000 	/System/Library/Frameworks/Foundation.framework/Versions/C/Foundation
0x0000000013661000 	/System/Library/Frameworks/AppKit.framework/Versions/C/AppKit
0x0000000013661000 	/System/Library/Frameworks/CoreData.framework/Versions/A/CoreData
0x0000000013661000 	/System/Library/PrivateFrameworks/RemoteViewServices.framework/Versions/A/RemoteViewServices
0x0000000013661000 	/System/Library/PrivateFrameworks/UIFoundation.framework/Versions/A/UIFoundation
0x0000000013661000 	/System/Library/PrivateFrameworks/XCTTargetBootstrap.framework/Versions/A/XCTTargetBootstrap
0x0000000013661000 	/System/Library/Frameworks/CoreDisplay.framework/Versions/A/CoreDisplay
0x0000000013661000 	/System/Library/PrivateFrameworks/IconServices.framework/Versions/A/IconServices
0x0000000013661000 	/System/Library/Frameworks/Metal.framework/Versions/A/Metal
0x0000000013661000 	/System/Library/PrivateFrameworks/DesktopServicesPriv.framework/Versions/A/DesktopServicesPriv
0x0000000013661000 	/usr/lib/libenergytrace.dylib
0x0000000013661000 	/System/Library/PrivateFrameworks/SkyLight.framework/Versions/A/SkyLight
0x0000000013661000 	/System/Library/Frameworks/CoreGraphics.framework/Versions/A/CoreGraphics
0x0000000013661000 	/System/Library/Frameworks/Accelerate.framework/Versions/A/Accelerate
0x0000000013661000 	/System/Library/Frameworks/IOSurface.framework/Versions/A/IOSurface
0x0000000013661000 	/System/Library/PrivateFrameworks/DFRFoundation.framework/Versions/A/DFRFoundation
0x0000000013661000 	/System/Library/Frameworks/AudioToolbox.framework/Versions/A/AudioToolbox
0x0000000013661000 	/System/Library/Frameworks/AudioUnit.framework/Versions/A/AudioUnit
0x0000000013661000 	/System/Library/PrivateFrameworks/DataDetectorsCore.framework/Versions/A/DataDetectorsCore
0x0000000013661000 	/System/Library/Frameworks/Carbon.framework/Versions/A/Frameworks/HIToolbox.framework/Versions/A/HIToolbox
0x0000000013661000 	/usr/lib/libicucore.A.dylib
0x0000000013661000 	/System/Library/Frameworks/QuartzCore.framework/Versions/A/QuartzCore
0x0000000013661000 	/System/Library/Frameworks/Carbon.framework/Versions/A/Frameworks/SpeechRecognition.framework/Versions/A/SpeechRecognition
0x0000000013661000 	/usr/lib/libauto.dylib
0x0000000013661000 	/usr/lib/libxml2.2.dylib
0x0000000013661000 	/System/Library/PrivateFrameworks/CoreUI.framework/Versions/A/CoreUI
0x0000000013661000 	/System/Library/Frameworks/CoreAudio.framework/Versions/A/CoreAudio
0x0000000013661000 	/System/Library/Frameworks/DiskArbitration.framework/Versions/A/DiskArbitration
0x0000000013661000 	/usr/lib/liblangid.dylib
0x0000000013661000 	/System/Library/PrivateFrameworks/MultitouchSupport.framework/Versions/A/MultitouchSupport
0x0000000013661000 	/System/Library/Frameworks/IOKit.framework/Versions/A/IOKit
0x0000000013661000 	/usr/lib/libDiagnosticMessagesClient.dylib
0x0000000013661000 	/System/Library/Frameworks/CoreServices.framework/Versions/A/CoreServices
0x0000000013661000 	/System/Library/PrivateFrameworks/PerformanceAnalysis.framework/Versions/A/PerformanceAnalysis
0x0000000013661000 	/System/Library/Frameworks/OpenGL.framework/Versions/A/OpenGL
0x0000000013661000 	/System/Library/Frameworks/ColorSync.framework/Versions/A/ColorSync
0x0000000013661000 	/System/Library/Frameworks/CoreImage.framework/Versions/A/CoreImage
0x0000000013661000 	/System/Library/Frameworks/CoreText.framework/Versions/A/CoreText
0x0000000013661000 	/System/Library/Frameworks/ImageIO.framework/Versions/A/ImageIO
0x0000000013661000 	/System/Library/PrivateFrameworks/Backup.framework/Versions/A/Backup
0x0000000013661000 	/usr/lib/libarchive.2.dylib
0x0000000013661000 	/System/Library/Frameworks/CFNetwork.framework/Versions/A/CFNetwork
0x0000000013661000 	/System/Library/Frameworks/SystemConfiguration.framework/Versions/A/SystemConfiguration
0x0000000013661000 	/usr/lib/libCRFSuite.dylib
0x0000000013661000 	/usr/lib/libc++.1.dylib
0x0000000013661000 	/usr/lib/libc++abi.dylib
0x0000000013661000 	/usr/lib/system/libcache.dylib
0x0000000013661000 	/usr/lib/system/libcommonCrypto.dylib
0x0000000013661000 	/usr/lib/system/libcompiler_rt.dylib
0x0000000013661000 	/usr/lib/system/libcopyfile.dylib
0x0000000013661000 	/usr/lib/system/libcorecrypto.dylib
0x0000000013661000 	/usr/lib/system/libdispatch.dylib
0x0000000013661000 	/usr/lib/system/libdyld.dylib
0x0000000013661000 	/usr/lib/system/libkeymgr.dylib
0x0000000013661000 	/usr/lib/system/liblaunch.dylib
0x0000000013661000 	/usr/lib/system/libmacho.dylib
0x0000000013661000 	/usr/lib/system/libquarantine.dylib
0x0000000013661000 	/usr/lib/system/libremovefile.dylib
0x0000000013661000 	/usr/lib/system/libsystem_asl.dylib
0x0000000013661000 	/usr/lib/system/libsystem_blocks.dylib
0x0000000013661000 	/usr/lib/system/libsystem_c.dylib
0x0000000013661000 	/usr/lib/system/libsystem_configuration.dylib
0x0000000013661000 	/usr/lib/system/libsystem_coreservices.dylib
0x0000000013661000 	/usr/lib/system/libsystem_darwin.dylib
0x0000000013661000 	/usr/lib/system/libsystem_dnssd.dylib
0x0000000013661000 	/usr/lib/system/libsystem_info.dylib
0x0000000013661000 	/usr/lib/system/libsystem_m.dylib
0x0000000013661000 	/usr/lib/system/libsystem_malloc.dylib
0x0000000013661000 	/usr/lib/system/libsystem_networkextension.dylib
0x0000000013661000 	/usr/lib/system/libsystem_notify.dylib
0x0000000013661000 	/usr/lib/system/libsystem_sandbox.dylib
0x0000000013661000 	/usr/lib/system/libsystem_secinit.dylib
0x0000000013661000 	/usr/lib/system/libsystem_kernel.dylib
0x0000000013661000 	/usr/lib/system/libsystem_platform.dylib
0x0000000013661000 	/usr/lib/system/libsystem_pthread.dylib
0x0000000013661000 	/usr/lib/system/libsystem_symptoms.dylib
0x0000000013661000 	/usr/lib/system/libsystem_trace.dylib
0x0000000013661000 	/usr/lib/system/libunwind.dylib
0x0000000013661000 	/usr/lib/system/libxpc.dylib
0x0000000013661000 	/usr/lib/libbsm.0.dylib
0x0000000013661000 	/usr/lib/system/libkxld.dylib
0x0000000013661000 	/System/Library/PrivateFrameworks/AppleFSCompression.framework/Versions/A/AppleFSCompression
0x0000000013661000 	/usr/lib/libOpenScriptingUtil.dylib
0x0000000013661000 	/usr/lib/libcoretls.dylib
0x0000000013661000 	/usr/lib/libcoretls_cfhelpers.dylib
0x0000000013661000 	/usr/lib/libpam.2.dylib
0x0000000013661000 	/usr/lib/libsqlite3.dylib
0x0000000013661000 	/usr/lib/libxar.1.dylib
0x0000000013661000 	/usr/lib/libbz2.1.0.dylib
0x0000000013661000 	/usr/lib/liblzma.5.dylib
0x0000000013661000 	/usr/lib/libnetwork.dylib
0x0000000013661000 	/usr/lib/libapple_nghttp2.dylib
0x0000000013661000 	/usr/lib/libpcap.A.dylib
0x0000000013661000 	/System/Library/Frameworks/CoreServices.framework/Versions/A/Frameworks/FSEvents.framework/Versions/A/FSEvents
0x0000000013661000 	/System/Library/Frameworks/CoreServices.framework/Versions/A/Frameworks/CarbonCore.framework/Versions/A/CarbonCore
0x0000000013661000 	/System/Library/Frameworks/CoreServices.framework/Versions/A/Frameworks/Metadata.framework/Versions/A/Metadata
0x0000000013661000 	/System/Library/Frameworks/CoreServices.framework/Versions/A/Frameworks/OSServices.framework/Versions/A/OSServices
0x0000000013661000 	/System/Library/Frameworks/CoreServices.framework/Versions/A/Frameworks/SearchKit.framework/Versions/A/SearchKit
0x0000000013661000 	/System/Library/Frameworks/CoreServices.framework/Versions/A/Frameworks/AE.framework/Versions/A/AE
0x0000000013661000 	/System/Library/Frameworks/CoreServices.framework/Versions/A/Frameworks/LaunchServices.framework/Versions/A/LaunchServices
0x0000000013661000 	/System/Library/Frameworks/CoreServices.framework/Versions/A/Frameworks/DictionaryServices.framework/Versions/A/DictionaryServices
0x0000000013661000 	/System/Library/Frameworks/CoreServices.framework/Versions/A/Frameworks/SharedFileList.framework/Versions/A/SharedFileList
0x0000000013661000 	/System/Library/Frameworks/NetFS.framework/Versions/A/NetFS
0x0000000013661000 	/System/Library/PrivateFrameworks/NetAuth.framework/Versions/A/NetAuth
0x0000000013661000 	/System/Library/PrivateFrameworks/login.framework/Versions/A/Frameworks/loginsupport.framework/Versions/A/loginsupport
0x0000000013661000 	/System/Library/PrivateFrameworks/TCC.framework/Versions/A/TCC
0x0000000013661000 	/System/Library/PrivateFrameworks/CoreNLP.framework/Versions/A/CoreNLP
0x0000000013661000 	/System/Library/PrivateFrameworks/MetadataUtilities.framework/Versions/A/MetadataUtilities
0x0000000013661000 	/usr/lib/libmecabra.dylib
0x0000000013661000 	/System/Library/Frameworks/ApplicationServices.framework/Versions/A/Frameworks/ATS.framework/Versions/A/ATS
0x0000000013661000 	/System/Library/Frameworks/ApplicationServices.framework/Versions/A/Frameworks/ColorSyncLegacy.framework/Versions/A/ColorSyncLegacy
0x0000000013661000 	/System/Library/Frameworks/ApplicationServices.framework/Versions/A/Frameworks/HIServices.framework/Versions/A/HIServices
0x0000000013661000 	/System/Library/Frameworks/ApplicationServices.framework/Versions/A/Frameworks/LangAnalysis.framework/Versions/A/LangAnalysis
0x0000000013661000 	/System/Library/Frameworks/ApplicationServices.framework/Versions/A/Frameworks/PrintCore.framework/Versions/A/PrintCore
0x0000000013661000 	/System/Library/Frameworks/ApplicationServices.framework/Versions/A/Frameworks/QD.framework/Versions/A/QD
0x0000000013661000 	/System/Library/Frameworks/ApplicationServices.framework/Versions/A/Frameworks/SpeechSynthesis.framework/Versions/A/SpeechSynthesis
0x0000000013661000 	/usr/lib/libcompression.dylib
0x0000000013661000 	/System/Library/Frameworks/MetalPerformanceShaders.framework/Versions/A/MetalPerformanceShaders
0x0000000013661000 	/System/Library/Frameworks/Accelerate.framework/Versions/A/Frameworks/vImage.framework/Versions/A/vImage
0x0000000013661000 	/System/Library/Frameworks/Accelerate.framework/Versions/A/Frameworks/vecLib.framework/Versions/A/vecLib
0x0000000013661000 	/System/Library/Frameworks/Accelerate.framework/Versions/A/Frameworks/vecLib.framework/Versions/A/libvMisc.dylib
0x0000000013661000 	/System/Library/Frameworks/Accelerate.framework/Versions/A/Frameworks/vecLib.framework/Versions/A/libvDSP.dylib
0x0000000013661000 	/System/Library/Frameworks/Accelerate.framework/Versions/A/Frameworks/vecLib.framework/Versions/A/libBLAS.dylib
0x0000000013661000 	/System/Library/Frameworks/Accelerate.framework/Versions/A/Frameworks/vecLib.framework/Versions/A/libLAPACK.dylib
0x0000000013661000 	/System/Library/Frameworks/Accelerate.framework/Versions/A/Frameworks/vecLib.framework/Versions/A/libLinearAlgebra.dylib
0x0000000013661000 	/System/Library/Frameworks/Accelerate.framework/Versions/A/Frameworks/vecLib.framework/Versions/A/libSparseBLAS.dylib
0x0000000013661000 	/System/Library/Frameworks/Accelerate.framework/Versions/A/Frameworks/vecLib.framework/Versions/A/libQuadrature.dylib
0x0000000013661000 	/System/Library/Frameworks/Accelerate.framework/Versions/A/Frameworks/vecLib.framework/Versions/A/libBNNS.dylib
0x0000000013661000 	/System/Library/Frameworks/Accelerate.framework/Versions/A/Frameworks/vecLib.framework/Versions/A/libSparse.dylib
0x0000000013661000 	/System/Library/PrivateFrameworks/GPUWrangler.framework/Versions/A/GPUWrangler
0x0000000013661000 	/System/Library/PrivateFrameworks/IOAccelerator.framework/Versions/A/IOAccelerator
0x0000000013661000 	/System/Library/PrivateFrameworks/IOPresentment.framework/Versions/A/IOPresentment
0x0000000013661000 	/System/Library/PrivateFrameworks/DSExternalDisplay.framework/Versions/A/DSExternalDisplay
0x0000000013661000 	/System/Library/Frameworks/OpenGL.framework/Versions/A/Libraries/libCoreFSCache.dylib
0x0000000013661000 	/System/Library/Frameworks/MetalPerformanceShaders.framework/Frameworks/MPSCore.framework/Versions/A/MPSCore
0x0000000013661000 	/System/Library/Frameworks/MetalPerformanceShaders.framework/Frameworks/MPSImage.framework/Versions/A/MPSImage
0x0000000013661000 	/System/Library/Frameworks/MetalPerformanceShaders.framework/Frameworks/MPSNeuralNetwork.framework/Versions/A/MPSNeuralNetwork
0x0000000013661000 	/System/Library/Frameworks/MetalPerformanceShaders.framework/Frameworks/MPSMatrix.framework/Versions/A/MPSMatrix
0x0000000013661000 	/System/Library/Frameworks/MetalPerformanceShaders.framework/Frameworks/MPSRayIntersector.framework/Versions/A/MPSRayIntersector
0x0000000013661000 	/System/Library/PrivateFrameworks/MetalTools.framework/Versions/A/MetalTools
0x0000000013661000 	/System/Library/PrivateFrameworks/AggregateDictionary.framework/Versions/A/AggregateDictionary
0x0000000013661000 	/usr/lib/libMobileGestalt.dylib
0x0000000013661000 	/System/Library/Frameworks/CoreVideo.framework/Versions/A/CoreVideo
0x0000000013661000 	/System/Library/PrivateFrameworks/GraphVisualizer.framework/Versions/A/GraphVisualizer
0x0000000013661000 	/System/Library/PrivateFrameworks/FaceCore.framework/Versions/A/FaceCore
0x0000000013661000 	/System/Library/Frameworks/OpenCL.framework/Versions/A/OpenCL
0x0000000013661000 	/usr/lib/libFosl_dynamic.dylib
0x0000000013661000 	/System/Library/PrivateFrameworks/OTSVG.framework/Versions/A/OTSVG
0x0000000013661000 	/System/Library/Frameworks/ApplicationServices.framework/Versions/A/Frameworks/ATS.framework/Versions/A/Resources/libFontParser.dylib
0x0000000013661000 	/System/Library/Frameworks/ApplicationServices.framework/Versions/A/Frameworks/ATS.framework/Versions/A/Resources/libFontRegistry.dylib
0x0000000013661000 	/System/Library/Frameworks/ImageIO.framework/Versions/A/Resources/libJPEG.dylib
0x0000000013661000 	/System/Library/Frameworks/ImageIO.framework/Versions/A/Resources/libTIFF.dylib
0x0000000013661000 	/System/Library/Frameworks/ImageIO.framework/Versions/A/Resources/libPng.dylib
0x0000000013661000 	/System/Library/Frameworks/ImageIO.framework/Versions/A/Resources/libGIF.dylib
0x0000000013661000 	/System/Library/Frameworks/ImageIO.framework/Versions/A/Resources/libJP2.dylib
0x0000000013661000 	/System/Library/Frameworks/ImageIO.framework/Versions/A/Resources/libRadiance.dylib
0x0000000013661000 	/System/Library/PrivateFrameworks/AppleJPEG.framework/Versions/A/AppleJPEG
0x0000000013661000 	/System/Library/Frameworks/OpenGL.framework/Versions/A/Libraries/libGFXShared.dylib
0x0000000013661000 	/System/Library/Frameworks/OpenGL.framework/Versions/A/Libraries/libGLU.dylib
0x0000000013661000 	/System/Library/Frameworks/OpenGL.framework/Versions/A/Libraries/libGL.dylib
0x0000000013661000 	/System/Library/Frameworks/OpenGL.framework/Versions/A/Libraries/libGLImage.dylib
0x0000000013661000 	/System/Library/Frameworks/OpenGL.framework/Versions/A/Libraries/libCVMSPluginSupport.dylib
0x0000000013661000 	/System/Library/Frameworks/OpenGL.framework/Versions/A/Libraries/libCoreVMClient.dylib
0x0000000013661000 	/usr/lib/libcups.2.dylib
0x0000000013661000 	/System/Library/Frameworks/Kerberos.framework/Versions/A/Kerberos
0x0000000013661000 	/System/Library/Frameworks/GSS.framework/Versions/A/GSS
0x0000000013661000 	/usr/lib/libresolv.9.dylib
0x0000000013661000 	/usr/lib/libiconv.2.dylib
0x0000000013661000 	/System/Library/PrivateFrameworks/Heimdal.framework/Versions/A/Heimdal
0x0000000013661000 	/usr/lib/libheimdal-asn1.dylib
0x0000000013661000 	/System/Library/Frameworks/OpenDirectory.framework/Versions/A/OpenDirectory
0x0000000013661000 	/System/Library/PrivateFrameworks/CommonAuth.framework/Versions/A/CommonAuth
0x0000000013661000 	/System/Library/Frameworks/OpenDirectory.framework/Versions/A/Frameworks/CFOpenDirectory.framework/Versions/A/CFOpenDirectory
0x0000000013661000 	/System/Library/Frameworks/SecurityFoundation.framework/Versions/A/SecurityFoundation
0x0000000013661000 	/System/Library/PrivateFrameworks/APFS.framework/Versions/A/APFS
0x0000000013661000 	/usr/lib/libutil.dylib
0x0000000013661000 	/usr/lib/libcharset.1.dylib
0x0000000013661000 	/System/Library/PrivateFrameworks/AppleSauce.framework/Versions/A/AppleSauce
0x0000000013661000 	/System/Library/PrivateFrameworks/AssertionServices.framework/Versions/A/AssertionServices
0x0000000013661000 	/System/Library/PrivateFrameworks/BaseBoard.framework/Versions/A/BaseBoard
0x0000000013661000 	/usr/lib/libmecab.1.0.0.dylib
0x0000000013661000 	/usr/lib/libgermantok.dylib
0x0000000013661000 	/usr/lib/libThaiTokenizer.dylib
0x0000000013661000 	/usr/lib/libChineseTokenizer.dylib
0x0000000013661000 	/System/Library/PrivateFrameworks/LanguageModeling.framework/Versions/A/LanguageModeling
0x0000000013661000 	/System/Library/PrivateFrameworks/CoreEmoji.framework/Versions/A/CoreEmoji
0x0000000013661000 	/System/Library/PrivateFrameworks/Lexicon.framework/Versions/A/Lexicon
0x0000000013661000 	/System/Library/PrivateFrameworks/LinguisticData.framework/Versions/A/LinguisticData
0x0000000013661000 	/usr/lib/libcmph.dylib
0x0000000013661000 	/System/Library/Frameworks/ServiceManagement.framework/Versions/A/ServiceManagement
0x0000000013661000 	/System/Library/PrivateFrameworks/BackgroundTaskManagement.framework/Versions/A/BackgroundTaskManagement
0x0000000013661000 	/usr/lib/libxslt.1.dylib
0x0000000013661000 	/System/Library/Frameworks/Carbon.framework/Versions/A/Frameworks/Ink.framework/Versions/A/Ink
0x0000000013661000 	/System/Library/PrivateFrameworks/TextureIO.framework/Versions/A/TextureIO
0x0000000013661000 	/usr/lib/libate.dylib
0x0000000013661000 	/System/Library/PrivateFrameworks/CrashReporterSupport.framework/Versions/A/CrashReporterSupport
0x0000000013661000 	/System/Library/PrivateFrameworks/Sharing.framework/Versions/A/Sharing
0x0000000013661000 	/System/Library/PrivateFrameworks/AuthKit.framework/Versions/A/AuthKit
0x0000000013661000 	/System/Library/PrivateFrameworks/Apple80211.framework/Versions/A/Apple80211
0x0000000013661000 	/System/Library/PrivateFrameworks/CoreUtils.framework/Versions/A/CoreUtils
0x0000000013661000 	/System/Library/Frameworks/CoreWLAN.framework/Versions/A/CoreWLAN
0x0000000013661000 	/System/Library/Frameworks/IOBluetooth.framework/Versions/A/IOBluetooth
0x0000000013661000 	/System/Library/PrivateFrameworks/ProtocolBuffer.framework/Versions/A/ProtocolBuffer
0x0000000013661000 	/System/Library/PrivateFrameworks/MobileKeyBag.framework/Versions/A/MobileKeyBag
0x0000000013661000 	/System/Library/PrivateFrameworks/CorePhoneNumbers.framework/Versions/A/CorePhoneNumbers
0x0000000013661000 	/System/Library/PrivateFrameworks/AppleIDAuthSupport.framework/Versions/A/AppleIDAuthSupport
0x0000000013661000 	/System/Library/PrivateFrameworks/KeychainCircle.framework/Versions/A/KeychainCircle
0x0000000013661000 	/System/Library/PrivateFrameworks/ROCKit.framework/Versions/A/ROCKit
0x0000000013661000 	/System/Library/PrivateFrameworks/CoreWiFi.framework/Versions/A/CoreWiFi
0x0000000013661000 	/System/Library/Frameworks/CoreBluetooth.framework/Versions/A/CoreBluetooth
0x0000000013661000 	/System/Library/PrivateFrameworks/DebugSymbols.framework/Versions/A/DebugSymbols
0x0000000013661000 	/System/Library/PrivateFrameworks/CoreSymbolication.framework/Versions/A/CoreSymbolication
0x0000000013661000 	/System/Library/PrivateFrameworks/Symbolication.framework/Versions/A/Symbolication
0x0000000013661000 	/System/Library/PrivateFrameworks/SpeechRecognitionCore.framework/Versions/A/SpeechRecognitionCore
0x0000000106600000 	/Library/Java/JavaVirtualMachines/jdk1.8.0_141.jdk/Contents/Home/jre/lib/server/libjvm.dylib
0x0000000013661000 	/usr/lib/libstdc++.6.dylib
0x0000000105dbf000 	/Library/Java/JavaVirtualMachines/jdk1.8.0_141.jdk/Contents/Home/jre/lib/libverify.dylib
0x00000001075a7000 	/Library/Java/JavaVirtualMachines/jdk1.8.0_141.jdk/Contents/Home/jre/lib/libjava.dylib
0x0000000105dd7000 	/Library/Java/JavaVirtualMachines/jdk1.8.0_141.jdk/Contents/Home/jre/lib/libzip.dylib
0x0000000013661000 	/System/Library/Frameworks/JavaVM.framework/Versions/A/Frameworks/JavaRuntimeSupport.framework/Versions/A/JavaRuntimeSupport
0x0000000013661000 	/System/Library/Frameworks/JavaVM.framework/Versions/A/Frameworks/JavaNativeFoundation.framework/Versions/A/JavaNativeFoundation
0x0000000013661000 	/System/Library/Frameworks/JavaVM.framework/Versions/A/JavaVM
0x0000000013661000 	/System/Library/Frameworks/Carbon.framework/Versions/A/Carbon
0x0000000013661000 	/System/Library/PrivateFrameworks/JavaLaunching.framework/Versions/A/JavaLaunching
0x0000000013661000 	/System/Library/Frameworks/Carbon.framework/Versions/A/Frameworks/CommonPanels.framework/Versions/A/CommonPanels
0x0000000013661000 	/System/Library/Frameworks/Carbon.framework/Versions/A/Frameworks/Help.framework/Versions/A/Help
0x0000000013661000 	/System/Library/Frameworks/Carbon.framework/Versions/A/Frameworks/ImageCapture.framework/Versions/A/ImageCapture
0x0000000013661000 	/System/Library/Frameworks/Carbon.framework/Versions/A/Frameworks/OpenScripting.framework/Versions/A/OpenScripting
0x0000000013661000 	/System/Library/Frameworks/Carbon.framework/Versions/A/Frameworks/Print.framework/Versions/A/Print
0x0000000013661000 	/System/Library/Frameworks/Carbon.framework/Versions/A/Frameworks/SecurityHI.framework/Versions/A/SecurityHI
0x00000001145a0000 	/Library/Java/JavaVirtualMachines/jdk1.8.0_141.jdk/Contents/Home/jre/lib/libawt.dylib
0x0000000114648000 	/Library/Java/JavaVirtualMachines/jdk1.8.0_141.jdk/Contents/Home/jre/lib/./libmlib_image.dylib
0x0000000114714000 	/Library/Java/JavaVirtualMachines/jdk1.8.0_141.jdk/Contents/Home/jre/lib/libawt_lwawt.dylib
0x00000001147cb000 	/Library/Java/JavaVirtualMachines/jdk1.8.0_141.jdk/Contents/Home/jre/lib/./libosxapp.dylib
0x0000000013661000 	/System/Library/Frameworks/ExceptionHandling.framework/Versions/A/ExceptionHandling
0x0000000013661000 	/System/Library/PrivateFrameworks/CoreServicesInternal.framework/Versions/A/CoreServicesInternal
0x0000000013661000 	/System/Library/CoreServices/RawCamera.bundle/Contents/MacOS/RawCamera
0x0000000013661000 	/System/Library/PrivateFrameworks/MobileAsset.framework/Versions/A/MobileAsset
0x0000000013661000 	/System/Library/PrivateFrameworks/StreamingZip.framework/Versions/A/StreamingZip
0x0000000013661000 	/System/Library/Frameworks/MediaToolbox.framework/Versions/A/MediaToolbox
0x0000000013661000 	/System/Library/PrivateFrameworks/CoreAVCHD.framework/Versions/A/CoreAVCHD
0x0000000013661000 	/System/Library/Frameworks/MediaAccessibility.framework/Versions/A/MediaAccessibility
0x0000000013661000 	/System/Library/PrivateFrameworks/Mangrove.framework/Versions/A/Mangrove
0x0000000013661000 	/System/Library/Frameworks/CoreMedia.framework/Versions/A/CoreMedia
0x0000000013661000 	/System/Library/Frameworks/VideoToolbox.framework/Versions/A/VideoToolbox
0x0000000013661000 	/System/Library/PrivateFrameworks/CoreAUC.framework/Versions/A/CoreAUC
0x0000000013661000 	/usr/lib/libspindump.dylib
0x0000000013661000 	/System/Library/PrivateFrameworks/AppleVA.framework/Versions/A/AppleVA
0x0000000013661000 	/System/Library/Frameworks/Accelerate.framework/Versions/A/Frameworks/vImage.framework/Versions/A/Libraries/libCGInterfaces.dylib
0x0000000013661000 	/System/Library/Frameworks/ApplicationServices.framework/Versions/A/Frameworks/ATS.framework/Versions/A/Resources/libTrueTypeScaler.dylib
0x0000000013661000 	/System/Library/Extensions/AppleIntelKBLGraphicsMTLDriver.bundle/Contents/MacOS/AppleIntelKBLGraphicsMTLDriver
0x0000000013661000 	/System/Library/PrivateFrameworks/GPUCompiler.framework/Versions/3902/Libraries/libmetal_timestamp.dylib
0x0000000013661000 	/System/Library/PrivateFrameworks/FamilyControls.framework/Versions/A/FamilyControls
0x0000000013661000 	/System/Library/PrivateFrameworks/CommerceKit.framework/Versions/A/Frameworks/CommerceCore.framework/Versions/A/CommerceCore
0x0000000013661000 	/System/Library/PrivateFrameworks/SystemAdministration.framework/Versions/A/SystemAdministration
0x0000000013661000 	/System/Library/PrivateFrameworks/AppContainer.framework/Versions/A/AppContainer
0x0000000013661000 	/System/Library/PrivateFrameworks/AppSandbox.framework/Versions/A/AppSandbox
0x0000000013661000 	/System/Library/PrivateFrameworks/SecCodeWrapper.framework/Versions/A/SecCodeWrapper
0x0000000013661000 	/usr/lib/libsandbox.1.dylib
0x0000000013661000 	/usr/lib/libMatch.1.dylib
0x0000000013661000 	/System/Library/PrivateFrameworks/DiskManagement.framework/Versions/A/DiskManagement
0x0000000013661000 	/System/Library/Frameworks/DirectoryService.framework/Versions/A/DirectoryService
0x0000000013661000 	/System/Library/PrivateFrameworks/DiskImages.framework/Versions/A/DiskImages
0x0000000013661000 	/System/Library/PrivateFrameworks/LoginUIKit.framework/Versions/A/Frameworks/LoginUICore.framework/Versions/A/LoginUICore
0x0000000013661000 	/usr/lib/libCoreStorage.dylib
0x0000000013661000 	/usr/lib/libcsfde.dylib
0x0000000013661000 	/usr/lib/libodfde.dylib
0x0000000013661000 	/System/Library/PrivateFrameworks/MediaKit.framework/Versions/A/MediaKit
0x0000000013661000 	/System/Library/Frameworks/DiscRecording.framework/Versions/A/DiscRecording
0x0000000013661000 	/System/Library/PrivateFrameworks/EFILogin.framework/Versions/A/EFILogin
0x0000000013661000 	/System/Library/PrivateFrameworks/ProtectedCloudStorage.framework/Versions/A/ProtectedCloudStorage
0x0000000013661000 	/usr/lib/libcurl.4.dylib
0x0000000013661000 	/usr/lib/libcrypto.42.dylib
0x0000000013661000 	/usr/lib/libssl.44.dylib
0x0000000013661000 	/System/Library/Frameworks/LDAP.framework/Versions/A/LDAP
0x0000000013661000 	/System/Library/PrivateFrameworks/TrustEvaluationAgent.framework/Versions/A/TrustEvaluationAgent
0x0000000013661000 	/usr/lib/libsasl2.2.dylib
0x0000000013661000 	/System/Library/PrivateFrameworks/CoreDaemon.framework/Versions/B/CoreDaemon
0x0000000013661000 	/System/Library/PrivateFrameworks/AppleSRP.framework/Versions/A/AppleSRP
0x0000000013661000 	/System/Library/PrivateFrameworks/ViewBridge.framework/Versions/A/ViewBridge
0x0000000114efc000 	/Library/Java/JavaVirtualMachines/jdk1.8.0_141.jdk/Contents/Home/jre/lib/libfontmanager.dylib
0x0000000114f63000 	/Library/Java/JavaVirtualMachines/jdk1.8.0_141.jdk/Contents/Home/jre/lib/libosx.dylib
0x0000000114f71000 	/Library/Java/JavaVirtualMachines/jdk1.8.0_141.jdk/Contents/Home/jre/lib/libnet.dylib
0x0000000013661000 	/System/Library/Frameworks/OpenGL.framework/Versions/A/Resources/GLEngine.bundle/GLEngine
0x0000000013661000 	/System/Library/Frameworks/OpenGL.framework/Versions/A/Libraries/libGLProgrammability.dylib
0x0000000013661000 	/System/Library/Extensions/AppleIntelKBLGraphicsGLDriver.bundle/Contents/MacOS/AppleIntelKBLGraphicsGLDriver
0x0000000013661000 	/System/Library/PrivateFrameworks/GPUSupport.framework/Versions/A/Libraries/libGPUSupportMercury.dylib
0x0000000013661000 	/System/Library/Frameworks/OpenGL.framework/Versions/A/Resources/GLRendererFloat.bundle/GLRendererFloat
0x0000000013661000 	/System/Library/Frameworks/OpenCL.framework/Versions/A/Libraries/libcldcpuengine.dylib
0x0000000013661000 	/usr/lib/libcrypto.35.dylib
0x0000000125e2b000 	/Library/Java/JavaVirtualMachines/jdk1.8.0_141.jdk/Contents/Home/jre/lib/libosxui.dylib
0x0000000127841000 	/Library/Java/JavaVirtualMachines/jdk1.8.0_141.jdk/Contents/Home/jre/lib/libnio.dylib
0x000000011446f000 	/usr/lib/libobjc-trampolines.dylib

VM Arguments:
jvm_args: -Dfile.encoding=windows-1252 -ea 
java_command: com.codename1.impl.javase.Simulator com.todocatalyst.todocatalyst.TodoCatalystParse
java_class_path (initial): /Users/thomashjelm/NetBeansProjects/CodenameOne/Ports/JavaSE/dist/JavaSE.jar:/Users/thomashjelm/NetBeansProjects/CodenameOne/Ports/CLDC11/dist/CLDC11.jar:/Users/thomashjelm/NetBeansProjects/CodenameOne/CodenameOne/dist/CodenameOne.jar:/Users/thomashjelm/NetBeansProjects/CN1JSON/dist/CN1JSON.jar:/Users/thomashjelm/NetBeansProjects/parse4cn1/dist/parse4cn1.jar:/Users/thomashjelm/NetBeansProjects/todocatalyst/override:/Users/thomashjelm/NetBeansProjects/todocatalyst/lib/impl/cls:/Users/thomashjelm/NetBeansProjects/todocatalyst/lib/impl/stubs:/Users/thomashjelm/NetBeansProjects/todocatalyst/build/classes:/Users/thomashjelm/NetBeansProjects/todocatalyst/native/internal_tmp
Launcher Type: SUN_STANDARD

Environment Variables:
PATH=/usr/local/bin:/usr/bin:/bin:/usr/sbin:/sbin:/opt/X11/bin
SHELL=/bin/bash
DISPLAY=/private/tmp/com.apple.launchd.3F9FQxsZNi/org.macosforge.xquartz:0

Signal Handlers:
SIGSEGV: [libjvm.dylib+0x5b26e5], sa_mask[0]=11111111011111110111111111111111, sa_flags=SA_ONSTACK|SA_RESTART|SA_SIGINFO
SIGBUS: [libjvm.dylib+0x5b26e5], sa_mask[0]=11111111011111110111111111111111, sa_flags=SA_RESTART|SA_SIGINFO
SIGFPE: [libjvm.dylib+0x489100], sa_mask[0]=11111111011111110111111111111111, sa_flags=SA_RESTART|SA_SIGINFO
SIGPIPE: [libjvm.dylib+0x489100], sa_mask[0]=11111111011111110111111111111111, sa_flags=SA_RESTART|SA_SIGINFO
SIGXFSZ: [libjvm.dylib+0x489100], sa_mask[0]=11111111011111110111111111111111, sa_flags=SA_RESTART|SA_SIGINFO
SIGILL: [libjvm.dylib+0x489100], sa_mask[0]=11111111011111110111111111111111, sa_flags=SA_RESTART|SA_SIGINFO
SIGUSR1: SIG_DFL, sa_mask[0]=11011111011111100000000111000110, sa_flags=none
SIGUSR2: [libjvm.dylib+0x488c1e], sa_mask[0]=00100000000000000000000000000000, sa_flags=SA_RESTART|SA_SIGINFO
SIGHUP: [libjvm.dylib+0x4871f5], sa_mask[0]=11111111011111110111111111111111, sa_flags=SA_RESTART|SA_SIGINFO
SIGINT: SIG_IGN, sa_mask[0]=00000000000000000000000000000000, sa_flags=none
SIGTERM: [libjvm.dylib+0x4871f5], sa_mask[0]=11111111011111110111111111111111, sa_flags=SA_RESTART|SA_SIGINFO
SIGQUIT: [libjvm.dylib+0x4871f5], sa_mask[0]=11111111011111110111111111111111, sa_flags=SA_RESTART|SA_SIGINFO


---------------  S Y S T E M  ---------------

OS:Bsduname:Darwin 18.6.0 Darwin Kernel Version 18.6.0: Thu Apr 25 23:16:27 PDT 2019; root:xnu-4903.261.4~2/RELEASE_X86_64 x86_64
rlimit: STACK 8192k, CORE 0k, NPROC 1418, NOFILE 10240, AS infinity
load average:3.61 2.68 2.56

CPU:total 4 (initial active 4) (2 cores per cpu, 2 threads per core) family 6 model 142 stepping 9, cmov, cx8, fxsr, mmx, sse, sse2, sse3, ssse3, sse4.1, sse4.2, popcnt, avx, avx2, aes, clmul, erms, rtm, 3dnowpref, lzcnt, ht, tsc, tscinvbit, bmi1, bmi2, adx

Memory: 4k page, physical 16777216k(48192k free)

/proc/meminfo:


vm_info: Java HotSpot(TM) 64-Bit Server VM (25.141-b15) for bsd-amd64 JRE (1.8.0_141-b15), built on Jul 12 2017 04:35:23 by "java_re" with gcc 4.2.1 (Based on Apple Inc. build 5658) (LLVM build 2336.11.00)

time: Tue Jul  9 12:04:35 2019
elapsed time: 9 seconds (0d 0h 0m 9s)

