#
# A fatal error has been detected by the Java Runtime Environment:
#
#  SIGBUS (0xa) at pc=0x000000010a796e92, pid=90180, tid=0x000000000000e307
#
# JRE version: Java(TM) SE Runtime Environment (8.0_141-b15) (build 1.8.0_141-b15)
# Java VM: Java HotSpot(TM) 64-Bit Server VM (25.141-b15 mixed mode bsd-amd64 compressed oops)
# Problematic frame:
# C  [libzip.dylib+0x2e92]  newEntry+0x154
#
# Failed to write core dump. Core dumps have been disabled. To enable core dumping, try "ulimit -c unlimited" before starting Java again
#
# If you would like to submit a bug report, please visit:
#   http://bugreport.java.com/bugreport/crash.jsp
# The crash happened outside the Java Virtual Machine in native code.
# See problematic frame for where to report the bug.
#

---------------  T H R E A D  ---------------

Current thread (0x00007f9650926000):  JavaThread "AWT-EventQueue-0" [_thread_in_native, id=58119, stack(0x000070000387f000,0x000070000397f000)]

siginfo: si_signo: 10 (SIGBUS), si_code: 2 (BUS_ADRERR), si_addr: 0x000000010fde8e66

Registers:
RAX=0x00007f9650524aa0, RBX=0x000000010fde8e5a, RCX=0x0000000000000001, RDX=0x0000000000000100
RSP=0x000070000397ade0, RBP=0x000070000397ae40, RSI=0x00000000ffffff0f, RDI=0x00000000000009e1
R8 =0x0000000065079e08, R9 =0x0000000000000004, R10=0x00000000ffffff00, R11=0x00007f9650700000
R12=0x00007f965085fc00, R13=0x00000000000017f0, R14=0x000000003a5368d7, R15=0x00007f965073ff50
RIP=0x000000010a796e92, EFLAGS=0x0000000000010206, ERR=0x0000000000000004
  TRAPNO=0x000000000000000e

Top of Stack: (sp=0x000070000397ade0)
0x000070000397ade0:   0100000113e41a90 000000000397af80
0x000070000397adf0:   000070000397b1d0 00007f9650926000
0x000070000397ae00:   000070000397ae20 00007f9650524aa0
0x000070000397ae10:   00007f965079e030 00007f9650524aa0
0x000070000397ae20:   00007f965085fc00 00000000000017f0
0x000070000397ae30:   000000003a5368d7 00007f965073ff50
0x000070000397ae40:   000070000397aea0 000000010a79752d
0x000070000397ae50:   000070000397aeed 000070000397aeec
0x000070000397ae60:   0000002d00000000 0000002e01926000
0x000070000397ae70:   000070000397aebe 000070000397b308
0x000070000397ae80:   000000000000002e 000070000397aebe
0x000070000397ae90:   00007f9650524aa0 00007f96509261f8
0x000070000397aea0:   000070000397b2f0 000000010a796238
0x000070000397aeb0:   000070000397af60 6f63000100000001
0x000070000397aec0:   616e65646f632f6d 6c706d692f31656d
0x000070000397aed0:   656d656c706d492f 466e6f697461746e
0x000070000397aee0:   632e79726f746361 000000007373616c
0x000070000397aef0:   000070000397b530 000000010c91b3d8
0x000070000397af00:   000070000397c080 000000010c91b3d8
0x000070000397af10:   0000000113d8cc20 000070000397b020
0x000070000397af20:   000000010c91b3d8 000070000397b1d0
0x000070000397af30:   00007f9650926000 000070000397b020
0x000070000397af40:   000000010c91b3d8 000070000397b1d0
0x000070000397af50:   000070000397b0c0 0000000109a85954
0x000070000397af60:   000070000397afa0 00007f965057fd68
0x000070000397af70:   00007f96509261f8 000070000397b1d0
0x000070000397af80:   000070000397c0a0 000000076c12bc90
0x000070000397af90:   000000076ab09f78 000000010ceae848
0x000070000397afa0:   000070000397afe0 00000001098ea25d
0x000070000397afb0:   000070000397afd0 0000000109bcf06e
0x000070000397afc0:   000070000397c0b0 00007000030101b4
0x000070000397afd0:   000070000397aff0 000070000397af88 

Instructions: (pc=0x000000010a796e92)
0x000000010a796e72:   49 8b 7f 38 e8 5b 1b 00 00 4d 89 77 38 49 89 5f
0x000000010a796e82:   40 4c 89 f0 48 85 c0 0f 84 11 05 00 00 48 89 c3
0x000000010a796e92:   0f b6 43 0c 0f b6 4b 0d 48 c1 e1 08 48 01 c1 0f
0x000000010a796ea2:   b6 43 0e 0f b6 53 0f 48 c1 e2 08 48 01 c2 48 c1 

Register to memory mapping:

RAX=0x00007f9650524aa0 is an unknown value
RBX=0x000000010fde8e5a is an unknown value
RCX=0x0000000000000001 is an unknown value
RDX=0x0000000000000100 is an unknown value
RSP=0x000070000397ade0 is pointing into the stack for thread: 0x00007f9650926000
RBP=0x000070000397ae40 is pointing into the stack for thread: 0x00007f9650926000
RSI=0x00000000ffffff0f is an unknown value
RDI=0x00000000000009e1 is an unknown value
R8 =0x0000000065079e08 is an unknown value
R9 =0x0000000000000004 is an unknown value
R10=0x00000000ffffff00 is an unknown value
R11=0x00007f9650700000 is an unknown value
R12=0x00007f965085fc00 is an unknown value
R13=0x00000000000017f0 is an unknown value
R14=0x000000003a5368d7 is an unknown value
R15=0x00007f965073ff50 is an unknown value


Stack: [0x000070000387f000,0x000070000397f000],  sp=0x000070000397ade0,  free space=1007k
Native frames: (J=compiled Java code, j=interpreted, Vv=VM code, C=native code)
C  [libzip.dylib+0x2e92]  newEntry+0x154
C  [libzip.dylib+0x352d]  ZIP_GetEntry2+0xd4
C  [libzip.dylib+0x2238]  Java_java_util_zip_ZipFile_getEntry+0xcf
J 339  java.util.zip.ZipFile.getEntry(J[BZ)J (0 bytes) @ 0x0000000113f0d10e [0x0000000113f0d040+0xce]
J 344 C1 java.util.zip.ZipFile.getEntry(Ljava/lang/String;)Ljava/util/zip/ZipEntry; (86 bytes) @ 0x0000000113f0eb4c [0x0000000113f0e8e0+0x26c]
J 343 C1 java.util.jar.JarFile.getEntry(Ljava/lang/String;)Ljava/util/zip/ZipEntry; (22 bytes) @ 0x0000000113f0e2e4 [0x0000000113f0e260+0x84]
J 316 C1 java.util.jar.JarFile.getJarEntry(Ljava/lang/String;)Ljava/util/jar/JarEntry; (9 bytes) @ 0x0000000113ef8a04 [0x0000000113ef8900+0x104]
j  sun.misc.URLClassPath$JarLoader.getResource(Ljava/lang/String;Z)Lsun/misc/Resource;+42
j  sun.misc.URLClassPath.getResource(Ljava/lang/String;Z)Lsun/misc/Resource;+62
j  java.net.URLClassLoader$1.run()Ljava/lang/Class;+26
j  java.net.URLClassLoader$1.run()Ljava/lang/Object;+1
v  ~StubRoutines::call_stub
V  [libjvm.dylib+0x2ee70a]
V  [libjvm.dylib+0x34ee68]
j  java.security.AccessController.doPrivileged(Ljava/security/PrivilegedExceptionAction;Ljava/security/AccessControlContext;)Ljava/lang/Object;+0
j  java.net.URLClassLoader.findClass(Ljava/lang/String;)Ljava/lang/Class;+13
J 301 C1 java.lang.ClassLoader.loadClass(Ljava/lang/String;Z)Ljava/lang/Class; (122 bytes) @ 0x0000000113ef55a4 [0x0000000113ef4c40+0x964]
j  sun.misc.Launcher$AppClassLoader.loadClass(Ljava/lang/String;Z)Ljava/lang/Class;+81
j  java.lang.ClassLoader.loadClass(Ljava/lang/String;)Ljava/lang/Class;+3
j  java.lang.ClassLoader.findSystemClass(Ljava/lang/String;)Ljava/lang/Class;+48
J 292 C2 com.codename1.impl.javase.ClassPathLoader.findClass(Ljava/lang/String;)Ljava/lang/Class; (290 bytes) @ 0x0000000113eef6f0 [0x0000000113eed820+0x1ed0]
j  com.codename1.impl.javase.ClassPathLoader.loadClass(Ljava/lang/String;)Ljava/lang/Class;+2
v  ~StubRoutines::call_stub
V  [libjvm.dylib+0x2ee70a]
V  [libjvm.dylib+0x2eeeae]
V  [libjvm.dylib+0x2ef006]
V  [libjvm.dylib+0x53d236]
V  [libjvm.dylib+0x53c9fe]
V  [libjvm.dylib+0x53d452]
V  [libjvm.dylib+0x53db05]
V  [libjvm.dylib+0x1e3306]
V  [libjvm.dylib+0x1f3756]
V  [libjvm.dylib+0x3cbf82]
V  [libjvm.dylib+0x3cf70e]
V  [libjvm.dylib+0x3cf833]
V  [libjvm.dylib+0x2e8aff]
j  com.codename1.ui.Display.init(Ljava/lang/Object;)V+52
j  com.codename1.impl.javase.Executor$1.run()V+329
j  java.awt.event.InvocationEvent.dispatch()V+47
j  java.awt.EventQueue.dispatchEventImpl(Ljava/awt/AWTEvent;Ljava/lang/Object;)V+21
j  java.awt.EventQueue.access$500(Ljava/awt/EventQueue;Ljava/awt/AWTEvent;Ljava/lang/Object;)V+3
j  java.awt.EventQueue$3.run()Ljava/lang/Void;+32
j  java.awt.EventQueue$3.run()Ljava/lang/Object;+1
v  ~StubRoutines::call_stub
V  [libjvm.dylib+0x2ee70a]
V  [libjvm.dylib+0x34ee68]
j  java.security.AccessController.doPrivileged(Ljava/security/PrivilegedAction;Ljava/security/AccessControlContext;)Ljava/lang/Object;+0
j  java.security.ProtectionDomain$JavaSecurityAccessImpl.doIntersectionPrivilege(Ljava/security/PrivilegedAction;Ljava/security/AccessControlContext;Ljava/security/AccessControlContext;)Ljava/lang/Object;+18
j  java.awt.EventQueue.dispatchEvent(Ljava/awt/AWTEvent;)V+46
j  java.awt.EventDispatchThread.pumpOneEventForFilters(I)V+245
j  java.awt.EventDispatchThread.pumpEventsForFilter(ILjava/awt/Conditional;Ljava/awt/EventFilter;)V+35
j  java.awt.EventDispatchThread.pumpEventsForHierarchy(ILjava/awt/Conditional;Ljava/awt/Component;)V+11
j  java.awt.EventDispatchThread.pumpEvents(ILjava/awt/Conditional;)V+4
j  java.awt.EventDispatchThread.pumpEvents(Ljava/awt/Conditional;)V+3
j  java.awt.EventDispatchThread.run()V+9
v  ~StubRoutines::call_stub
V  [libjvm.dylib+0x2ee70a]
V  [libjvm.dylib+0x2eeeae]
V  [libjvm.dylib+0x2ef05a]
V  [libjvm.dylib+0x3497b1]
V  [libjvm.dylib+0x56c0b3]
V  [libjvm.dylib+0x56d7a0]
V  [libjvm.dylib+0x48baee]
C  [libsystem_pthread.dylib+0x36c1]  _pthread_body+0x154
C  [libsystem_pthread.dylib+0x356d]  _pthread_body+0x0
C  [libsystem_pthread.dylib+0x2c5d]  thread_start+0xd
C  0x0000000000000000

Java frames: (J=compiled Java code, j=interpreted, Vv=VM code)
J 339  java.util.zip.ZipFile.getEntry(J[BZ)J (0 bytes) @ 0x0000000113f0d098 [0x0000000113f0d040+0x58]
J 344 C1 java.util.zip.ZipFile.getEntry(Ljava/lang/String;)Ljava/util/zip/ZipEntry; (86 bytes) @ 0x0000000113f0eb4c [0x0000000113f0e8e0+0x26c]
J 343 C1 java.util.jar.JarFile.getEntry(Ljava/lang/String;)Ljava/util/zip/ZipEntry; (22 bytes) @ 0x0000000113f0e2e4 [0x0000000113f0e260+0x84]
J 316 C1 java.util.jar.JarFile.getJarEntry(Ljava/lang/String;)Ljava/util/jar/JarEntry; (9 bytes) @ 0x0000000113ef8a04 [0x0000000113ef8900+0x104]
j  sun.misc.URLClassPath$JarLoader.getResource(Ljava/lang/String;Z)Lsun/misc/Resource;+42
j  sun.misc.URLClassPath.getResource(Ljava/lang/String;Z)Lsun/misc/Resource;+62
j  java.net.URLClassLoader$1.run()Ljava/lang/Class;+26
j  java.net.URLClassLoader$1.run()Ljava/lang/Object;+1
v  ~StubRoutines::call_stub
j  java.security.AccessController.doPrivileged(Ljava/security/PrivilegedExceptionAction;Ljava/security/AccessControlContext;)Ljava/lang/Object;+0
j  java.net.URLClassLoader.findClass(Ljava/lang/String;)Ljava/lang/Class;+13
J 301 C1 java.lang.ClassLoader.loadClass(Ljava/lang/String;Z)Ljava/lang/Class; (122 bytes) @ 0x0000000113ef55a4 [0x0000000113ef4c40+0x964]
j  sun.misc.Launcher$AppClassLoader.loadClass(Ljava/lang/String;Z)Ljava/lang/Class;+81
j  java.lang.ClassLoader.loadClass(Ljava/lang/String;)Ljava/lang/Class;+3
j  java.lang.ClassLoader.findSystemClass(Ljava/lang/String;)Ljava/lang/Class;+48
J 292 C2 com.codename1.impl.javase.ClassPathLoader.findClass(Ljava/lang/String;)Ljava/lang/Class; (290 bytes) @ 0x0000000113eef6f0 [0x0000000113eed820+0x1ed0]
j  com.codename1.impl.javase.ClassPathLoader.loadClass(Ljava/lang/String;)Ljava/lang/Class;+2
v  ~StubRoutines::call_stub
j  com.codename1.ui.Display.init(Ljava/lang/Object;)V+52
j  com.codename1.impl.javase.Executor$1.run()V+329
j  java.awt.event.InvocationEvent.dispatch()V+47
j  java.awt.EventQueue.dispatchEventImpl(Ljava/awt/AWTEvent;Ljava/lang/Object;)V+21
j  java.awt.EventQueue.access$500(Ljava/awt/EventQueue;Ljava/awt/AWTEvent;Ljava/lang/Object;)V+3
j  java.awt.EventQueue$3.run()Ljava/lang/Void;+32
j  java.awt.EventQueue$3.run()Ljava/lang/Object;+1
v  ~StubRoutines::call_stub
j  java.security.AccessController.doPrivileged(Ljava/security/PrivilegedAction;Ljava/security/AccessControlContext;)Ljava/lang/Object;+0
j  java.security.ProtectionDomain$JavaSecurityAccessImpl.doIntersectionPrivilege(Ljava/security/PrivilegedAction;Ljava/security/AccessControlContext;Ljava/security/AccessControlContext;)Ljava/lang/Object;+18
j  java.awt.EventQueue.dispatchEvent(Ljava/awt/AWTEvent;)V+46
j  java.awt.EventDispatchThread.pumpOneEventForFilters(I)V+245
j  java.awt.EventDispatchThread.pumpEventsForFilter(ILjava/awt/Conditional;Ljava/awt/EventFilter;)V+35
j  java.awt.EventDispatchThread.pumpEventsForHierarchy(ILjava/awt/Conditional;Ljava/awt/Component;)V+11
j  java.awt.EventDispatchThread.pumpEvents(ILjava/awt/Conditional;)V+4
j  java.awt.EventDispatchThread.pumpEvents(Ljava/awt/Conditional;)V+3
j  java.awt.EventDispatchThread.run()V+9
v  ~StubRoutines::call_stub

---------------  P R O C E S S  ---------------

Java Threads: ( => current thread )
  0x00007f9652005000 JavaThread "DestroyJavaVM" [_thread_blocked, id=3587, stack(0x000070000253d000,0x000070000263d000)]
  0x00007f965213a800 JavaThread "Thread-2" [_thread_blocked, id=57099, stack(0x0000700003982000,0x0000700003a82000)]
=>0x00007f9650926000 JavaThread "AWT-EventQueue-0" [_thread_in_native, id=58119, stack(0x000070000387f000,0x000070000397f000)]
  0x00007f9650902000 JavaThread "AWT-Shutdown" [_thread_blocked, id=30507, stack(0x00007000035f3000,0x00007000036f3000)]
  0x00007f9651085000 JavaThread "AppKit Thread" daemon [_thread_in_native, id=775, stack(0x00007ffee5cd9000,0x00007ffee64d9000)]
  0x00007f965204a000 JavaThread "Timer-0" daemon [_thread_blocked, id=19459, stack(0x00007000034f0000,0x00007000035f0000)]
  0x00007f9651054000 JavaThread "Service Thread" daemon [_thread_blocked, id=18435, stack(0x00007000032ea000,0x00007000033ea000)]
  0x00007f9651838000 JavaThread "C1 CompilerThread2" daemon [_thread_blocked, id=17923, stack(0x00007000031e7000,0x00007000032e7000)]
  0x00007f9651836800 JavaThread "C2 CompilerThread1" daemon [_thread_blocked, id=17411, stack(0x00007000030e4000,0x00007000031e4000)]
  0x00007f965080c800 JavaThread "C2 CompilerThread0" daemon [_thread_blocked, id=16899, stack(0x0000700002fe1000,0x00007000030e1000)]
  0x00007f965080a800 JavaThread "Signal Dispatcher" daemon [_thread_blocked, id=16395, stack(0x0000700002ede000,0x0000700002fde000)]
  0x00007f9650821000 JavaThread "Finalizer" daemon [_thread_blocked, id=13059, stack(0x0000700002ddb000,0x0000700002edb000)]
  0x00007f965081e000 JavaThread "Reference Handler" daemon [_thread_blocked, id=12547, stack(0x0000700002cd8000,0x0000700002dd8000)]

Other Threads:
  0x00007f9652043000 VMThread [stack: 0x0000700002bd5000,0x0000700002cd5000] [id=12035]
  0x00007f9651056800 WatcherThread [stack: 0x00007000033ed000,0x00007000034ed000] [id=18947]

VM state:not at safepoint (normal execution)

VM Mutex/Monitor currently owned by a thread: None

Heap:
 PSYoungGen      total 76288K, used 23658K [0x000000076ab00000, 0x0000000770000000, 0x00000007c0000000)
  eden space 65536K, 36% used [0x000000076ab00000,0x000000076c21aa50,0x000000076eb00000)
  from space 10752K, 0% used [0x000000076f580000,0x000000076f580000,0x0000000770000000)
  to   space 10752K, 0% used [0x000000076eb00000,0x000000076eb00000,0x000000076f580000)
 ParOldGen       total 175104K, used 0K [0x00000006c0000000, 0x00000006cab00000, 0x000000076ab00000)
  object space 175104K, 0% used [0x00000006c0000000,0x00000006c0000000,0x00000006cab00000)
 Metaspace       used 6261K, capacity 6470K, committed 6656K, reserved 1056768K
  class space    used 673K, capacity 726K, committed 768K, reserved 1048576K

Card table byte_map: [0x000000010b3c0000,0x000000010bbc1000] byte_map_base: 0x0000000107dc0000

Marking Bits: (ParMarkBitMap*) 0x000000010a0535d0
 Begin Bits: [0x0000000122d46000, 0x0000000126d46000)
 End Bits:   [0x0000000126d46000, 0x000000012ad46000)

Polling page: 0x000000010a74a000

CodeCache: size=245760Kb used=1853Kb max_used=1853Kb free=243906Kb
 bounds [0x0000000113d46000, 0x0000000113fb6000, 0x0000000122d46000]
 total_blobs=636 nmethods=358 adapters=192
 compilation: enabled

Compilation events (10 events):
Event: 1.669 Thread 0x00007f9651838000  352       1       java.lang.StringCoding$StringDecoder::requestedCharsetName (5 bytes)
Event: 1.669 Thread 0x00007f9651838000 nmethod 352 0x0000000113f0fc10 code [0x0000000113f0fd60, 0x0000000113f0fe70]
Event: 1.671 Thread 0x00007f9651838000  353  s    3       java.util.Hashtable::get (69 bytes)
Event: 1.671 Thread 0x00007f9651838000 nmethod 353 0x0000000113f13150 code [0x0000000113f13300, 0x0000000113f13938]
Event: 1.671 Thread 0x00007f9651838000  354       3       sun.nio.cs.UTF_8$Encoder::isLegalReplacement (26 bytes)
Event: 1.671 Thread 0x00007f9651838000 nmethod 354 0x0000000113f0f710 code [0x0000000113f0f880, 0x0000000113f0fb08]
Event: 1.671 Thread 0x00007f9651838000  355       3       sun.nio.cs.UTF_8$Encoder::implReplaceWith (8 bytes)
Event: 1.671 Thread 0x00007f9651838000 nmethod 355 0x0000000113f13b90 code [0x0000000113f13d00, 0x0000000113f13e70]
Event: 1.677 Thread 0x00007f9651838000  356       3       sun.misc.PerfCounter::addElapsedTimeFrom (10 bytes)
Event: 1.677 Thread 0x00007f9651838000 nmethod 356 0x0000000113f13f50 code [0x0000000113f14100, 0x0000000113f14838]

GC Heap History (0 events):
No events

Deoptimization events (1 events):
Event: 0.813 Thread 0x00007f9650926000 Uncommon trap: reason=unstable_if action=reinterpret pc=0x0000000113e6f794 method=java.util.zip.ZipFile$ZipFileInputStream.read([BII)I @ 46

Internal exceptions (10 events):
Event: 1.616 Thread 0x00007f9650926000 Exception <a 'java/util/zip/ZipException'> (0x000000076bfd09c0) thrown at [/Users/java_re/workspace/8-2-build-macosx-x86_64/jdk8u141/9370/hotspot/src/share/vm/prims/jni.cpp, line 709]
Event: 1.650 Thread 0x00007f9650926000 Exception <a 'java/util/zip/ZipException'> (0x000000076bfec120) thrown at [/Users/java_re/workspace/8-2-build-macosx-x86_64/jdk8u141/9370/hotspot/src/share/vm/prims/jni.cpp, line 709]
Event: 1.654 Thread 0x00007f9650926000 Exception <a 'java/util/zip/ZipException'> (0x000000076bff1638) thrown at [/Users/java_re/workspace/8-2-build-macosx-x86_64/jdk8u141/9370/hotspot/src/share/vm/prims/jni.cpp, line 709]
Event: 1.659 Thread 0x00007f9650926000 Exception <a 'java/util/zip/ZipException'> (0x000000076bff6b50) thrown at [/Users/java_re/workspace/8-2-build-macosx-x86_64/jdk8u141/9370/hotspot/src/share/vm/prims/jni.cpp, line 709]
Event: 1.664 Thread 0x00007f9650926000 Exception <a 'java/util/zip/ZipException'> (0x000000076bffbfa0) thrown at [/Users/java_re/workspace/8-2-build-macosx-x86_64/jdk8u141/9370/hotspot/src/share/vm/prims/jni.cpp, line 709]
Event: 1.669 Thread 0x00007f9650926000 Exception <a 'java/util/zip/ZipException'> (0x000000076c0026c0) thrown at [/Users/java_re/workspace/8-2-build-macosx-x86_64/jdk8u141/9370/hotspot/src/share/vm/prims/jni.cpp, line 709]
Event: 1.672 Thread 0x00007f9650926000 Exception <a 'java/util/zip/ZipException'> (0x000000076c007938) thrown at [/Users/java_re/workspace/8-2-build-macosx-x86_64/jdk8u141/9370/hotspot/src/share/vm/prims/jni.cpp, line 709]
Event: 1.683 Thread 0x00007f9650926000 Exception <a 'java/util/zip/ZipException'> (0x000000076c00ee18) thrown at [/Users/java_re/workspace/8-2-build-macosx-x86_64/jdk8u141/9370/hotspot/src/share/vm/prims/jni.cpp, line 709]
Event: 1.732 Thread 0x00007f9650926000 Exception <a 'java/util/zip/ZipException'> (0x000000076c11b530) thrown at [/Users/java_re/workspace/8-2-build-macosx-x86_64/jdk8u141/9370/hotspot/src/share/vm/prims/jni.cpp, line 709]
Event: 1.737 Thread 0x00007f9650926000 Exception <a 'java/util/zip/ZipException'> (0x000000076c129818) thrown at [/Users/java_re/workspace/8-2-build-macosx-x86_64/jdk8u141/9370/hotspot/src/share/vm/prims/jni.cpp, line 709]

Events (10 events):
Event: 1.152 Thread 0x00007f9650926000 DEOPT PACKING pc=0x0000000113e59b9e sp=0x000070000397ba60
Event: 1.152 Thread 0x00007f9650926000 DEOPT UNPACKING pc=0x0000000113d8d633 sp=0x000070000397b7b0 mode 0
Event: 1.187 loading class java/lang/NumberFormatException
Event: 1.187 loading class java/lang/NumberFormatException done
Event: 1.537 loading class java/lang/AssertionError
Event: 1.538 loading class java/lang/AssertionError done
Event: 1.576 loading class java/util/zip/ZipException
Event: 1.576 loading class java/util/zip/ZipException done
Event: 1.737 loading class com/codename1/impl/ImplementationFactory
Event: 1.737 loading class com/codename1/impl/ImplementationFactory done


Dynamic libraries:
0x00000000119b7000 	/System/Library/Frameworks/Cocoa.framework/Versions/A/Cocoa
0x00000000119b7000 	/System/Library/Frameworks/Security.framework/Versions/A/Security
0x00000000119b7000 	/System/Library/Frameworks/ApplicationServices.framework/Versions/A/ApplicationServices
0x00000000119b7000 	/usr/lib/libz.1.dylib
0x00000000119b7000 	/usr/lib/libSystem.B.dylib
0x00000000119b7000 	/usr/lib/libobjc.A.dylib
0x00000000119b7000 	/System/Library/Frameworks/CoreFoundation.framework/Versions/A/CoreFoundation
0x00000000119b7000 	/System/Library/Frameworks/Foundation.framework/Versions/C/Foundation
0x00000000119b7000 	/System/Library/Frameworks/AppKit.framework/Versions/C/AppKit
0x00000000119b7000 	/System/Library/Frameworks/CoreData.framework/Versions/A/CoreData
0x00000000119b7000 	/System/Library/PrivateFrameworks/RemoteViewServices.framework/Versions/A/RemoteViewServices
0x00000000119b7000 	/System/Library/PrivateFrameworks/UIFoundation.framework/Versions/A/UIFoundation
0x00000000119b7000 	/System/Library/PrivateFrameworks/DFRFoundation.framework/Versions/A/DFRFoundation
0x00000000119b7000 	/System/Library/Frameworks/Metal.framework/Versions/A/Metal
0x00000000119b7000 	/System/Library/PrivateFrameworks/DesktopServicesPriv.framework/Versions/A/DesktopServicesPriv
0x00000000119b7000 	/usr/lib/libenergytrace.dylib
0x00000000119b7000 	/System/Library/PrivateFrameworks/SkyLight.framework/Versions/A/SkyLight
0x00000000119b7000 	/System/Library/Frameworks/CoreGraphics.framework/Versions/A/CoreGraphics
0x00000000119b7000 	/usr/lib/libScreenReader.dylib
0x00000000119b7000 	/System/Library/Frameworks/Accelerate.framework/Versions/A/Accelerate
0x00000000119b7000 	/System/Library/Frameworks/IOSurface.framework/Versions/A/IOSurface
0x00000000119b7000 	/System/Library/Frameworks/AudioToolbox.framework/Versions/A/AudioToolbox
0x00000000119b7000 	/System/Library/Frameworks/AudioUnit.framework/Versions/A/AudioUnit
0x00000000119b7000 	/System/Library/PrivateFrameworks/DataDetectorsCore.framework/Versions/A/DataDetectorsCore
0x00000000119b7000 	/System/Library/Frameworks/Carbon.framework/Versions/A/Frameworks/HIToolbox.framework/Versions/A/HIToolbox
0x00000000119b7000 	/usr/lib/libicucore.A.dylib
0x00000000119b7000 	/System/Library/Frameworks/QuartzCore.framework/Versions/A/QuartzCore
0x00000000119b7000 	/System/Library/Frameworks/Carbon.framework/Versions/A/Frameworks/SpeechRecognition.framework/Versions/A/SpeechRecognition
0x00000000119b7000 	/usr/lib/libauto.dylib
0x00000000119b7000 	/usr/lib/libxml2.2.dylib
0x00000000119b7000 	/System/Library/PrivateFrameworks/CoreUI.framework/Versions/A/CoreUI
0x00000000119b7000 	/System/Library/Frameworks/CoreAudio.framework/Versions/A/CoreAudio
0x00000000119b7000 	/System/Library/Frameworks/DiskArbitration.framework/Versions/A/DiskArbitration
0x00000000119b7000 	/usr/lib/liblangid.dylib
0x00000000119b7000 	/System/Library/PrivateFrameworks/MultitouchSupport.framework/Versions/A/MultitouchSupport
0x00000000119b7000 	/System/Library/Frameworks/IOKit.framework/Versions/A/IOKit
0x00000000119b7000 	/usr/lib/libDiagnosticMessagesClient.dylib
0x00000000119b7000 	/System/Library/Frameworks/CoreServices.framework/Versions/A/CoreServices
0x00000000119b7000 	/System/Library/PrivateFrameworks/PerformanceAnalysis.framework/Versions/A/PerformanceAnalysis
0x00000000119b7000 	/System/Library/Frameworks/OpenGL.framework/Versions/A/OpenGL
0x00000000119b7000 	/System/Library/Frameworks/ColorSync.framework/Versions/A/ColorSync
0x00000000119b7000 	/System/Library/Frameworks/CoreImage.framework/Versions/A/CoreImage
0x00000000119b7000 	/System/Library/Frameworks/CoreText.framework/Versions/A/CoreText
0x00000000119b7000 	/System/Library/Frameworks/ImageIO.framework/Versions/A/ImageIO
0x00000000119b7000 	/System/Library/PrivateFrameworks/Backup.framework/Versions/A/Backup
0x00000000119b7000 	/usr/lib/libarchive.2.dylib
0x00000000119b7000 	/System/Library/Frameworks/CFNetwork.framework/Versions/A/CFNetwork
0x00000000119b7000 	/System/Library/Frameworks/SystemConfiguration.framework/Versions/A/SystemConfiguration
0x00000000119b7000 	/usr/lib/libCRFSuite.dylib
0x00000000119b7000 	/usr/lib/libc++.1.dylib
0x00000000119b7000 	/usr/lib/libc++abi.dylib
0x00000000119b7000 	/usr/lib/system/libcache.dylib
0x00000000119b7000 	/usr/lib/system/libcommonCrypto.dylib
0x00000000119b7000 	/usr/lib/system/libcompiler_rt.dylib
0x00000000119b7000 	/usr/lib/system/libcopyfile.dylib
0x00000000119b7000 	/usr/lib/system/libcorecrypto.dylib
0x00000000119b7000 	/usr/lib/system/libdispatch.dylib
0x00000000119b7000 	/usr/lib/system/libdyld.dylib
0x00000000119b7000 	/usr/lib/system/libkeymgr.dylib
0x00000000119b7000 	/usr/lib/system/liblaunch.dylib
0x00000000119b7000 	/usr/lib/system/libmacho.dylib
0x00000000119b7000 	/usr/lib/system/libquarantine.dylib
0x00000000119b7000 	/usr/lib/system/libremovefile.dylib
0x00000000119b7000 	/usr/lib/system/libsystem_asl.dylib
0x00000000119b7000 	/usr/lib/system/libsystem_blocks.dylib
0x00000000119b7000 	/usr/lib/system/libsystem_c.dylib
0x00000000119b7000 	/usr/lib/system/libsystem_configuration.dylib
0x00000000119b7000 	/usr/lib/system/libsystem_coreservices.dylib
0x00000000119b7000 	/usr/lib/system/libsystem_darwin.dylib
0x00000000119b7000 	/usr/lib/system/libsystem_dnssd.dylib
0x00000000119b7000 	/usr/lib/system/libsystem_info.dylib
0x00000000119b7000 	/usr/lib/system/libsystem_m.dylib
0x00000000119b7000 	/usr/lib/system/libsystem_malloc.dylib
0x00000000119b7000 	/usr/lib/system/libsystem_network.dylib
0x00000000119b7000 	/usr/lib/system/libsystem_networkextension.dylib
0x00000000119b7000 	/usr/lib/system/libsystem_notify.dylib
0x00000000119b7000 	/usr/lib/system/libsystem_sandbox.dylib
0x00000000119b7000 	/usr/lib/system/libsystem_secinit.dylib
0x00000000119b7000 	/usr/lib/system/libsystem_kernel.dylib
0x00000000119b7000 	/usr/lib/system/libsystem_platform.dylib
0x00000000119b7000 	/usr/lib/system/libsystem_pthread.dylib
0x00000000119b7000 	/usr/lib/system/libsystem_symptoms.dylib
0x00000000119b7000 	/usr/lib/system/libsystem_trace.dylib
0x00000000119b7000 	/usr/lib/system/libunwind.dylib
0x00000000119b7000 	/usr/lib/system/libxpc.dylib
0x00000000119b7000 	/usr/lib/closure/libclosured.dylib
0x00000000119b7000 	/usr/lib/libbsm.0.dylib
0x00000000119b7000 	/usr/lib/system/libkxld.dylib
0x00000000119b7000 	/usr/lib/libOpenScriptingUtil.dylib
0x00000000119b7000 	/usr/lib/libcoretls.dylib
0x00000000119b7000 	/usr/lib/libcoretls_cfhelpers.dylib
0x00000000119b7000 	/usr/lib/libpam.2.dylib
0x00000000119b7000 	/usr/lib/libsqlite3.dylib
0x00000000119b7000 	/usr/lib/libxar.1.dylib
0x00000000119b7000 	/usr/lib/libbz2.1.0.dylib
0x00000000119b7000 	/usr/lib/liblzma.5.dylib
0x00000000119b7000 	/usr/lib/libnetwork.dylib
0x00000000119b7000 	/usr/lib/libapple_nghttp2.dylib
0x00000000119b7000 	/usr/lib/libpcap.A.dylib
0x00000000119b7000 	/usr/lib/libboringssl.dylib
0x00000000119b7000 	/usr/lib/libusrtcp.dylib
0x00000000119b7000 	/usr/lib/libapple_crypto.dylib
0x00000000119b7000 	/System/Library/Frameworks/CoreServices.framework/Versions/A/Frameworks/FSEvents.framework/Versions/A/FSEvents
0x00000000119b7000 	/System/Library/Frameworks/CoreServices.framework/Versions/A/Frameworks/CarbonCore.framework/Versions/A/CarbonCore
0x00000000119b7000 	/System/Library/Frameworks/CoreServices.framework/Versions/A/Frameworks/Metadata.framework/Versions/A/Metadata
0x00000000119b7000 	/System/Library/Frameworks/CoreServices.framework/Versions/A/Frameworks/OSServices.framework/Versions/A/OSServices
0x00000000119b7000 	/System/Library/Frameworks/CoreServices.framework/Versions/A/Frameworks/SearchKit.framework/Versions/A/SearchKit
0x00000000119b7000 	/System/Library/Frameworks/CoreServices.framework/Versions/A/Frameworks/AE.framework/Versions/A/AE
0x00000000119b7000 	/System/Library/Frameworks/CoreServices.framework/Versions/A/Frameworks/LaunchServices.framework/Versions/A/LaunchServices
0x00000000119b7000 	/System/Library/Frameworks/CoreServices.framework/Versions/A/Frameworks/DictionaryServices.framework/Versions/A/DictionaryServices
0x00000000119b7000 	/System/Library/Frameworks/CoreServices.framework/Versions/A/Frameworks/SharedFileList.framework/Versions/A/SharedFileList
0x00000000119b7000 	/System/Library/Frameworks/NetFS.framework/Versions/A/NetFS
0x00000000119b7000 	/System/Library/PrivateFrameworks/NetAuth.framework/Versions/A/NetAuth
0x00000000119b7000 	/System/Library/PrivateFrameworks/login.framework/Versions/A/Frameworks/loginsupport.framework/Versions/A/loginsupport
0x00000000119b7000 	/System/Library/PrivateFrameworks/TCC.framework/Versions/A/TCC
0x00000000119b7000 	/usr/lib/libmecabra.dylib
0x00000000119b7000 	/System/Library/Frameworks/ApplicationServices.framework/Versions/A/Frameworks/ATS.framework/Versions/A/ATS
0x00000000119b7000 	/System/Library/Frameworks/ApplicationServices.framework/Versions/A/Frameworks/ColorSyncLegacy.framework/Versions/A/ColorSyncLegacy
0x00000000119b7000 	/System/Library/Frameworks/ApplicationServices.framework/Versions/A/Frameworks/HIServices.framework/Versions/A/HIServices
0x00000000119b7000 	/System/Library/Frameworks/ApplicationServices.framework/Versions/A/Frameworks/LangAnalysis.framework/Versions/A/LangAnalysis
0x00000000119b7000 	/System/Library/Frameworks/ApplicationServices.framework/Versions/A/Frameworks/PrintCore.framework/Versions/A/PrintCore
0x00000000119b7000 	/System/Library/Frameworks/ApplicationServices.framework/Versions/A/Frameworks/QD.framework/Versions/A/QD
0x00000000119b7000 	/System/Library/Frameworks/ApplicationServices.framework/Versions/A/Frameworks/SpeechSynthesis.framework/Versions/A/SpeechSynthesis
0x00000000119b7000 	/System/Library/Frameworks/CoreDisplay.framework/Versions/A/CoreDisplay
0x00000000119b7000 	/System/Library/Frameworks/Accelerate.framework/Versions/A/Frameworks/vImage.framework/Versions/A/vImage
0x00000000119b7000 	/System/Library/Frameworks/Accelerate.framework/Versions/A/Frameworks/vecLib.framework/Versions/A/vecLib
0x00000000119b7000 	/System/Library/Frameworks/Accelerate.framework/Versions/A/Frameworks/vecLib.framework/Versions/A/libvDSP.dylib
0x00000000119b7000 	/System/Library/Frameworks/Accelerate.framework/Versions/A/Frameworks/vecLib.framework/Versions/A/libBNNS.dylib
0x00000000119b7000 	/System/Library/Frameworks/Accelerate.framework/Versions/A/Frameworks/vecLib.framework/Versions/A/libQuadrature.dylib
0x00000000119b7000 	/System/Library/Frameworks/Accelerate.framework/Versions/A/Frameworks/vecLib.framework/Versions/A/libvMisc.dylib
0x00000000119b7000 	/System/Library/Frameworks/Accelerate.framework/Versions/A/Frameworks/vecLib.framework/Versions/A/libLAPACK.dylib
0x00000000119b7000 	/System/Library/Frameworks/Accelerate.framework/Versions/A/Frameworks/vecLib.framework/Versions/A/libBLAS.dylib
0x00000000119b7000 	/System/Library/Frameworks/Accelerate.framework/Versions/A/Frameworks/vecLib.framework/Versions/A/libLinearAlgebra.dylib
0x00000000119b7000 	/System/Library/Frameworks/Accelerate.framework/Versions/A/Frameworks/vecLib.framework/Versions/A/libSparse.dylib
0x00000000119b7000 	/System/Library/Frameworks/Accelerate.framework/Versions/A/Frameworks/vecLib.framework/Versions/A/libSparseBLAS.dylib
0x00000000119b7000 	/System/Library/PrivateFrameworks/IOAccelerator.framework/Versions/A/IOAccelerator
0x00000000119b7000 	/System/Library/PrivateFrameworks/IOPresentment.framework/Versions/A/IOPresentment
0x00000000119b7000 	/System/Library/PrivateFrameworks/DSExternalDisplay.framework/Versions/A/DSExternalDisplay
0x00000000119b7000 	/System/Library/Frameworks/OpenGL.framework/Versions/A/Libraries/libCoreFSCache.dylib
0x00000000119b7000 	/System/Library/Frameworks/CoreVideo.framework/Versions/A/CoreVideo
0x00000000119b7000 	/System/Library/PrivateFrameworks/GraphVisualizer.framework/Versions/A/GraphVisualizer
0x00000000119b7000 	/System/Library/Frameworks/MetalPerformanceShaders.framework/Versions/A/MetalPerformanceShaders
0x00000000119b7000 	/usr/lib/libFosl_dynamic.dylib
0x00000000119b7000 	/System/Library/PrivateFrameworks/FaceCore.framework/Versions/A/FaceCore
0x00000000119b7000 	/System/Library/Frameworks/OpenCL.framework/Versions/A/OpenCL
0x00000000119b7000 	/usr/lib/libcompression.dylib
0x00000000119b7000 	/System/Library/Frameworks/ApplicationServices.framework/Versions/A/Frameworks/ATS.framework/Versions/A/Resources/libFontParser.dylib
0x00000000119b7000 	/System/Library/Frameworks/ApplicationServices.framework/Versions/A/Frameworks/ATS.framework/Versions/A/Resources/libFontRegistry.dylib
0x00000000119b7000 	/System/Library/Frameworks/ImageIO.framework/Versions/A/Resources/libJPEG.dylib
0x00000000119b7000 	/System/Library/Frameworks/ImageIO.framework/Versions/A/Resources/libTIFF.dylib
0x00000000119b7000 	/System/Library/Frameworks/ImageIO.framework/Versions/A/Resources/libPng.dylib
0x00000000119b7000 	/System/Library/Frameworks/ImageIO.framework/Versions/A/Resources/libGIF.dylib
0x00000000119b7000 	/System/Library/Frameworks/ImageIO.framework/Versions/A/Resources/libJP2.dylib
0x00000000119b7000 	/System/Library/Frameworks/ImageIO.framework/Versions/A/Resources/libRadiance.dylib
0x00000000119b7000 	/System/Library/PrivateFrameworks/AppleJPEG.framework/Versions/A/AppleJPEG
0x00000000119b7000 	/System/Library/PrivateFrameworks/MetalTools.framework/Versions/A/MetalTools
0x00000000119b7000 	/System/Library/Frameworks/MetalPerformanceShaders.framework/Frameworks/MPSCore.framework/Versions/A/MPSCore
0x00000000119b7000 	/System/Library/Frameworks/MetalPerformanceShaders.framework/Frameworks/MPSImage.framework/Versions/A/MPSImage
0x00000000119b7000 	/System/Library/Frameworks/MetalPerformanceShaders.framework/Frameworks/MPSMatrix.framework/Versions/A/MPSMatrix
0x00000000119b7000 	/System/Library/Frameworks/MetalPerformanceShaders.framework/Frameworks/MPSNeuralNetwork.framework/Versions/A/MPSNeuralNetwork
0x00000000119b7000 	/System/Library/Frameworks/OpenGL.framework/Versions/A/Libraries/libGLU.dylib
0x00000000119b7000 	/System/Library/Frameworks/OpenGL.framework/Versions/A/Libraries/libGFXShared.dylib
0x00000000119b7000 	/System/Library/Frameworks/OpenGL.framework/Versions/A/Libraries/libGL.dylib
0x00000000119b7000 	/System/Library/Frameworks/OpenGL.framework/Versions/A/Libraries/libGLImage.dylib
0x00000000119b7000 	/System/Library/Frameworks/OpenGL.framework/Versions/A/Libraries/libCVMSPluginSupport.dylib
0x00000000119b7000 	/System/Library/Frameworks/OpenGL.framework/Versions/A/Libraries/libCoreVMClient.dylib
0x00000000119b7000 	/usr/lib/libcups.2.dylib
0x00000000119b7000 	/System/Library/Frameworks/Kerberos.framework/Versions/A/Kerberos
0x00000000119b7000 	/System/Library/Frameworks/GSS.framework/Versions/A/GSS
0x00000000119b7000 	/usr/lib/libresolv.9.dylib
0x00000000119b7000 	/usr/lib/libiconv.2.dylib
0x00000000119b7000 	/System/Library/PrivateFrameworks/Heimdal.framework/Versions/A/Heimdal
0x00000000119b7000 	/usr/lib/libheimdal-asn1.dylib
0x00000000119b7000 	/System/Library/Frameworks/OpenDirectory.framework/Versions/A/OpenDirectory
0x00000000119b7000 	/System/Library/PrivateFrameworks/CommonAuth.framework/Versions/A/CommonAuth
0x00000000119b7000 	/System/Library/Frameworks/OpenDirectory.framework/Versions/A/Frameworks/CFOpenDirectory.framework/Versions/A/CFOpenDirectory
0x00000000119b7000 	/System/Library/Frameworks/SecurityFoundation.framework/Versions/A/SecurityFoundation
0x00000000119b7000 	/System/Library/PrivateFrameworks/APFS.framework/Versions/A/APFS
0x00000000119b7000 	/usr/lib/libutil.dylib
0x00000000119b7000 	/System/Library/PrivateFrameworks/AppleSauce.framework/Versions/A/AppleSauce
0x00000000119b7000 	/System/Library/PrivateFrameworks/LinguisticData.framework/Versions/A/LinguisticData
0x00000000119b7000 	/usr/lib/libmarisa.dylib
0x00000000119b7000 	/System/Library/PrivateFrameworks/Lexicon.framework/Versions/A/Lexicon
0x00000000119b7000 	/usr/lib/libChineseTokenizer.dylib
0x00000000119b7000 	/usr/lib/libcmph.dylib
0x00000000119b7000 	/System/Library/PrivateFrameworks/LanguageModeling.framework/Versions/A/LanguageModeling
0x00000000119b7000 	/System/Library/PrivateFrameworks/CoreEmoji.framework/Versions/A/CoreEmoji
0x00000000119b7000 	/System/Library/Frameworks/ServiceManagement.framework/Versions/A/ServiceManagement
0x00000000119b7000 	/System/Library/PrivateFrameworks/BackgroundTaskManagement.framework/Versions/A/BackgroundTaskManagement
0x00000000119b7000 	/usr/lib/libxslt.1.dylib
0x00000000119b7000 	/System/Library/Frameworks/Carbon.framework/Versions/A/Frameworks/Ink.framework/Versions/A/Ink
0x00000000119b7000 	/System/Library/PrivateFrameworks/TextureIO.framework/Versions/A/TextureIO
0x00000000119b7000 	/usr/lib/libate.dylib
0x00000000119b7000 	/System/Library/PrivateFrameworks/CrashReporterSupport.framework/Versions/A/CrashReporterSupport
0x00000000119b7000 	/System/Library/PrivateFrameworks/Sharing.framework/Versions/A/Sharing
0x00000000119b7000 	/System/Library/PrivateFrameworks/IconServices.framework/Versions/A/IconServices
0x00000000119b7000 	/System/Library/PrivateFrameworks/ProtocolBuffer.framework/Versions/A/ProtocolBuffer
0x00000000119b7000 	/System/Library/PrivateFrameworks/Apple80211.framework/Versions/A/Apple80211
0x00000000119b7000 	/System/Library/Frameworks/CoreWLAN.framework/Versions/A/CoreWLAN
0x00000000119b7000 	/System/Library/PrivateFrameworks/CoreUtils.framework/Versions/A/CoreUtils
0x00000000119b7000 	/System/Library/Frameworks/IOBluetooth.framework/Versions/A/IOBluetooth
0x00000000119b7000 	/System/Library/PrivateFrameworks/CoreWiFi.framework/Versions/A/CoreWiFi
0x00000000119b7000 	/System/Library/Frameworks/CoreBluetooth.framework/Versions/A/CoreBluetooth
0x00000000119b7000 	/System/Library/PrivateFrameworks/SignpostNotification.framework/Versions/A/SignpostNotification
0x00000000119b7000 	/System/Library/PrivateFrameworks/DebugSymbols.framework/Versions/A/DebugSymbols
0x00000000119b7000 	/System/Library/PrivateFrameworks/CoreSymbolication.framework/Versions/A/CoreSymbolication
0x00000000119b7000 	/System/Library/PrivateFrameworks/Symbolication.framework/Versions/A/Symbolication
0x00000000119b7000 	/System/Library/PrivateFrameworks/AppleFSCompression.framework/Versions/A/AppleFSCompression
0x00000000119b7000 	/System/Library/PrivateFrameworks/SpeechRecognitionCore.framework/Versions/A/SpeechRecognitionCore
0x0000000109760000 	/Library/Java/JavaVirtualMachines/jdk1.8.0_141.jdk/Contents/Home/jre/lib/server/libjvm.dylib
0x00000000119b7000 	/usr/lib/libstdc++.6.0.9.dylib
0x000000010a707000 	/Library/Java/JavaVirtualMachines/jdk1.8.0_141.jdk/Contents/Home/jre/lib/libverify.dylib
0x000000010a715000 	/Library/Java/JavaVirtualMachines/jdk1.8.0_141.jdk/Contents/Home/jre/lib/libjava.dylib
0x000000010a794000 	/Library/Java/JavaVirtualMachines/jdk1.8.0_141.jdk/Contents/Home/jre/lib/libzip.dylib
0x00000000119b7000 	/System/Library/Frameworks/JavaVM.framework/Versions/A/Frameworks/JavaRuntimeSupport.framework/Versions/A/JavaRuntimeSupport
0x00000000119b7000 	/System/Library/Frameworks/JavaVM.framework/Versions/A/Frameworks/JavaNativeFoundation.framework/Versions/A/JavaNativeFoundation
0x00000000119b7000 	/System/Library/Frameworks/JavaVM.framework/Versions/A/JavaVM
0x00000000119b7000 	/System/Library/Frameworks/Carbon.framework/Versions/A/Carbon
0x00000000119b7000 	/System/Library/PrivateFrameworks/JavaLaunching.framework/Versions/A/JavaLaunching
0x00000000119b7000 	/System/Library/Frameworks/Carbon.framework/Versions/A/Frameworks/CommonPanels.framework/Versions/A/CommonPanels
0x00000000119b7000 	/System/Library/Frameworks/Carbon.framework/Versions/A/Frameworks/Help.framework/Versions/A/Help
0x00000000119b7000 	/System/Library/Frameworks/Carbon.framework/Versions/A/Frameworks/ImageCapture.framework/Versions/A/ImageCapture
0x00000000119b7000 	/System/Library/Frameworks/Carbon.framework/Versions/A/Frameworks/OpenScripting.framework/Versions/A/OpenScripting
0x00000000119b7000 	/System/Library/Frameworks/Carbon.framework/Versions/A/Frameworks/Print.framework/Versions/A/Print
0x00000000119b7000 	/System/Library/Frameworks/Carbon.framework/Versions/A/Frameworks/SecurityHI.framework/Versions/A/SecurityHI
0x000000010fe08000 	/Library/Java/JavaVirtualMachines/jdk1.8.0_141.jdk/Contents/Home/jre/lib/libosx.dylib
0x000000010fe16000 	/Library/Java/JavaVirtualMachines/jdk1.8.0_141.jdk/Contents/Home/jre/lib/./libosxapp.dylib
0x00000000119b7000 	/System/Library/Frameworks/ExceptionHandling.framework/Versions/A/ExceptionHandling
0x000000010fe32000 	/Library/Java/JavaVirtualMachines/jdk1.8.0_141.jdk/Contents/Home/jre/lib/libawt.dylib
0x000000010feda000 	/Library/Java/JavaVirtualMachines/jdk1.8.0_141.jdk/Contents/Home/jre/lib/./libmlib_image.dylib
0x000000010ffa6000 	/Library/Java/JavaVirtualMachines/jdk1.8.0_141.jdk/Contents/Home/jre/lib/libawt_lwawt.dylib
0x00000000119b7000 	/System/Library/PrivateFrameworks/CoreServicesInternal.framework/Versions/A/CoreServicesInternal
0x00000000119b7000 	/System/Library/CoreServices/RawCamera.bundle/Contents/MacOS/RawCamera
0x00000000119b7000 	/System/Library/PrivateFrameworks/MobileAsset.framework/Versions/A/MobileAsset
0x00000000119b7000 	/System/Library/PrivateFrameworks/StreamingZip.framework/Versions/A/StreamingZip
0x00000000119b7000 	/System/Library/Frameworks/MediaToolbox.framework/Versions/A/MediaToolbox
0x00000000119b7000 	/System/Library/PrivateFrameworks/CoreAVCHD.framework/Versions/A/CoreAVCHD
0x00000000119b7000 	/System/Library/Frameworks/MediaAccessibility.framework/Versions/A/MediaAccessibility
0x00000000119b7000 	/System/Library/PrivateFrameworks/Mangrove.framework/Versions/A/Mangrove
0x00000000119b7000 	/System/Library/Frameworks/CoreMedia.framework/Versions/A/CoreMedia
0x00000000119b7000 	/System/Library/Frameworks/VideoToolbox.framework/Versions/A/VideoToolbox
0x00000000119b7000 	/System/Library/PrivateFrameworks/CoreAUC.framework/Versions/A/CoreAUC
0x00000000119b7000 	/usr/lib/libspindump.dylib
0x00000000119b7000 	/usr/lib/libdscsym.dylib
0x00000000119b7000 	/System/Library/PrivateFrameworks/AppleVA.framework/Versions/A/AppleVA
0x00000000119b7000 	/System/Library/Frameworks/Accelerate.framework/Versions/A/Frameworks/vImage.framework/Versions/A/Libraries/libCGInterfaces.dylib
0x00000000119b7000 	/System/Library/Frameworks/ApplicationServices.framework/Versions/A/Frameworks/ATS.framework/Versions/A/Resources/libTrueTypeScaler.dylib
0x00000000119b7000 	/System/Library/Frameworks/OpenGL.framework/Versions/A/Resources/GLEngine.bundle/GLEngine
0x00000000119b7000 	/System/Library/Frameworks/OpenGL.framework/Versions/A/Libraries/libGLProgrammability.dylib
0x00000001123cd000 	/System/Library/Extensions/AppleIntelKBLGraphicsGLDriver.bundle/Contents/MacOS/AppleIntelKBLGraphicsGLDriver
0x00000000119b7000 	/System/Library/PrivateFrameworks/GPUSupport.framework/Versions/A/Libraries/libGPUSupportMercury.dylib
0x00000000119b7000 	/System/Library/Frameworks/OpenGL.framework/Versions/A/Resources/GLRendererFloat.bundle/GLRendererFloat
0x00000000119b7000 	/System/Library/Frameworks/OpenCL.framework/Versions/A/Libraries/libcldcpuengine.dylib
0x00000000119b7000 	/usr/lib/libcrypto.35.dylib
0x00000000119b7000 	/System/Library/PrivateFrameworks/TrustEvaluationAgent.framework/Versions/A/TrustEvaluationAgent
0x00000000119b7000 	/System/Library/Extensions/AppleIntelKBLGraphicsMTLDriver.bundle/Contents/MacOS/AppleIntelKBLGraphicsMTLDriver
0x00000000119b7000 	/System/Library/PrivateFrameworks/GPUCompiler.framework/Versions/3802/Libraries/libmetal_timestamp.dylib
0x00000000119b7000 	/System/Library/PrivateFrameworks/FamilyControls.framework/Versions/A/FamilyControls
0x00000000119b7000 	/System/Library/PrivateFrameworks/CommerceKit.framework/Versions/A/Frameworks/CommerceCore.framework/Versions/A/CommerceCore
0x00000000119b7000 	/System/Library/PrivateFrameworks/SystemAdministration.framework/Versions/A/SystemAdministration
0x00000000119b7000 	/System/Library/PrivateFrameworks/AppContainer.framework/Versions/A/AppContainer
0x00000000119b7000 	/System/Library/PrivateFrameworks/SecCodeWrapper.framework/Versions/A/SecCodeWrapper
0x00000000119b7000 	/System/Library/PrivateFrameworks/DiskManagement.framework/Versions/A/DiskManagement
0x00000000119b7000 	/System/Library/Frameworks/DirectoryService.framework/Versions/A/DirectoryService
0x00000000119b7000 	/System/Library/PrivateFrameworks/DiskImages.framework/Versions/A/DiskImages
0x00000000119b7000 	/System/Library/PrivateFrameworks/LoginUIKit.framework/Versions/A/Frameworks/LoginUICore.framework/Versions/A/LoginUICore
0x00000000119b7000 	/usr/lib/libCoreStorage.dylib
0x00000000119b7000 	/usr/lib/libcsfde.dylib
0x00000000119b7000 	/usr/lib/libodfde.dylib
0x00000000119b7000 	/System/Library/PrivateFrameworks/MediaKit.framework/Versions/A/MediaKit
0x00000000119b7000 	/System/Library/Frameworks/DiscRecording.framework/Versions/A/DiscRecording
0x00000000119b7000 	/System/Library/PrivateFrameworks/EFILogin.framework/Versions/A/EFILogin
0x00000000119b7000 	/System/Library/PrivateFrameworks/ProtectedCloudStorage.framework/Versions/A/ProtectedCloudStorage
0x00000000119b7000 	/usr/lib/libcurl.4.dylib
0x00000000119b7000 	/usr/lib/libssl.35.dylib
0x00000000119b7000 	/System/Library/Frameworks/LDAP.framework/Versions/A/LDAP
0x00000000119b7000 	/usr/lib/libsasl2.2.dylib
0x00000000119b7000 	/System/Library/PrivateFrameworks/CoreDaemon.framework/Versions/B/CoreDaemon
0x00000000119b7000 	/System/Library/PrivateFrameworks/AppleSRP.framework/Versions/A/AppleSRP
0x0000000113af2000 	/Library/Java/JavaVirtualMachines/jdk1.8.0_141.jdk/Contents/Home/jre/lib/libfontmanager.dylib
0x00000000119b7000 	/System/Library/PrivateFrameworks/ViewBridge.framework/Versions/A/ViewBridge

VM Arguments:
jvm_args: -Dfile.encoding=windows-1252 -ea 
java_command: com.codename1.impl.javase.Simulator com.todocatalyst.todocatalyst.TodoCatalystParse
java_class_path (initial): /Users/thomashjelm/NetBeansProjects/CodenameOne/CodenameOne/dist/CodenameOne.jar:/Users/thomashjelm/NetBeansProjects/CN1JSON/dist/CN1JSON.jar:/Users/thomashjelm/NetBeansProjects/parse4cn1/dist/parse4cn1.jar:/Users/thomashjelm/NetBeansProjects/todocatalyst/override:/Users/thomashjelm/NetBeansProjects/CodenameOne/Ports/JavaSE/dist/JavaSE.jar:/Users/thomashjelm/NetBeansProjects/todocatalyst/build/classes
Launcher Type: SUN_STANDARD

Environment Variables:
PATH=/usr/bin:/bin:/usr/sbin:/sbin
LD_LIBRARY_PATH=/Library/Java/JavaVirtualMachines/jdk1.8.0_141.jdk/Contents/Home/jre/lib/amd64:/Library/Java/JavaVirtualMachines/jdk1.8.0_141.jdk/Contents/Home/jre/lib/i386:
SHELL=/bin/bash

Signal Handlers:
SIGSEGV: [libjvm.dylib+0x5b26e5], sa_mask[0]=11111111011111110111111111111111, sa_flags=SA_ONSTACK|SA_RESTART|SA_SIGINFO
SIGBUS: [libjvm.dylib+0x5b26e5], sa_mask[0]=11111111011111110111111111111111, sa_flags=SA_RESTART|SA_SIGINFO
SIGFPE: [libjvm.dylib+0x489100], sa_mask[0]=11111111011111110111111111111111, sa_flags=SA_RESTART|SA_SIGINFO
SIGPIPE: [libjvm.dylib+0x489100], sa_mask[0]=11111111011111110111111111111111, sa_flags=SA_RESTART|SA_SIGINFO
SIGXFSZ: [libjvm.dylib+0x489100], sa_mask[0]=11111111011111110111111111111111, sa_flags=SA_RESTART|SA_SIGINFO
SIGILL: [libjvm.dylib+0x489100], sa_mask[0]=11111111011111110111111111111111, sa_flags=SA_RESTART|SA_SIGINFO
SIGUSR1: SIG_DFL, sa_mask[0]=00000000000000000000000000000000, sa_flags=none
SIGUSR2: [libjvm.dylib+0x488c1e], sa_mask[0]=00100000000000000000000000000000, sa_flags=SA_RESTART|SA_SIGINFO
SIGHUP: [libjvm.dylib+0x4871f5], sa_mask[0]=11111111011111110111111111111111, sa_flags=SA_RESTART|SA_SIGINFO
SIGINT: SIG_IGN, sa_mask[0]=00000000000000000000000000000000, sa_flags=none
SIGTERM: [libjvm.dylib+0x4871f5], sa_mask[0]=11111111011111110111111111111111, sa_flags=SA_RESTART|SA_SIGINFO
SIGQUIT: [libjvm.dylib+0x4871f5], sa_mask[0]=11111111011111110111111111111111, sa_flags=SA_RESTART|SA_SIGINFO


---------------  S Y S T E M  ---------------

OS:Bsduname:Darwin 17.2.0 Darwin Kernel Version 17.2.0: Fri Sep 29 18:27:05 PDT 2017; root:xnu-4570.20.62~3/RELEASE_X86_64 x86_64
rlimit: STACK 8192k, CORE 0k, NPROC 1418, NOFILE 10240, AS infinity
load average:14.45 4.74 3.14

CPU:total 4 (initial active 4) (2 cores per cpu, 2 threads per core) family 6 model 142 stepping 9, cmov, cx8, fxsr, mmx, sse, sse2, sse3, ssse3, sse4.1, sse4.2, popcnt, avx, avx2, aes, clmul, erms, rtm, 3dnowpref, lzcnt, ht, tsc, tscinvbit, bmi1, bmi2, adx

Memory: 4k page, physical 16777216k(838552k free)

/proc/meminfo:


vm_info: Java HotSpot(TM) 64-Bit Server VM (25.141-b15) for bsd-amd64 JRE (1.8.0_141-b15), built on Jul 12 2017 04:35:23 by "java_re" with gcc 4.2.1 (Based on Apple Inc. build 5658) (LLVM build 2336.11.00)

time: Thu Dec 14 22:49:17 2017
elapsed time: 1 seconds (0d 0h 0m 1s)

