#
# A fatal error has been detected by the Java Runtime Environment:
#
#  SIGBUS (0xa) at pc=0x000000010dfd5e92, pid=15342, tid=0x000000000000e967
#
# JRE version: Java(TM) SE Runtime Environment (8.0_141-b15) (build 1.8.0_141-b15)
# Java VM: Java HotSpot(TM) 64-Bit Server VM (25.141-b15 mixed mode bsd-amd64 compressed oops)
# Problematic frame:
# C  [libzip.dylib+0x2e92]  newEntry+0x154
#
# Failed to write core dump. Core dumps have been disabled. To enable core dumping, try "ulimit -c unlimited" before starting Java again
#
# If you would like to submit a bug report, please visit:
#   http://bugreport.java.com/bugreport/crash.jsp
# The crash happened outside the Java Virtual Machine in native code.
# See problematic frame for where to report the bug.
#

---------------  T H R E A D  ---------------

Current thread (0x00007fa141313000):  JavaThread "EDT" [_thread_in_native, id=59751, stack(0x000070000dcab000,0x000070000ddab000)]

siginfo: si_signo: 10 (SIGBUS), si_code: 2 (BUS_ADRERR), si_addr: 0x00000001146136d3

Registers:
RAX=0x00007fa140d1f610, RBX=0x00000001146136c7, RCX=0x0000000000000000, RDX=0x0000000000200000
RSP=0x000070000dda7390, RBP=0x000070000dda73f0, RSI=0x0000000014493595, RDI=0x0000000000000359
R8 =0x0000000014493591, R9 =0x00000000ffe1ffff, R10=0x00007fa144900000, R11=0x0000000000000020
R12=0x000000010dfe7000, R13=0x0000000000003420, R14=0x000000006b38ab9d, R15=0x0000000000000000
RIP=0x000000010dfd5e92, EFLAGS=0x0000000000010202, ERR=0x0000000000000004
  TRAPNO=0x000000000000000e

Top of Stack: (sp=0x000070000dda7390)
0x000070000dda7390:   00000001188d46d0 0000000000000000
0x000070000dda73a0:   000070000dda8610 000070000dda8610
0x000070000dda73b0:   000070000dda73d0 00007fa140d1f610
0x000070000dda73c0:   00007fa144935900 00007fa140d1f610
0x000070000dda73d0:   000000010dfe7000 0000000000003420
0x000070000dda73e0:   000000006b38ab9d 0000000000000000
0x000070000dda73f0:   000070000dda7450 000000010dfd652d
0x000070000dda7400:   000070000dda7491 000070000dda7490
0x000070000dda7410:   0000002100000000 0000002201313000
0x000070000dda7420:   000070000dda746e 000070000dda78b8
0x000070000dda7430:   0000000000000022 000070000dda746e
0x000070000dda7440:   00007fa140d1f610 00007fa1413131f8
0x000070000dda7450:   000070000dda78a0 000000010dfd5238
0x000070000dda7460:   000070000dda7510 6f63700000000001
0x000070000dda7470:   616e65646f632f6d 502f6f692f31656d
0x000070000dda7480:   636e657265666572 7373616c632e7365
0x000070000dda7490:   000070000dda7500 000070000dda74e0
0x000070000dda74a0:   000070000dda7ae0 000000010e94088b
0x000070000dda74b0:   000070000dda8780 000000011894b4ec
0x000070000dda74c0:   000000011894aa50 0000000200000000
0x000070000dda74d0:   000070000dda8a28 000070000dda8780
0x000070000dda74e0:   000070000dda8770 00000001188d4739
0x000070000dda74f0:   00000001188d46d0 0000000100000000
0x000070000dda7500:   000070000dda8770 000070000dda8770
0x000070000dda7510:   00007fa140c5b2c0 000000800ec80af1
0x000070000dda7520:   0000008000000080 0000000130c57f80
0x000070000dda7530:   0000000130c57878 0000000111304bb8
0x000070000dda7540:   00000001117a9ad0 0000000130c57f80
0x000070000dda7550:   0000008000000014 0000000000000080
0x000070000dda7560:   00007fa100000000 00007fa100000000
0x000070000dda7570:   000000140dda7650 0000000000000001
0x000070000dda7580:   0000007c41313000 0000000000000018 

Instructions: (pc=0x000000010dfd5e92)
0x000000010dfd5e72:   49 8b 7f 38 e8 5b 1b 00 00 4d 89 77 38 49 89 5f
0x000000010dfd5e82:   40 4c 89 f0 48 85 c0 0f 84 11 05 00 00 48 89 c3
0x000000010dfd5e92:   0f b6 43 0c 0f b6 4b 0d 48 c1 e1 08 48 01 c1 0f
0x000000010dfd5ea2:   b6 43 0e 0f b6 53 0f 48 c1 e2 08 48 01 c2 48 c1 

Register to memory mapping:

RAX=0x00007fa140d1f610 is an unknown value
RBX=0x00000001146136c7 is an unknown value
RCX=0x0000000000000000 is an unknown value
RDX=0x0000000000200000 is an unknown value
RSP=0x000070000dda7390 is pointing into the stack for thread: 0x00007fa141313000
RBP=0x000070000dda73f0 is pointing into the stack for thread: 0x00007fa141313000
RSI=0x0000000014493595 is an unknown value
RDI=0x0000000000000359 is an unknown value
R8 =0x0000000014493591 is an unknown value
R9 =0x00000000ffe1ffff is an unknown value
R10=0x00007fa144900000 is an unknown value
R11=0x0000000000000020 is an unknown value
R12=0x000000010dfe7000 is an unknown value
R13=0x0000000000003420 is an unknown value
R14=0x000000006b38ab9d is an unknown value
R15=0x0000000000000000 is an unknown value


Stack: [0x000070000dcab000,0x000070000ddab000],  sp=0x000070000dda7390,  free space=1008k
Native frames: (J=compiled Java code, j=interpreted, Vv=VM code, C=native code)
C  [libzip.dylib+0x2e92]  newEntry+0x154
C  [libzip.dylib+0x352d]  ZIP_GetEntry2+0xd4
C  [libzip.dylib+0x2238]  Java_java_util_zip_ZipFile_getEntry+0xcf
J 380  java.util.zip.ZipFile.getEntry(J[BZ)J (0 bytes) @ 0x00000001189c1d0e [0x00000001189c1c40+0xce]
J 694 C1 java.util.zip.ZipFile.getEntry(Ljava/lang/String;)Ljava/util/zip/ZipEntry; (86 bytes) @ 0x0000000118aa740c [0x0000000118aa71a0+0x26c]
J 693 C1 java.util.jar.JarFile.getEntry(Ljava/lang/String;)Ljava/util/zip/ZipEntry; (22 bytes) @ 0x0000000118aa6ba4 [0x0000000118aa6b20+0x84]
J 406 C1 sun.misc.URLClassPath$JarLoader.getResource(Ljava/lang/String;Z)Lsun/misc/Resource; (85 bytes) @ 0x00000001189d43ec [0x00000001189d4100+0x2ec]
j  sun.misc.URLClassPath.getResource(Ljava/lang/String;Z)Lsun/misc/Resource;+62
j  java.net.URLClassLoader$1.run()Ljava/lang/Class;+26
j  java.net.URLClassLoader$1.run()Ljava/lang/Object;+1
v  ~StubRoutines::call_stub
V  [libjvm.dylib+0x2ee70a]
V  [libjvm.dylib+0x34ee68]
j  java.security.AccessController.doPrivileged(Ljava/security/PrivilegedExceptionAction;Ljava/security/AccessControlContext;)Ljava/lang/Object;+0
j  java.net.URLClassLoader.findClass(Ljava/lang/String;)Ljava/lang/Class;+13
J 239 C1 java.lang.ClassLoader.loadClass(Ljava/lang/String;Z)Ljava/lang/Class; (122 bytes) @ 0x000000011894b744 [0x000000011894ade0+0x964]
J 349 C1 sun.misc.Launcher$AppClassLoader.loadClass(Ljava/lang/String;Z)Ljava/lang/Class; (85 bytes) @ 0x00000001189a6224 [0x00000001189a5880+0x9a4]
J 348 C1 java.lang.ClassLoader.loadClass(Ljava/lang/String;)Ljava/lang/Class; (7 bytes) @ 0x00000001189a6cc4 [0x00000001189a6bc0+0x104]
j  java.lang.ClassLoader.findSystemClass(Ljava/lang/String;)Ljava/lang/Class;+48
J 322 C2 com.codename1.impl.javase.ClassPathLoader.findClass(Ljava/lang/String;)Ljava/lang/Class; (290 bytes) @ 0x0000000118997fb0 [0x0000000118996fe0+0xfd0]
J 577 C1 com.codename1.impl.javase.ClassPathLoader.loadClass(Ljava/lang/String;)Ljava/lang/Class; (57 bytes) @ 0x0000000118a3e5f4 [0x0000000118a3dbe0+0xa14]
v  ~StubRoutines::call_stub
V  [libjvm.dylib+0x2ee70a]
V  [libjvm.dylib+0x2eeeae]
V  [libjvm.dylib+0x2ef006]
V  [libjvm.dylib+0x53d236]
V  [libjvm.dylib+0x53c9fe]
V  [libjvm.dylib+0x53d452]
V  [libjvm.dylib+0x53db05]
V  [libjvm.dylib+0x1e3306]
V  [libjvm.dylib+0x1f3756]
V  [libjvm.dylib+0x3cbf82]
V  [libjvm.dylib+0x3cf70e]
V  [libjvm.dylib+0x3cf833]
V  [libjvm.dylib+0x2e8aff]
j  com.todocatalyst.todocatalyst.MyPrefs$PrefEntry.getString()Ljava/lang/String;+11
j  com.todocatalyst.todocatalyst.TodoCatalystParse.init(Ljava/lang/Object;)V+203
v  ~StubRoutines::call_stub
V  [libjvm.dylib+0x2ee70a]
V  [libjvm.dylib+0x4d3c0c]
V  [libjvm.dylib+0x4d4140]
V  [libjvm.dylib+0x346b0c]
j  sun.reflect.NativeMethodAccessorImpl.invoke0(Ljava/lang/reflect/Method;Ljava/lang/Object;[Ljava/lang/Object;)Ljava/lang/Object;+0
j  sun.reflect.NativeMethodAccessorImpl.invoke(Ljava/lang/Object;[Ljava/lang/Object;)Ljava/lang/Object;+100
j  sun.reflect.DelegatingMethodAccessorImpl.invoke(Ljava/lang/Object;[Ljava/lang/Object;)Ljava/lang/Object;+6
j  java.lang.reflect.Method.invoke(Ljava/lang/Object;[Ljava/lang/Object;)Ljava/lang/Object;+56
j  com.codename1.impl.javase.Executor$3$1.run()V+15
j  com.codename1.ui.Display.processSerialCalls()V+114
j  com.codename1.ui.Display.mainEDTLoop()V+114
j  com.codename1.ui.RunnableWrapper.run()V+242
j  com.codename1.impl.CodenameOneThread.run()V+4
v  ~StubRoutines::call_stub
V  [libjvm.dylib+0x2ee70a]
V  [libjvm.dylib+0x2eeeae]
V  [libjvm.dylib+0x2ef05a]
V  [libjvm.dylib+0x3497b1]
V  [libjvm.dylib+0x56c0b3]
V  [libjvm.dylib+0x56d7a0]
V  [libjvm.dylib+0x48baee]
C  [libsystem_pthread.dylib+0x32eb]  _pthread_body+0x7e
C  [libsystem_pthread.dylib+0x6249]  _pthread_start+0x42
C  [libsystem_pthread.dylib+0x240d]  thread_start+0xd
C  0x0000000000000000

Java frames: (J=compiled Java code, j=interpreted, Vv=VM code)
J 380  java.util.zip.ZipFile.getEntry(J[BZ)J (0 bytes) @ 0x00000001189c1c98 [0x00000001189c1c40+0x58]
J 694 C1 java.util.zip.ZipFile.getEntry(Ljava/lang/String;)Ljava/util/zip/ZipEntry; (86 bytes) @ 0x0000000118aa740c [0x0000000118aa71a0+0x26c]
J 693 C1 java.util.jar.JarFile.getEntry(Ljava/lang/String;)Ljava/util/zip/ZipEntry; (22 bytes) @ 0x0000000118aa6ba4 [0x0000000118aa6b20+0x84]
J 406 C1 sun.misc.URLClassPath$JarLoader.getResource(Ljava/lang/String;Z)Lsun/misc/Resource; (85 bytes) @ 0x00000001189d43ec [0x00000001189d4100+0x2ec]
j  sun.misc.URLClassPath.getResource(Ljava/lang/String;Z)Lsun/misc/Resource;+62
j  java.net.URLClassLoader$1.run()Ljava/lang/Class;+26
j  java.net.URLClassLoader$1.run()Ljava/lang/Object;+1
v  ~StubRoutines::call_stub
j  java.security.AccessController.doPrivileged(Ljava/security/PrivilegedExceptionAction;Ljava/security/AccessControlContext;)Ljava/lang/Object;+0
j  java.net.URLClassLoader.findClass(Ljava/lang/String;)Ljava/lang/Class;+13
J 239 C1 java.lang.ClassLoader.loadClass(Ljava/lang/String;Z)Ljava/lang/Class; (122 bytes) @ 0x000000011894b744 [0x000000011894ade0+0x964]
J 349 C1 sun.misc.Launcher$AppClassLoader.loadClass(Ljava/lang/String;Z)Ljava/lang/Class; (85 bytes) @ 0x00000001189a6224 [0x00000001189a5880+0x9a4]
J 348 C1 java.lang.ClassLoader.loadClass(Ljava/lang/String;)Ljava/lang/Class; (7 bytes) @ 0x00000001189a6cc4 [0x00000001189a6bc0+0x104]
j  java.lang.ClassLoader.findSystemClass(Ljava/lang/String;)Ljava/lang/Class;+48
J 322 C2 com.codename1.impl.javase.ClassPathLoader.findClass(Ljava/lang/String;)Ljava/lang/Class; (290 bytes) @ 0x0000000118997fb0 [0x0000000118996fe0+0xfd0]
J 577 C1 com.codename1.impl.javase.ClassPathLoader.loadClass(Ljava/lang/String;)Ljava/lang/Class; (57 bytes) @ 0x0000000118a3e5f4 [0x0000000118a3dbe0+0xa14]
v  ~StubRoutines::call_stub
j  com.todocatalyst.todocatalyst.MyPrefs$PrefEntry.getString()Ljava/lang/String;+11
j  com.todocatalyst.todocatalyst.TodoCatalystParse.init(Ljava/lang/Object;)V+203
v  ~StubRoutines::call_stub
j  sun.reflect.NativeMethodAccessorImpl.invoke0(Ljava/lang/reflect/Method;Ljava/lang/Object;[Ljava/lang/Object;)Ljava/lang/Object;+0
j  sun.reflect.NativeMethodAccessorImpl.invoke(Ljava/lang/Object;[Ljava/lang/Object;)Ljava/lang/Object;+100
j  sun.reflect.DelegatingMethodAccessorImpl.invoke(Ljava/lang/Object;[Ljava/lang/Object;)Ljava/lang/Object;+6
j  java.lang.reflect.Method.invoke(Ljava/lang/Object;[Ljava/lang/Object;)Ljava/lang/Object;+56
j  com.codename1.impl.javase.Executor$3$1.run()V+15
j  com.codename1.ui.Display.processSerialCalls()V+114
j  com.codename1.ui.Display.mainEDTLoop()V+114
j  com.codename1.ui.RunnableWrapper.run()V+242
j  com.codename1.impl.CodenameOneThread.run()V+4
v  ~StubRoutines::call_stub

---------------  P R O C E S S  ---------------

Java Threads: ( => current thread )
=>0x00007fa141313000 JavaThread "EDT" [_thread_in_native, id=59751, stack(0x000070000dcab000,0x000070000ddab000)]
  0x00007fa141997000 JavaThread "Image Fetcher 0" daemon [_thread_blocked, id=74279, stack(0x000070000db25000,0x000070000dc25000)]
  0x00007fa1421f9000 JavaThread "Java2D Disposer" daemon [_thread_blocked, id=57603, stack(0x000070000da22000,0x000070000db22000)]
  0x00007fa141801000 JavaThread "Java2D Queue Flusher" daemon [_thread_blocked, id=54539, stack(0x000070000d91f000,0x000070000da1f000)]
  0x00007fa142886800 JavaThread "Thread-6" daemon [_thread_in_native, id=54275, stack(0x000070000d81c000,0x000070000d91c000)]
  0x00007fa1418ef000 JavaThread "process reaper" daemon [_thread_in_native, id=52999, stack(0x000070000d7f1000,0x000070000d819000)]
  0x00007fa14285c800 JavaThread "DestroyJavaVM" [_thread_blocked, id=9987, stack(0x000070000c2ac000,0x000070000c3ac000)]
  0x00007fa1420fd800 JavaThread "Thread-4" [_thread_blocked, id=52739, stack(0x000070000d6ee000,0x000070000d7ee000)]
  0x00007fa1420f8000 JavaThread "Thread-3" daemon [_thread_in_native, id=51987, stack(0x000070000d5eb000,0x000070000d6eb000)]
  0x00007fa1411b4800 JavaThread "Timer-0" daemon [_thread_blocked, id=51723, stack(0x000070000d4e8000,0x000070000d5e8000)]
  0x00007fa14197b800 JavaThread "AWT-EventQueue-0" [_thread_blocked, id=80647, stack(0x000070000d3e5000,0x000070000d4e5000)]
  0x00007fa1420b5800 JavaThread "AWT-Shutdown" [_thread_blocked, id=26415, stack(0x000070000d159000,0x000070000d259000)]
  0x00007fa1420a4000 JavaThread "AppKit Thread" daemon [_thread_in_native, id=775, stack(0x00007ffee14ef000,0x00007ffee1cef000)]
  0x00007fa142801000 JavaThread "Service Thread" daemon [_thread_blocked, id=14083, stack(0x000070000ced0000,0x000070000cfd0000)]
  0x00007fa14106a800 JavaThread "C1 CompilerThread2" daemon [_thread_blocked, id=17923, stack(0x000070000cdcd000,0x000070000cecd000)]
  0x00007fa14101c800 JavaThread "C2 CompilerThread1" daemon [_thread_blocked, id=18179, stack(0x000070000ccca000,0x000070000cdca000)]
  0x00007fa14202b000 JavaThread "C2 CompilerThread0" daemon [_thread_blocked, id=18691, stack(0x000070000cbc7000,0x000070000ccc7000)]
  0x00007fa14183b000 JavaThread "Signal Dispatcher" daemon [_thread_blocked, id=13315, stack(0x000070000cac4000,0x000070000cbc4000)]
  0x00007fa141837800 JavaThread "Finalizer" daemon [_thread_blocked, id=20739, stack(0x000070000c9c1000,0x000070000cac1000)]
  0x00007fa141835000 JavaThread "Reference Handler" daemon [_thread_blocked, id=20995, stack(0x000070000c8be000,0x000070000c9be000)]

Other Threads:
  0x00007fa142022800 VMThread [stack: 0x000070000c7bb000,0x000070000c8bb000] [id=11779]
  0x00007fa14280c000 WatcherThread [stack: 0x000070000cfd3000,0x000070000d0d3000] [id=14595]

VM state:not at safepoint (normal execution)

VM Mutex/Monitor currently owned by a thread: None

Heap:
 PSYoungGen      total 269824K, used 32471K [0x000000076ab00000, 0x000000077be00000, 0x00000007c0000000)
  eden space 261120K, 11% used [0x000000076ab00000,0x000000076c78cd58,0x000000077aa00000)
  from space 8704K, 37% used [0x000000077b380000,0x000000077b6a9290,0x000000077bc00000)
  to   space 9728K, 0% used [0x000000077aa00000,0x000000077aa00000,0x000000077b380000)
 ParOldGen       total 175104K, used 75846K [0x00000006c0000000, 0x00000006cab00000, 0x000000076ab00000)
  object space 175104K, 43% used [0x00000006c0000000,0x00000006c4a11b60,0x00000006cab00000)
 Metaspace       used 16140K, capacity 16596K, committed 16768K, reserved 1064960K
  class space    used 1967K, capacity 2070K, committed 2176K, reserved 1048576K

Card table byte_map: [0x000000010fb67000,0x0000000110368000] byte_map_base: 0x000000010c567000

Marking Bits: (ParMarkBitMap*) 0x000000010f0f35d0
 Begin Bits: [0x00000001277d8000, 0x000000012b7d8000)
 End Bits:   [0x000000012b7d8000, 0x000000012f7d8000)

Polling page: 0x000000010df89000

CodeCache: size=245760Kb used=3731Kb max_used=3731Kb free=242029Kb
 bounds [0x00000001187d8000, 0x0000000118b88000, 0x00000001277d8000]
 total_blobs=1635 nmethods=1051 adapters=498
 compilation: enabled

Compilation events (10 events):
Event: 15.183 Thread 0x00007fa14106a800 1068       3       java.nio.CharBuffer::hasArray (20 bytes)
Event: 15.183 Thread 0x00007fa14106a800 nmethod 1068 0x0000000118b7a710 code [0x0000000118b7a880, 0x0000000118b7aa70]
Event: 15.183 Thread 0x00007fa14106a800 1069       3       java.nio.ByteBuffer::hasArray (20 bytes)
Event: 15.183 Thread 0x00007fa14106a800 nmethod 1069 0x0000000118b7aad0 code [0x0000000118b7ac40, 0x0000000118b7ae30]
Event: 15.191 Thread 0x00007fa14106a800 1070       3       java.io.UnixFileSystem::resolve (103 bytes)
Event: 15.192 Thread 0x00007fa14106a800 nmethod 1070 0x0000000118b7ae90 code [0x0000000118b7b1e0, 0x0000000118b7cf48]
Event: 15.353 Thread 0x00007fa14106a800 1071       3       java.io.File::exists (43 bytes)
Event: 15.354 Thread 0x00007fa14106a800 nmethod 1071 0x0000000118b7dc90 code [0x0000000118b7de40, 0x0000000118b7e2a8]
Event: 15.431 Thread 0x00007fa14106a800 1072       3       java.lang.Integer::valueOf (32 bytes)
Event: 15.432 Thread 0x00007fa14106a800 nmethod 1072 0x0000000118b7e3d0 code [0x0000000118b7e560, 0x0000000118b7e8b0]

GC Heap History (10 events):
Event: 3.971 GC heap before
{Heap before GC invocations=2 (full 0):
 PSYoungGen      total 76288K, used 73971K [0x000000076ab00000, 0x0000000770000000, 0x00000007c0000000)
  eden space 65536K, 100% used [0x000000076ab00000,0x000000076eb00000,0x000000076eb00000)
  from space 10752K, 78% used [0x000000076eb00000,0x000000076f33ccb8,0x000000076f580000)
  to   space 10752K, 0% used [0x000000076f580000,0x000000076f580000,0x0000000770000000)
 ParOldGen       total 175104K, used 25282K [0x00000006c0000000, 0x00000006cab00000, 0x000000076ab00000)
  object space 175104K, 14% used [0x00000006c0000000,0x00000006c18b0920,0x00000006cab00000)
 Metaspace       used 11780K, capacity 12102K, committed 12288K, reserved 1060864K
  class space    used 1432K, capacity 1491K, committed 1536K, reserved 1048576K
Event: 4.005 GC heap after
Heap after GC invocations=2 (full 0):
 PSYoungGen      total 76288K, used 8323K [0x000000076ab00000, 0x0000000774000000, 0x00000007c0000000)
  eden space 65536K, 0% used [0x000000076ab00000,0x000000076ab00000,0x000000076eb00000)
  from space 10752K, 77% used [0x000000076f580000,0x000000076fda0ca8,0x0000000770000000)
  to   space 10752K, 0% used [0x000000076eb00000,0x000000076eb00000,0x000000076f580000)
 ParOldGen       total 175104K, used 75838K [0x00000006c0000000, 0x00000006cab00000, 0x000000076ab00000)
  object space 175104K, 43% used [0x00000006c0000000,0x00000006c4a0fb60,0x00000006cab00000)
 Metaspace       used 11780K, capacity 12102K, committed 12288K, reserved 1060864K
  class space    used 1432K, capacity 1491K, committed 1536K, reserved 1048576K
}
Event: 4.294 GC heap before
{Heap before GC invocations=3 (full 0):
 PSYoungGen      total 76288K, used 73859K [0x000000076ab00000, 0x0000000774000000, 0x00000007c0000000)
  eden space 65536K, 100% used [0x000000076ab00000,0x000000076eb00000,0x000000076eb00000)
  from space 10752K, 77% used [0x000000076f580000,0x000000076fda0ca8,0x0000000770000000)
  to   space 10752K, 0% used [0x000000076eb00000,0x000000076eb00000,0x000000076f580000)
 ParOldGen       total 175104K, used 75838K [0x00000006c0000000, 0x00000006cab00000, 0x000000076ab00000)
  object space 175104K, 43% used [0x00000006c0000000,0x00000006c4a0fb60,0x00000006cab00000)
 Metaspace       used 11780K, capacity 12102K, committed 12288K, reserved 1060864K
  class space    used 1432K, capacity 1491K, committed 1536K, reserved 1048576K
Event: 4.298 GC heap after
Heap after GC invocations=3 (full 0):
 PSYoungGen      total 76288K, used 8371K [0x000000076ab00000, 0x0000000774000000, 0x00000007c0000000)
  eden space 65536K, 0% used [0x000000076ab00000,0x000000076ab00000,0x000000076eb00000)
  from space 10752K, 77% used [0x000000076eb00000,0x000000076f32ccb8,0x000000076f580000)
  to   space 10752K, 0% used [0x0000000773580000,0x0000000773580000,0x0000000774000000)
 ParOldGen       total 175104K, used 75838K [0x00000006c0000000, 0x00000006cab00000, 0x000000076ab00000)
  object space 175104K, 43% used [0x00000006c0000000,0x00000006c4a0fb60,0x00000006cab00000)
 Metaspace       used 11780K, capacity 12102K, committed 12288K, reserved 1060864K
  class space    used 1432K, capacity 1491K, committed 1536K, reserved 1048576K
}
Event: 4.509 GC heap before
{Heap before GC invocations=4 (full 0):
 PSYoungGen      total 76288K, used 73907K [0x000000076ab00000, 0x0000000774000000, 0x00000007c0000000)
  eden space 65536K, 100% used [0x000000076ab00000,0x000000076eb00000,0x000000076eb00000)
  from space 10752K, 77% used [0x000000076eb00000,0x000000076f32ccb8,0x000000076f580000)
  to   space 10752K, 0% used [0x0000000773580000,0x0000000773580000,0x0000000774000000)
 ParOldGen       total 175104K, used 75838K [0x00000006c0000000, 0x00000006cab00000, 0x000000076ab00000)
  object space 175104K, 43% used [0x00000006c0000000,0x00000006c4a0fb60,0x00000006cab00000)
 Metaspace       used 11780K, capacity 12102K, committed 12288K, reserved 1060864K
  class space    used 1432K, capacity 1491K, committed 1536K, reserved 1048576K
Event: 4.524 GC heap after
Heap after GC invocations=4 (full 0):
 PSYoungGen      total 141824K, used 8371K [0x000000076ab00000, 0x0000000774000000, 0x00000007c0000000)
  eden space 131072K, 0% used [0x000000076ab00000,0x000000076ab00000,0x0000000772b00000)
  from space 10752K, 77% used [0x0000000773580000,0x0000000773daccb8,0x0000000774000000)
  to   space 10752K, 0% used [0x0000000772b00000,0x0000000772b00000,0x0000000773580000)
 ParOldGen       total 175104K, used 75838K [0x00000006c0000000, 0x00000006cab00000, 0x000000076ab00000)
  object space 175104K, 43% used [0x00000006c0000000,0x00000006c4a0fb60,0x00000006cab00000)
 Metaspace       used 11780K, capacity 12102K, committed 12288K, reserved 1060864K
  class space    used 1432K, capacity 1491K, committed 1536K, reserved 1048576K
}
Event: 4.869 GC heap before
{Heap before GC invocations=5 (full 0):
 PSYoungGen      total 141824K, used 139443K [0x000000076ab00000, 0x0000000774000000, 0x00000007c0000000)
  eden space 131072K, 100% used [0x000000076ab00000,0x0000000772b00000,0x0000000772b00000)
  from space 10752K, 77% used [0x0000000773580000,0x0000000773daccb8,0x0000000774000000)
  to   space 10752K, 0% used [0x0000000772b00000,0x0000000772b00000,0x0000000773580000)
 ParOldGen       total 175104K, used 75838K [0x00000006c0000000, 0x00000006cab00000, 0x000000076ab00000)
  object space 175104K, 43% used [0x00000006c0000000,0x00000006c4a0fb60,0x00000006cab00000)
 Metaspace       used 11780K, capacity 12102K, committed 12288K, reserved 1060864K
  class space    used 1432K, capacity 1491K, committed 1536K, reserved 1048576K
Event: 4.884 GC heap after
Heap after GC invocations=5 (full 0):
 PSYoungGen      total 141824K, used 8371K [0x000000076ab00000, 0x000000077bc00000, 0x00000007c0000000)
  eden space 131072K, 0% used [0x000000076ab00000,0x000000076ab00000,0x0000000772b00000)
  from space 10752K, 77% used [0x0000000772b00000,0x000000077332ccb8,0x0000000773580000)
  to   space 8704K, 0% used [0x000000077b380000,0x000000077b380000,0x000000077bc00000)
 ParOldGen       total 175104K, used 75838K [0x00000006c0000000, 0x00000006cab00000, 0x000000076ab00000)
  object space 175104K, 43% used [0x00000006c0000000,0x00000006c4a0fb60,0x00000006cab00000)
 Metaspace       used 11780K, capacity 12102K, committed 12288K, reserved 1060864K
  class space    used 1432K, capacity 1491K, committed 1536K, reserved 1048576K
}
Event: 14.154 GC heap before
{Heap before GC invocations=6 (full 0):
 PSYoungGen      total 141824K, used 136289K [0x000000076ab00000, 0x000000077bc00000, 0x00000007c0000000)
  eden space 131072K, 97% used [0x000000076ab00000,0x00000007727eb7b0,0x0000000772b00000)
  from space 10752K, 77% used [0x0000000772b00000,0x000000077332ccb8,0x0000000773580000)
  to   space 8704K, 0% used [0x000000077b380000,0x000000077b380000,0x000000077bc00000)
 ParOldGen       total 175104K, used 75838K [0x00000006c0000000, 0x00000006cab00000, 0x000000076ab00000)
  object space 175104K, 43% used [0x00000006c0000000,0x00000006c4a0fb60,0x00000006cab00000)
 Metaspace       used 15061K, capacity 15598K, committed 15872K, reserved 1062912K
  class space    used 1859K, capacity 1973K, committed 2048K, reserved 1048576K
Event: 14.160 GC heap after
Heap after GC invocations=6 (full 0):
 PSYoungGen      total 269824K, used 3236K [0x000000076ab00000, 0x000000077be00000, 0x00000007c0000000)
  eden space 261120K, 0% used [0x000000076ab00000,0x000000076ab00000,0x000000077aa00000)
  from space 8704K, 37% used [0x000000077b380000,0x000000077b6a9290,0x000000077bc00000)
  to   space 9728K, 0% used [0x000000077aa00000,0x000000077aa00000,0x000000077b380000)
 ParOldGen       total 175104K, used 75846K [0x00000006c0000000, 0x00000006cab00000, 0x000000076ab00000)
  object space 175104K, 43% used [0x00000006c0000000,0x00000006c4a11b60,0x00000006cab00000)
 Metaspace       used 15061K, capacity 15598K, committed 15872K, reserved 1062912K
  class space    used 1859K, capacity 1973K, committed 2048K, reserved 1048576K
}

Deoptimization events (10 events):
Event: 0.177 Thread 0x00007fa141801000 Uncommon trap: reason=unstable_if action=reinterpret pc=0x00000001188f8508 method=java.util.zip.ZipFile$ZipFileInputStream.read([BII)I @ 122
Event: 0.177 Thread 0x00007fa141801000 Uncommon trap: reason=unstable_if action=reinterpret pc=0x00000001188fa45c method=java.util.zip.ZipFile$ZipFileInputStream.read([BII)I @ 24
Event: 0.212 Thread 0x00007fa141801000 Uncommon trap: reason=unstable_if action=reinterpret pc=0x00000001188fe994 method=java.util.zip.ZipFile$ZipFileInputStream.read([BII)I @ 46
Event: 0.862 Thread 0x00007fa141801000 Uncommon trap: reason=unstable_if action=reinterpret pc=0x000000011897b4f4 method=com.codename1.impl.javase.ClassPathLoader.findClass(Ljava/lang/String;)Ljava/lang/Class; @ 217
Event: 3.258 Thread 0x00007fa14197b800 Uncommon trap: reason=unstable_if action=reinterpret pc=0x00000001189e75fc method=java.lang.String.indexOf([CII[CIII)I @ 3
Event: 3.309 Thread 0x00007fa14197b800 Uncommon trap: reason=unstable_if action=reinterpret pc=0x00000001189f5f38 method=com.sun.imageio.plugins.png.PNGImageReader.paethPredictor(III)I @ 41
Event: 4.376 Thread 0x00007fa14197b800 Uncommon trap: reason=unstable_if action=reinterpret pc=0x0000000118a50b4c method=com.codename1.impl.javase.JavaSEPort.initializeCoordinates(Ljava/awt/image/BufferedImage;Lcom/codename1/io/Properties;Ljava/util/Map;Ljava/awt/Rectangle;)V @ 98
Event: 5.062 Thread 0x00007fa14197b800 Uncommon trap: reason=unstable_if action=reinterpret pc=0x0000000118a5e6b8 method=com.codename1.impl.javase.JavaSEPort.initializeCoordinates(Ljava/awt/image/BufferedImage;Lcom/codename1/io/Properties;Ljava/util/Map;Ljava/awt/Rectangle;)V @ 59
Event: 13.107 Thread 0x00007fa141997000 Uncommon trap: reason=unstable_if action=reinterpret pc=0x0000000118a280e4 method=java.io.BufferedInputStream.read([BII)I @ 104
Event: 13.107 Thread 0x00007fa141997000 Uncommon trap: reason=unstable_if action=reinterpret pc=0x0000000118a25e4c method=java.io.BufferedInputStream.fill()V @ 9

Internal exceptions (10 events):
Event: 0.146 Thread 0x00007fa141801000 Exception <a 'java/security/PrivilegedActionException'> (0x000000076abaf5f8) thrown at [/Users/java_re/workspace/8-2-build-macosx-x86_64/jdk8u141/9370/hotspot/src/share/vm/prims/jvm.cpp, line 1390]
Event: 0.146 Thread 0x00007fa141801000 Exception <a 'java/security/PrivilegedActionException'> (0x000000076abaf808) thrown at [/Users/java_re/workspace/8-2-build-macosx-x86_64/jdk8u141/9370/hotspot/src/share/vm/prims/jvm.cpp, line 1390]
Event: 0.147 Thread 0x00007fa141801000 Exception <a 'java/security/PrivilegedActionException'> (0x000000076abb2d20) thrown at [/Users/java_re/workspace/8-2-build-macosx-x86_64/jdk8u141/9370/hotspot/src/share/vm/prims/jvm.cpp, line 1390]
Event: 0.147 Thread 0x00007fa141801000 Exception <a 'java/security/PrivilegedActionException'> (0x000000076abb2f30) thrown at [/Users/java_re/workspace/8-2-build-macosx-x86_64/jdk8u141/9370/hotspot/src/share/vm/prims/jvm.cpp, line 1390]
Event: 0.269 Thread 0x00007fa141801000 Exception <a 'java/lang/NoSuchFieldError': method resolution failed> (0x000000076aeac2f0) thrown at [/Users/java_re/workspace/8-2-build-macosx-x86_64/jdk8u141/9370/hotspot/src/share/vm/prims/methodHandles.cpp, line 1146]
Event: 0.272 Thread 0x00007fa141801000 Exception <a 'java/lang/NoSuchFieldError': method resolution failed> (0x000000076aeb9a40) thrown at [/Users/java_re/workspace/8-2-build-macosx-x86_64/jdk8u141/9370/hotspot/src/share/vm/prims/methodHandles.cpp, line 1146]
Event: 0.644 Thread 0x00007fa141801000 Exception <a 'java/io/FileNotFoundException'> (0x000000076af6a038) thrown at [/Users/java_re/workspace/8-2-build-macosx-x86_64/jdk8u141/9370/hotspot/src/share/vm/prims/jni.cpp, line 709]
Event: 0.644 Thread 0x00007fa141801000 Exception <a 'java/io/FileNotFoundException'> (0x000000076af6adb0) thrown at [/Users/java_re/workspace/8-2-build-macosx-x86_64/jdk8u141/9370/hotspot/src/share/vm/prims/jni.cpp, line 709]
Event: 14.171 Thread 0x00007fa141837800 Exception <a 'java/lang/NullPointerException'> (0x000000076b850138) thrown at [/Users/java_re/workspace/8-2-build-macosx-x86_64/jdk8u141/9370/hotspot/src/share/vm/interpreter/linkResolver.cpp, line 1197]
Event: 15.466 Thread 0x00007fa141313000 Exception <a 'java/util/zip/ZipException'> (0x000000076c748550) thrown at [/Users/java_re/workspace/8-2-build-macosx-x86_64/jdk8u141/9370/hotspot/src/share/vm/prims/jni.cpp, line 709]

Events (10 events):
Event: 14.202 loading class java/text/AttributedCharacterIterator done
Event: 14.202 loading class java/text/AttributedString$AttributedStringIterator done
Event: 15.091 loading class java/lang/AssertionError
Event: 15.091 loading class java/lang/AssertionError done
Event: 15.096 loading class java/awt/LightweightDispatcher$2
Event: 15.096 loading class java/awt/LightweightDispatcher$2 done
Event: 15.466 loading class java/util/zip/ZipException
Event: 15.466 loading class java/util/zip/ZipException done
Event: 15.466 loading class com/codename1/io/Preferences
Event: 15.466 loading class com/codename1/io/Preferences done


Dynamic libraries:
0x000000001c8cd000 	/System/Library/Frameworks/Cocoa.framework/Versions/A/Cocoa
0x000000001c8cd000 	/System/Library/Frameworks/Security.framework/Versions/A/Security
0x000000001c8cd000 	/System/Library/Frameworks/ApplicationServices.framework/Versions/A/ApplicationServices
0x000000001c8cd000 	/usr/lib/libz.1.dylib
0x000000001c8cd000 	/usr/lib/libSystem.B.dylib
0x000000001c8cd000 	/usr/lib/libobjc.A.dylib
0x000000001c8cd000 	/System/Library/Frameworks/CoreFoundation.framework/Versions/A/CoreFoundation
0x000000001c8cd000 	/System/Library/Frameworks/Foundation.framework/Versions/C/Foundation
0x000000001c8cd000 	/System/Library/Frameworks/AppKit.framework/Versions/C/AppKit
0x000000001c8cd000 	/System/Library/Frameworks/CoreData.framework/Versions/A/CoreData
0x000000001c8cd000 	/System/Library/PrivateFrameworks/RemoteViewServices.framework/Versions/A/RemoteViewServices
0x000000001c8cd000 	/System/Library/PrivateFrameworks/UIFoundation.framework/Versions/A/UIFoundation
0x000000001c8cd000 	/System/Library/PrivateFrameworks/XCTTargetBootstrap.framework/Versions/A/XCTTargetBootstrap
0x000000001c8cd000 	/System/Library/Frameworks/CoreDisplay.framework/Versions/A/CoreDisplay
0x000000001c8cd000 	/System/Library/PrivateFrameworks/IconServices.framework/Versions/A/IconServices
0x000000001c8cd000 	/System/Library/Frameworks/Metal.framework/Versions/A/Metal
0x000000001c8cd000 	/System/Library/PrivateFrameworks/DesktopServicesPriv.framework/Versions/A/DesktopServicesPriv
0x000000001c8cd000 	/usr/lib/libenergytrace.dylib
0x000000001c8cd000 	/System/Library/PrivateFrameworks/SkyLight.framework/Versions/A/SkyLight
0x000000001c8cd000 	/System/Library/Frameworks/CoreGraphics.framework/Versions/A/CoreGraphics
0x000000001c8cd000 	/System/Library/Frameworks/Accelerate.framework/Versions/A/Accelerate
0x000000001c8cd000 	/System/Library/Frameworks/IOSurface.framework/Versions/A/IOSurface
0x000000001c8cd000 	/System/Library/PrivateFrameworks/DFRFoundation.framework/Versions/A/DFRFoundation
0x000000001c8cd000 	/System/Library/Frameworks/AudioToolbox.framework/Versions/A/AudioToolbox
0x000000001c8cd000 	/System/Library/Frameworks/AudioUnit.framework/Versions/A/AudioUnit
0x000000001c8cd000 	/System/Library/PrivateFrameworks/DataDetectorsCore.framework/Versions/A/DataDetectorsCore
0x000000001c8cd000 	/System/Library/Frameworks/Carbon.framework/Versions/A/Frameworks/HIToolbox.framework/Versions/A/HIToolbox
0x000000001c8cd000 	/usr/lib/libicucore.A.dylib
0x000000001c8cd000 	/System/Library/Frameworks/QuartzCore.framework/Versions/A/QuartzCore
0x000000001c8cd000 	/System/Library/Frameworks/Carbon.framework/Versions/A/Frameworks/SpeechRecognition.framework/Versions/A/SpeechRecognition
0x000000001c8cd000 	/usr/lib/libauto.dylib
0x000000001c8cd000 	/usr/lib/libxml2.2.dylib
0x000000001c8cd000 	/System/Library/PrivateFrameworks/CoreUI.framework/Versions/A/CoreUI
0x000000001c8cd000 	/System/Library/Frameworks/CoreAudio.framework/Versions/A/CoreAudio
0x000000001c8cd000 	/System/Library/Frameworks/DiskArbitration.framework/Versions/A/DiskArbitration
0x000000001c8cd000 	/usr/lib/liblangid.dylib
0x000000001c8cd000 	/System/Library/PrivateFrameworks/MultitouchSupport.framework/Versions/A/MultitouchSupport
0x000000001c8cd000 	/System/Library/Frameworks/IOKit.framework/Versions/A/IOKit
0x000000001c8cd000 	/usr/lib/libDiagnosticMessagesClient.dylib
0x000000001c8cd000 	/System/Library/Frameworks/CoreServices.framework/Versions/A/CoreServices
0x000000001c8cd000 	/System/Library/PrivateFrameworks/PerformanceAnalysis.framework/Versions/A/PerformanceAnalysis
0x000000001c8cd000 	/System/Library/Frameworks/OpenGL.framework/Versions/A/OpenGL
0x000000001c8cd000 	/System/Library/Frameworks/ColorSync.framework/Versions/A/ColorSync
0x000000001c8cd000 	/System/Library/Frameworks/CoreImage.framework/Versions/A/CoreImage
0x000000001c8cd000 	/System/Library/Frameworks/CoreText.framework/Versions/A/CoreText
0x000000001c8cd000 	/System/Library/Frameworks/ImageIO.framework/Versions/A/ImageIO
0x000000001c8cd000 	/System/Library/PrivateFrameworks/Backup.framework/Versions/A/Backup
0x000000001c8cd000 	/usr/lib/libarchive.2.dylib
0x000000001c8cd000 	/System/Library/Frameworks/CFNetwork.framework/Versions/A/CFNetwork
0x000000001c8cd000 	/System/Library/Frameworks/SystemConfiguration.framework/Versions/A/SystemConfiguration
0x000000001c8cd000 	/usr/lib/libCRFSuite.dylib
0x000000001c8cd000 	/usr/lib/libc++.1.dylib
0x000000001c8cd000 	/usr/lib/libc++abi.dylib
0x000000001c8cd000 	/usr/lib/system/libcache.dylib
0x000000001c8cd000 	/usr/lib/system/libcommonCrypto.dylib
0x000000001c8cd000 	/usr/lib/system/libcompiler_rt.dylib
0x000000001c8cd000 	/usr/lib/system/libcopyfile.dylib
0x000000001c8cd000 	/usr/lib/system/libcorecrypto.dylib
0x000000001c8cd000 	/usr/lib/system/libdispatch.dylib
0x000000001c8cd000 	/usr/lib/system/libdyld.dylib
0x000000001c8cd000 	/usr/lib/system/libkeymgr.dylib
0x000000001c8cd000 	/usr/lib/system/liblaunch.dylib
0x000000001c8cd000 	/usr/lib/system/libmacho.dylib
0x000000001c8cd000 	/usr/lib/system/libquarantine.dylib
0x000000001c8cd000 	/usr/lib/system/libremovefile.dylib
0x000000001c8cd000 	/usr/lib/system/libsystem_asl.dylib
0x000000001c8cd000 	/usr/lib/system/libsystem_blocks.dylib
0x000000001c8cd000 	/usr/lib/system/libsystem_c.dylib
0x000000001c8cd000 	/usr/lib/system/libsystem_configuration.dylib
0x000000001c8cd000 	/usr/lib/system/libsystem_coreservices.dylib
0x000000001c8cd000 	/usr/lib/system/libsystem_darwin.dylib
0x000000001c8cd000 	/usr/lib/system/libsystem_dnssd.dylib
0x000000001c8cd000 	/usr/lib/system/libsystem_info.dylib
0x000000001c8cd000 	/usr/lib/system/libsystem_m.dylib
0x000000001c8cd000 	/usr/lib/system/libsystem_malloc.dylib
0x000000001c8cd000 	/usr/lib/system/libsystem_networkextension.dylib
0x000000001c8cd000 	/usr/lib/system/libsystem_notify.dylib
0x000000001c8cd000 	/usr/lib/system/libsystem_sandbox.dylib
0x000000001c8cd000 	/usr/lib/system/libsystem_secinit.dylib
0x000000001c8cd000 	/usr/lib/system/libsystem_kernel.dylib
0x000000001c8cd000 	/usr/lib/system/libsystem_platform.dylib
0x000000001c8cd000 	/usr/lib/system/libsystem_pthread.dylib
0x000000001c8cd000 	/usr/lib/system/libsystem_symptoms.dylib
0x000000001c8cd000 	/usr/lib/system/libsystem_trace.dylib
0x000000001c8cd000 	/usr/lib/system/libunwind.dylib
0x000000001c8cd000 	/usr/lib/system/libxpc.dylib
0x000000001c8cd000 	/usr/lib/libbsm.0.dylib
0x000000001c8cd000 	/usr/lib/system/libkxld.dylib
0x000000001c8cd000 	/System/Library/PrivateFrameworks/AppleFSCompression.framework/Versions/A/AppleFSCompression
0x000000001c8cd000 	/usr/lib/libOpenScriptingUtil.dylib
0x000000001c8cd000 	/usr/lib/libcoretls.dylib
0x000000001c8cd000 	/usr/lib/libcoretls_cfhelpers.dylib
0x000000001c8cd000 	/usr/lib/libpam.2.dylib
0x000000001c8cd000 	/usr/lib/libsqlite3.dylib
0x000000001c8cd000 	/usr/lib/libxar.1.dylib
0x000000001c8cd000 	/usr/lib/libbz2.1.0.dylib
0x000000001c8cd000 	/usr/lib/liblzma.5.dylib
0x000000001c8cd000 	/usr/lib/libnetwork.dylib
0x000000001c8cd000 	/usr/lib/libapple_nghttp2.dylib
0x000000001c8cd000 	/usr/lib/libpcap.A.dylib
0x000000001c8cd000 	/System/Library/Frameworks/CoreServices.framework/Versions/A/Frameworks/FSEvents.framework/Versions/A/FSEvents
0x000000001c8cd000 	/System/Library/Frameworks/CoreServices.framework/Versions/A/Frameworks/CarbonCore.framework/Versions/A/CarbonCore
0x000000001c8cd000 	/System/Library/Frameworks/CoreServices.framework/Versions/A/Frameworks/Metadata.framework/Versions/A/Metadata
0x000000001c8cd000 	/System/Library/Frameworks/CoreServices.framework/Versions/A/Frameworks/OSServices.framework/Versions/A/OSServices
0x000000001c8cd000 	/System/Library/Frameworks/CoreServices.framework/Versions/A/Frameworks/SearchKit.framework/Versions/A/SearchKit
0x000000001c8cd000 	/System/Library/Frameworks/CoreServices.framework/Versions/A/Frameworks/AE.framework/Versions/A/AE
0x000000001c8cd000 	/System/Library/Frameworks/CoreServices.framework/Versions/A/Frameworks/LaunchServices.framework/Versions/A/LaunchServices
0x000000001c8cd000 	/System/Library/Frameworks/CoreServices.framework/Versions/A/Frameworks/DictionaryServices.framework/Versions/A/DictionaryServices
0x000000001c8cd000 	/System/Library/Frameworks/CoreServices.framework/Versions/A/Frameworks/SharedFileList.framework/Versions/A/SharedFileList
0x000000001c8cd000 	/System/Library/Frameworks/NetFS.framework/Versions/A/NetFS
0x000000001c8cd000 	/System/Library/PrivateFrameworks/NetAuth.framework/Versions/A/NetAuth
0x000000001c8cd000 	/System/Library/PrivateFrameworks/login.framework/Versions/A/Frameworks/loginsupport.framework/Versions/A/loginsupport
0x000000001c8cd000 	/System/Library/PrivateFrameworks/TCC.framework/Versions/A/TCC
0x000000001c8cd000 	/System/Library/PrivateFrameworks/CoreNLP.framework/Versions/A/CoreNLP
0x000000001c8cd000 	/System/Library/PrivateFrameworks/MetadataUtilities.framework/Versions/A/MetadataUtilities
0x000000001c8cd000 	/usr/lib/libmecabra.dylib
0x000000001c8cd000 	/System/Library/Frameworks/ApplicationServices.framework/Versions/A/Frameworks/ATS.framework/Versions/A/ATS
0x000000001c8cd000 	/System/Library/Frameworks/ApplicationServices.framework/Versions/A/Frameworks/ColorSyncLegacy.framework/Versions/A/ColorSyncLegacy
0x000000001c8cd000 	/System/Library/Frameworks/ApplicationServices.framework/Versions/A/Frameworks/HIServices.framework/Versions/A/HIServices
0x000000001c8cd000 	/System/Library/Frameworks/ApplicationServices.framework/Versions/A/Frameworks/LangAnalysis.framework/Versions/A/LangAnalysis
0x000000001c8cd000 	/System/Library/Frameworks/ApplicationServices.framework/Versions/A/Frameworks/PrintCore.framework/Versions/A/PrintCore
0x000000001c8cd000 	/System/Library/Frameworks/ApplicationServices.framework/Versions/A/Frameworks/QD.framework/Versions/A/QD
0x000000001c8cd000 	/System/Library/Frameworks/ApplicationServices.framework/Versions/A/Frameworks/SpeechSynthesis.framework/Versions/A/SpeechSynthesis
0x000000001c8cd000 	/usr/lib/libcompression.dylib
0x000000001c8cd000 	/System/Library/Frameworks/MetalPerformanceShaders.framework/Versions/A/MetalPerformanceShaders
0x000000001c8cd000 	/System/Library/Frameworks/Accelerate.framework/Versions/A/Frameworks/vImage.framework/Versions/A/vImage
0x000000001c8cd000 	/System/Library/Frameworks/Accelerate.framework/Versions/A/Frameworks/vecLib.framework/Versions/A/vecLib
0x000000001c8cd000 	/System/Library/Frameworks/Accelerate.framework/Versions/A/Frameworks/vecLib.framework/Versions/A/libvMisc.dylib
0x000000001c8cd000 	/System/Library/Frameworks/Accelerate.framework/Versions/A/Frameworks/vecLib.framework/Versions/A/libvDSP.dylib
0x000000001c8cd000 	/System/Library/Frameworks/Accelerate.framework/Versions/A/Frameworks/vecLib.framework/Versions/A/libBLAS.dylib
0x000000001c8cd000 	/System/Library/Frameworks/Accelerate.framework/Versions/A/Frameworks/vecLib.framework/Versions/A/libLAPACK.dylib
0x000000001c8cd000 	/System/Library/Frameworks/Accelerate.framework/Versions/A/Frameworks/vecLib.framework/Versions/A/libLinearAlgebra.dylib
0x000000001c8cd000 	/System/Library/Frameworks/Accelerate.framework/Versions/A/Frameworks/vecLib.framework/Versions/A/libSparseBLAS.dylib
0x000000001c8cd000 	/System/Library/Frameworks/Accelerate.framework/Versions/A/Frameworks/vecLib.framework/Versions/A/libQuadrature.dylib
0x000000001c8cd000 	/System/Library/Frameworks/Accelerate.framework/Versions/A/Frameworks/vecLib.framework/Versions/A/libBNNS.dylib
0x000000001c8cd000 	/System/Library/Frameworks/Accelerate.framework/Versions/A/Frameworks/vecLib.framework/Versions/A/libSparse.dylib
0x000000001c8cd000 	/System/Library/PrivateFrameworks/GPUWrangler.framework/Versions/A/GPUWrangler
0x000000001c8cd000 	/System/Library/PrivateFrameworks/IOAccelerator.framework/Versions/A/IOAccelerator
0x000000001c8cd000 	/System/Library/PrivateFrameworks/IOPresentment.framework/Versions/A/IOPresentment
0x000000001c8cd000 	/System/Library/PrivateFrameworks/DSExternalDisplay.framework/Versions/A/DSExternalDisplay
0x000000001c8cd000 	/System/Library/Frameworks/OpenGL.framework/Versions/A/Libraries/libCoreFSCache.dylib
0x000000001c8cd000 	/System/Library/Frameworks/MetalPerformanceShaders.framework/Frameworks/MPSCore.framework/Versions/A/MPSCore
0x000000001c8cd000 	/System/Library/Frameworks/MetalPerformanceShaders.framework/Frameworks/MPSImage.framework/Versions/A/MPSImage
0x000000001c8cd000 	/System/Library/Frameworks/MetalPerformanceShaders.framework/Frameworks/MPSNeuralNetwork.framework/Versions/A/MPSNeuralNetwork
0x000000001c8cd000 	/System/Library/Frameworks/MetalPerformanceShaders.framework/Frameworks/MPSMatrix.framework/Versions/A/MPSMatrix
0x000000001c8cd000 	/System/Library/Frameworks/MetalPerformanceShaders.framework/Frameworks/MPSRayIntersector.framework/Versions/A/MPSRayIntersector
0x000000001c8cd000 	/System/Library/PrivateFrameworks/MetalTools.framework/Versions/A/MetalTools
0x000000001c8cd000 	/System/Library/PrivateFrameworks/AggregateDictionary.framework/Versions/A/AggregateDictionary
0x000000001c8cd000 	/usr/lib/libMobileGestalt.dylib
0x000000001c8cd000 	/System/Library/Frameworks/CoreVideo.framework/Versions/A/CoreVideo
0x000000001c8cd000 	/System/Library/PrivateFrameworks/GraphVisualizer.framework/Versions/A/GraphVisualizer
0x000000001c8cd000 	/System/Library/PrivateFrameworks/FaceCore.framework/Versions/A/FaceCore
0x000000001c8cd000 	/System/Library/Frameworks/OpenCL.framework/Versions/A/OpenCL
0x000000001c8cd000 	/usr/lib/libFosl_dynamic.dylib
0x000000001c8cd000 	/System/Library/PrivateFrameworks/OTSVG.framework/Versions/A/OTSVG
0x000000001c8cd000 	/System/Library/Frameworks/ApplicationServices.framework/Versions/A/Frameworks/ATS.framework/Versions/A/Resources/libFontParser.dylib
0x000000001c8cd000 	/System/Library/Frameworks/ApplicationServices.framework/Versions/A/Frameworks/ATS.framework/Versions/A/Resources/libFontRegistry.dylib
0x000000001c8cd000 	/System/Library/Frameworks/ImageIO.framework/Versions/A/Resources/libJPEG.dylib
0x000000001c8cd000 	/System/Library/Frameworks/ImageIO.framework/Versions/A/Resources/libTIFF.dylib
0x000000001c8cd000 	/System/Library/Frameworks/ImageIO.framework/Versions/A/Resources/libPng.dylib
0x000000001c8cd000 	/System/Library/Frameworks/ImageIO.framework/Versions/A/Resources/libGIF.dylib
0x000000001c8cd000 	/System/Library/Frameworks/ImageIO.framework/Versions/A/Resources/libJP2.dylib
0x000000001c8cd000 	/System/Library/Frameworks/ImageIO.framework/Versions/A/Resources/libRadiance.dylib
0x000000001c8cd000 	/System/Library/PrivateFrameworks/AppleJPEG.framework/Versions/A/AppleJPEG
0x000000001c8cd000 	/System/Library/Frameworks/OpenGL.framework/Versions/A/Libraries/libGFXShared.dylib
0x000000001c8cd000 	/System/Library/Frameworks/OpenGL.framework/Versions/A/Libraries/libGLU.dylib
0x000000001c8cd000 	/System/Library/Frameworks/OpenGL.framework/Versions/A/Libraries/libGL.dylib
0x000000001c8cd000 	/System/Library/Frameworks/OpenGL.framework/Versions/A/Libraries/libGLImage.dylib
0x000000001c8cd000 	/System/Library/Frameworks/OpenGL.framework/Versions/A/Libraries/libCVMSPluginSupport.dylib
0x000000001c8cd000 	/System/Library/Frameworks/OpenGL.framework/Versions/A/Libraries/libCoreVMClient.dylib
0x000000001c8cd000 	/usr/lib/libcups.2.dylib
0x000000001c8cd000 	/System/Library/Frameworks/Kerberos.framework/Versions/A/Kerberos
0x000000001c8cd000 	/System/Library/Frameworks/GSS.framework/Versions/A/GSS
0x000000001c8cd000 	/usr/lib/libresolv.9.dylib
0x000000001c8cd000 	/usr/lib/libiconv.2.dylib
0x000000001c8cd000 	/System/Library/PrivateFrameworks/Heimdal.framework/Versions/A/Heimdal
0x000000001c8cd000 	/usr/lib/libheimdal-asn1.dylib
0x000000001c8cd000 	/System/Library/Frameworks/OpenDirectory.framework/Versions/A/OpenDirectory
0x000000001c8cd000 	/System/Library/PrivateFrameworks/CommonAuth.framework/Versions/A/CommonAuth
0x000000001c8cd000 	/System/Library/Frameworks/OpenDirectory.framework/Versions/A/Frameworks/CFOpenDirectory.framework/Versions/A/CFOpenDirectory
0x000000001c8cd000 	/System/Library/Frameworks/SecurityFoundation.framework/Versions/A/SecurityFoundation
0x000000001c8cd000 	/System/Library/PrivateFrameworks/APFS.framework/Versions/A/APFS
0x000000001c8cd000 	/usr/lib/libutil.dylib
0x000000001c8cd000 	/usr/lib/libcharset.1.dylib
0x000000001c8cd000 	/System/Library/PrivateFrameworks/AppleSauce.framework/Versions/A/AppleSauce
0x000000001c8cd000 	/System/Library/PrivateFrameworks/AssertionServices.framework/Versions/A/AssertionServices
0x000000001c8cd000 	/System/Library/PrivateFrameworks/BaseBoard.framework/Versions/A/BaseBoard
0x000000001c8cd000 	/usr/lib/libmecab.1.0.0.dylib
0x000000001c8cd000 	/usr/lib/libgermantok.dylib
0x000000001c8cd000 	/usr/lib/libThaiTokenizer.dylib
0x000000001c8cd000 	/usr/lib/libChineseTokenizer.dylib
0x000000001c8cd000 	/System/Library/PrivateFrameworks/LanguageModeling.framework/Versions/A/LanguageModeling
0x000000001c8cd000 	/System/Library/PrivateFrameworks/CoreEmoji.framework/Versions/A/CoreEmoji
0x000000001c8cd000 	/System/Library/PrivateFrameworks/Lexicon.framework/Versions/A/Lexicon
0x000000001c8cd000 	/System/Library/PrivateFrameworks/LinguisticData.framework/Versions/A/LinguisticData
0x000000001c8cd000 	/usr/lib/libcmph.dylib
0x000000001c8cd000 	/System/Library/Frameworks/ServiceManagement.framework/Versions/A/ServiceManagement
0x000000001c8cd000 	/System/Library/PrivateFrameworks/BackgroundTaskManagement.framework/Versions/A/BackgroundTaskManagement
0x000000001c8cd000 	/usr/lib/libxslt.1.dylib
0x000000001c8cd000 	/System/Library/Frameworks/Carbon.framework/Versions/A/Frameworks/Ink.framework/Versions/A/Ink
0x000000001c8cd000 	/System/Library/PrivateFrameworks/TextureIO.framework/Versions/A/TextureIO
0x000000001c8cd000 	/usr/lib/libate.dylib
0x000000001c8cd000 	/System/Library/PrivateFrameworks/CrashReporterSupport.framework/Versions/A/CrashReporterSupport
0x000000001c8cd000 	/System/Library/PrivateFrameworks/Sharing.framework/Versions/A/Sharing
0x000000001c8cd000 	/System/Library/PrivateFrameworks/AuthKit.framework/Versions/A/AuthKit
0x000000001c8cd000 	/System/Library/PrivateFrameworks/Apple80211.framework/Versions/A/Apple80211
0x000000001c8cd000 	/System/Library/PrivateFrameworks/CoreUtils.framework/Versions/A/CoreUtils
0x000000001c8cd000 	/System/Library/Frameworks/CoreWLAN.framework/Versions/A/CoreWLAN
0x000000001c8cd000 	/System/Library/Frameworks/IOBluetooth.framework/Versions/A/IOBluetooth
0x000000001c8cd000 	/System/Library/PrivateFrameworks/ProtocolBuffer.framework/Versions/A/ProtocolBuffer
0x000000001c8cd000 	/System/Library/PrivateFrameworks/MobileKeyBag.framework/Versions/A/MobileKeyBag
0x000000001c8cd000 	/System/Library/PrivateFrameworks/CorePhoneNumbers.framework/Versions/A/CorePhoneNumbers
0x000000001c8cd000 	/System/Library/PrivateFrameworks/AppleIDAuthSupport.framework/Versions/A/AppleIDAuthSupport
0x000000001c8cd000 	/System/Library/PrivateFrameworks/KeychainCircle.framework/Versions/A/KeychainCircle
0x000000001c8cd000 	/System/Library/PrivateFrameworks/ROCKit.framework/Versions/A/ROCKit
0x000000001c8cd000 	/System/Library/PrivateFrameworks/CoreWiFi.framework/Versions/A/CoreWiFi
0x000000001c8cd000 	/System/Library/Frameworks/CoreBluetooth.framework/Versions/A/CoreBluetooth
0x000000001c8cd000 	/System/Library/PrivateFrameworks/DebugSymbols.framework/Versions/A/DebugSymbols
0x000000001c8cd000 	/System/Library/PrivateFrameworks/CoreSymbolication.framework/Versions/A/CoreSymbolication
0x000000001c8cd000 	/System/Library/PrivateFrameworks/Symbolication.framework/Versions/A/Symbolication
0x000000001c8cd000 	/System/Library/PrivateFrameworks/SpeechRecognitionCore.framework/Versions/A/SpeechRecognitionCore
0x000000010e800000 	/Library/Java/JavaVirtualMachines/jdk1.8.0_141.jdk/Contents/Home/jre/lib/server/libjvm.dylib
0x000000001c8cd000 	/usr/lib/libstdc++.6.dylib
0x000000010df46000 	/Library/Java/JavaVirtualMachines/jdk1.8.0_141.jdk/Contents/Home/jre/lib/libverify.dylib
0x000000010df54000 	/Library/Java/JavaVirtualMachines/jdk1.8.0_141.jdk/Contents/Home/jre/lib/libjava.dylib
0x000000010dfd3000 	/Library/Java/JavaVirtualMachines/jdk1.8.0_141.jdk/Contents/Home/jre/lib/libzip.dylib
0x000000001c8cd000 	/System/Library/Frameworks/JavaVM.framework/Versions/A/Frameworks/JavaRuntimeSupport.framework/Versions/A/JavaRuntimeSupport
0x000000001c8cd000 	/System/Library/Frameworks/JavaVM.framework/Versions/A/Frameworks/JavaNativeFoundation.framework/Versions/A/JavaNativeFoundation
0x000000001c8cd000 	/System/Library/Frameworks/JavaVM.framework/Versions/A/JavaVM
0x000000001c8cd000 	/System/Library/Frameworks/Carbon.framework/Versions/A/Carbon
0x000000001c8cd000 	/System/Library/PrivateFrameworks/JavaLaunching.framework/Versions/A/JavaLaunching
0x000000001c8cd000 	/System/Library/Frameworks/Carbon.framework/Versions/A/Frameworks/CommonPanels.framework/Versions/A/CommonPanels
0x000000001c8cd000 	/System/Library/Frameworks/Carbon.framework/Versions/A/Frameworks/Help.framework/Versions/A/Help
0x000000001c8cd000 	/System/Library/Frameworks/Carbon.framework/Versions/A/Frameworks/ImageCapture.framework/Versions/A/ImageCapture
0x000000001c8cd000 	/System/Library/Frameworks/Carbon.framework/Versions/A/Frameworks/OpenScripting.framework/Versions/A/OpenScripting
0x000000001c8cd000 	/System/Library/Frameworks/Carbon.framework/Versions/A/Frameworks/Print.framework/Versions/A/Print
0x000000001c8cd000 	/System/Library/Frameworks/Carbon.framework/Versions/A/Frameworks/SecurityHI.framework/Versions/A/SecurityHI
0x0000000114727000 	/Library/Java/JavaVirtualMachines/jdk1.8.0_141.jdk/Contents/Home/jre/lib/libawt.dylib
0x00000001147cf000 	/Library/Java/JavaVirtualMachines/jdk1.8.0_141.jdk/Contents/Home/jre/lib/./libmlib_image.dylib
0x000000011489b000 	/Library/Java/JavaVirtualMachines/jdk1.8.0_141.jdk/Contents/Home/jre/lib/libawt_lwawt.dylib
0x0000000114952000 	/Library/Java/JavaVirtualMachines/jdk1.8.0_141.jdk/Contents/Home/jre/lib/./libosxapp.dylib
0x000000001c8cd000 	/System/Library/Frameworks/ExceptionHandling.framework/Versions/A/ExceptionHandling
0x000000001c8cd000 	/System/Library/PrivateFrameworks/CoreServicesInternal.framework/Versions/A/CoreServicesInternal
0x000000001c8cd000 	/System/Library/CoreServices/RawCamera.bundle/Contents/MacOS/RawCamera
0x000000001c8cd000 	/System/Library/PrivateFrameworks/MobileAsset.framework/Versions/A/MobileAsset
0x000000001c8cd000 	/System/Library/PrivateFrameworks/StreamingZip.framework/Versions/A/StreamingZip
0x000000001c8cd000 	/System/Library/Frameworks/MediaToolbox.framework/Versions/A/MediaToolbox
0x000000001c8cd000 	/System/Library/PrivateFrameworks/CoreAVCHD.framework/Versions/A/CoreAVCHD
0x000000001c8cd000 	/System/Library/Frameworks/MediaAccessibility.framework/Versions/A/MediaAccessibility
0x000000001c8cd000 	/System/Library/PrivateFrameworks/Mangrove.framework/Versions/A/Mangrove
0x000000001c8cd000 	/System/Library/Frameworks/CoreMedia.framework/Versions/A/CoreMedia
0x000000001c8cd000 	/System/Library/Frameworks/VideoToolbox.framework/Versions/A/VideoToolbox
0x000000001c8cd000 	/System/Library/PrivateFrameworks/CoreAUC.framework/Versions/A/CoreAUC
0x000000001c8cd000 	/usr/lib/libspindump.dylib
0x000000001c8cd000 	/System/Library/PrivateFrameworks/AppleVA.framework/Versions/A/AppleVA
0x000000001c8cd000 	/System/Library/Frameworks/Accelerate.framework/Versions/A/Frameworks/vImage.framework/Versions/A/Libraries/libCGInterfaces.dylib
0x000000001c8cd000 	/System/Library/Frameworks/ApplicationServices.framework/Versions/A/Frameworks/ATS.framework/Versions/A/Resources/libTrueTypeScaler.dylib
0x000000001c8cd000 	/System/Library/Extensions/AppleIntelKBLGraphicsMTLDriver.bundle/Contents/MacOS/AppleIntelKBLGraphicsMTLDriver
0x000000001c8cd000 	/System/Library/PrivateFrameworks/GPUCompiler.framework/Versions/3902/Libraries/libmetal_timestamp.dylib
0x000000001c8cd000 	/System/Library/PrivateFrameworks/FamilyControls.framework/Versions/A/FamilyControls
0x000000001c8cd000 	/System/Library/PrivateFrameworks/CommerceKit.framework/Versions/A/Frameworks/CommerceCore.framework/Versions/A/CommerceCore
0x000000001c8cd000 	/System/Library/PrivateFrameworks/SystemAdministration.framework/Versions/A/SystemAdministration
0x000000001c8cd000 	/System/Library/PrivateFrameworks/AppContainer.framework/Versions/A/AppContainer
0x000000001c8cd000 	/System/Library/PrivateFrameworks/AppSandbox.framework/Versions/A/AppSandbox
0x000000001c8cd000 	/System/Library/PrivateFrameworks/SecCodeWrapper.framework/Versions/A/SecCodeWrapper
0x000000001c8cd000 	/usr/lib/libsandbox.1.dylib
0x000000001c8cd000 	/usr/lib/libMatch.1.dylib
0x000000001c8cd000 	/System/Library/PrivateFrameworks/DiskManagement.framework/Versions/A/DiskManagement
0x000000001c8cd000 	/System/Library/Frameworks/DirectoryService.framework/Versions/A/DirectoryService
0x000000001c8cd000 	/System/Library/PrivateFrameworks/DiskImages.framework/Versions/A/DiskImages
0x000000001c8cd000 	/System/Library/PrivateFrameworks/LoginUIKit.framework/Versions/A/Frameworks/LoginUICore.framework/Versions/A/LoginUICore
0x000000001c8cd000 	/usr/lib/libCoreStorage.dylib
0x000000001c8cd000 	/usr/lib/libcsfde.dylib
0x000000001c8cd000 	/usr/lib/libodfde.dylib
0x000000001c8cd000 	/System/Library/PrivateFrameworks/MediaKit.framework/Versions/A/MediaKit
0x000000001c8cd000 	/System/Library/Frameworks/DiscRecording.framework/Versions/A/DiscRecording
0x000000001c8cd000 	/System/Library/PrivateFrameworks/EFILogin.framework/Versions/A/EFILogin
0x000000001c8cd000 	/System/Library/PrivateFrameworks/ProtectedCloudStorage.framework/Versions/A/ProtectedCloudStorage
0x000000001c8cd000 	/usr/lib/libcurl.4.dylib
0x000000001c8cd000 	/usr/lib/libcrypto.42.dylib
0x000000001c8cd000 	/usr/lib/libssl.44.dylib
0x000000001c8cd000 	/System/Library/Frameworks/LDAP.framework/Versions/A/LDAP
0x000000001c8cd000 	/System/Library/PrivateFrameworks/TrustEvaluationAgent.framework/Versions/A/TrustEvaluationAgent
0x000000001c8cd000 	/usr/lib/libsasl2.2.dylib
0x000000001c8cd000 	/System/Library/PrivateFrameworks/CoreDaemon.framework/Versions/B/CoreDaemon
0x000000001c8cd000 	/System/Library/PrivateFrameworks/AppleSRP.framework/Versions/A/AppleSRP
0x000000001c8cd000 	/System/Library/PrivateFrameworks/ViewBridge.framework/Versions/A/ViewBridge
0x0000000114e82000 	/Library/Java/JavaVirtualMachines/jdk1.8.0_141.jdk/Contents/Home/jre/lib/libfontmanager.dylib
0x0000000114ee9000 	/Library/Java/JavaVirtualMachines/jdk1.8.0_141.jdk/Contents/Home/jre/lib/libosx.dylib
0x0000000114ef7000 	/Library/Java/JavaVirtualMachines/jdk1.8.0_141.jdk/Contents/Home/jre/lib/libnet.dylib
0x000000001c8cd000 	/System/Library/Frameworks/OpenGL.framework/Versions/A/Resources/GLEngine.bundle/GLEngine
0x000000001c8cd000 	/System/Library/Frameworks/OpenGL.framework/Versions/A/Libraries/libGLProgrammability.dylib
0x000000001c8cd000 	/System/Library/Extensions/AppleIntelKBLGraphicsGLDriver.bundle/Contents/MacOS/AppleIntelKBLGraphicsGLDriver
0x000000001c8cd000 	/System/Library/PrivateFrameworks/GPUSupport.framework/Versions/A/Libraries/libGPUSupportMercury.dylib
0x000000001c8cd000 	/System/Library/Frameworks/OpenGL.framework/Versions/A/Resources/GLRendererFloat.bundle/GLRendererFloat
0x000000001c8cd000 	/System/Library/Frameworks/OpenCL.framework/Versions/A/Libraries/libcldcpuengine.dylib
0x000000001c8cd000 	/usr/lib/libcrypto.35.dylib
0x0000000117163000 	/Library/Java/JavaVirtualMachines/jdk1.8.0_141.jdk/Contents/Home/jre/lib/libosxui.dylib
0x0000000118317000 	/Library/Java/JavaVirtualMachines/jdk1.8.0_141.jdk/Contents/Home/jre/lib/libnio.dylib
0x00000001145f6000 	/usr/lib/libobjc-trampolines.dylib

VM Arguments:
jvm_args: -Dfile.encoding=windows-1252 -ea 
java_command: com.codename1.impl.javase.Simulator com.todocatalyst.todocatalyst.TodoCatalystParse
java_class_path (initial): /Users/thomashjelm/NetBeansProjects/CodenameOne/Ports/JavaSE/dist/JavaSE.jar:/Users/thomashjelm/NetBeansProjects/CodenameOne/Ports/CLDC11/dist/CLDC11.jar:/Users/thomashjelm/NetBeansProjects/CodenameOne/CodenameOne/dist/CodenameOne.jar:/Users/thomashjelm/NetBeansProjects/CN1JSON/dist/CN1JSON.jar:/Users/thomashjelm/NetBeansProjects/parse4cn1/dist/parse4cn1.jar:/Users/thomashjelm/NetBeansProjects/todocatalyst/override:/Users/thomashjelm/NetBeansProjects/todocatalyst/lib/impl/cls:/Users/thomashjelm/NetBeansProjects/todocatalyst/lib/impl/stubs:/Users/thomashjelm/NetBeansProjects/todocatalyst/build/classes:/Users/thomashjelm/NetBeansProjects/todocatalyst/native/internal_tmp
Launcher Type: SUN_STANDARD

Environment Variables:
PATH=/usr/local/bin:/usr/bin:/bin:/usr/sbin:/sbin:/opt/X11/bin
SHELL=/bin/bash
DISPLAY=/private/tmp/com.apple.launchd.9esYH7sZpk/org.macosforge.xquartz:0

Signal Handlers:
SIGSEGV: [libjvm.dylib+0x5b26e5], sa_mask[0]=11111111011111110111111111111111, sa_flags=SA_ONSTACK|SA_RESTART|SA_SIGINFO
SIGBUS: [libjvm.dylib+0x5b26e5], sa_mask[0]=11111111011111110111111111111111, sa_flags=SA_RESTART|SA_SIGINFO
SIGFPE: [libjvm.dylib+0x489100], sa_mask[0]=11111111011111110111111111111111, sa_flags=SA_RESTART|SA_SIGINFO
SIGPIPE: [libjvm.dylib+0x489100], sa_mask[0]=11111111011111110111111111111111, sa_flags=SA_RESTART|SA_SIGINFO
SIGXFSZ: [libjvm.dylib+0x489100], sa_mask[0]=11111111011111110111111111111111, sa_flags=SA_RESTART|SA_SIGINFO
SIGILL: [libjvm.dylib+0x489100], sa_mask[0]=11111111011111110111111111111111, sa_flags=SA_RESTART|SA_SIGINFO
SIGUSR1: SIG_DFL, sa_mask[0]=11011111011111100000000111000110, sa_flags=none
SIGUSR2: [libjvm.dylib+0x488c1e], sa_mask[0]=00100000000000000000000000000000, sa_flags=SA_RESTART|SA_SIGINFO
SIGHUP: [libjvm.dylib+0x4871f5], sa_mask[0]=11111111011111110111111111111111, sa_flags=SA_RESTART|SA_SIGINFO
SIGINT: SIG_IGN, sa_mask[0]=00000000000000000000000000000000, sa_flags=none
SIGTERM: [libjvm.dylib+0x4871f5], sa_mask[0]=11111111011111110111111111111111, sa_flags=SA_RESTART|SA_SIGINFO
SIGQUIT: [libjvm.dylib+0x4871f5], sa_mask[0]=11111111011111110111111111111111, sa_flags=SA_RESTART|SA_SIGINFO


---------------  S Y S T E M  ---------------

OS:Bsduname:Darwin 18.6.0 Darwin Kernel Version 18.6.0: Thu Apr 25 23:16:27 PDT 2019; root:xnu-4903.261.4~2/RELEASE_X86_64 x86_64
rlimit: STACK 8192k, CORE 0k, NPROC 1418, NOFILE 10240, AS infinity
load average:12.11 6.86 5.21

CPU:total 4 (initial active 4) (2 cores per cpu, 2 threads per core) family 6 model 142 stepping 9, cmov, cx8, fxsr, mmx, sse, sse2, sse3, ssse3, sse4.1, sse4.2, popcnt, avx, avx2, aes, clmul, erms, rtm, 3dnowpref, lzcnt, ht, tsc, tscinvbit, bmi1, bmi2, adx

Memory: 4k page, physical 16777216k(65348k free)

/proc/meminfo:


vm_info: Java HotSpot(TM) 64-Bit Server VM (25.141-b15) for bsd-amd64 JRE (1.8.0_141-b15), built on Jul 12 2017 04:35:23 by "java_re" with gcc 4.2.1 (Based on Apple Inc. build 5658) (LLVM build 2336.11.00)

time: Fri Jul 12 16:03:26 2019
elapsed time: 15 seconds (0d 0h 0m 15s)

